# JRE version: OpenJDK Runtime Environment Temurin-21.0.10+7 (21.0.10+7) (build 21.0.10+7-LTS)
# Java VM: OpenJDK 64-Bit Server VM Temurin-21.0.10+7 (21.0.10+7-LTS, mixed mode, sharing, tiered, compressed oops, compressed class ptrs, parallel gc, windows-amd64)
GC Precious Log:
 CardTable entry size: 512
 CPUs: 16 total, 16 available
 Memory: 32125M
 Large Page Support: Disabled
 NUMA Support: Disabled
 Compressed Oops: Enabled (32-bit)
 Alignments: Space 512K, Generation 512K, Heap 2M
 Heap Min Capacity: 100M
 Heap Initial Capacity: 100M
 Heap Max Capacity: 2G
 Pre-touch: Disabled
 Parallel Workers: 13
Heap:
 PSYoungGen      total 4096K, used 3957K [0x00000000d5580000, 0x00000000d5c00000, 0x0000000100000000)
  eden space 3584K, 96% used [0x00000000d5580000,0x00000000d58dd638,0x00000000d5900000)
  from space 512K, 100% used [0x00000000d5a80000,0x00000000d5b00000,0x00000000d5b00000)
  to   space 1536K, 0% used [0x00000000d5900000,0x00000000d5900000,0x00000000d5a80000)
 ParOldGen       total 324608K, used 324576K [0x0000000080000000, 0x0000000093d00000, 0x00000000d5580000)
  object space 324608K, 99% used [0x0000000080000000,0x0000000093cf80e0,0x0000000093d00000)
 Metaspace       used 86949K, committed 88768K, reserved 1179648K
  class space    used 11264K, committed 12096K, reserved 1048576K
GC Heap History (20 events):
Event: 126.355 GC heap before
{Heap before GC invocations=2604 (full 3):
 PSYoungGen      total 5632K, used 5600K [0x00000000d5580000, 0x00000000d5e00000, 0x0000000100000000)
  eden space 3584K, 100% used [0x00000000d5580000,0x00000000d5900000,0x00000000d5900000)
  from space 2048K, 98% used [0x00000000d5c00000,0x00000000d5df8000,0x00000000d5e00000)
  to   space 2560K, 0% used [0x00000000d5900000,0x00000000d5900000,0x00000000d5b80000)
 ParOldGen       total 321024K, used 320581K [0x0000000080000000, 0x0000000093980000, 0x00000000d5580000)
  object space 321024K, 99% used [0x0000000080000000,0x00000000939115b0,0x0000000093980000)
 Metaspace       used 86683K, committed 88384K, reserved 1179648K
  class space    used 11237K, committed 11968K, reserved 1048576K
}
Event: 126.357 GC heap after
{Heap after GC invocations=2604 (full 3):
 PSYoungGen      total 4608K, used 647K [0x00000000d5580000, 0x00000000d5c80000, 0x0000000100000000)
  eden space 3584K, 0% used [0x00000000d5580000,0x00000000d5580000,0x00000000d5900000)
  from space 1024K, 63% used [0x00000000d5900000,0x00000000d59a1fc0,0x00000000d5a00000)
  to   space 1536K, 0% used [0x00000000d5b00000,0x00000000d5b00000,0x00000000d5c80000)
 ParOldGen       total 322560K, used 322514K [0x0000000080000000, 0x0000000093b00000, 0x00000000d5580000)
  object space 322560K, 99% used [0x0000000080000000,0x0000000093af4970,0x0000000093b00000)
 Metaspace       used 86683K, committed 88384K, reserved 1179648K
  class space    used 11237K, committed 11968K, reserved 1048576K
}
Event: 126.363 GC heap before
{Heap before GC invocations=2605 (full 3):
 PSYoungGen      total 4608K, used 4231K [0x00000000d5580000, 0x00000000d5c80000, 0x0000000100000000)
  eden space 3584K, 100% used [0x00000000d5580000,0x00000000d5900000,0x00000000d5900000)
  from space 1024K, 63% used [0x00000000d5900000,0x00000000d59a1fc0,0x00000000d5a00000)
  to   space 1536K, 0% used [0x00000000d5b00000,0x00000000d5b00000,0x00000000d5c80000)
 ParOldGen       total 322560K, used 322514K [0x0000000080000000, 0x0000000093b00000, 0x00000000d5580000)
  object space 322560K, 99% used [0x0000000080000000,0x0000000093af4970,0x0000000093b00000)
 Metaspace       used 86684K, committed 88384K, reserved 1179648K
  class space    used 11237K, committed 11968K, reserved 1048576K
}
Event: 126.365 GC heap after
{Heap after GC invocations=2605 (full 3):
 PSYoungGen      total 4096K, used 160K [0x00000000d5580000, 0x00000000d5b80000, 0x0000000100000000)
  eden space 3584K, 0% used [0x00000000d5580000,0x00000000d5580000,0x00000000d5900000)
  from space 512K, 31% used [0x00000000d5b00000,0x00000000d5b28000,0x00000000d5b80000)
  to   space 512K, 0% used [0x00000000d5a80000,0x00000000d5a80000,0x00000000d5b00000)
 ParOldGen       total 323072K, used 322995K [0x0000000080000000, 0x0000000093b80000, 0x00000000d5580000)
  object space 323072K, 99% used [0x0000000080000000,0x0000000093b6cd88,0x0000000093b80000)
 Metaspace       used 86684K, committed 88384K, reserved 1179648K
  class space    used 11237K, committed 11968K, reserved 1048576K
}
Event: 126.384 GC heap before
{Heap before GC invocations=2606 (full 3):
 PSYoungGen      total 4096K, used 3744K [0x00000000d5580000, 0x00000000d5b80000, 0x0000000100000000)
  eden space 3584K, 100% used [0x00000000d5580000,0x00000000d5900000,0x00000000d5900000)
  from space 512K, 31% used [0x00000000d5b00000,0x00000000d5b28000,0x00000000d5b80000)
  to   space 512K, 0% used [0x00000000d5a80000,0x00000000d5a80000,0x00000000d5b00000)
 ParOldGen       total 323072K, used 322995K [0x0000000080000000, 0x0000000093b80000, 0x00000000d5580000)
  object space 323072K, 99% used [0x0000000080000000,0x0000000093b6cd88,0x0000000093b80000)
 Metaspace       used 86688K, committed 88384K, reserved 1179648K
  class space    used 11238K, committed 11968K, reserved 1048576K
}
Event: 126.386 GC heap after
{Heap after GC invocations=2606 (full 3):
 PSYoungGen      total 4096K, used 256K [0x00000000d5580000, 0x00000000d5b80000, 0x0000000100000000)
  eden space 3584K, 0% used [0x00000000d5580000,0x00000000d5580000,0x00000000d5900000)
  from space 512K, 50% used [0x00000000d5a80000,0x00000000d5ac0000,0x00000000d5b00000)
  to   space 512K, 0% used [0x00000000d5b00000,0x00000000d5b00000,0x00000000d5b80000)
 ParOldGen       total 323072K, used 323035K [0x0000000080000000, 0x0000000093b80000, 0x00000000d5580000)
  object space 323072K, 99% used [0x0000000080000000,0x0000000093b76d88,0x0000000093b80000)
 Metaspace       used 86688K, committed 88384K, reserved 1179648K
  class space    used 11238K, committed 11968K, reserved 1048576K
}
Event: 126.429 GC heap before
{Heap before GC invocations=2607 (full 3):
 PSYoungGen      total 4096K, used 3840K [0x00000000d5580000, 0x00000000d5b80000, 0x0000000100000000)
  eden space 3584K, 100% used [0x00000000d5580000,0x00000000d5900000,0x00000000d5900000)
  from space 512K, 50% used [0x00000000d5a80000,0x00000000d5ac0000,0x00000000d5b00000)
  to   space 512K, 0% used [0x00000000d5b00000,0x00000000d5b00000,0x00000000d5b80000)
 ParOldGen       total 323072K, used 323035K [0x0000000080000000, 0x0000000093b80000, 0x00000000d5580000)
  object space 323072K, 99% used [0x0000000080000000,0x0000000093b76d88,0x0000000093b80000)
 Metaspace       used 86697K, committed 88384K, reserved 1179648K
  class space    used 11238K, committed 11968K, reserved 1048576K
}
Event: 126.431 GC heap after
{Heap after GC invocations=2607 (full 3):
 PSYoungGen      total 4096K, used 512K [0x00000000d5580000, 0x00000000d5b80000, 0x0000000100000000)
  eden space 3584K, 0% used [0x00000000d5580000,0x00000000d5580000,0x00000000d5900000)
  from space 512K, 100% used [0x00000000d5b00000,0x00000000d5b80000,0x00000000d5b80000)
  to   space 1024K, 0% used [0x00000000d5980000,0x00000000d5980000,0x00000000d5a80000)
 ParOldGen       total 323584K, used 323131K [0x0000000080000000, 0x0000000093c00000, 0x00000000d5580000)
  object space 323584K, 99% used [0x0000000080000000,0x0000000093b8ed88,0x0000000093c00000)
 Metaspace       used 86697K, committed 88384K, reserved 1179648K
  class space    used 11238K, committed 11968K, reserved 1048576K
}
Event: 126.445 GC heap before
{Heap before GC invocations=2608 (full 3):
 PSYoungGen      total 4096K, used 4096K [0x00000000d5580000, 0x00000000d5b80000, 0x0000000100000000)
  eden space 3584K, 100% used [0x00000000d5580000,0x00000000d5900000,0x00000000d5900000)
  from space 512K, 100% used [0x00000000d5b00000,0x00000000d5b80000,0x00000000d5b80000)
  to   space 1024K, 0% used [0x00000000d5980000,0x00000000d5980000,0x00000000d5a80000)
 ParOldGen       total 323584K, used 323131K [0x0000000080000000, 0x0000000093c00000, 0x00000000d5580000)
  object space 323584K, 99% used [0x0000000080000000,0x0000000093b8ed88,0x0000000093c00000)
 Metaspace       used 86700K, committed 88384K, reserved 1179648K
  class space    used 11238K, committed 11968K, reserved 1048576K
}
Event: 126.446 GC heap after
{Heap after GC invocations=2608 (full 3):
 PSYoungGen      total 4608K, used 999K [0x00000000d5580000, 0x00000000d5c00000, 0x0000000100000000)
  eden space 3584K, 0% used [0x00000000d5580000,0x00000000d5580000,0x00000000d5900000)
  from space 1024K, 97% used [0x00000000d5980000,0x00000000d5a79fa0,0x00000000d5a80000)
  to   space 1536K, 0% used [0x00000000d5a80000,0x00000000d5a80000,0x00000000d5c00000)
 ParOldGen       total 323584K, used 323291K [0x0000000080000000, 0x0000000093c00000, 0x00000000d5580000)
  object space 323584K, 99% used [0x0000000080000000,0x0000000093bb6d88,0x0000000093c00000)
 Metaspace       used 86700K, committed 88384K, reserved 1179648K
  class space    used 11238K, committed 11968K, reserved 1048576K
}
Event: 176.981 GC heap before
{Heap before GC invocations=2609 (full 3):
 PSYoungGen      total 4608K, used 4583K [0x00000000d5580000, 0x00000000d5c00000, 0x0000000100000000)
  eden space 3584K, 100% used [0x00000000d5580000,0x00000000d5900000,0x00000000d5900000)
  from space 1024K, 97% used [0x00000000d5980000,0x00000000d5a79fa0,0x00000000d5a80000)
  to   space 1536K, 0% used [0x00000000d5a80000,0x00000000d5a80000,0x00000000d5c00000)
 ParOldGen       total 323584K, used 323291K [0x0000000080000000, 0x0000000093c00000, 0x00000000d5580000)
  object space 323584K, 99% used [0x0000000080000000,0x0000000093bb6d88,0x0000000093c00000)
 Metaspace       used 86719K, committed 88448K, reserved 1179648K
  class space    used 11238K, committed 11968K, reserved 1048576K
}
Event: 176.983 GC heap after
{Heap after GC invocations=2609 (full 3):
 PSYoungGen      total 4096K, used 256K [0x00000000d5580000, 0x00000000d5b00000, 0x0000000100000000)
  eden space 3584K, 0% used [0x00000000d5580000,0x00000000d5580000,0x00000000d5900000)
  from space 512K, 50% used [0x00000000d5a80000,0x00000000d5ac0000,0x00000000d5b00000)
  to   space 1024K, 0% used [0x00000000d5900000,0x00000000d5900000,0x00000000d5a00000)
 ParOldGen       total 324096K, used 323635K [0x0000000080000000, 0x0000000093c80000, 0x00000000d5580000)
  object space 324096K, 99% used [0x0000000080000000,0x0000000093c0cd10,0x0000000093c80000)
 Metaspace       used 86719K, committed 88448K, reserved 1179648K
  class space    used 11238K, committed 11968K, reserved 1048576K
}
Event: 310.191 GC heap before
{Heap before GC invocations=2610 (full 3):
 PSYoungGen      total 4096K, used 3831K [0x00000000d5580000, 0x00000000d5b00000, 0x0000000100000000)
  eden space 3584K, 99% used [0x00000000d5580000,0x00000000d58fdf10,0x00000000d5900000)
  from space 512K, 50% used [0x00000000d5a80000,0x00000000d5ac0000,0x00000000d5b00000)
  to   space 1024K, 0% used [0x00000000d5900000,0x00000000d5900000,0x00000000d5a00000)
 ParOldGen       total 324096K, used 323635K [0x0000000080000000, 0x0000000093c80000, 0x00000000d5580000)
  object space 324096K, 99% used [0x0000000080000000,0x0000000093c0cd10,0x0000000093c80000)
 Metaspace       used 86863K, committed 88704K, reserved 1179648K
  class space    used 11253K, committed 12096K, reserved 1048576K
}
Event: 310.197 GC heap after
{Heap after GC invocations=2610 (full 3):
 PSYoungGen      total 4608K, used 352K [0x00000000d5580000, 0x00000000d5b00000, 0x0000000100000000)
  eden space 3584K, 0% used [0x00000000d5580000,0x00000000d5580000,0x00000000d5900000)
  from space 1024K, 34% used [0x00000000d5900000,0x00000000d5958000,0x00000000d5a00000)
  to   space 512K, 0% used [0x00000000d5a80000,0x00000000d5a80000,0x00000000d5b00000)
 ParOldGen       total 324096K, used 323707K [0x0000000080000000, 0x0000000093c80000, 0x00000000d5580000)
  object space 324096K, 99% used [0x0000000080000000,0x0000000093c1ed10,0x0000000093c80000)
 Metaspace       used 86863K, committed 88704K, reserved 1179648K
  class space    used 11253K, committed 12096K, reserved 1048576K
}
Event: 310.292 GC heap before
{Heap before GC invocations=2611 (full 3):
 PSYoungGen      total 4608K, used 3936K [0x00000000d5580000, 0x00000000d5b00000, 0x0000000100000000)
  eden space 3584K, 100% used [0x00000000d5580000,0x00000000d5900000,0x00000000d5900000)
  from space 1024K, 34% used [0x00000000d5900000,0x00000000d5958000,0x00000000d5a00000)
  to   space 512K, 0% used [0x00000000d5a80000,0x00000000d5a80000,0x00000000d5b00000)
 ParOldGen       total 324096K, used 323707K [0x0000000080000000, 0x0000000093c80000, 0x00000000d5580000)
  object space 324096K, 99% used [0x0000000080000000,0x0000000093c1ed10,0x0000000093c80000)
 Metaspace       used 86916K, committed 88704K, reserved 1179648K
  class space    used 11260K, committed 12096K, reserved 1048576K
}
Event: 310.295 GC heap after
{Heap after GC invocations=2611 (full 3):
 PSYoungGen      total 4096K, used 512K [0x00000000d5580000, 0x00000000d5b00000, 0x0000000100000000)
  eden space 3584K, 0% used [0x00000000d5580000,0x00000000d5580000,0x00000000d5900000)
  from space 512K, 100% used [0x00000000d5a80000,0x00000000d5b00000,0x00000000d5b00000)
  to   space 1024K, 0% used [0x00000000d5900000,0x00000000d5900000,0x00000000d5a00000)
 ParOldGen       total 324096K, used 323795K [0x0000000080000000, 0x0000000093c80000, 0x00000000d5580000)
  object space 324096K, 99% used [0x0000000080000000,0x0000000093c34d10,0x0000000093c80000)
 Metaspace       used 86916K, committed 88704K, reserved 1179648K
  class space    used 11260K, committed 12096K, reserved 1048576K
}
Event: 310.332 GC heap before
{Heap before GC invocations=2612 (full 3):
 PSYoungGen      total 4096K, used 4095K [0x00000000d5580000, 0x00000000d5b00000, 0x0000000100000000)
  eden space 3584K, 99% used [0x00000000d5580000,0x00000000d58fffd8,0x00000000d5900000)
  from space 512K, 100% used [0x00000000d5a80000,0x00000000d5b00000,0x00000000d5b00000)
  to   space 1024K, 0% used [0x00000000d5900000,0x00000000d5900000,0x00000000d5a00000)
 ParOldGen       total 324096K, used 323795K [0x0000000080000000, 0x0000000093c80000, 0x00000000d5580000)
  object space 324096K, 99% used [0x0000000080000000,0x0000000093c34d10,0x0000000093c80000)
 Metaspace       used 86916K, committed 88704K, reserved 1179648K
  class space    used 11260K, committed 12096K, reserved 1048576K
}
Event: 310.335 GC heap after
{Heap after GC invocations=2612 (full 3):
 PSYoungGen      total 4608K, used 224K [0x00000000d5580000, 0x00000000d5b00000, 0x0000000100000000)
  eden space 3584K, 0% used [0x00000000d5580000,0x00000000d5580000,0x00000000d5900000)
  from space 1024K, 21% used [0x00000000d5900000,0x00000000d5938000,0x00000000d5a00000)
  to   space 512K, 0% used [0x00000000d5a80000,0x00000000d5a80000,0x00000000d5b00000)
 ParOldGen       total 324608K, used 324155K [0x0000000080000000, 0x0000000093d00000, 0x00000000d5580000)
  object space 324608K, 99% used [0x0000000080000000,0x0000000093c8ed20,0x0000000093d00000)
 Metaspace       used 86916K, committed 88704K, reserved 1179648K
  class space    used 11260K, committed 12096K, reserved 1048576K
}
Event: 310.427 GC heap before
{Heap before GC invocations=2613 (full 3):
 PSYoungGen      total 4608K, used 3808K [0x00000000d5580000, 0x00000000d5b00000, 0x0000000100000000)
  eden space 3584K, 100% used [0x00000000d5580000,0x00000000d5900000,0x00000000d5900000)
  from space 1024K, 21% used [0x00000000d5900000,0x00000000d5938000,0x00000000d5a00000)
  to   space 512K, 0% used [0x00000000d5a80000,0x00000000d5a80000,0x00000000d5b00000)
 ParOldGen       total 324608K, used 324155K [0x0000000080000000, 0x0000000093d00000, 0x00000000d5580000)
  object space 324608K, 99% used [0x0000000080000000,0x0000000093c8ed20,0x0000000093d00000)
 Metaspace       used 86922K, committed 88768K, reserved 1179648K
  class space    used 11260K, committed 12096K, reserved 1048576K
}
Event: 310.429 GC heap after
{Heap after GC invocations=2613 (full 3):
 PSYoungGen      total 4096K, used 512K [0x00000000d5580000, 0x00000000d5c00000, 0x0000000100000000)
  eden space 3584K, 0% used [0x00000000d5580000,0x00000000d5580000,0x00000000d5900000)
  from space 512K, 100% used [0x00000000d5a80000,0x00000000d5b00000,0x00000000d5b00000)
  to   space 1536K, 0% used [0x00000000d5900000,0x00000000d5900000,0x00000000d5a80000)
 ParOldGen       total 324608K, used 324576K [0x0000000080000000, 0x0000000093d00000, 0x00000000d5580000)
  object space 324608K, 99% used [0x0000000080000000,0x0000000093cf80e0,0x0000000093d00000)
 Metaspace       used 86922K, committed 88768K, reserved 1179648K
  class space    used 11260K, committed 12096K, reserved 1048576K
}

