# JRE version: OpenJDK Runtime Environment Microsoft-13106358 (17.0.18+8) (build 17.0.18+8-LTS)
# Java VM: OpenJDK 64-Bit Server VM Microsoft-13106358 (17.0.18+8-LTS, mixed mode, sharing, tiered, compressed oops, compressed class ptrs, g1 gc, windows-amd64)
GC Precious Log:
 CPUs: 16 total, 16 available
 Memory: 32125M
 Large Page Support: Disabled
 NUMA Support: Disabled
 Compressed Oops: Enabled (Zero based)
 Heap Region Size: 4M
 Heap Min Capacity: 8M
 Heap Initial Capacity: 504M
 Heap Max Capacity: 8032M
 Pre-touch: Disabled
 Parallel Workers: 13
 Concurrent Workers: 3
 Concurrent Refinement Workers: 13
 Periodic GC: Disabled
Heap:
 garbage-first heap   total 2371584K, used 2163450K [0x000000060a000000, 0x0000000800000000)
  region size 4096K, 12 young (49152K), 3 survivors (12288K)
 Metaspace       used 85126K, committed 85760K, reserved 1179648K
  class space    used 8997K, committed 9344K, reserved 1048576K
GC Heap History (20 events):
Event: 424.922 GC heap before
{Heap before GC invocations=157 (full 0):
 garbage-first heap   total 2371584K, used 2115259K [0x000000060a000000, 0x0000000800000000)
  region size 4096K, 28 young (114688K), 4 survivors (16384K)
 Metaspace       used 85052K, committed 85696K, reserved 1179648K
  class space    used 8997K, committed 9344K, reserved 1048576K
}
Event: 424.929 GC heap after
{Heap after GC invocations=158 (full 0):
 garbage-first heap   total 2371584K, used 2027616K [0x000000060a000000, 0x0000000800000000)
  region size 4096K, 3 young (12288K), 3 survivors (12288K)
 Metaspace       used 85052K, committed 85696K, reserved 1179648K
  class space    used 8997K, committed 9344K, reserved 1048576K
}
Event: 425.507 GC heap before
{Heap before GC invocations=158 (full 0):
 garbage-first heap   total 2371584K, used 2130016K [0x000000060a000000, 0x0000000800000000)
  region size 4096K, 28 young (114688K), 3 survivors (12288K)
 Metaspace       used 85073K, committed 85760K, reserved 1179648K
  class space    used 8997K, committed 9344K, reserved 1048576K
}
Event: 425.514 GC heap after
{Heap after GC invocations=159 (full 0):
 garbage-first heap   total 2371584K, used 2040471K [0x000000060a000000, 0x0000000800000000)
  region size 4096K, 4 young (16384K), 4 survivors (16384K)
 Metaspace       used 85073K, committed 85760K, reserved 1179648K
  class space    used 8997K, committed 9344K, reserved 1048576K
}
Event: 426.018 GC heap before
{Heap before GC invocations=159 (full 0):
 garbage-first heap   total 2371584K, used 2138775K [0x000000060a000000, 0x0000000800000000)
  region size 4096K, 28 young (114688K), 4 survivors (16384K)
 Metaspace       used 85075K, committed 85760K, reserved 1179648K
  class space    used 8997K, committed 9344K, reserved 1048576K
}
Event: 426.026 GC heap after
{Heap after GC invocations=160 (full 0):
 garbage-first heap   total 2371584K, used 2050985K [0x000000060a000000, 0x0000000800000000)
  region size 4096K, 3 young (12288K), 3 survivors (12288K)
 Metaspace       used 85075K, committed 85760K, reserved 1179648K
  class space    used 8997K, committed 9344K, reserved 1048576K
}
Event: 426.846 GC heap before
{Heap before GC invocations=160 (full 0):
 garbage-first heap   total 2371584K, used 2149289K [0x000000060a000000, 0x0000000800000000)
  region size 4096K, 28 young (114688K), 3 survivors (12288K)
 Metaspace       used 85091K, committed 85760K, reserved 1179648K
  class space    used 8997K, committed 9344K, reserved 1048576K
}
Event: 426.854 GC heap after
{Heap after GC invocations=161 (full 0):
 garbage-first heap   total 2371584K, used 2065669K [0x000000060a000000, 0x0000000800000000)
  region size 4096K, 4 young (16384K), 4 survivors (16384K)
 Metaspace       used 85091K, committed 85760K, reserved 1179648K
  class space    used 8997K, committed 9344K, reserved 1048576K
}
Event: 427.843 GC heap before
{Heap before GC invocations=161 (full 0):
 garbage-first heap   total 2371584K, used 2163973K [0x000000060a000000, 0x0000000800000000)
  region size 4096K, 28 young (114688K), 4 survivors (16384K)
 Metaspace       used 85121K, committed 85760K, reserved 1179648K
  class space    used 8997K, committed 9344K, reserved 1048576K
}
Event: 427.852 GC heap after
{Heap after GC invocations=162 (full 0):
 garbage-first heap   total 2371584K, used 2078539K [0x000000060a000000, 0x0000000800000000)
  region size 4096K, 4 young (16384K), 4 survivors (16384K)
 Metaspace       used 85121K, committed 85760K, reserved 1179648K
  class space    used 8997K, committed 9344K, reserved 1048576K
}
Event: 428.270 GC heap before
{Heap before GC invocations=162 (full 0):
 garbage-first heap   total 2371584K, used 2172747K [0x000000060a000000, 0x0000000800000000)
  region size 4096K, 28 young (114688K), 4 survivors (16384K)
 Metaspace       used 85122K, committed 85760K, reserved 1179648K
  class space    used 8997K, committed 9344K, reserved 1048576K
}
Event: 428.278 GC heap after
{Heap after GC invocations=163 (full 0):
 garbage-first heap   total 2371584K, used 2088679K [0x000000060a000000, 0x0000000800000000)
  region size 4096K, 3 young (12288K), 3 survivors (12288K)
 Metaspace       used 85122K, committed 85760K, reserved 1179648K
  class space    used 8997K, committed 9344K, reserved 1048576K
}
Event: 428.725 GC heap before
{Heap before GC invocations=163 (full 0):
 garbage-first heap   total 2371584K, used 2191079K [0x000000060a000000, 0x0000000800000000)
  region size 4096K, 28 young (114688K), 3 survivors (12288K)
 Metaspace       used 85123K, committed 85760K, reserved 1179648K
  class space    used 8997K, committed 9344K, reserved 1048576K
}
Event: 428.731 GC heap after
{Heap after GC invocations=164 (full 0):
 garbage-first heap   total 2371584K, used 2099070K [0x000000060a000000, 0x0000000800000000)
  region size 4096K, 3 young (12288K), 3 survivors (12288K)
 Metaspace       used 85123K, committed 85760K, reserved 1179648K
  class space    used 8997K, committed 9344K, reserved 1048576K
}
Event: 429.245 GC heap before
{Heap before GC invocations=164 (full 0):
 garbage-first heap   total 2371584K, used 2197374K [0x000000060a000000, 0x0000000800000000)
  region size 4096K, 28 young (114688K), 3 survivors (12288K)
 Metaspace       used 85124K, committed 85760K, reserved 1179648K
  class space    used 8997K, committed 9344K, reserved 1048576K
}
Event: 429.252 GC heap after
{Heap after GC invocations=165 (full 0):
 garbage-first heap   total 2371584K, used 2109868K [0x000000060a000000, 0x0000000800000000)
  region size 4096K, 3 young (12288K), 3 survivors (12288K)
 Metaspace       used 85124K, committed 85760K, reserved 1179648K
  class space    used 8997K, committed 9344K, reserved 1048576K
}
Event: 429.724 GC heap before
{Heap before GC invocations=165 (full 0):
 garbage-first heap   total 2371584K, used 2208172K [0x000000060a000000, 0x0000000800000000)
  region size 4096K, 28 young (114688K), 3 survivors (12288K)
 Metaspace       used 85125K, committed 85760K, reserved 1179648K
  class space    used 8997K, committed 9344K, reserved 1048576K
}
Event: 429.731 GC heap after
{Heap after GC invocations=166 (full 0):
 garbage-first heap   total 2371584K, used 2120030K [0x000000060a000000, 0x0000000800000000)
  region size 4096K, 3 young (12288K), 3 survivors (12288K)
 Metaspace       used 85125K, committed 85760K, reserved 1179648K
  class space    used 8997K, committed 9344K, reserved 1048576K
}
Event: 430.217 GC heap before
{Heap before GC invocations=166 (full 0):
 garbage-first heap   total 2371584K, used 2218334K [0x000000060a000000, 0x0000000800000000)
  region size 4096K, 28 young (114688K), 3 survivors (12288K)
 Metaspace       used 85126K, committed 85760K, reserved 1179648K
  class space    used 8997K, committed 9344K, reserved 1048576K
}
Event: 430.224 GC heap after
{Heap after GC invocations=167 (full 0):
 garbage-first heap   total 2371584K, used 2130682K [0x000000060a000000, 0x0000000800000000)
  region size 4096K, 3 young (12288K), 3 survivors (12288K)
 Metaspace       used 85126K, committed 85760K, reserved 1179648K
  class space    used 8997K, committed 9344K, reserved 1048576K
}

