# JRE version: OpenJDK Runtime Environment Microsoft-13106358 (17.0.18+8) (build 17.0.18+8-LTS)
# Java VM: OpenJDK 64-Bit Server VM Microsoft-13106358 (17.0.18+8-LTS, mixed mode, sharing, tiered, compressed oops, compressed class ptrs, g1 gc, windows-amd64)
GC Precious Log:
 CPUs: 16 total, 16 available
 Memory: 32125M
 Large Page Support: Disabled
 NUMA Support: Disabled
 Compressed Oops: Enabled (Zero based)
 Heap Region Size: 4M
 Heap Min Capacity: 8M
 Heap Initial Capacity: 504M
 Heap Max Capacity: 8032M
 Pre-touch: Disabled
 Parallel Workers: 13
 Concurrent Workers: 3
 Concurrent Refinement Workers: 13
 Periodic GC: Disabled
Heap:
 garbage-first heap   total 2170880K, used 2005092K [0x000000060a000000, 0x0000000800000000)
  region size 4096K, 15 young (61440K), 3 survivors (12288K)
 Metaspace       used 84700K, committed 85376K, reserved 1179648K
  class space    used 8971K, committed 9344K, reserved 1048576K
GC Heap History (20 events):
Event: 118.623 GC heap before
{Heap before GC invocations=156 (full 0):
 garbage-first heap   total 2170880K, used 1935324K [0x000000060a000000, 0x0000000800000000)
  region size 4096K, 26 young (106496K), 4 survivors (16384K)
 Metaspace       used 84588K, committed 85312K, reserved 1179648K
  class space    used 8971K, committed 9344K, reserved 1048576K
}
Event: 118.630 GC heap after
{Heap after GC invocations=157 (full 0):
 garbage-first heap   total 2170880K, used 1847886K [0x000000060a000000, 0x0000000800000000)
  region size 4096K, 3 young (12288K), 3 survivors (12288K)
 Metaspace       used 84588K, committed 85312K, reserved 1179648K
  class space    used 8971K, committed 9344K, reserved 1048576K
}
Event: 119.193 GC heap before
{Heap before GC invocations=157 (full 0):
 garbage-first heap   total 2170880K, used 1946190K [0x000000060a000000, 0x0000000800000000)
  region size 4096K, 26 young (106496K), 3 survivors (12288K)
 Metaspace       used 84616K, committed 85312K, reserved 1179648K
  class space    used 8971K, committed 9344K, reserved 1048576K
}
Event: 119.201 GC heap after
{Heap after GC invocations=158 (full 0):
 garbage-first heap   total 2170880K, used 1869112K [0x000000060a000000, 0x0000000800000000)
  region size 4096K, 4 young (16384K), 4 survivors (16384K)
 Metaspace       used 84616K, committed 85312K, reserved 1179648K
  class space    used 8971K, committed 9344K, reserved 1048576K
}
Event: 119.749 GC heap before
{Heap before GC invocations=158 (full 0):
 garbage-first heap   total 2170880K, used 1963320K [0x000000060a000000, 0x0000000800000000)
  region size 4096K, 26 young (106496K), 4 survivors (16384K)
 Metaspace       used 84617K, committed 85312K, reserved 1179648K
  class space    used 8971K, committed 9344K, reserved 1048576K
}
Event: 119.757 GC heap after
{Heap after GC invocations=159 (full 0):
 garbage-first heap   total 2170880K, used 1880204K [0x000000060a000000, 0x0000000800000000)
  region size 4096K, 3 young (12288K), 3 survivors (12288K)
 Metaspace       used 84617K, committed 85312K, reserved 1179648K
  class space    used 8971K, committed 9344K, reserved 1048576K
}
Event: 120.186 GC heap before
{Heap before GC invocations=159 (full 0):
 garbage-first heap   total 2170880K, used 1974412K [0x000000060a000000, 0x0000000800000000)
  region size 4096K, 26 young (106496K), 3 survivors (12288K)
 Metaspace       used 84627K, committed 85312K, reserved 1179648K
  class space    used 8971K, committed 9344K, reserved 1048576K
}
Event: 120.193 GC heap after
{Heap after GC invocations=160 (full 0):
 garbage-first heap   total 2170880K, used 1893515K [0x000000060a000000, 0x0000000800000000)
  region size 4096K, 4 young (16384K), 4 survivors (16384K)
 Metaspace       used 84627K, committed 85312K, reserved 1179648K
  class space    used 8971K, committed 9344K, reserved 1048576K
}
Event: 120.715 GC heap before
{Heap before GC invocations=160 (full 0):
 garbage-first heap   total 2170880K, used 1983627K [0x000000060a000000, 0x0000000800000000)
  region size 4096K, 26 young (106496K), 4 survivors (16384K)
 Metaspace       used 84648K, committed 85312K, reserved 1179648K
  class space    used 8971K, committed 9344K, reserved 1048576K
}
Event: 120.724 GC heap after
{Heap after GC invocations=161 (full 0):
 garbage-first heap   total 2170880K, used 1907952K [0x000000060a000000, 0x0000000800000000)
  region size 4096K, 4 young (16384K), 4 survivors (16384K)
 Metaspace       used 84648K, committed 85312K, reserved 1179648K
  class space    used 8971K, committed 9344K, reserved 1048576K
}
Event: 120.975 GC heap before
{Heap before GC invocations=161 (full 0):
 garbage-first heap   total 2170880K, used 1998064K [0x000000060a000000, 0x0000000800000000)
  region size 4096K, 26 young (106496K), 4 survivors (16384K)
 Metaspace       used 84648K, committed 85312K, reserved 1179648K
  class space    used 8971K, committed 9344K, reserved 1048576K
}
Event: 120.982 GC heap after
{Heap after GC invocations=162 (full 0):
 garbage-first heap   total 2170880K, used 1915623K [0x000000060a000000, 0x0000000800000000)
  region size 4096K, 3 young (12288K), 3 survivors (12288K)
 Metaspace       used 84648K, committed 85312K, reserved 1179648K
  class space    used 8971K, committed 9344K, reserved 1048576K
}
Event: 121.254 GC heap before
{Heap before GC invocations=162 (full 0):
 garbage-first heap   total 2170880K, used 2005735K [0x000000060a000000, 0x0000000800000000)
  region size 4096K, 26 young (106496K), 3 survivors (12288K)
 Metaspace       used 84657K, committed 85376K, reserved 1179648K
  class space    used 8971K, committed 9344K, reserved 1048576K
}
Event: 121.260 GC heap after
{Heap after GC invocations=163 (full 0):
 garbage-first heap   total 2170880K, used 1925537K [0x000000060a000000, 0x0000000800000000)
  region size 4096K, 3 young (12288K), 3 survivors (12288K)
 Metaspace       used 84657K, committed 85376K, reserved 1179648K
  class space    used 8971K, committed 9344K, reserved 1048576K
}
Event: 121.718 GC heap before
{Heap before GC invocations=163 (full 0):
 garbage-first heap   total 2170880K, used 2027937K [0x000000060a000000, 0x0000000800000000)
  region size 4096K, 26 young (106496K), 3 survivors (12288K)
 Metaspace       used 84662K, committed 85376K, reserved 1179648K
  class space    used 8971K, committed 9344K, reserved 1048576K
}
Event: 121.726 GC heap after
{Heap after GC invocations=164 (full 0):
 garbage-first heap   total 2170880K, used 1938397K [0x000000060a000000, 0x0000000800000000)
  region size 4096K, 4 young (16384K), 4 survivors (16384K)
 Metaspace       used 84662K, committed 85376K, reserved 1179648K
  class space    used 8971K, committed 9344K, reserved 1048576K
}
Event: 122.122 GC heap before
{Heap before GC invocations=164 (full 0):
 garbage-first heap   total 2170880K, used 2032605K [0x000000060a000000, 0x0000000800000000)
  region size 4096K, 26 young (106496K), 4 survivors (16384K)
 Metaspace       used 84697K, committed 85376K, reserved 1179648K
  class space    used 8971K, committed 9344K, reserved 1048576K
}
Event: 122.129 GC heap after
{Heap after GC invocations=165 (full 0):
 garbage-first heap   total 2170880K, used 1950131K [0x000000060a000000, 0x0000000800000000)
  region size 4096K, 4 young (16384K), 4 survivors (16384K)
 Metaspace       used 84697K, committed 85376K, reserved 1179648K
  class space    used 8971K, committed 9344K, reserved 1048576K
}
Event: 122.541 GC heap before
{Heap before GC invocations=165 (full 0):
 garbage-first heap   total 2170880K, used 2040243K [0x000000060a000000, 0x0000000800000000)
  region size 4096K, 26 young (106496K), 4 survivors (16384K)
 Metaspace       used 84699K, committed 85376K, reserved 1179648K
  class space    used 8971K, committed 9344K, reserved 1048576K
}
Event: 122.548 GC heap after
{Heap after GC invocations=166 (full 0):
 garbage-first heap   total 2170880K, used 1960036K [0x000000060a000000, 0x0000000800000000)
  region size 4096K, 3 young (12288K), 3 survivors (12288K)
 Metaspace       used 84699K, committed 85376K, reserved 1179648K
  class space    used 8971K, committed 9344K, reserved 1048576K
}

