# JRE version: OpenJDK Runtime Environment Temurin-21.0.10+7 (21.0.10+7) (build 21.0.10+7-LTS)
# Java VM: OpenJDK 64-Bit Server VM Temurin-21.0.10+7 (21.0.10+7-LTS, mixed mode, sharing, tiered, compressed oops, compressed class ptrs, parallel gc, windows-amd64)
GC Precious Log:
 CardTable entry size: 512
 CPUs: 16 total, 16 available
 Memory: 32125M
 Large Page Support: Disabled
 NUMA Support: Disabled
 Compressed Oops: Enabled (32-bit)
 Alignments: Space 512K, Generation 512K, Heap 2M
 Heap Min Capacity: 100M
 Heap Initial Capacity: 100M
 Heap Max Capacity: 2G
 Pre-touch: Disabled
 Parallel Workers: 13
Heap:
 PSYoungGen      total 4096K, used 478K [0x00000000d5580000, 0x00000000d5b00000, 0x0000000100000000)
  eden space 3072K, 3% used [0x00000000d5580000,0x00000000d5597ab0,0x00000000d5880000)
  from space 1024K, 37% used [0x00000000d5900000,0x00000000d5960000,0x00000000d5a00000)
  to   space 512K, 0% used [0x00000000d5a80000,0x00000000d5a80000,0x00000000d5b00000)
 ParOldGen       total 138752K, used 113471K [0x0000000080000000, 0x0000000088780000, 0x00000000d5580000)
  object space 138752K, 81% used [0x0000000080000000,0x0000000086ecff48,0x0000000088780000)
 Metaspace       used 91134K, committed 94336K, reserved 1179648K
  class space    used 11713K, committed 12864K, reserved 1048576K
GC Heap History (20 events):
Event: 6690.490 GC heap before
{Heap before GC invocations=867 (full 3):
 PSYoungGen      total 3584K, used 3456K [0x00000000d5580000, 0x00000000d5a80000, 0x0000000100000000)
  eden space 3072K, 100% used [0x00000000d5580000,0x00000000d5880000,0x00000000d5880000)
  from space 512K, 75% used [0x00000000d5900000,0x00000000d5960000,0x00000000d5980000)
  to   space 512K, 0% used [0x00000000d5a00000,0x00000000d5a00000,0x00000000d5a80000)
 ParOldGen       total 202240K, used 201907K [0x0000000080000000, 0x000000008c580000, 0x00000000d5580000)
  object space 202240K, 99% used [0x0000000080000000,0x000000008c52cf88,0x000000008c580000)
 Metaspace       used 92506K, committed 94464K, reserved 1179648K
  class space    used 12000K, committed 12864K, reserved 1048576K
}
Event: 6690.492 GC heap after
{Heap after GC invocations=867 (full 3):
 PSYoungGen      total 3584K, used 384K [0x00000000d5580000, 0x00000000d5a80000, 0x0000000100000000)
  eden space 3072K, 0% used [0x00000000d5580000,0x00000000d5580000,0x00000000d5880000)
  from space 512K, 75% used [0x00000000d5a00000,0x00000000d5a60000,0x00000000d5a80000)
  to   space 512K, 0% used [0x00000000d5900000,0x00000000d5900000,0x00000000d5980000)
 ParOldGen       total 202240K, used 202011K [0x0000000080000000, 0x000000008c580000, 0x00000000d5580000)
  object space 202240K, 99% used [0x0000000080000000,0x000000008c546f88,0x000000008c580000)
 Metaspace       used 92506K, committed 94464K, reserved 1179648K
  class space    used 12000K, committed 12864K, reserved 1048576K
}
Event: 6690.570 GC heap before
{Heap before GC invocations=868 (full 3):
 PSYoungGen      total 3584K, used 3456K [0x00000000d5580000, 0x00000000d5a80000, 0x0000000100000000)
  eden space 3072K, 100% used [0x00000000d5580000,0x00000000d5880000,0x00000000d5880000)
  from space 512K, 75% used [0x00000000d5a00000,0x00000000d5a60000,0x00000000d5a80000)
  to   space 512K, 0% used [0x00000000d5900000,0x00000000d5900000,0x00000000d5980000)
 ParOldGen       total 202240K, used 202011K [0x0000000080000000, 0x000000008c580000, 0x00000000d5580000)
  object space 202240K, 99% used [0x0000000080000000,0x000000008c546f88,0x000000008c580000)
 Metaspace       used 92506K, committed 94464K, reserved 1179648K
  class space    used 12000K, committed 12864K, reserved 1048576K
}
Event: 6690.571 GC heap after
{Heap after GC invocations=868 (full 3):
 PSYoungGen      total 3584K, used 256K [0x00000000d5580000, 0x00000000d5a80000, 0x0000000100000000)
  eden space 3072K, 0% used [0x00000000d5580000,0x00000000d5580000,0x00000000d5880000)
  from space 512K, 50% used [0x00000000d5900000,0x00000000d5940000,0x00000000d5980000)
  to   space 512K, 0% used [0x00000000d5a00000,0x00000000d5a00000,0x00000000d5a80000)
 ParOldGen       total 202240K, used 202115K [0x0000000080000000, 0x000000008c580000, 0x00000000d5580000)
  object space 202240K, 99% used [0x0000000080000000,0x000000008c560f88,0x000000008c580000)
 Metaspace       used 92506K, committed 94464K, reserved 1179648K
  class space    used 12000K, committed 12864K, reserved 1048576K
}
Event: 6690.782 GC heap before
{Heap before GC invocations=869 (full 3):
 PSYoungGen      total 3584K, used 3328K [0x00000000d5580000, 0x00000000d5a80000, 0x0000000100000000)
  eden space 3072K, 100% used [0x00000000d5580000,0x00000000d5880000,0x00000000d5880000)
  from space 512K, 50% used [0x00000000d5900000,0x00000000d5940000,0x00000000d5980000)
  to   space 512K, 0% used [0x00000000d5a00000,0x00000000d5a00000,0x00000000d5a80000)
 ParOldGen       total 202240K, used 202115K [0x0000000080000000, 0x000000008c580000, 0x00000000d5580000)
  object space 202240K, 99% used [0x0000000080000000,0x000000008c560f88,0x000000008c580000)
 Metaspace       used 92518K, committed 94464K, reserved 1179648K
  class space    used 12000K, committed 12864K, reserved 1048576K
}
Event: 6690.783 GC heap after
{Heap after GC invocations=869 (full 3):
 PSYoungGen      total 3584K, used 320K [0x00000000d5580000, 0x00000000d5a80000, 0x0000000100000000)
  eden space 3072K, 0% used [0x00000000d5580000,0x00000000d5580000,0x00000000d5880000)
  from space 512K, 62% used [0x00000000d5a00000,0x00000000d5a50000,0x00000000d5a80000)
  to   space 512K, 0% used [0x00000000d5900000,0x00000000d5900000,0x00000000d5980000)
 ParOldGen       total 202240K, used 202171K [0x0000000080000000, 0x000000008c580000, 0x00000000d5580000)
  object space 202240K, 99% used [0x0000000080000000,0x000000008c56ef88,0x000000008c580000)
 Metaspace       used 92518K, committed 94464K, reserved 1179648K
  class space    used 12000K, committed 12864K, reserved 1048576K
}
Event: 6716.590 GC heap before
{Heap before GC invocations=870 (full 3):
 PSYoungGen      total 3584K, used 3392K [0x00000000d5580000, 0x00000000d5a80000, 0x0000000100000000)
  eden space 3072K, 100% used [0x00000000d5580000,0x00000000d5880000,0x00000000d5880000)
  from space 512K, 62% used [0x00000000d5a00000,0x00000000d5a50000,0x00000000d5a80000)
  to   space 512K, 0% used [0x00000000d5900000,0x00000000d5900000,0x00000000d5980000)
 ParOldGen       total 202240K, used 202171K [0x0000000080000000, 0x000000008c580000, 0x00000000d5580000)
  object space 202240K, 99% used [0x0000000080000000,0x000000008c56ef88,0x000000008c580000)
 Metaspace       used 92528K, committed 94464K, reserved 1179648K
  class space    used 12000K, committed 12864K, reserved 1048576K
}
Event: 6716.591 GC heap after
{Heap after GC invocations=870 (full 3):
 PSYoungGen      total 3584K, used 336K [0x00000000d5580000, 0x00000000d5a80000, 0x0000000100000000)
  eden space 3072K, 0% used [0x00000000d5580000,0x00000000d5580000,0x00000000d5880000)
  from space 512K, 65% used [0x00000000d5900000,0x00000000d5954010,0x00000000d5980000)
  to   space 512K, 0% used [0x00000000d5a00000,0x00000000d5a00000,0x00000000d5a80000)
 ParOldGen       total 202752K, used 202243K [0x0000000080000000, 0x000000008c600000, 0x00000000d5580000)
  object space 202752K, 99% used [0x0000000080000000,0x000000008c580f88,0x000000008c600000)
 Metaspace       used 92528K, committed 94464K, reserved 1179648K
  class space    used 12000K, committed 12864K, reserved 1048576K
}
Event: 6720.749 GC heap before
{Heap before GC invocations=871 (full 3):
 PSYoungGen      total 3584K, used 3408K [0x00000000d5580000, 0x00000000d5a80000, 0x0000000100000000)
  eden space 3072K, 100% used [0x00000000d5580000,0x00000000d5880000,0x00000000d5880000)
  from space 512K, 65% used [0x00000000d5900000,0x00000000d5954010,0x00000000d5980000)
  to   space 512K, 0% used [0x00000000d5a00000,0x00000000d5a00000,0x00000000d5a80000)
 ParOldGen       total 202752K, used 202243K [0x0000000080000000, 0x000000008c600000, 0x00000000d5580000)
  object space 202752K, 99% used [0x0000000080000000,0x000000008c580f88,0x000000008c600000)
 Metaspace       used 92533K, committed 94464K, reserved 1179648K
  class space    used 12000K, committed 12864K, reserved 1048576K
}
Event: 6720.751 GC heap after
{Heap after GC invocations=871 (full 3):
 PSYoungGen      total 3584K, used 496K [0x00000000d5580000, 0x00000000d5a80000, 0x0000000100000000)
  eden space 3072K, 0% used [0x00000000d5580000,0x00000000d5580000,0x00000000d5880000)
  from space 512K, 96% used [0x00000000d5a00000,0x00000000d5a7c040,0x00000000d5a80000)
  to   space 512K, 0% used [0x00000000d5900000,0x00000000d5900000,0x00000000d5980000)
 ParOldGen       total 204288K, used 204287K [0x0000000080000000, 0x000000008c780000, 0x00000000d5580000)
  object space 204288K, 99% used [0x0000000080000000,0x000000008c77fd88,0x000000008c780000)
 Metaspace       used 92533K, committed 94464K, reserved 1179648K
  class space    used 12000K, committed 12864K, reserved 1048576K
}
Event: 6720.757 GC heap before
{Heap before GC invocations=872 (full 3):
 PSYoungGen      total 3584K, used 3568K [0x00000000d5580000, 0x00000000d5a80000, 0x0000000100000000)
  eden space 3072K, 99% used [0x00000000d5580000,0x00000000d587fff0,0x00000000d5880000)
  from space 512K, 96% used [0x00000000d5a00000,0x00000000d5a7c040,0x00000000d5a80000)
  to   space 512K, 0% used [0x00000000d5900000,0x00000000d5900000,0x00000000d5980000)
 ParOldGen       total 204288K, used 204287K [0x0000000080000000, 0x000000008c780000, 0x00000000d5580000)
  object space 204288K, 99% used [0x0000000080000000,0x000000008c77fd88,0x000000008c780000)
 Metaspace       used 92533K, committed 94464K, reserved 1179648K
  class space    used 12000K, committed 12864K, reserved 1048576K
}
Event: 6720.767 GC heap after
{Heap after GC invocations=872 (full 3):
 PSYoungGen      total 3584K, used 3568K [0x00000000d5580000, 0x00000000d5a80000, 0x0000000100000000)
  eden space 3072K, 99% used [0x00000000d5580000,0x00000000d587fff0,0x00000000d5880000)
  from space 512K, 96% used [0x00000000d5a00000,0x00000000d5a7c040,0x00000000d5a80000)
  to   space 512K, 96% used [0x00000000d5900000,0x00000000d597b010,0x00000000d5980000)
 ParOldGen       total 206336K, used 205851K [0x0000000080000000, 0x000000008c980000, 0x00000000d5580000)
  object space 206336K, 99% used [0x0000000080000000,0x000000008c906e18,0x000000008c980000)
 Metaspace       used 92533K, committed 94464K, reserved 1179648K
  class space    used 12000K, committed 12864K, reserved 1048576K
}
Event: 6720.767 GC heap before
{Heap before GC invocations=873 (full 4):
 PSYoungGen      total 3584K, used 3568K [0x00000000d5580000, 0x00000000d5a80000, 0x0000000100000000)
  eden space 3072K, 99% used [0x00000000d5580000,0x00000000d587fff0,0x00000000d5880000)
  from space 512K, 96% used [0x00000000d5a00000,0x00000000d5a7c040,0x00000000d5a80000)
  to   space 512K, 96% used [0x00000000d5900000,0x00000000d597b010,0x00000000d5980000)
 ParOldGen       total 206336K, used 205851K [0x0000000080000000, 0x000000008c980000, 0x00000000d5580000)
  object space 206336K, 99% used [0x0000000080000000,0x000000008c906e18,0x000000008c980000)
 Metaspace       used 92533K, committed 94464K, reserved 1179648K
  class space    used 12000K, committed 12864K, reserved 1048576K
}
Event: 6721.054 GC heap after
{Heap after GC invocations=873 (full 4):
 PSYoungGen      total 3584K, used 0K [0x00000000d5580000, 0x00000000d5e80000, 0x0000000100000000)
  eden space 3072K, 0% used [0x00000000d5580000,0x00000000d5580000,0x00000000d5880000)
  from space 512K, 0% used [0x00000000d5900000,0x00000000d5900000,0x00000000d5980000)
  to   space 3072K, 0% used [0x00000000d5b80000,0x00000000d5b80000,0x00000000d5e80000)
 ParOldGen       total 138752K, used 111570K [0x0000000080000000, 0x0000000088780000, 0x00000000d5580000)
  object space 138752K, 80% used [0x0000000080000000,0x0000000086cf4968,0x0000000088780000)
 Metaspace       used 91124K, committed 94336K, reserved 1179648K
  class space    used 11713K, committed 12864K, reserved 1048576K
}
Event: 6721.061 GC heap before
{Heap before GC invocations=874 (full 4):
 PSYoungGen      total 3584K, used 3072K [0x00000000d5580000, 0x00000000d5e80000, 0x0000000100000000)
  eden space 3072K, 100% used [0x00000000d5580000,0x00000000d5880000,0x00000000d5880000)
  from space 512K, 0% used [0x00000000d5900000,0x00000000d5900000,0x00000000d5980000)
  to   space 3072K, 0% used [0x00000000d5b80000,0x00000000d5b80000,0x00000000d5e80000)
 ParOldGen       total 138752K, used 111570K [0x0000000080000000, 0x0000000088780000, 0x00000000d5580000)
  object space 138752K, 80% used [0x0000000080000000,0x0000000086cf4968,0x0000000088780000)
 Metaspace       used 91124K, committed 94336K, reserved 1179648K
  class space    used 11713K, committed 12864K, reserved 1048576K
}
Event: 6721.063 GC heap after
{Heap after GC invocations=874 (full 4):
 PSYoungGen      total 5120K, used 1910K [0x00000000d5580000, 0x00000000d5d80000, 0x0000000100000000)
  eden space 3072K, 0% used [0x00000000d5580000,0x00000000d5580000,0x00000000d5880000)
  from space 2048K, 93% used [0x00000000d5b80000,0x00000000d5d5d840,0x00000000d5d80000)
  to   space 2560K, 0% used [0x00000000d5880000,0x00000000d5880000,0x00000000d5b00000)
 ParOldGen       total 138752K, used 111570K [0x0000000080000000, 0x0000000088780000, 0x00000000d5580000)
  object space 138752K, 80% used [0x0000000080000000,0x0000000086cf4968,0x0000000088780000)
 Metaspace       used 91124K, committed 94336K, reserved 1179648K
  class space    used 11713K, committed 12864K, reserved 1048576K
}
Event: 6721.071 GC heap before
{Heap before GC invocations=875 (full 4):
 PSYoungGen      total 5120K, used 4982K [0x00000000d5580000, 0x00000000d5d80000, 0x0000000100000000)
  eden space 3072K, 100% used [0x00000000d5580000,0x00000000d5880000,0x00000000d5880000)
  from space 2048K, 93% used [0x00000000d5b80000,0x00000000d5d5d840,0x00000000d5d80000)
  to   space 2560K, 0% used [0x00000000d5880000,0x00000000d5880000,0x00000000d5b00000)
 ParOldGen       total 138752K, used 111570K [0x0000000080000000, 0x0000000088780000, 0x00000000d5580000)
  object space 138752K, 80% used [0x0000000080000000,0x0000000086cf4968,0x0000000088780000)
 Metaspace       used 91124K, committed 94336K, reserved 1179648K
  class space    used 11713K, committed 12864K, reserved 1048576K
}
Event: 6721.073 GC heap after
{Heap after GC invocations=875 (full 4):
 PSYoungGen      total 5120K, used 1644K [0x00000000d5580000, 0x00000000d5c80000, 0x0000000100000000)
  eden space 3072K, 0% used [0x00000000d5580000,0x00000000d5580000,0x00000000d5880000)
  from space 2048K, 80% used [0x00000000d5880000,0x00000000d5a1b030,0x00000000d5a80000)
  to   space 2048K, 0% used [0x00000000d5a80000,0x00000000d5a80000,0x00000000d5c80000)
 ParOldGen       total 138752K, used 112571K [0x0000000080000000, 0x0000000088780000, 0x00000000d5580000)
  object space 138752K, 81% used [0x0000000080000000,0x0000000086deef18,0x0000000088780000)
 Metaspace       used 91124K, committed 94336K, reserved 1179648K
  class space    used 11713K, committed 12864K, reserved 1048576K
}
Event: 6721.094 GC heap before
{Heap before GC invocations=876 (full 4):
 PSYoungGen      total 5120K, used 4716K [0x00000000d5580000, 0x00000000d5c80000, 0x0000000100000000)
  eden space 3072K, 99% used [0x00000000d5580000,0x00000000d587ffe0,0x00000000d5880000)
  from space 2048K, 80% used [0x00000000d5880000,0x00000000d5a1b030,0x00000000d5a80000)
  to   space 2048K, 0% used [0x00000000d5a80000,0x00000000d5a80000,0x00000000d5c80000)
 ParOldGen       total 138752K, used 112571K [0x0000000080000000, 0x0000000088780000, 0x00000000d5580000)
  object space 138752K, 81% used [0x0000000080000000,0x0000000086deef18,0x0000000088780000)
 Metaspace       used 91124K, committed 94336K, reserved 1179648K
  class space    used 11713K, committed 12864K, reserved 1048576K
}
Event: 6721.096 GC heap after
{Heap after GC invocations=876 (full 4):
 PSYoungGen      total 3584K, used 256K [0x00000000d5580000, 0x00000000d5b00000, 0x0000000100000000)
  eden space 3072K, 0% used [0x00000000d5580000,0x00000000d5580000,0x00000000d5880000)
  from space 512K, 50% used [0x00000000d5a80000,0x00000000d5ac0000,0x00000000d5b00000)
  to   space 1024K, 0% used [0x00000000d5900000,0x00000000d5900000,0x00000000d5a00000)
 ParOldGen       total 138752K, used 113439K [0x0000000080000000, 0x0000000088780000, 0x00000000d5580000)
  object space 138752K, 81% used [0x0000000080000000,0x0000000086ec7f48,0x0000000088780000)
 Metaspace       used 91124K, committed 94336K, reserved 1179648K
  class space    used 11713K, committed 12864K, reserved 1048576K
}

