# JRE version: OpenJDK Runtime Environment Microsoft-13106358 (17.0.18+8) (build 17.0.18+8-LTS)
# Java VM: OpenJDK 64-Bit Server VM Microsoft-13106358 (17.0.18+8-LTS, mixed mode, sharing, tiered, compressed oops, compressed class ptrs, parallel gc, windows-amd64)
GC Precious Log:
 CPUs: 16 total, 16 available
 Memory: 32125M
 Large Page Support: Disabled
 NUMA Support: Disabled
 Compressed Oops: Enabled (32-bit)
 Alignments: Space 512K, Generation 512K, Heap 2M
 Heap Min Capacity: 8M
 Heap Initial Capacity: 502M
 Heap Max Capacity: 1536M
 Pre-touch: Disabled
 Parallel Workers: 13
Heap:
 PSYoungGen      total 150016K, used 92611K [0x00000000e0000000, 0x00000000ea700000, 0x0000000100000000)
  eden space 129024K, 71% used [0x00000000e0000000,0x00000000e5a70d40,0x00000000e7e00000)
  from space 20992K, 0% used [0x00000000e9280000,0x00000000e9280000,0x00000000ea700000)
  to   space 20992K, 0% used [0x00000000e7e00000,0x00000000e7e00000,0x00000000e9280000)
 ParOldGen       total 343040K, used 22573K [0x00000000a0000000, 0x00000000b4f00000, 0x00000000e0000000)
  object space 343040K, 6% used [0x00000000a0000000,0x00000000a160b788,0x00000000b4f00000)
 Metaspace       used 33521K, committed 33984K, reserved 1114112K
  class space    used 4703K, committed 4928K, reserved 1048576K
GC Heap History (6 events):
Event: 1.387 GC heap before
{Heap before GC invocations=1 (full 0):
 PSYoungGen      total 150016K, used 129024K [0x00000000e0000000, 0x00000000ea700000, 0x0000000100000000)
  eden space 129024K, 100% used [0x00000000e0000000,0x00000000e7e00000,0x00000000e7e00000)
  from space 20992K, 0% used [0x00000000e9280000,0x00000000e9280000,0x00000000ea700000)
  to   space 20992K, 0% used [0x00000000e7e00000,0x00000000e7e00000,0x00000000e9280000)
 ParOldGen       total 343040K, used 0K [0x00000000a0000000, 0x00000000b4f00000, 0x00000000e0000000)
  object space 343040K, 0% used [0x00000000a0000000,0x00000000a0000000,0x00000000b4f00000)
 Metaspace       used 5602K, committed 5824K, reserved 1114112K
  class space    used 739K, committed 832K, reserved 1048576K
}
Event: 1.391 GC heap after
{Heap after GC invocations=1 (full 0):
 PSYoungGen      total 150016K, used 16480K [0x00000000e0000000, 0x00000000ea700000, 0x0000000100000000)
  eden space 129024K, 0% used [0x00000000e0000000,0x00000000e0000000,0x00000000e7e00000)
  from space 20992K, 78% used [0x00000000e7e00000,0x00000000e8e18200,0x00000000e9280000)
  to   space 20992K, 0% used [0x00000000e9280000,0x00000000e9280000,0x00000000ea700000)
 ParOldGen       total 343040K, used 16K [0x00000000a0000000, 0x00000000b4f00000, 0x00000000e0000000)
  object space 343040K, 0% used [0x00000000a0000000,0x00000000a0004000,0x00000000b4f00000)
 Metaspace       used 5602K, committed 5824K, reserved 1114112K
  class space    used 739K, committed 832K, reserved 1048576K
}
Event: 3.118 GC heap before
{Heap before GC invocations=2 (full 0):
 PSYoungGen      total 150016K, used 126805K [0x00000000e0000000, 0x00000000ea700000, 0x0000000100000000)
  eden space 129024K, 85% used [0x00000000e0000000,0x00000000e6bbd590,0x00000000e7e00000)
  from space 20992K, 78% used [0x00000000e7e00000,0x00000000e8e18200,0x00000000e9280000)
  to   space 20992K, 0% used [0x00000000e9280000,0x00000000e9280000,0x00000000ea700000)
 ParOldGen       total 343040K, used 16K [0x00000000a0000000, 0x00000000b4f00000, 0x00000000e0000000)
  object space 343040K, 0% used [0x00000000a0000000,0x00000000a0004000,0x00000000b4f00000)
 Metaspace       used 21221K, committed 21504K, reserved 1114112K
  class space    used 3078K, committed 3200K, reserved 1048576K
}
Event: 3.134 GC heap after
{Heap after GC invocations=2 (full 0):
 PSYoungGen      total 150016K, used 20961K [0x00000000e0000000, 0x00000000ea700000, 0x0000000100000000)
  eden space 129024K, 0% used [0x00000000e0000000,0x00000000e0000000,0x00000000e7e00000)
  from space 20992K, 99% used [0x00000000e9280000,0x00000000ea6f85b0,0x00000000ea700000)
  to   space 20992K, 0% used [0x00000000e7e00000,0x00000000e7e00000,0x00000000e9280000)
 ParOldGen       total 343040K, used 1915K [0x00000000a0000000, 0x00000000b4f00000, 0x00000000e0000000)
  object space 343040K, 0% used [0x00000000a0000000,0x00000000a01dec10,0x00000000b4f00000)
 Metaspace       used 21221K, committed 21504K, reserved 1114112K
  class space    used 3078K, committed 3200K, reserved 1048576K
}
Event: 3.134 GC heap before
{Heap before GC invocations=3 (full 1):
 PSYoungGen      total 150016K, used 20961K [0x00000000e0000000, 0x00000000ea700000, 0x0000000100000000)
  eden space 129024K, 0% used [0x00000000e0000000,0x00000000e0000000,0x00000000e7e00000)
  from space 20992K, 99% used [0x00000000e9280000,0x00000000ea6f85b0,0x00000000ea700000)
  to   space 20992K, 0% used [0x00000000e7e00000,0x00000000e7e00000,0x00000000e9280000)
 ParOldGen       total 343040K, used 1915K [0x00000000a0000000, 0x00000000b4f00000, 0x00000000e0000000)
  object space 343040K, 0% used [0x00000000a0000000,0x00000000a01dec10,0x00000000b4f00000)
 Metaspace       used 21221K, committed 21504K, reserved 1114112K
  class space    used 3078K, committed 3200K, reserved 1048576K
}
Event: 3.153 GC heap after
{Heap after GC invocations=3 (full 1):
 PSYoungGen      total 150016K, used 0K [0x00000000e0000000, 0x00000000ea700000, 0x0000000100000000)
  eden space 129024K, 0% used [0x00000000e0000000,0x00000000e0000000,0x00000000e7e00000)
  from space 20992K, 0% used [0x00000000e9280000,0x00000000e9280000,0x00000000ea700000)
  to   space 20992K, 0% used [0x00000000e7e00000,0x00000000e7e00000,0x00000000e9280000)
 ParOldGen       total 343040K, used 22573K [0x00000000a0000000, 0x00000000b4f00000, 0x00000000e0000000)
  object space 343040K, 6% used [0x00000000a0000000,0x00000000a160b788,0x00000000b4f00000)
 Metaspace       used 21221K, committed 21504K, reserved 1114112K
  class space    used 3078K, committed 3200K, reserved 1048576K
}

