# JRE version: OpenJDK Runtime Environment Microsoft-13106358 (17.0.18+8) (build 17.0.18+8-LTS)
# Java VM: OpenJDK 64-Bit Server VM Microsoft-13106358 (17.0.18+8-LTS, mixed mode, sharing, tiered, compressed oops, compressed class ptrs, g1 gc, windows-amd64)
GC Precious Log:
 CPUs: 16 total, 16 available
 Memory: 32125M
 Large Page Support: Disabled
 NUMA Support: Disabled
 Compressed Oops: Enabled (Zero based)
 Heap Region Size: 4M
 Heap Min Capacity: 8M
 Heap Initial Capacity: 504M
 Heap Max Capacity: 8032M
 Pre-touch: Disabled
 Parallel Workers: 13
 Concurrent Workers: 3
 Concurrent Refinement Workers: 13
 Periodic GC: Disabled
Heap:
 garbage-first heap   total 2048000K, used 1915092K [0x000000060a000000, 0x0000000800000000)
  region size 4096K, 21 young (86016K), 4 survivors (16384K)
 Metaspace       used 84280K, committed 84928K, reserved 1179648K
  class space    used 8934K, committed 9280K, reserved 1048576K
GC Heap History (20 events):
Event: 84.291 GC heap before
{Heap before GC invocations=133 (full 0):
 garbage-first heap   total 2048000K, used 1825864K [0x000000060a000000, 0x0000000800000000)
  region size 4096K, 25 young (102400K), 4 survivors (16384K)
 Metaspace       used 84183K, committed 84800K, reserved 1179648K
  class space    used 8933K, committed 9280K, reserved 1048576K
}
Event: 84.298 GC heap after
{Heap after GC invocations=134 (full 0):
 garbage-first heap   total 2048000K, used 1742549K [0x000000060a000000, 0x0000000800000000)
  region size 4096K, 3 young (12288K), 3 survivors (12288K)
 Metaspace       used 84183K, committed 84800K, reserved 1179648K
  class space    used 8933K, committed 9280K, reserved 1048576K
}
Event: 84.583 GC heap before
{Heap before GC invocations=134 (full 0):
 garbage-first heap   total 2048000K, used 1832661K [0x000000060a000000, 0x0000000800000000)
  region size 4096K, 25 young (102400K), 3 survivors (12288K)
 Metaspace       used 84183K, committed 84800K, reserved 1179648K
  class space    used 8933K, committed 9280K, reserved 1048576K
}
Event: 84.589 GC heap after
{Heap after GC invocations=135 (full 0):
 garbage-first heap   total 2048000K, used 1752656K [0x000000060a000000, 0x0000000800000000)
  region size 4096K, 3 young (12288K), 3 survivors (12288K)
 Metaspace       used 84183K, committed 84800K, reserved 1179648K
  class space    used 8933K, committed 9280K, reserved 1048576K
}
Event: 85.199 GC heap before
{Heap before GC invocations=135 (full 0):
 garbage-first heap   total 2048000K, used 1850960K [0x000000060a000000, 0x0000000800000000)
  region size 4096K, 25 young (102400K), 3 survivors (12288K)
 Metaspace       used 84188K, committed 84864K, reserved 1179648K
  class space    used 8934K, committed 9280K, reserved 1048576K
}
Event: 85.208 GC heap after
{Heap after GC invocations=136 (full 0):
 garbage-first heap   total 2048000K, used 1768033K [0x000000060a000000, 0x0000000800000000)
  region size 4096K, 4 young (16384K), 4 survivors (16384K)
 Metaspace       used 84188K, committed 84864K, reserved 1179648K
  class space    used 8934K, committed 9280K, reserved 1048576K
}
Event: 85.499 GC heap before
{Heap before GC invocations=136 (full 0):
 garbage-first heap   total 2048000K, used 1854049K [0x000000060a000000, 0x0000000800000000)
  region size 4096K, 25 young (102400K), 4 survivors (16384K)
 Metaspace       used 84206K, committed 84864K, reserved 1179648K
  class space    used 8934K, committed 9280K, reserved 1048576K
}
Event: 85.506 GC heap after
{Heap after GC invocations=137 (full 0):
 garbage-first heap   total 2048000K, used 1776002K [0x000000060a000000, 0x0000000800000000)
  region size 4096K, 3 young (12288K), 3 survivors (12288K)
 Metaspace       used 84206K, committed 84864K, reserved 1179648K
  class space    used 8934K, committed 9280K, reserved 1048576K
}
Event: 85.984 GC heap before
{Heap before GC invocations=137 (full 0):
 garbage-first heap   total 2048000K, used 1874306K [0x000000060a000000, 0x0000000800000000)
  region size 4096K, 25 young (102400K), 3 survivors (12288K)
 Metaspace       used 84222K, committed 84864K, reserved 1179648K
  class space    used 8934K, committed 9280K, reserved 1048576K
}
Event: 85.990 GC heap after
{Heap after GC invocations=138 (full 0):
 garbage-first heap   total 2048000K, used 1787071K [0x000000060a000000, 0x0000000800000000)
  region size 4096K, 4 young (16384K), 4 survivors (16384K)
 Metaspace       used 84222K, committed 84864K, reserved 1179648K
  class space    used 8934K, committed 9280K, reserved 1048576K
}
Event: 86.293 GC heap before
{Heap before GC invocations=138 (full 0):
 garbage-first heap   total 2048000K, used 1881279K [0x000000060a000000, 0x0000000800000000)
  region size 4096K, 25 young (102400K), 4 survivors (16384K)
 Metaspace       used 84225K, committed 84864K, reserved 1179648K
  class space    used 8934K, committed 9280K, reserved 1048576K
}
Event: 86.300 GC heap after
{Heap after GC invocations=139 (full 0):
 garbage-first heap   total 2048000K, used 1801741K [0x000000060a000000, 0x0000000800000000)
  region size 4096K, 4 young (16384K), 4 survivors (16384K)
 Metaspace       used 84225K, committed 84864K, reserved 1179648K
  class space    used 8934K, committed 9280K, reserved 1048576K
}
Event: 86.560 GC heap before
{Heap before GC invocations=139 (full 0):
 garbage-first heap   total 2048000K, used 1887757K [0x000000060a000000, 0x0000000800000000)
  region size 4096K, 25 young (102400K), 4 survivors (16384K)
 Metaspace       used 84234K, committed 84864K, reserved 1179648K
  class space    used 8934K, committed 9280K, reserved 1048576K
}
Event: 86.565 GC heap after
{Heap after GC invocations=140 (full 0):
 garbage-first heap   total 2048000K, used 1808504K [0x000000060a000000, 0x0000000800000000)
  region size 4096K, 3 young (12288K), 3 survivors (12288K)
 Metaspace       used 84234K, committed 84864K, reserved 1179648K
  class space    used 8934K, committed 9280K, reserved 1048576K
}
Event: 87.381 GC heap before
{Heap before GC invocations=140 (full 0):
 garbage-first heap   total 2048000K, used 1898616K [0x000000060a000000, 0x0000000800000000)
  region size 4096K, 25 young (102400K), 3 survivors (12288K)
 Metaspace       used 84243K, committed 84864K, reserved 1179648K
  class space    used 8934K, committed 9280K, reserved 1048576K
}
Event: 87.387 GC heap after
{Heap after GC invocations=141 (full 0):
 garbage-first heap   total 2048000K, used 1817313K [0x000000060a000000, 0x0000000800000000)
  region size 4096K, 3 young (12288K), 3 survivors (12288K)
 Metaspace       used 84243K, committed 84864K, reserved 1179648K
  class space    used 8934K, committed 9280K, reserved 1048576K
}
Event: 87.801 GC heap before
{Heap before GC invocations=141 (full 0):
 garbage-first heap   total 2048000K, used 1907425K [0x000000060a000000, 0x0000000800000000)
  region size 4096K, 25 young (102400K), 3 survivors (12288K)
 Metaspace       used 84261K, committed 84928K, reserved 1179648K
  class space    used 8934K, committed 9280K, reserved 1048576K
}
Event: 87.808 GC heap after
{Heap after GC invocations=142 (full 0):
 garbage-first heap   total 2048000K, used 1828649K [0x000000060a000000, 0x0000000800000000)
  region size 4096K, 4 young (16384K), 4 survivors (16384K)
 Metaspace       used 84261K, committed 84928K, reserved 1179648K
  class space    used 8934K, committed 9280K, reserved 1048576K
}
Event: 88.197 GC heap before
{Heap before GC invocations=142 (full 0):
 garbage-first heap   total 2048000K, used 1922857K [0x000000060a000000, 0x0000000800000000)
  region size 4096K, 25 young (102400K), 4 survivors (16384K)
 Metaspace       used 84279K, committed 84928K, reserved 1179648K
  class space    used 8934K, committed 9280K, reserved 1048576K
}
Event: 88.205 GC heap after
{Heap after GC invocations=143 (full 0):
 garbage-first heap   total 2048000K, used 1841364K [0x000000060a000000, 0x0000000800000000)
  region size 4096K, 4 young (16384K), 4 survivors (16384K)
 Metaspace       used 84279K, committed 84928K, reserved 1179648K
  class space    used 8934K, committed 9280K, reserved 1048576K
}

