# JRE version: OpenJDK Runtime Environment Microsoft-13106358 (17.0.18+8) (build 17.0.18+8-LTS)
# Java VM: OpenJDK 64-Bit Server VM Microsoft-13106358 (17.0.18+8-LTS, mixed mode, sharing, tiered, compressed oops, compressed class ptrs, g1 gc, windows-amd64)
GC Precious Log:
 CPUs: 16 total, 16 available
 Memory: 32125M
 Large Page Support: Disabled
 NUMA Support: Disabled
 Compressed Oops: Enabled (Zero based)
 Heap Region Size: 2M
 Heap Min Capacity: 8M
 Heap Initial Capacity: 502M
 Heap Max Capacity: 2560M
 Pre-touch: Disabled
 Parallel Workers: 13
 Concurrent Workers: 3
 Concurrent Refinement Workers: 13
 Periodic GC: Disabled
Heap:
 garbage-first heap   total 503808K, used 250557K [0x0000000760000000, 0x0000000800000000)
  region size 2048K, 24 young (49152K), 3 survivors (6144K)
 Metaspace       used 123045K, committed 124032K, reserved 1179648K
  class space    used 16087K, committed 16576K, reserved 1048576K
GC Heap History (20 events):
Event: 24.501 GC heap before
{Heap before GC invocations=28 (full 0):
 garbage-first heap   total 251904K, used 198988K [0x0000000760000000, 0x0000000800000000)
  region size 2048K, 43 young (88064K), 5 survivors (10240K)
 Metaspace       used 63868K, committed 64704K, reserved 1114112K
  class space    used 9248K, committed 9664K, reserved 1048576K
}
Event: 24.510 GC heap after
{Heap after GC invocations=29 (full 0):
 garbage-first heap   total 251904K, used 126075K [0x0000000760000000, 0x0000000800000000)
  region size 2048K, 3 young (6144K), 3 survivors (6144K)
 Metaspace       used 63868K, committed 64704K, reserved 1114112K
  class space    used 9248K, committed 9664K, reserved 1048576K
}
Event: 26.700 GC heap before
{Heap before GC invocations=30 (full 0):
 garbage-first heap   total 251904K, used 199803K [0x0000000760000000, 0x0000000800000000)
  region size 2048K, 40 young (81920K), 3 survivors (6144K)
 Metaspace       used 69821K, committed 70656K, reserved 1114112K
  class space    used 9965K, committed 10432K, reserved 1048576K
}
Event: 26.705 GC heap after
{Heap after GC invocations=31 (full 0):
 garbage-first heap   total 251904K, used 129304K [0x0000000760000000, 0x0000000800000000)
  region size 2048K, 5 young (10240K), 5 survivors (10240K)
 Metaspace       used 69821K, committed 70656K, reserved 1114112K
  class space    used 9965K, committed 10432K, reserved 1048576K
}
Event: 26.756 GC heap before
{Heap before GC invocations=31 (full 0):
 garbage-first heap   total 251904K, used 131352K [0x0000000760000000, 0x0000000800000000)
  region size 2048K, 6 young (12288K), 5 survivors (10240K)
 Metaspace       used 69975K, committed 70848K, reserved 1114112K
  class space    used 9986K, committed 10432K, reserved 1048576K
}
Event: 26.763 GC heap after
{Heap after GC invocations=32 (full 0):
 garbage-first heap   total 251904K, used 127976K [0x0000000760000000, 0x0000000800000000)
  region size 2048K, 1 young (2048K), 1 survivors (2048K)
 Metaspace       used 69975K, committed 70848K, reserved 1114112K
  class space    used 9986K, committed 10432K, reserved 1048576K
}
Event: 29.338 GC heap before
{Heap before GC invocations=32 (full 0):
 garbage-first heap   total 251904K, used 162792K [0x0000000760000000, 0x0000000800000000)
  region size 2048K, 20 young (40960K), 1 survivors (2048K)
 Metaspace       used 72523K, committed 73408K, reserved 1114112K
  class space    used 10323K, committed 10816K, reserved 1048576K
}
Event: 29.342 GC heap after
{Heap after GC invocations=33 (full 0):
 garbage-first heap   total 503808K, used 129744K [0x0000000760000000, 0x0000000800000000)
  region size 2048K, 2 young (4096K), 2 survivors (4096K)
 Metaspace       used 72523K, committed 73408K, reserved 1114112K
  class space    used 10323K, committed 10816K, reserved 1048576K
}
Event: 37.608 GC heap before
{Heap before GC invocations=33 (full 0):
 garbage-first heap   total 503808K, used 420560K [0x0000000760000000, 0x0000000800000000)
  region size 2048K, 139 young (284672K), 2 survivors (4096K)
 Metaspace       used 91854K, committed 92928K, reserved 1179648K
  class space    used 12177K, committed 12736K, reserved 1048576K
}
Event: 37.624 GC heap after
{Heap after GC invocations=34 (full 0):
 garbage-first heap   total 503808K, used 165239K [0x0000000760000000, 0x0000000800000000)
  region size 2048K, 16 young (32768K), 16 survivors (32768K)
 Metaspace       used 91854K, committed 92928K, reserved 1179648K
  class space    used 12177K, committed 12736K, reserved 1048576K
}
Event: 40.643 GC heap before
{Heap before GC invocations=34 (full 0):
 garbage-first heap   total 503808K, used 386423K [0x0000000760000000, 0x0000000800000000)
  region size 2048K, 125 young (256000K), 16 survivors (32768K)
 Metaspace       used 101711K, committed 102720K, reserved 1179648K
  class space    used 13381K, committed 13888K, reserved 1048576K
}
Event: 40.667 GC heap after
{Heap after GC invocations=35 (full 0):
 garbage-first heap   total 503808K, used 178302K [0x0000000760000000, 0x0000000800000000)
  region size 2048K, 9 young (18432K), 9 survivors (18432K)
 Metaspace       used 101711K, committed 102720K, reserved 1179648K
  class space    used 13381K, committed 13888K, reserved 1048576K
}
Event: 42.383 GC heap before
{Heap before GC invocations=35 (full 0):
 garbage-first heap   total 503808K, used 262270K [0x0000000760000000, 0x0000000800000000)
  region size 2048K, 51 young (104448K), 9 survivors (18432K)
 Metaspace       used 106819K, committed 107840K, reserved 1179648K
  class space    used 13959K, committed 14464K, reserved 1048576K
}
Event: 42.401 GC heap after
{Heap after GC invocations=36 (full 0):
 garbage-first heap   total 503808K, used 194038K [0x0000000760000000, 0x0000000800000000)
  region size 2048K, 15 young (30720K), 15 survivors (30720K)
 Metaspace       used 106819K, committed 107840K, reserved 1179648K
  class space    used 13959K, committed 14464K, reserved 1048576K
}
Event: 46.172 GC heap before
{Heap before GC invocations=37 (full 0):
 garbage-first heap   total 503808K, used 402934K [0x0000000760000000, 0x0000000800000000)
  region size 2048K, 108 young (221184K), 15 survivors (30720K)
 Metaspace       used 117319K, committed 118400K, reserved 1179648K
  class space    used 15282K, committed 15808K, reserved 1048576K
}
Event: 46.190 GC heap after
{Heap after GC invocations=38 (full 0):
 garbage-first heap   total 503808K, used 208791K [0x0000000760000000, 0x0000000800000000)
  region size 2048K, 4 young (8192K), 4 survivors (8192K)
 Metaspace       used 117319K, committed 118400K, reserved 1179648K
  class space    used 15282K, committed 15808K, reserved 1048576K
}
Event: 46.354 GC heap before
{Heap before GC invocations=38 (full 0):
 garbage-first heap   total 503808K, used 225175K [0x0000000760000000, 0x0000000800000000)
  region size 2048K, 12 young (24576K), 4 survivors (8192K)
 Metaspace       used 117556K, committed 118656K, reserved 1179648K
  class space    used 15326K, committed 15872K, reserved 1048576K
}
Event: 46.364 GC heap after
{Heap after GC invocations=39 (full 0):
 garbage-first heap   total 503808K, used 207277K [0x0000000760000000, 0x0000000800000000)
  region size 2048K, 1 young (2048K), 1 survivors (2048K)
 Metaspace       used 117556K, committed 118656K, reserved 1179648K
  class space    used 15326K, committed 15872K, reserved 1048576K
}
Event: 49.247 GC heap before
{Heap before GC invocations=39 (full 0):
 garbage-first heap   total 503808K, used 397741K [0x0000000760000000, 0x0000000800000000)
  region size 2048K, 94 young (192512K), 1 survivors (2048K)
 Metaspace       used 121990K, committed 123072K, reserved 1179648K
  class space    used 15908K, committed 16448K, reserved 1048576K
}
Event: 49.256 GC heap after
{Heap after GC invocations=40 (full 0):
 garbage-first heap   total 503808K, used 209597K [0x0000000760000000, 0x0000000800000000)
  region size 2048K, 3 young (6144K), 3 survivors (6144K)
 Metaspace       used 121990K, committed 123072K, reserved 1179648K
  class space    used 15908K, committed 16448K, reserved 1048576K
}

