# JRE version: OpenJDK Runtime Environment Microsoft-13106358 (17.0.18+8) (build 17.0.18+8-LTS)
# Java VM: OpenJDK 64-Bit Server VM Microsoft-13106358 (17.0.18+8-LTS, mixed mode, sharing, tiered, compressed oops, compressed class ptrs, g1 gc, windows-amd64)
GC Precious Log:
 CPUs: 16 total, 16 available
 Memory: 32125M
 Large Page Support: Disabled
 NUMA Support: Disabled
 Compressed Oops: Enabled (Zero based)
 Heap Region Size: 4M
 Heap Min Capacity: 8M
 Heap Initial Capacity: 504M
 Heap Max Capacity: 8032M
 Pre-touch: Disabled
 Parallel Workers: 13
 Concurrent Workers: 3
 Concurrent Refinement Workers: 13
 Periodic GC: Disabled
Heap:
 garbage-first heap   total 1695744K, used 1048800K [0x000000060a000000, 0x0000000800000000)
  region size 4096K, 11 young (45056K), 11 survivors (45056K)
 Metaspace       used 82921K, committed 83584K, reserved 1179648K
  class space    used 8908K, committed 9280K, reserved 1048576K
GC Heap History (20 events):
Event: 73.009 GC heap after
{Heap after GC invocations=111 (full 0):
 garbage-first heap   total 1101824K, used 940384K [0x000000060a000000, 0x0000000800000000)
  region size 4096K, 2 young (8192K), 2 survivors (8192K)
 Metaspace       used 82520K, committed 83136K, reserved 1179648K
  class space    used 8889K, committed 9216K, reserved 1048576K
}
Event: 73.219 GC heap before
{Heap before GC invocations=111 (full 0):
 garbage-first heap   total 1101824K, used 985440K [0x000000060a000000, 0x0000000800000000)
  region size 4096K, 13 young (53248K), 2 survivors (8192K)
 Metaspace       used 82571K, committed 83200K, reserved 1179648K
  class space    used 8893K, committed 9216K, reserved 1048576K
}
Event: 73.223 GC heap after
{Heap after GC invocations=112 (full 0):
 garbage-first heap   total 1101824K, used 945014K [0x000000060a000000, 0x0000000800000000)
  region size 4096K, 2 young (8192K), 2 survivors (8192K)
 Metaspace       used 82571K, committed 83200K, reserved 1179648K
  class space    used 8893K, committed 9216K, reserved 1048576K
}
Event: 73.353 GC heap before
{Heap before GC invocations=112 (full 0):
 garbage-first heap   total 1101824K, used 990070K [0x000000060a000000, 0x0000000800000000)
  region size 4096K, 13 young (53248K), 2 survivors (8192K)
 Metaspace       used 82591K, committed 83264K, reserved 1179648K
  class space    used 8893K, committed 9216K, reserved 1048576K
}
Event: 73.357 GC heap after
{Heap after GC invocations=113 (full 0):
 garbage-first heap   total 1101824K, used 949700K [0x000000060a000000, 0x0000000800000000)
  region size 4096K, 2 young (8192K), 2 survivors (8192K)
 Metaspace       used 82591K, committed 83264K, reserved 1179648K
  class space    used 8893K, committed 9216K, reserved 1048576K
}
Event: 73.701 GC heap before
{Heap before GC invocations=113 (full 0):
 garbage-first heap   total 1101824K, used 990660K [0x000000060a000000, 0x0000000800000000)
  region size 4096K, 13 young (53248K), 2 survivors (8192K)
 Metaspace       used 82612K, committed 83264K, reserved 1179648K
  class space    used 8894K, committed 9216K, reserved 1048576K
}
Event: 73.706 GC heap after
{Heap after GC invocations=114 (full 0):
 garbage-first heap   total 1101824K, used 958365K [0x000000060a000000, 0x0000000800000000)
  region size 4096K, 2 young (8192K), 2 survivors (8192K)
 Metaspace       used 82612K, committed 83264K, reserved 1179648K
  class space    used 8894K, committed 9216K, reserved 1048576K
}
Event: 73.854 GC heap before
{Heap before GC invocations=114 (full 0):
 garbage-first heap   total 1101824K, used 1003421K [0x000000060a000000, 0x0000000800000000)
  region size 4096K, 13 young (53248K), 2 survivors (8192K)
 Metaspace       used 82621K, committed 83264K, reserved 1179648K
  class space    used 8894K, committed 9216K, reserved 1048576K
}
Event: 73.858 GC heap after
{Heap after GC invocations=115 (full 0):
 garbage-first heap   total 1101824K, used 962772K [0x000000060a000000, 0x0000000800000000)
  region size 4096K, 2 young (8192K), 2 survivors (8192K)
 Metaspace       used 82621K, committed 83264K, reserved 1179648K
  class space    used 8894K, committed 9216K, reserved 1048576K
}
Event: 74.089 GC heap before
{Heap before GC invocations=115 (full 0):
 garbage-first heap   total 1101824K, used 1007828K [0x000000060a000000, 0x0000000800000000)
  region size 4096K, 13 young (53248K), 2 survivors (8192K)
 Metaspace       used 82625K, committed 83264K, reserved 1179648K
  class space    used 8894K, committed 9216K, reserved 1048576K
}
Event: 74.093 GC heap after
{Heap after GC invocations=116 (full 0):
 garbage-first heap   total 1101824K, used 967579K [0x000000060a000000, 0x0000000800000000)
  region size 4096K, 2 young (8192K), 2 survivors (8192K)
 Metaspace       used 82625K, committed 83264K, reserved 1179648K
  class space    used 8894K, committed 9216K, reserved 1048576K
}
Event: 74.577 GC heap before
{Heap before GC invocations=116 (full 0):
 garbage-first heap   total 1101824K, used 1012635K [0x000000060a000000, 0x0000000800000000)
  region size 4096K, 13 young (53248K), 2 survivors (8192K)
 Metaspace       used 82632K, committed 83264K, reserved 1179648K
  class space    used 8894K, committed 9216K, reserved 1048576K
}
Event: 74.582 GC heap after
{Heap after GC invocations=117 (full 0):
 garbage-first heap   total 1101824K, used 975405K [0x000000060a000000, 0x0000000800000000)
  region size 4096K, 2 young (8192K), 2 survivors (8192K)
 Metaspace       used 82632K, committed 83264K, reserved 1179648K
  class space    used 8894K, committed 9216K, reserved 1048576K
}
Event: 74.866 GC heap before
{Heap before GC invocations=117 (full 0):
 garbage-first heap   total 1695744K, used 1020461K [0x000000060a000000, 0x0000000800000000)
  region size 4096K, 13 young (53248K), 2 survivors (8192K)
 Metaspace       used 82642K, committed 83264K, reserved 1179648K
  class space    used 8894K, committed 9216K, reserved 1048576K
}
Event: 74.871 GC heap after
{Heap after GC invocations=118 (full 0):
 garbage-first heap   total 1695744K, used 980389K [0x000000060a000000, 0x0000000800000000)
  region size 4096K, 2 young (8192K), 2 survivors (8192K)
 Metaspace       used 82642K, committed 83264K, reserved 1179648K
  class space    used 8894K, committed 9216K, reserved 1048576K
}
Event: 78.295 GC heap before
{Heap before GC invocations=119 (full 0):
 garbage-first heap   total 1695744K, used 1398181K [0x000000060a000000, 0x0000000800000000)
  region size 4096K, 98 young (401408K), 2 survivors (8192K)
 Metaspace       used 82783K, committed 83392K, reserved 1179648K
  class space    used 8902K, committed 9216K, reserved 1048576K
}
Event: 78.318 GC heap after
{Heap after GC invocations=120 (full 0):
 garbage-first heap   total 1695744K, used 1029198K [0x000000060a000000, 0x0000000800000000)
  region size 4096K, 13 young (53248K), 13 survivors (53248K)
 Metaspace       used 82783K, committed 83392K, reserved 1179648K
  class space    used 8902K, committed 9216K, reserved 1048576K
}
Event: 78.462 GC heap before
{Heap before GC invocations=120 (full 0):
 garbage-first heap   total 1695744K, used 1057870K [0x000000060a000000, 0x0000000800000000)
  region size 4096K, 20 young (81920K), 13 survivors (53248K)
 Metaspace       used 82783K, committed 83392K, reserved 1179648K
  class space    used 8902K, committed 9216K, reserved 1048576K
}
Event: 78.491 GC heap after
{Heap after GC invocations=121 (full 0):
 garbage-first heap   total 1695744K, used 1012468K [0x000000060a000000, 0x0000000800000000)
  region size 4096K, 2 young (8192K), 2 survivors (8192K)
 Metaspace       used 82783K, committed 83392K, reserved 1179648K
  class space    used 8902K, committed 9216K, reserved 1048576K
}
Event: 81.672 GC heap before
{Heap before GC invocations=121 (full 0):
 garbage-first heap   total 1695744K, used 1372916K [0x000000060a000000, 0x0000000800000000)
  region size 4096K, 86 young (352256K), 2 survivors (8192K)
 Metaspace       used 82921K, committed 83584K, reserved 1179648K
  class space    used 8908K, committed 9280K, reserved 1048576K
}

