# JRE version: OpenJDK Runtime Environment Microsoft-13106358 (17.0.18+8) (build 17.0.18+8-LTS)
# Java VM: OpenJDK 64-Bit Server VM Microsoft-13106358 (17.0.18+8-LTS, mixed mode, sharing, tiered, compressed oops, compressed class ptrs, g1 gc, windows-amd64)
GC Precious Log:
 CPUs: 16 total, 16 available
 Memory: 32125M
 Large Page Support: Disabled
 NUMA Support: Disabled
 Compressed Oops: Enabled (Zero based)
 Heap Region Size: 4M
 Heap Min Capacity: 8M
 Heap Initial Capacity: 504M
 Heap Max Capacity: 8032M
 Pre-touch: Disabled
 Parallel Workers: 13
 Concurrent Workers: 3
 Concurrent Refinement Workers: 13
 Periodic GC: Disabled
Heap:
 garbage-first heap   total 2289664K, used 2123283K [0x000000060a000000, 0x0000000800000000)
  region size 4096K, 24 young (98304K), 4 survivors (16384K)
 Metaspace       used 84636K, committed 85248K, reserved 1179648K
  class space    used 8939K, committed 9280K, reserved 1048576K
GC Heap History (20 events):
Event: 102.060 GC heap before
{Heap before GC invocations=127 (full 0):
 garbage-first heap   total 2289664K, used 2025602K [0x000000060a000000, 0x0000000800000000)
  region size 4096K, 27 young (110592K), 4 survivors (16384K)
 Metaspace       used 84440K, committed 85056K, reserved 1179648K
  class space    used 8935K, committed 9280K, reserved 1048576K
}
Event: 102.066 GC heap after
{Heap after GC invocations=128 (full 0):
 garbage-first heap   total 2289664K, used 1939800K [0x000000060a000000, 0x0000000800000000)
  region size 4096K, 4 young (16384K), 4 survivors (16384K)
 Metaspace       used 84440K, committed 85056K, reserved 1179648K
  class space    used 8935K, committed 9280K, reserved 1048576K
}
Event: 102.471 GC heap before
{Heap before GC invocations=128 (full 0):
 garbage-first heap   total 2289664K, used 2029912K [0x000000060a000000, 0x0000000800000000)
  region size 4096K, 27 young (110592K), 4 survivors (16384K)
 Metaspace       used 84441K, committed 85056K, reserved 1179648K
  class space    used 8935K, committed 9280K, reserved 1048576K
}
Event: 102.478 GC heap after
{Heap after GC invocations=129 (full 0):
 garbage-first heap   total 2289664K, used 1949953K [0x000000060a000000, 0x0000000800000000)
  region size 4096K, 3 young (12288K), 3 survivors (12288K)
 Metaspace       used 84441K, committed 85056K, reserved 1179648K
  class space    used 8935K, committed 9280K, reserved 1048576K
}
Event: 103.239 GC heap before
{Heap before GC invocations=129 (full 0):
 garbage-first heap   total 2289664K, used 2048257K [0x000000060a000000, 0x0000000800000000)
  region size 4096K, 27 young (110592K), 3 survivors (12288K)
 Metaspace       used 84446K, committed 85056K, reserved 1179648K
  class space    used 8935K, committed 9280K, reserved 1048576K
}
Event: 103.247 GC heap after
{Heap after GC invocations=130 (full 0):
 garbage-first heap   total 2289664K, used 1962685K [0x000000060a000000, 0x0000000800000000)
  region size 4096K, 4 young (16384K), 4 survivors (16384K)
 Metaspace       used 84446K, committed 85056K, reserved 1179648K
  class space    used 8935K, committed 9280K, reserved 1048576K
}
Event: 104.287 GC heap before
{Heap before GC invocations=130 (full 0):
 garbage-first heap   total 2289664K, used 2056893K [0x000000060a000000, 0x0000000800000000)
  region size 4096K, 27 young (110592K), 4 survivors (16384K)
 Metaspace       used 84481K, committed 85120K, reserved 1179648K
  class space    used 8937K, committed 9280K, reserved 1048576K
}
Event: 104.294 GC heap after
{Heap after GC invocations=131 (full 0):
 garbage-first heap   total 2289664K, used 1974424K [0x000000060a000000, 0x0000000800000000)
  region size 4096K, 3 young (12288K), 3 survivors (12288K)
 Metaspace       used 84481K, committed 85120K, reserved 1179648K
  class space    used 8937K, committed 9280K, reserved 1048576K
}
Event: 107.584 GC heap before
{Heap before GC invocations=131 (full 0):
 garbage-first heap   total 2289664K, used 2072728K [0x000000060a000000, 0x0000000800000000)
  region size 4096K, 27 young (110592K), 3 survivors (12288K)
 Metaspace       used 84483K, committed 85120K, reserved 1179648K
  class space    used 8937K, committed 9280K, reserved 1048576K
}
Event: 107.592 GC heap after
{Heap after GC invocations=132 (full 0):
 garbage-first heap   total 2289664K, used 1985291K [0x000000060a000000, 0x0000000800000000)
  region size 4096K, 3 young (12288K), 3 survivors (12288K)
 Metaspace       used 84483K, committed 85120K, reserved 1179648K
  class space    used 8937K, committed 9280K, reserved 1048576K
}
Event: 113.912 GC heap before
{Heap before GC invocations=132 (full 0):
 garbage-first heap   total 2289664K, used 2083595K [0x000000060a000000, 0x0000000800000000)
  region size 4096K, 27 young (110592K), 3 survivors (12288K)
 Metaspace       used 84545K, committed 85184K, reserved 1179648K
  class space    used 8938K, committed 9280K, reserved 1048576K
}
Event: 113.919 GC heap after
{Heap after GC invocations=133 (full 0):
 garbage-first heap   total 2289664K, used 1996518K [0x000000060a000000, 0x0000000800000000)
  region size 4096K, 3 young (12288K), 3 survivors (12288K)
 Metaspace       used 84545K, committed 85184K, reserved 1179648K
  class space    used 8938K, committed 9280K, reserved 1048576K
}
Event: 116.466 GC heap before
{Heap before GC invocations=133 (full 0):
 garbage-first heap   total 2289664K, used 2094822K [0x000000060a000000, 0x0000000800000000)
  region size 4096K, 27 young (110592K), 3 survivors (12288K)
 Metaspace       used 84551K, committed 85184K, reserved 1179648K
  class space    used 8938K, committed 9280K, reserved 1048576K
}
Event: 116.475 GC heap after
{Heap after GC invocations=134 (full 0):
 garbage-first heap   total 2289664K, used 2009530K [0x000000060a000000, 0x0000000800000000)
  region size 4096K, 4 young (16384K), 4 survivors (16384K)
 Metaspace       used 84551K, committed 85184K, reserved 1179648K
  class space    used 8938K, committed 9280K, reserved 1048576K
}
Event: 117.329 GC heap before
{Heap before GC invocations=134 (full 0):
 garbage-first heap   total 2289664K, used 2103738K [0x000000060a000000, 0x0000000800000000)
  region size 4096K, 27 young (110592K), 4 survivors (16384K)
 Metaspace       used 84555K, committed 85184K, reserved 1179648K
  class space    used 8938K, committed 9280K, reserved 1048576K
}
Event: 117.337 GC heap after
{Heap after GC invocations=135 (full 0):
 garbage-first heap   total 2289664K, used 2018798K [0x000000060a000000, 0x0000000800000000)
  region size 4096K, 3 young (12288K), 3 survivors (12288K)
 Metaspace       used 84555K, committed 85184K, reserved 1179648K
  class space    used 8938K, committed 9280K, reserved 1048576K
}
Event: 119.152 GC heap before
{Heap before GC invocations=135 (full 0):
 garbage-first heap   total 2289664K, used 2117102K [0x000000060a000000, 0x0000000800000000)
  region size 4096K, 27 young (110592K), 3 survivors (12288K)
 Metaspace       used 84592K, committed 85248K, reserved 1179648K
  class space    used 8938K, committed 9280K, reserved 1048576K
}
Event: 119.159 GC heap after
{Heap after GC invocations=136 (full 0):
 garbage-first heap   total 2289664K, used 2031209K [0x000000060a000000, 0x0000000800000000)
  region size 4096K, 4 young (16384K), 4 survivors (16384K)
 Metaspace       used 84592K, committed 85248K, reserved 1179648K
  class space    used 8938K, committed 9280K, reserved 1048576K
}
Event: 120.743 GC heap before
{Heap before GC invocations=136 (full 0):
 garbage-first heap   total 2289664K, used 2125417K [0x000000060a000000, 0x0000000800000000)
  region size 4096K, 27 young (110592K), 4 survivors (16384K)
 Metaspace       used 84622K, committed 85248K, reserved 1179648K
  class space    used 8939K, committed 9280K, reserved 1048576K
}
Event: 120.753 GC heap after
{Heap after GC invocations=137 (full 0):
 garbage-first heap   total 2289664K, used 2045459K [0x000000060a000000, 0x0000000800000000)
  region size 4096K, 4 young (16384K), 4 survivors (16384K)
 Metaspace       used 84622K, committed 85248K, reserved 1179648K
  class space    used 8939K, committed 9280K, reserved 1048576K
}

