# JRE version: OpenJDK Runtime Environment Microsoft-13106358 (17.0.18+8) (build 17.0.18+8-LTS)
# Java VM: OpenJDK 64-Bit Server VM Microsoft-13106358 (17.0.18+8-LTS, mixed mode, sharing, tiered, compressed oops, compressed class ptrs, g1 gc, windows-amd64)
GC Precious Log:
 CPUs: 16 total, 16 available
 Memory: 32125M
 Large Page Support: Disabled
 NUMA Support: Disabled
 Compressed Oops: Enabled (Zero based)
 Heap Region Size: 2M
 Heap Min Capacity: 8M
 Heap Initial Capacity: 502M
 Heap Max Capacity: 2560M
 Pre-touch: Disabled
 Parallel Workers: 13
 Concurrent Workers: 3
 Concurrent Refinement Workers: 13
 Periodic GC: Disabled
Heap:
 garbage-first heap   total 577536K, used 329763K [0x0000000760000000, 0x0000000800000000)
  region size 2048K, 66 young (135168K), 14 survivors (28672K)
 Metaspace       used 117448K, committed 118784K, reserved 1179648K
  class space    used 16416K, committed 17088K, reserved 1048576K
GC Heap History (20 events):
Event: 20.549 GC heap before
{Heap before GC invocations=27 (full 0):
 garbage-first heap   total 239616K, used 137389K [0x0000000760000000, 0x0000000800000000)
  region size 2048K, 5 young (10240K), 4 survivors (8192K)
 Metaspace       used 95353K, committed 96256K, reserved 1179648K
  class space    used 13466K, committed 13888K, reserved 1048576K
}
Event: 20.553 GC heap after
{Heap after GC invocations=28 (full 0):
 garbage-first heap   total 288768K, used 134518K [0x0000000760000000, 0x0000000800000000)
  region size 2048K, 1 young (2048K), 1 survivors (2048K)
 Metaspace       used 95353K, committed 96256K, reserved 1179648K
  class space    used 13466K, committed 13888K, reserved 1048576K
}
Event: 21.520 GC heap before
{Heap before GC invocations=28 (full 0):
 garbage-first heap   total 288768K, used 228726K [0x0000000760000000, 0x0000000800000000)
  region size 2048K, 47 young (96256K), 1 survivors (2048K)
 Metaspace       used 97389K, committed 98304K, reserved 1179648K
  class space    used 13815K, committed 14272K, reserved 1048576K
}
Event: 21.528 GC heap after
{Heap after GC invocations=29 (full 0):
 garbage-first heap   total 288768K, used 147481K [0x0000000760000000, 0x0000000800000000)
  region size 2048K, 6 young (12288K), 6 survivors (12288K)
 Metaspace       used 97389K, committed 98304K, reserved 1179648K
  class space    used 13815K, committed 14272K, reserved 1048576K
}
Event: 22.396 GC heap before
{Heap before GC invocations=30 (full 0):
 garbage-first heap   total 288768K, used 227353K [0x0000000760000000, 0x0000000800000000)
  region size 2048K, 45 young (92160K), 6 survivors (12288K)
 Metaspace       used 101733K, committed 102720K, reserved 1179648K
  class space    used 14435K, committed 14912K, reserved 1048576K
}
Event: 22.411 GC heap after
{Heap after GC invocations=31 (full 0):
 garbage-first heap   total 288768K, used 156752K [0x0000000760000000, 0x0000000800000000)
  region size 2048K, 5 young (10240K), 5 survivors (10240K)
 Metaspace       used 101733K, committed 102720K, reserved 1179648K
  class space    used 14435K, committed 14912K, reserved 1048576K
}
Event: 22.442 GC heap before
{Heap before GC invocations=31 (full 0):
 garbage-first heap   total 288768K, used 160848K [0x0000000760000000, 0x0000000800000000)
  region size 2048K, 7 young (14336K), 5 survivors (10240K)
 Metaspace       used 101749K, committed 102720K, reserved 1179648K
  class space    used 14435K, committed 14912K, reserved 1048576K
}
Event: 22.447 GC heap after
{Heap after GC invocations=32 (full 0):
 garbage-first heap   total 288768K, used 156710K [0x0000000760000000, 0x0000000800000000)
  region size 2048K, 1 young (2048K), 1 survivors (2048K)
 Metaspace       used 101749K, committed 102720K, reserved 1179648K
  class space    used 14435K, committed 14912K, reserved 1048576K
}
Event: 22.861 GC heap before
{Heap before GC invocations=32 (full 0):
 garbage-first heap   total 288768K, used 230438K [0x0000000760000000, 0x0000000800000000)
  region size 2048K, 37 young (75776K), 1 survivors (2048K)
 Metaspace       used 102199K, committed 103168K, reserved 1179648K
  class space    used 14486K, committed 14976K, reserved 1048576K
}
Event: 22.865 GC heap after
{Heap after GC invocations=33 (full 0):
 garbage-first heap   total 288768K, used 159031K [0x0000000760000000, 0x0000000800000000)
  region size 2048K, 2 young (4096K), 2 survivors (4096K)
 Metaspace       used 102199K, committed 103168K, reserved 1179648K
  class space    used 14486K, committed 14976K, reserved 1048576K
}
Event: 23.282 GC heap before
{Heap before GC invocations=34 (full 0):
 garbage-first heap   total 288768K, used 232759K [0x0000000760000000, 0x0000000800000000)
  region size 2048K, 38 young (77824K), 2 survivors (4096K)
 Metaspace       used 102368K, committed 103296K, reserved 1179648K
  class space    used 14499K, committed 14976K, reserved 1048576K
}
Event: 23.287 GC heap after
{Heap after GC invocations=35 (full 0):
 garbage-first heap   total 288768K, used 163137K [0x0000000760000000, 0x0000000800000000)
  region size 2048K, 4 young (8192K), 4 survivors (8192K)
 Metaspace       used 102368K, committed 103296K, reserved 1179648K
  class space    used 14499K, committed 14976K, reserved 1048576K
}
Event: 23.314 GC heap before
{Heap before GC invocations=35 (full 0):
 garbage-first heap   total 288768K, used 169281K [0x0000000760000000, 0x0000000800000000)
  region size 2048K, 7 young (14336K), 4 survivors (8192K)
 Metaspace       used 102368K, committed 103296K, reserved 1179648K
  class space    used 14499K, committed 14976K, reserved 1048576K
}
Event: 23.320 GC heap after
{Heap after GC invocations=36 (full 0):
 garbage-first heap   total 288768K, used 163033K [0x0000000760000000, 0x0000000800000000)
  region size 2048K, 1 young (2048K), 1 survivors (2048K)
 Metaspace       used 102368K, committed 103296K, reserved 1179648K
  class space    used 14499K, committed 14976K, reserved 1048576K
}
Event: 23.959 GC heap before
{Heap before GC invocations=36 (full 0):
 garbage-first heap   total 288768K, used 234713K [0x0000000760000000, 0x0000000800000000)
  region size 2048K, 36 young (73728K), 1 survivors (2048K)
 Metaspace       used 102687K, committed 103680K, reserved 1179648K
  class space    used 14526K, committed 15040K, reserved 1048576K
}
Event: 24.043 GC heap after
{Heap after GC invocations=37 (full 0):
 garbage-first heap   total 577536K, used 172364K [0x0000000760000000, 0x0000000800000000)
  region size 2048K, 5 young (10240K), 5 survivors (10240K)
 Metaspace       used 102687K, committed 103680K, reserved 1179648K
  class space    used 14526K, committed 15040K, reserved 1048576K
}
Event: 27.858 GC heap before
{Heap before GC invocations=37 (full 0):
 garbage-first heap   total 577536K, used 432460K [0x0000000760000000, 0x0000000800000000)
  region size 2048K, 132 young (270336K), 5 survivors (10240K)
 Metaspace       used 109790K, committed 111040K, reserved 1179648K
  class space    used 15521K, committed 16128K, reserved 1048576K
}
Event: 27.878 GC heap after
{Heap after GC invocations=38 (full 0):
 garbage-first heap   total 577536K, used 196566K [0x0000000760000000, 0x0000000800000000)
  region size 2048K, 17 young (34816K), 17 survivors (34816K)
 Metaspace       used 109790K, committed 111040K, reserved 1179648K
  class space    used 15521K, committed 16128K, reserved 1048576K
}
Event: 29.585 GC heap before
{Heap before GC invocations=38 (full 0):
 garbage-first heap   total 577536K, used 423894K [0x0000000760000000, 0x0000000800000000)
  region size 2048K, 128 young (262144K), 17 survivors (34816K)
 Metaspace       used 113772K, committed 115072K, reserved 1179648K
  class space    used 16017K, committed 16640K, reserved 1048576K
}
Event: 29.611 GC heap after
{Heap after GC invocations=39 (full 0):
 garbage-first heap   total 577536K, used 223267K [0x0000000760000000, 0x0000000800000000)
  region size 2048K, 14 young (28672K), 14 survivors (28672K)
 Metaspace       used 113772K, committed 115072K, reserved 1179648K
  class space    used 16017K, committed 16640K, reserved 1048576K
}

