# JRE version: OpenJDK Runtime Environment Microsoft-13106358 (17.0.18+8) (build 17.0.18+8-LTS)
# Java VM: OpenJDK 64-Bit Server VM Microsoft-13106358 (17.0.18+8-LTS, mixed mode, sharing, tiered, compressed oops, compressed class ptrs, g1 gc, windows-amd64)
GC Precious Log:
 CPUs: 16 total, 16 available
 Memory: 32125M
 Large Page Support: Disabled
 NUMA Support: Disabled
 Compressed Oops: Enabled (Zero based)
 Heap Region Size: 2M
 Heap Min Capacity: 8M
 Heap Initial Capacity: 502M
 Heap Max Capacity: 2560M
 Pre-touch: Disabled
 Parallel Workers: 13
 Concurrent Workers: 3
 Concurrent Refinement Workers: 13
 Periodic GC: Disabled
Heap:
 garbage-first heap   total 260096K, used 151380K [0x0000000760000000, 0x0000000800000000)
  region size 2048K, 36 young (73728K), 8 survivors (16384K)
 Metaspace       used 107787K, committed 108480K, reserved 1179648K
  class space    used 13501K, committed 13824K, reserved 1048576K
GC Heap History (20 events):
Event: 26.764 GC heap before
{Heap before GC invocations=40 (full 0):
 garbage-first heap   total 172032K, used 119645K [0x0000000760000000, 0x0000000800000000)
  region size 2048K, 21 young (43008K), 2 survivors (4096K)
 Metaspace       used 101033K, committed 101760K, reserved 1179648K
  class space    used 12973K, committed 13312K, reserved 1048576K
}
Event: 26.768 GC heap after
{Heap after GC invocations=41 (full 0):
 garbage-first heap   total 172032K, used 81344K [0x0000000760000000, 0x0000000800000000)
  region size 2048K, 2 young (4096K), 2 survivors (4096K)
 Metaspace       used 101033K, committed 101760K, reserved 1179648K
  class space    used 12973K, committed 13312K, reserved 1048576K
}
Event: 26.955 GC heap before
{Heap before GC invocations=41 (full 0):
 garbage-first heap   total 172032K, used 142784K [0x0000000760000000, 0x0000000800000000)
  region size 2048K, 32 young (65536K), 2 survivors (4096K)
 Metaspace       used 101033K, committed 101760K, reserved 1179648K
  class space    used 12973K, committed 13312K, reserved 1048576K
}
Event: 26.958 GC heap after
{Heap after GC invocations=42 (full 0):
 garbage-first heap   total 172032K, used 82156K [0x0000000760000000, 0x0000000800000000)
  region size 2048K, 3 young (6144K), 3 survivors (6144K)
 Metaspace       used 101033K, committed 101760K, reserved 1179648K
  class space    used 12973K, committed 13312K, reserved 1048576K
}
Event: 27.141 GC heap before
{Heap before GC invocations=43 (full 0):
 garbage-first heap   total 172032K, used 141548K [0x0000000760000000, 0x0000000800000000)
  region size 2048K, 32 young (65536K), 3 survivors (6144K)
 Metaspace       used 101033K, committed 101760K, reserved 1179648K
  class space    used 12973K, committed 13312K, reserved 1048576K
}
Event: 27.143 GC heap after
{Heap after GC invocations=44 (full 0):
 garbage-first heap   total 172032K, used 83058K [0x0000000760000000, 0x0000000800000000)
  region size 2048K, 3 young (6144K), 3 survivors (6144K)
 Metaspace       used 101033K, committed 101760K, reserved 1179648K
  class space    used 12973K, committed 13312K, reserved 1048576K
}
Event: 27.264 GC heap before
{Heap before GC invocations=44 (full 0):
 garbage-first heap   total 172032K, used 144498K [0x0000000760000000, 0x0000000800000000)
  region size 2048K, 33 young (67584K), 3 survivors (6144K)
 Metaspace       used 101033K, committed 101760K, reserved 1179648K
  class space    used 12973K, committed 13312K, reserved 1048576K
}
Event: 27.267 GC heap after
{Heap after GC invocations=45 (full 0):
 garbage-first heap   total 172032K, used 83814K [0x0000000760000000, 0x0000000800000000)
  region size 2048K, 3 young (6144K), 3 survivors (6144K)
 Metaspace       used 101033K, committed 101760K, reserved 1179648K
  class space    used 12973K, committed 13312K, reserved 1048576K
}
Event: 27.408 GC heap before
{Heap before GC invocations=46 (full 0):
 garbage-first heap   total 182272K, used 145254K [0x0000000760000000, 0x0000000800000000)
  region size 2048K, 33 young (67584K), 3 survivors (6144K)
 Metaspace       used 101033K, committed 101760K, reserved 1179648K
  class space    used 12973K, committed 13312K, reserved 1048576K
}
Event: 27.412 GC heap after
{Heap after GC invocations=47 (full 0):
 garbage-first heap   total 182272K, used 84859K [0x0000000760000000, 0x0000000800000000)
  region size 2048K, 4 young (8192K), 4 survivors (8192K)
 Metaspace       used 101033K, committed 101760K, reserved 1179648K
  class space    used 12973K, committed 13312K, reserved 1048576K
}
Event: 27.543 GC heap before
{Heap before GC invocations=47 (full 0):
 garbage-first heap   total 182272K, used 150395K [0x0000000760000000, 0x0000000800000000)
  region size 2048K, 36 young (73728K), 4 survivors (8192K)
 Metaspace       used 101033K, committed 101760K, reserved 1179648K
  class space    used 12973K, committed 13312K, reserved 1048576K
}
Event: 27.546 GC heap after
{Heap after GC invocations=48 (full 0):
 garbage-first heap   total 182272K, used 85794K [0x0000000760000000, 0x0000000800000000)
  region size 2048K, 4 young (8192K), 4 survivors (8192K)
 Metaspace       used 101033K, committed 101760K, reserved 1179648K
  class space    used 12973K, committed 13312K, reserved 1048576K
}
Event: 27.687 GC heap before
{Heap before GC invocations=48 (full 0):
 garbage-first heap   total 182272K, used 151330K [0x0000000760000000, 0x0000000800000000)
  region size 2048K, 36 young (73728K), 4 survivors (8192K)
 Metaspace       used 101033K, committed 101760K, reserved 1179648K
  class space    used 12973K, committed 13312K, reserved 1048576K
}
Event: 27.690 GC heap after
{Heap after GC invocations=49 (full 0):
 garbage-first heap   total 260096K, used 86838K [0x0000000760000000, 0x0000000800000000)
  region size 2048K, 3 young (6144K), 3 survivors (6144K)
 Metaspace       used 101033K, committed 101760K, reserved 1179648K
  class space    used 12973K, committed 13312K, reserved 1048576K
}
Event: 28.016 GC heap before
{Heap before GC invocations=49 (full 0):
 garbage-first heap   total 260096K, used 222006K [0x0000000760000000, 0x0000000800000000)
  region size 2048K, 69 young (141312K), 3 survivors (6144K)
 Metaspace       used 101033K, committed 101760K, reserved 1179648K
  class space    used 12973K, committed 13312K, reserved 1048576K
}
Event: 28.019 GC heap after
{Heap after GC invocations=50 (full 0):
 garbage-first heap   total 260096K, used 89055K [0x0000000760000000, 0x0000000800000000)
  region size 2048K, 5 young (10240K), 5 survivors (10240K)
 Metaspace       used 101033K, committed 101760K, reserved 1179648K
  class space    used 12973K, committed 13312K, reserved 1048576K
}
Event: 28.760 GC heap before
{Heap before GC invocations=50 (full 0):
 garbage-first heap   total 260096K, used 218079K [0x0000000760000000, 0x0000000800000000)
  region size 2048K, 68 young (139264K), 5 survivors (10240K)
 Metaspace       used 101093K, committed 101760K, reserved 1179648K
  class space    used 12983K, committed 13312K, reserved 1048576K
}
Event: 28.764 GC heap after
{Heap after GC invocations=51 (full 0):
 garbage-first heap   total 260096K, used 89308K [0x0000000760000000, 0x0000000800000000)
  region size 2048K, 5 young (10240K), 5 survivors (10240K)
 Metaspace       used 101093K, committed 101760K, reserved 1179648K
  class space    used 12983K, committed 13312K, reserved 1048576K
}
Event: 30.475 GC heap before
{Heap before GC invocations=51 (full 0):
 garbage-first heap   total 260096K, used 218332K [0x0000000760000000, 0x0000000800000000)
  region size 2048K, 68 young (139264K), 5 survivors (10240K)
 Metaspace       used 104522K, committed 105152K, reserved 1179648K
  class space    used 13302K, committed 13632K, reserved 1048576K
}
Event: 30.487 GC heap after
{Heap after GC invocations=52 (full 0):
 garbage-first heap   total 260096K, used 96084K [0x0000000760000000, 0x0000000800000000)
  region size 2048K, 8 young (16384K), 8 survivors (16384K)
 Metaspace       used 104522K, committed 105152K, reserved 1179648K
  class space    used 13302K, committed 13632K, reserved 1048576K
}

