# JRE version: OpenJDK Runtime Environment Microsoft-13106358 (17.0.18+8) (build 17.0.18+8-LTS)
# Java VM: OpenJDK 64-Bit Server VM Microsoft-13106358 (17.0.18+8-LTS, mixed mode, sharing, tiered, compressed oops, compressed class ptrs, g1 gc, windows-amd64)
GC Precious Log:
 CPUs: 16 total, 16 available
 Memory: 32125M
 Large Page Support: Disabled
 NUMA Support: Disabled
 Compressed Oops: Enabled (Zero based)
 Heap Region Size: 4M
 Heap Min Capacity: 8M
 Heap Initial Capacity: 504M
 Heap Max Capacity: 8032M
 Pre-touch: Disabled
 Parallel Workers: 13
 Concurrent Workers: 3
 Concurrent Refinement Workers: 13
 Periodic GC: Disabled
Heap:
 garbage-first heap   total 675840K, used 375684K [0x000000060a000000, 0x0000000800000000)
  region size 4096K, 2 young (8192K), 2 survivors (8192K)
 Metaspace       used 80958K, committed 81600K, reserved 1179648K
  class space    used 8890K, committed 9216K, reserved 1048576K
GC Heap History (20 events):
Event: 180.864 GC heap after
{Heap after GC invocations=51 (full 0):
 garbage-first heap   total 417792K, used 292401K [0x000000060a000000, 0x0000000800000000)
  region size 4096K, 2 young (8192K), 2 survivors (8192K)
 Metaspace       used 80474K, committed 81088K, reserved 1179648K
  class space    used 8875K, committed 9216K, reserved 1048576K
}
Event: 181.210 GC heap before
{Heap before GC invocations=51 (full 0):
 garbage-first heap   total 417792K, used 353841K [0x000000060a000000, 0x0000000800000000)
  region size 4096K, 15 young (61440K), 2 survivors (8192K)
 Metaspace       used 80491K, committed 81088K, reserved 1179648K
  class space    used 8875K, committed 9216K, reserved 1048576K
}
Event: 181.215 GC heap after
{Heap after GC invocations=52 (full 0):
 garbage-first heap   total 417792K, used 308305K [0x000000060a000000, 0x0000000800000000)
  region size 4096K, 2 young (8192K), 2 survivors (8192K)
 Metaspace       used 80491K, committed 81088K, reserved 1179648K
  class space    used 8875K, committed 9216K, reserved 1048576K
}
Event: 181.970 GC heap before
{Heap before GC invocations=52 (full 0):
 garbage-first heap   total 417792K, used 345169K [0x000000060a000000, 0x0000000800000000)
  region size 4096K, 12 young (49152K), 2 survivors (8192K)
 Metaspace       used 80537K, committed 81152K, reserved 1179648K
  class space    used 8875K, committed 9216K, reserved 1048576K
}
Event: 181.975 GC heap after
{Heap after GC invocations=53 (full 0):
 garbage-first heap   total 417792K, used 315808K [0x000000060a000000, 0x0000000800000000)
  region size 4096K, 2 young (8192K), 2 survivors (8192K)
 Metaspace       used 80537K, committed 81152K, reserved 1179648K
  class space    used 8875K, committed 9216K, reserved 1048576K
}
Event: 182.381 GC heap before
{Heap before GC invocations=53 (full 0):
 garbage-first heap   total 417792K, used 360864K [0x000000060a000000, 0x0000000800000000)
  region size 4096K, 11 young (45056K), 2 survivors (8192K)
 Metaspace       used 80569K, committed 81216K, reserved 1179648K
  class space    used 8875K, committed 9216K, reserved 1048576K
}
Event: 182.385 GC heap after
{Heap after GC invocations=54 (full 0):
 garbage-first heap   total 417792K, used 322726K [0x000000060a000000, 0x0000000800000000)
  region size 4096K, 2 young (8192K), 2 survivors (8192K)
 Metaspace       used 80569K, committed 81216K, reserved 1179648K
  class space    used 8875K, committed 9216K, reserved 1048576K
}
Event: 182.557 GC heap before
{Heap before GC invocations=54 (full 0):
 garbage-first heap   total 417792K, used 351398K [0x000000060a000000, 0x0000000800000000)
  region size 4096K, 10 young (40960K), 2 survivors (8192K)
 Metaspace       used 80606K, committed 81216K, reserved 1179648K
  class space    used 8876K, committed 9216K, reserved 1048576K
}
Event: 182.560 GC heap after
{Heap after GC invocations=55 (full 0):
 garbage-first heap   total 417792K, used 324716K [0x000000060a000000, 0x0000000800000000)
  region size 4096K, 1 young (4096K), 1 survivors (4096K)
 Metaspace       used 80606K, committed 81216K, reserved 1179648K
  class space    used 8876K, committed 9216K, reserved 1048576K
}
Event: 182.743 GC heap before
{Heap before GC invocations=55 (full 0):
 garbage-first heap   total 417792K, used 353388K [0x000000060a000000, 0x0000000800000000)
  region size 4096K, 8 young (32768K), 1 survivors (4096K)
 Metaspace       used 80666K, committed 81280K, reserved 1179648K
  class space    used 8879K, committed 9216K, reserved 1048576K
}
Event: 182.747 GC heap after
{Heap after GC invocations=56 (full 0):
 garbage-first heap   total 417792K, used 330189K [0x000000060a000000, 0x0000000800000000)
  region size 4096K, 1 young (4096K), 1 survivors (4096K)
 Metaspace       used 80666K, committed 81280K, reserved 1179648K
  class space    used 8879K, committed 9216K, reserved 1048576K
}
Event: 182.777 GC heap before
{Heap before GC invocations=56 (full 0):
 garbage-first heap   total 417792K, used 354765K [0x000000060a000000, 0x0000000800000000)
  region size 4096K, 7 young (28672K), 1 survivors (4096K)
 Metaspace       used 80666K, committed 81280K, reserved 1179648K
  class space    used 8879K, committed 9216K, reserved 1048576K
}
Event: 182.779 GC heap after
{Heap after GC invocations=57 (full 0):
 garbage-first heap   total 503808K, used 331360K [0x000000060a000000, 0x0000000800000000)
  region size 4096K, 1 young (4096K), 1 survivors (4096K)
 Metaspace       used 80666K, committed 81280K, reserved 1179648K
  class space    used 8879K, committed 9216K, reserved 1048576K
}
Event: 183.364 GC heap before
{Heap before GC invocations=57 (full 0):
 garbage-first heap   total 503808K, used 421472K [0x000000060a000000, 0x0000000800000000)
  region size 4096K, 21 young (86016K), 1 survivors (4096K)
 Metaspace       used 80769K, committed 81344K, reserved 1179648K
  class space    used 8889K, committed 9216K, reserved 1048576K
}
Event: 183.373 GC heap after
{Heap after GC invocations=58 (full 0):
 garbage-first heap   total 503808K, used 347887K [0x000000060a000000, 0x0000000800000000)
  region size 4096K, 3 young (12288K), 3 survivors (12288K)
 Metaspace       used 80769K, committed 81344K, reserved 1179648K
  class space    used 8889K, committed 9216K, reserved 1048576K
}
Event: 183.769 GC heap before
{Heap before GC invocations=58 (full 0):
 garbage-first heap   total 503808K, used 417519K [0x000000060a000000, 0x0000000800000000)
  region size 4096K, 20 young (81920K), 3 survivors (12288K)
 Metaspace       used 80904K, committed 81536K, reserved 1179648K
  class space    used 8890K, committed 9216K, reserved 1048576K
}
Event: 183.776 GC heap after
{Heap after GC invocations=59 (full 0):
 garbage-first heap   total 503808K, used 360284K [0x000000060a000000, 0x0000000800000000)
  region size 4096K, 3 young (12288K), 3 survivors (12288K)
 Metaspace       used 80904K, committed 81536K, reserved 1179648K
  class space    used 8890K, committed 9216K, reserved 1048576K
}
Event: 184.022 GC heap before
{Heap before GC invocations=59 (full 0):
 garbage-first heap   total 503808K, used 421724K [0x000000060a000000, 0x0000000800000000)
  region size 4096K, 18 young (73728K), 3 survivors (12288K)
 Metaspace       used 80932K, committed 81600K, reserved 1179648K
  class space    used 8890K, committed 9216K, reserved 1048576K
}
Event: 184.028 GC heap after
{Heap after GC invocations=60 (full 0):
 garbage-first heap   total 503808K, used 367869K [0x000000060a000000, 0x0000000800000000)
  region size 4096K, 2 young (8192K), 2 survivors (8192K)
 Metaspace       used 80932K, committed 81600K, reserved 1179648K
  class space    used 8890K, committed 9216K, reserved 1048576K
}
Event: 184.356 GC heap before
{Heap before GC invocations=60 (full 0):
 garbage-first heap   total 675840K, used 417021K [0x000000060a000000, 0x0000000800000000)
  region size 4096K, 14 young (57344K), 2 survivors (8192K)
 Metaspace       used 80958K, committed 81600K, reserved 1179648K
  class space    used 8890K, committed 9216K, reserved 1048576K
}

