# JRE version: OpenJDK Runtime Environment Microsoft-13106358 (17.0.18+8) (build 17.0.18+8-LTS)
# Java VM: OpenJDK 64-Bit Server VM Microsoft-13106358 (17.0.18+8-LTS, mixed mode, sharing, tiered, compressed oops, compressed class ptrs, g1 gc, windows-amd64)
GC Precious Log:
 CPUs: 16 total, 16 available
 Memory: 32125M
 Large Page Support: Disabled
 NUMA Support: Disabled
 Compressed Oops: Enabled (Zero based)
 Heap Region Size: 4M
 Heap Min Capacity: 8M
 Heap Initial Capacity: 504M
 Heap Max Capacity: 8032M
 Pre-touch: Disabled
 Parallel Workers: 13
 Concurrent Workers: 3
 Concurrent Refinement Workers: 13
 Periodic GC: Disabled
Heap:
 garbage-first heap   total 1081344K, used 963927K [0x000000060a000000, 0x0000000800000000)
  region size 4096K, 2 young (8192K), 2 survivors (8192K)
 Metaspace       used 82622K, committed 83264K, reserved 1179648K
  class space    used 8893K, committed 9216K, reserved 1048576K
GC Heap History (20 events):
Event: 69.226 GC heap after
{Heap after GC invocations=103 (full 0):
 garbage-first heap   total 1081344K, used 902420K [0x000000060a000000, 0x0000000800000000)
  region size 4096K, 2 young (8192K), 2 survivors (8192K)
 Metaspace       used 82490K, committed 83136K, reserved 1179648K
  class space    used 8887K, committed 9216K, reserved 1048576K
}
Event: 69.601 GC heap before
{Heap before GC invocations=103 (full 0):
 garbage-first heap   total 1081344K, used 943380K [0x000000060a000000, 0x0000000800000000)
  region size 4096K, 13 young (53248K), 2 survivors (8192K)
 Metaspace       used 82504K, committed 83136K, reserved 1179648K
  class space    used 8887K, committed 9216K, reserved 1048576K
}
Event: 69.605 GC heap after
{Heap after GC invocations=104 (full 0):
 garbage-first heap   total 1081344K, used 910197K [0x000000060a000000, 0x0000000800000000)
  region size 4096K, 2 young (8192K), 2 survivors (8192K)
 Metaspace       used 82504K, committed 83136K, reserved 1179648K
  class space    used 8887K, committed 9216K, reserved 1048576K
}
Event: 70.052 GC heap before
{Heap before GC invocations=104 (full 0):
 garbage-first heap   total 1081344K, used 955253K [0x000000060a000000, 0x0000000800000000)
  region size 4096K, 13 young (53248K), 2 survivors (8192K)
 Metaspace       used 82525K, committed 83200K, reserved 1179648K
  class space    used 8888K, committed 9216K, reserved 1048576K
}
Event: 70.056 GC heap after
{Heap after GC invocations=105 (full 0):
 garbage-first heap   total 1081344K, used 915812K [0x000000060a000000, 0x0000000800000000)
  region size 4096K, 2 young (8192K), 2 survivors (8192K)
 Metaspace       used 82525K, committed 83200K, reserved 1179648K
  class space    used 8888K, committed 9216K, reserved 1048576K
}
Event: 70.186 GC heap before
{Heap before GC invocations=105 (full 0):
 garbage-first heap   total 1081344K, used 960868K [0x000000060a000000, 0x0000000800000000)
  region size 4096K, 13 young (53248K), 2 survivors (8192K)
 Metaspace       used 82525K, committed 83200K, reserved 1179648K
  class space    used 8888K, committed 9216K, reserved 1048576K
}
Event: 70.190 GC heap after
{Heap after GC invocations=106 (full 0):
 garbage-first heap   total 1081344K, used 920025K [0x000000060a000000, 0x0000000800000000)
  region size 4096K, 2 young (8192K), 2 survivors (8192K)
 Metaspace       used 82525K, committed 83200K, reserved 1179648K
  class space    used 8888K, committed 9216K, reserved 1048576K
}
Event: 70.470 GC heap before
{Heap before GC invocations=106 (full 0):
 garbage-first heap   total 1081344K, used 965081K [0x000000060a000000, 0x0000000800000000)
  region size 4096K, 13 young (53248K), 2 survivors (8192K)
 Metaspace       used 82530K, committed 83200K, reserved 1179648K
  class space    used 8888K, committed 9216K, reserved 1048576K
}
Event: 70.475 GC heap after
{Heap after GC invocations=107 (full 0):
 garbage-first heap   total 1081344K, used 928971K [0x000000060a000000, 0x0000000800000000)
  region size 4096K, 2 young (8192K), 2 survivors (8192K)
 Metaspace       used 82530K, committed 83200K, reserved 1179648K
  class space    used 8888K, committed 9216K, reserved 1048576K
}
Event: 70.687 GC heap before
{Heap before GC invocations=107 (full 0):
 garbage-first heap   total 1081344K, used 974027K [0x000000060a000000, 0x0000000800000000)
  region size 4096K, 13 young (53248K), 2 survivors (8192K)
 Metaspace       used 82573K, committed 83200K, reserved 1179648K
  class space    used 8892K, committed 9216K, reserved 1048576K
}
Event: 70.692 GC heap after
{Heap after GC invocations=108 (full 0):
 garbage-first heap   total 1081344K, used 933619K [0x000000060a000000, 0x0000000800000000)
  region size 4096K, 2 young (8192K), 2 survivors (8192K)
 Metaspace       used 82573K, committed 83200K, reserved 1179648K
  class space    used 8892K, committed 9216K, reserved 1048576K
}
Event: 70.826 GC heap before
{Heap before GC invocations=108 (full 0):
 garbage-first heap   total 1081344K, used 978675K [0x000000060a000000, 0x0000000800000000)
  region size 4096K, 13 young (53248K), 2 survivors (8192K)
 Metaspace       used 82584K, committed 83264K, reserved 1179648K
  class space    used 8892K, committed 9216K, reserved 1048576K
}
Event: 70.830 GC heap after
{Heap after GC invocations=109 (full 0):
 garbage-first heap   total 1081344K, used 938298K [0x000000060a000000, 0x0000000800000000)
  region size 4096K, 2 young (8192K), 2 survivors (8192K)
 Metaspace       used 82584K, committed 83264K, reserved 1179648K
  class space    used 8892K, committed 9216K, reserved 1048576K
}
Event: 71.155 GC heap before
{Heap before GC invocations=109 (full 0):
 garbage-first heap   total 1081344K, used 983354K [0x000000060a000000, 0x0000000800000000)
  region size 4096K, 13 young (53248K), 2 survivors (8192K)
 Metaspace       used 82603K, committed 83264K, reserved 1179648K
  class space    used 8893K, committed 9216K, reserved 1048576K
}
Event: 71.159 GC heap after
{Heap after GC invocations=110 (full 0):
 garbage-first heap   total 1081344K, used 944344K [0x000000060a000000, 0x0000000800000000)
  region size 4096K, 2 young (8192K), 2 survivors (8192K)
 Metaspace       used 82603K, committed 83264K, reserved 1179648K
  class space    used 8893K, committed 9216K, reserved 1048576K
}
Event: 71.402 GC heap before
{Heap before GC invocations=110 (full 0):
 garbage-first heap   total 1081344K, used 989400K [0x000000060a000000, 0x0000000800000000)
  region size 4096K, 13 young (53248K), 2 survivors (8192K)
 Metaspace       used 82617K, committed 83264K, reserved 1179648K
  class space    used 8893K, committed 9216K, reserved 1048576K
}
Event: 71.406 GC heap after
{Heap after GC invocations=111 (full 0):
 garbage-first heap   total 1081344K, used 950315K [0x000000060a000000, 0x0000000800000000)
  region size 4096K, 2 young (8192K), 2 survivors (8192K)
 Metaspace       used 82617K, committed 83264K, reserved 1179648K
  class space    used 8893K, committed 9216K, reserved 1048576K
}
Event: 71.542 GC heap before
{Heap before GC invocations=111 (full 0):
 garbage-first heap   total 1081344K, used 995371K [0x000000060a000000, 0x0000000800000000)
  region size 4096K, 13 young (53248K), 2 survivors (8192K)
 Metaspace       used 82619K, committed 83264K, reserved 1179648K
  class space    used 8893K, committed 9216K, reserved 1048576K
}
Event: 71.546 GC heap after
{Heap after GC invocations=112 (full 0):
 garbage-first heap   total 1081344K, used 955169K [0x000000060a000000, 0x0000000800000000)
  region size 4096K, 2 young (8192K), 2 survivors (8192K)
 Metaspace       used 82619K, committed 83264K, reserved 1179648K
  class space    used 8893K, committed 9216K, reserved 1048576K
}
Event: 71.871 GC heap before
{Heap before GC invocations=112 (full 0):
 garbage-first heap   total 1081344K, used 1000225K [0x000000060a000000, 0x0000000800000000)
  region size 4096K, 13 young (53248K), 2 survivors (8192K)
 Metaspace       used 82622K, committed 83264K, reserved 1179648K
  class space    used 8893K, committed 9216K, reserved 1048576K
}

