# JRE version: OpenJDK Runtime Environment Microsoft-13106358 (17.0.18+8) (build 17.0.18+8-LTS)
# Java VM: OpenJDK 64-Bit Server VM Microsoft-13106358 (17.0.18+8-LTS, mixed mode, sharing, tiered, compressed oops, compressed class ptrs, g1 gc, windows-amd64)
GC Precious Log:
 CPUs: 16 total, 16 available
 Memory: 32125M
 Large Page Support: Disabled
 NUMA Support: Disabled
 Compressed Oops: Enabled (Zero based)
 Heap Region Size: 4M
 Heap Min Capacity: 8M
 Heap Initial Capacity: 504M
 Heap Max Capacity: 8032M
 Pre-touch: Disabled
 Parallel Workers: 13
 Concurrent Workers: 3
 Concurrent Refinement Workers: 13
 Periodic GC: Disabled
Heap:
 garbage-first heap   total 1941504K, used 1754927K [0x000000060a000000, 0x0000000800000000)
  region size 4096K, 9 young (36864K), 3 survivors (12288K)
 Metaspace       used 84185K, committed 84800K, reserved 1179648K
  class space    used 8940K, committed 9280K, reserved 1048576K
GC Heap History (20 events):
Event: 85.445 GC heap before
{Heap before GC invocations=136 (full 0):
 garbage-first heap   total 1941504K, used 1717972K [0x000000060a000000, 0x0000000800000000)
  region size 4096K, 25 young (102400K), 3 survivors (12288K)
 Metaspace       used 84092K, committed 84736K, reserved 1179648K
  class space    used 8936K, committed 9280K, reserved 1048576K
}
Event: 85.453 GC heap after
{Heap after GC invocations=137 (full 0):
 garbage-first heap   total 1941504K, used 1638176K [0x000000060a000000, 0x0000000800000000)
  region size 4096K, 4 young (16384K), 4 survivors (16384K)
 Metaspace       used 84092K, committed 84736K, reserved 1179648K
  class space    used 8936K, committed 9280K, reserved 1048576K
}
Event: 85.776 GC heap before
{Heap before GC invocations=137 (full 0):
 garbage-first heap   total 1941504K, used 1724192K [0x000000060a000000, 0x0000000800000000)
  region size 4096K, 23 young (94208K), 4 survivors (16384K)
 Metaspace       used 84143K, committed 84736K, reserved 1179648K
  class space    used 8940K, committed 9280K, reserved 1048576K
}
Event: 85.783 GC heap after
{Heap after GC invocations=138 (full 0):
 garbage-first heap   total 1941504K, used 1648648K [0x000000060a000000, 0x0000000800000000)
  region size 4096K, 3 young (12288K), 3 survivors (12288K)
 Metaspace       used 84143K, committed 84736K, reserved 1179648K
  class space    used 8940K, committed 9280K, reserved 1048576K
}
Event: 86.071 GC heap before
{Heap before GC invocations=138 (full 0):
 garbage-first heap   total 1941504K, used 1738760K [0x000000060a000000, 0x0000000800000000)
  region size 4096K, 23 young (94208K), 3 survivors (12288K)
 Metaspace       used 84152K, committed 84800K, reserved 1179648K
  class space    used 8940K, committed 9280K, reserved 1048576K
}
Event: 86.078 GC heap after
{Heap after GC invocations=139 (full 0):
 garbage-first heap   total 1941504K, used 1660253K [0x000000060a000000, 0x0000000800000000)
  region size 4096K, 3 young (12288K), 3 survivors (12288K)
 Metaspace       used 84152K, committed 84800K, reserved 1179648K
  class space    used 8940K, committed 9280K, reserved 1048576K
}
Event: 86.336 GC heap before
{Heap before GC invocations=139 (full 0):
 garbage-first heap   total 1941504K, used 1742173K [0x000000060a000000, 0x0000000800000000)
  region size 4096K, 23 young (94208K), 3 survivors (12288K)
 Metaspace       used 84152K, committed 84800K, reserved 1179648K
  class space    used 8940K, committed 9280K, reserved 1048576K
}
Event: 86.342 GC heap after
{Heap after GC invocations=140 (full 0):
 garbage-first heap   total 1941504K, used 1668087K [0x000000060a000000, 0x0000000800000000)
  region size 4096K, 3 young (12288K), 3 survivors (12288K)
 Metaspace       used 84152K, committed 84800K, reserved 1179648K
  class space    used 8940K, committed 9280K, reserved 1048576K
}
Event: 86.748 GC heap before
{Heap before GC invocations=140 (full 0):
 garbage-first heap   total 1941504K, used 1745911K [0x000000060a000000, 0x0000000800000000)
  region size 4096K, 23 young (94208K), 3 survivors (12288K)
 Metaspace       used 84168K, committed 84800K, reserved 1179648K
  class space    used 8940K, committed 9280K, reserved 1048576K
}
Event: 86.754 GC heap after
{Heap after GC invocations=141 (full 0):
 garbage-first heap   total 1941504K, used 1679559K [0x000000060a000000, 0x0000000800000000)
  region size 4096K, 3 young (12288K), 3 survivors (12288K)
 Metaspace       used 84168K, committed 84800K, reserved 1179648K
  class space    used 8940K, committed 9280K, reserved 1048576K
}
Event: 87.174 GC heap before
{Heap before GC invocations=141 (full 0):
 garbage-first heap   total 1941504K, used 1769671K [0x000000060a000000, 0x0000000800000000)
  region size 4096K, 23 young (94208K), 3 survivors (12288K)
 Metaspace       used 84180K, committed 84800K, reserved 1179648K
  class space    used 8940K, committed 9280K, reserved 1048576K
}
Event: 87.180 GC heap after
{Heap after GC invocations=142 (full 0):
 garbage-first heap   total 1941504K, used 1690704K [0x000000060a000000, 0x0000000800000000)
  region size 4096K, 3 young (12288K), 3 survivors (12288K)
 Metaspace       used 84180K, committed 84800K, reserved 1179648K
  class space    used 8940K, committed 9280K, reserved 1048576K
}
Event: 87.542 GC heap before
{Heap before GC invocations=142 (full 0):
 garbage-first heap   total 1941504K, used 1772624K [0x000000060a000000, 0x0000000800000000)
  region size 4096K, 23 young (94208K), 3 survivors (12288K)
 Metaspace       used 84182K, committed 84800K, reserved 1179648K
  class space    used 8940K, committed 9280K, reserved 1048576K
}
Event: 87.549 GC heap after
{Heap after GC invocations=143 (full 0):
 garbage-first heap   total 1941504K, used 1703935K [0x000000060a000000, 0x0000000800000000)
  region size 4096K, 3 young (12288K), 3 survivors (12288K)
 Metaspace       used 84182K, committed 84800K, reserved 1179648K
  class space    used 8940K, committed 9280K, reserved 1048576K
}
Event: 87.702 GC heap before
{Heap before GC invocations=143 (full 0):
 garbage-first heap   total 1941504K, used 1785855K [0x000000060a000000, 0x0000000800000000)
  region size 4096K, 23 young (94208K), 3 survivors (12288K)
 Metaspace       used 84185K, committed 84800K, reserved 1179648K
  class space    used 8940K, committed 9280K, reserved 1048576K
}
Event: 87.708 GC heap after
{Heap after GC invocations=144 (full 0):
 garbage-first heap   total 1941504K, used 1712140K [0x000000060a000000, 0x0000000800000000)
  region size 4096K, 2 young (8192K), 2 survivors (8192K)
 Metaspace       used 84185K, committed 84800K, reserved 1179648K
  class space    used 8940K, committed 9280K, reserved 1048576K
}
Event: 88.145 GC heap before
{Heap before GC invocations=144 (full 0):
 garbage-first heap   total 1941504K, used 1798156K [0x000000060a000000, 0x0000000800000000)
  region size 4096K, 23 young (94208K), 2 survivors (8192K)
 Metaspace       used 84185K, committed 84800K, reserved 1179648K
  class space    used 8940K, committed 9280K, reserved 1048576K
}
Event: 88.151 GC heap after
{Heap after GC invocations=145 (full 0):
 garbage-first heap   total 1941504K, used 1724415K [0x000000060a000000, 0x0000000800000000)
  region size 4096K, 3 young (12288K), 3 survivors (12288K)
 Metaspace       used 84185K, committed 84800K, reserved 1179648K
  class space    used 8940K, committed 9280K, reserved 1048576K
}
Event: 88.524 GC heap before
{Heap before GC invocations=145 (full 0):
 garbage-first heap   total 1941504K, used 1806335K [0x000000060a000000, 0x0000000800000000)
  region size 4096K, 23 young (94208K), 3 survivors (12288K)
 Metaspace       used 84185K, committed 84800K, reserved 1179648K
  class space    used 8940K, committed 9280K, reserved 1048576K
}
Event: 88.531 GC heap after
{Heap after GC invocations=146 (full 0):
 garbage-first heap   total 1941504K, used 1734447K [0x000000060a000000, 0x0000000800000000)
  region size 4096K, 3 young (12288K), 3 survivors (12288K)
 Metaspace       used 84185K, committed 84800K, reserved 1179648K
  class space    used 8940K, committed 9280K, reserved 1048576K
}

