# JRE version: OpenJDK Runtime Environment Microsoft-13106358 (17.0.18+8) (build 17.0.18+8-LTS)
# Java VM: OpenJDK 64-Bit Server VM Microsoft-13106358 (17.0.18+8-LTS, mixed mode, sharing, tiered, compressed oops, compressed class ptrs, g1 gc, windows-amd64)
GC Precious Log:
 CPUs: 16 total, 16 available
 Memory: 32125M
 Large Page Support: Disabled
 NUMA Support: Disabled
 Compressed Oops: Enabled (32-bit)
 Heap Region Size: 1M
 Heap Min Capacity: 256M
 Heap Initial Capacity: 256M
 Heap Max Capacity: 512M
 Pre-touch: Disabled
 Parallel Workers: 13
 Concurrent Workers: 3
 Concurrent Refinement Workers: 13
 Periodic GC: Disabled
Heap:
 garbage-first heap   total 262144K, used 82949K [0x00000000e0000000, 0x0000000100000000)
  region size 1024K, 41 young (41984K), 3 survivors (3072K)
 Metaspace       used 49496K, committed 50624K, reserved 393216K
  class space    used 6721K, committed 7296K, reserved 327680K
GC Heap History (20 events):
Event: 3.578 GC heap before
{Heap before GC invocations=2 (full 0):
 garbage-first heap   total 262144K, used 57937K [0x00000000e0000000, 0x0000000100000000)
  region size 1024K, 46 young (47104K), 3 survivors (3072K)
 Metaspace       used 4902K, committed 5056K, reserved 393216K
  class space    used 631K, committed 704K, reserved 327680K
}
Event: 3.584 GC heap after
{Heap after GC invocations=3 (full 0):
 garbage-first heap   total 262144K, used 17164K [0x00000000e0000000, 0x0000000100000000)
  region size 1024K, 6 young (6144K), 6 survivors (6144K)
 Metaspace       used 4902K, committed 5056K, reserved 393216K
  class space    used 631K, committed 704K, reserved 327680K
}
Event: 9.002 GC heap before
{Heap before GC invocations=3 (full 0):
 garbage-first heap   total 262144K, used 120588K [0x00000000e0000000, 0x0000000100000000)
  region size 1024K, 108 young (110592K), 6 survivors (6144K)
 Metaspace       used 21173K, committed 21504K, reserved 393216K
  class space    used 3068K, committed 3264K, reserved 327680K
}
Event: 9.018 GC heap after
{Heap after GC invocations=4 (full 0):
 garbage-first heap   total 262144K, used 24550K [0x00000000e0000000, 0x0000000100000000)
  region size 1024K, 14 young (14336K), 14 survivors (14336K)
 Metaspace       used 21173K, committed 21504K, reserved 393216K
  class space    used 3068K, committed 3264K, reserved 327680K
}
Event: 12.594 GC heap before
{Heap before GC invocations=5 (full 0):
 garbage-first heap   total 262144K, used 127974K [0x00000000e0000000, 0x0000000100000000)
  region size 1024K, 117 young (119808K), 14 survivors (14336K)
 Metaspace       used 35554K, committed 35968K, reserved 393216K
  class space    used 5030K, committed 5248K, reserved 327680K
}
Event: 12.609 GC heap after
{Heap after GC invocations=6 (full 0):
 garbage-first heap   total 262144K, used 34535K [0x00000000e0000000, 0x0000000100000000)
  region size 1024K, 17 young (17408K), 17 survivors (17408K)
 Metaspace       used 35554K, committed 35968K, reserved 393216K
  class space    used 5030K, committed 5248K, reserved 327680K
}
Event: 12.674 GC heap before
{Heap before GC invocations=6 (full 0):
 garbage-first heap   total 262144K, used 35559K [0x00000000e0000000, 0x0000000100000000)
  region size 1024K, 18 young (18432K), 17 survivors (17408K)
 Metaspace       used 35661K, committed 36096K, reserved 393216K
  class space    used 5036K, committed 5248K, reserved 327680K
}
Event: 12.689 GC heap after
{Heap after GC invocations=7 (full 0):
 garbage-first heap   total 262144K, used 34351K [0x00000000e0000000, 0x0000000100000000)
  region size 1024K, 2 young (2048K), 2 survivors (2048K)
 Metaspace       used 35661K, committed 36096K, reserved 393216K
  class space    used 5036K, committed 5248K, reserved 327680K
}
Event: 12.757 GC heap before
{Heap before GC invocations=7 (full 0):
 garbage-first heap   total 262144K, used 36399K [0x00000000e0000000, 0x0000000100000000)
  region size 1024K, 5 young (5120K), 2 survivors (2048K)
 Metaspace       used 35891K, committed 36288K, reserved 393216K
  class space    used 5056K, committed 5248K, reserved 327680K
}
Event: 12.759 GC heap after
{Heap after GC invocations=8 (full 0):
 garbage-first heap   total 262144K, used 33106K [0x00000000e0000000, 0x0000000100000000)
  region size 1024K, 1 young (1024K), 1 survivors (1024K)
 Metaspace       used 35891K, committed 36288K, reserved 393216K
  class space    used 5056K, committed 5248K, reserved 327680K
}
Event: 17.826 GC heap before
{Heap before GC invocations=9 (full 0):
 garbage-first heap   total 262144K, used 194898K [0x00000000e0000000, 0x0000000100000000)
  region size 1024K, 153 young (156672K), 1 survivors (1024K)
 Metaspace       used 46454K, committed 47232K, reserved 393216K
  class space    used 6471K, committed 6848K, reserved 327680K
}
Event: 17.839 GC heap after
{Heap after GC invocations=10 (full 0):
 garbage-first heap   total 262144K, used 43208K [0x00000000e0000000, 0x0000000100000000)
  region size 1024K, 11 young (11264K), 11 survivors (11264K)
 Metaspace       used 46454K, committed 47232K, reserved 393216K
  class space    used 6471K, committed 6848K, reserved 327680K
}
Event: 21.732 GC heap before
{Heap before GC invocations=10 (full 0):
 garbage-first heap   total 262144K, used 188616K [0x00000000e0000000, 0x0000000100000000)
  region size 1024K, 153 young (156672K), 11 survivors (11264K)
 Metaspace       used 47105K, committed 47872K, reserved 393216K
  class space    used 6488K, committed 6848K, reserved 327680K
}
Event: 21.741 GC heap after
{Heap after GC invocations=11 (full 0):
 garbage-first heap   total 262144K, used 44541K [0x00000000e0000000, 0x0000000100000000)
  region size 1024K, 3 young (3072K), 3 survivors (3072K)
 Metaspace       used 47105K, committed 47872K, reserved 393216K
  class space    used 6488K, committed 6848K, reserved 327680K
}
Event: 26.253 GC heap before
{Heap before GC invocations=11 (full 0):
 garbage-first heap   total 262144K, used 198141K [0x00000000e0000000, 0x0000000100000000)
  region size 1024K, 153 young (156672K), 3 survivors (3072K)
 Metaspace       used 47530K, committed 48320K, reserved 393216K
  class space    used 6495K, committed 6912K, reserved 327680K
}
Event: 26.257 GC heap after
{Heap after GC invocations=12 (full 0):
 garbage-first heap   total 262144K, used 44112K [0x00000000e0000000, 0x0000000100000000)
  region size 1024K, 2 young (2048K), 2 survivors (2048K)
 Metaspace       used 47530K, committed 48320K, reserved 393216K
  class space    used 6495K, committed 6912K, reserved 327680K
}
Event: 30.827 GC heap before
{Heap before GC invocations=12 (full 0):
 garbage-first heap   total 262144K, used 198736K [0x00000000e0000000, 0x0000000100000000)
  region size 1024K, 153 young (156672K), 2 survivors (2048K)
 Metaspace       used 48947K, committed 50112K, reserved 393216K
  class space    used 6717K, committed 7296K, reserved 327680K
}
Event: 30.831 GC heap after
{Heap after GC invocations=13 (full 0):
 garbage-first heap   total 262144K, used 44387K [0x00000000e0000000, 0x0000000100000000)
  region size 1024K, 2 young (2048K), 2 survivors (2048K)
 Metaspace       used 48947K, committed 50112K, reserved 393216K
  class space    used 6717K, committed 7296K, reserved 327680K
}
Event: 81.858 GC heap before
{Heap before GC invocations=13 (full 0):
 garbage-first heap   total 262144K, used 199011K [0x00000000e0000000, 0x0000000100000000)
  region size 1024K, 153 young (156672K), 2 survivors (2048K)
 Metaspace       used 49338K, committed 50496K, reserved 393216K
  class space    used 6721K, committed 7296K, reserved 327680K
}
Event: 81.862 GC heap after
{Heap after GC invocations=14 (full 0):
 garbage-first heap   total 262144K, used 45061K [0x00000000e0000000, 0x0000000100000000)
  region size 1024K, 3 young (3072K), 3 survivors (3072K)
 Metaspace       used 49338K, committed 50496K, reserved 393216K
  class space    used 6721K, committed 7296K, reserved 327680K
}

