# JRE version: OpenJDK Runtime Environment Microsoft-13106358 (17.0.18+8) (build 17.0.18+8-LTS)
# Java VM: OpenJDK 64-Bit Server VM Microsoft-13106358 (17.0.18+8-LTS, mixed mode, sharing, tiered, compressed oops, compressed class ptrs, g1 gc, windows-amd64)
GC Precious Log:
 CPUs: 16 total, 16 available
 Memory: 32125M
 Large Page Support: Disabled
 NUMA Support: Disabled
 Compressed Oops: Enabled (Zero based)
 Heap Region Size: 4M
 Heap Min Capacity: 8M
 Heap Initial Capacity: 504M
 Heap Max Capacity: 8032M
 Pre-touch: Disabled
 Parallel Workers: 13
 Concurrent Workers: 3
 Concurrent Refinement Workers: 13
 Periodic GC: Disabled
Heap:
 garbage-first heap   total 1384448K, used 1229907K [0x000000060a000000, 0x0000000800000000)
  region size 4096K, 7 young (28672K), 2 survivors (8192K)
 Metaspace       used 83205K, committed 83904K, reserved 1179648K
  class space    used 8913K, committed 9280K, reserved 1048576K
GC Heap History (20 events):
Event: 79.896 GC heap before
{Heap before GC invocations=119 (full 0):
 garbage-first heap   total 1384448K, used 1211951K [0x000000060a000000, 0x0000000800000000)
  region size 4096K, 21 young (86016K), 3 survivors (12288K)
 Metaspace       used 83085K, committed 83776K, reserved 1179648K
  class space    used 8910K, committed 9280K, reserved 1048576K
}
Event: 79.902 GC heap after
{Heap after GC invocations=120 (full 0):
 garbage-first heap   total 1384448K, used 1148478K [0x000000060a000000, 0x0000000800000000)
  region size 4096K, 3 young (12288K), 3 survivors (12288K)
 Metaspace       used 83085K, committed 83776K, reserved 1179648K
  class space    used 8910K, committed 9280K, reserved 1048576K
}
Event: 80.336 GC heap before
{Heap before GC invocations=120 (full 0):
 garbage-first heap   total 1384448K, used 1209918K [0x000000060a000000, 0x0000000800000000)
  region size 4096K, 19 young (77824K), 3 survivors (12288K)
 Metaspace       used 83116K, committed 83776K, reserved 1179648K
  class space    used 8910K, committed 9280K, reserved 1048576K
}
Event: 80.343 GC heap after
{Heap after GC invocations=121 (full 0):
 garbage-first heap   total 1384448K, used 1160154K [0x000000060a000000, 0x0000000800000000)
  region size 4096K, 3 young (12288K), 3 survivors (12288K)
 Metaspace       used 83116K, committed 83776K, reserved 1179648K
  class space    used 8910K, committed 9280K, reserved 1048576K
}
Event: 80.634 GC heap before
{Heap before GC invocations=121 (full 0):
 garbage-first heap   total 1384448K, used 1217498K [0x000000060a000000, 0x0000000800000000)
  region size 4096K, 17 young (69632K), 3 survivors (12288K)
 Metaspace       used 83123K, committed 83776K, reserved 1179648K
  class space    used 8910K, committed 9280K, reserved 1048576K
}
Event: 80.640 GC heap after
{Heap after GC invocations=122 (full 0):
 garbage-first heap   total 1384448K, used 1165398K [0x000000060a000000, 0x0000000800000000)
  region size 4096K, 2 young (8192K), 2 survivors (8192K)
 Metaspace       used 83123K, committed 83776K, reserved 1179648K
  class space    used 8910K, committed 9280K, reserved 1048576K
}
Event: 80.856 GC heap before
{Heap before GC invocations=122 (full 0):
 garbage-first heap   total 1384448K, used 1222742K [0x000000060a000000, 0x0000000800000000)
  region size 4096K, 16 young (65536K), 2 survivors (8192K)
 Metaspace       used 83125K, committed 83776K, reserved 1179648K
  class space    used 8910K, committed 9280K, reserved 1048576K
}
Event: 80.861 GC heap after
{Heap after GC invocations=123 (full 0):
 garbage-first heap   total 1384448K, used 1172506K [0x000000060a000000, 0x0000000800000000)
  region size 4096K, 2 young (8192K), 2 survivors (8192K)
 Metaspace       used 83125K, committed 83776K, reserved 1179648K
  class space    used 8910K, committed 9280K, reserved 1048576K
}
Event: 81.107 GC heap before
{Heap before GC invocations=123 (full 0):
 garbage-first heap   total 1384448K, used 1229850K [0x000000060a000000, 0x0000000800000000)
  region size 4096K, 16 young (65536K), 2 survivors (8192K)
 Metaspace       used 83137K, committed 83840K, reserved 1179648K
  class space    used 8910K, committed 9280K, reserved 1048576K
}
Event: 81.112 GC heap after
{Heap after GC invocations=124 (full 0):
 garbage-first heap   total 1384448K, used 1180368K [0x000000060a000000, 0x0000000800000000)
  region size 4096K, 2 young (8192K), 2 survivors (8192K)
 Metaspace       used 83137K, committed 83840K, reserved 1179648K
  class space    used 8910K, committed 9280K, reserved 1048576K
}
Event: 81.258 GC heap before
{Heap before GC invocations=124 (full 0):
 garbage-first heap   total 1384448K, used 1237712K [0x000000060a000000, 0x0000000800000000)
  region size 4096K, 16 young (65536K), 2 survivors (8192K)
 Metaspace       used 83141K, committed 83840K, reserved 1179648K
  class space    used 8911K, committed 9280K, reserved 1048576K
}
Event: 81.262 GC heap after
{Heap after GC invocations=125 (full 0):
 garbage-first heap   total 1384448K, used 1186584K [0x000000060a000000, 0x0000000800000000)
  region size 4096K, 2 young (8192K), 2 survivors (8192K)
 Metaspace       used 83141K, committed 83840K, reserved 1179648K
  class space    used 8911K, committed 9280K, reserved 1048576K
}
Event: 81.440 GC heap before
{Heap before GC invocations=125 (full 0):
 garbage-first heap   total 1384448K, used 1243928K [0x000000060a000000, 0x0000000800000000)
  region size 4096K, 16 young (65536K), 2 survivors (8192K)
 Metaspace       used 83150K, committed 83840K, reserved 1179648K
  class space    used 8911K, committed 9280K, reserved 1048576K
}
Event: 81.444 GC heap after
{Heap after GC invocations=126 (full 0):
 garbage-first heap   total 1384448K, used 1192984K [0x000000060a000000, 0x0000000800000000)
  region size 4096K, 2 young (8192K), 2 survivors (8192K)
 Metaspace       used 83150K, committed 83840K, reserved 1179648K
  class space    used 8911K, committed 9280K, reserved 1048576K
}
Event: 81.599 GC heap before
{Heap before GC invocations=126 (full 0):
 garbage-first heap   total 1384448K, used 1246232K [0x000000060a000000, 0x0000000800000000)
  region size 4096K, 16 young (65536K), 2 survivors (8192K)
 Metaspace       used 83164K, committed 83840K, reserved 1179648K
  class space    used 8911K, committed 9280K, reserved 1048576K
}
Event: 81.604 GC heap after
{Heap after GC invocations=127 (full 0):
 garbage-first heap   total 1384448K, used 1200734K [0x000000060a000000, 0x0000000800000000)
  region size 4096K, 2 young (8192K), 2 survivors (8192K)
 Metaspace       used 83164K, committed 83840K, reserved 1179648K
  class space    used 8911K, committed 9280K, reserved 1048576K
}
Event: 81.734 GC heap before
{Heap before GC invocations=127 (full 0):
 garbage-first heap   total 1384448K, used 1253982K [0x000000060a000000, 0x0000000800000000)
  region size 4096K, 16 young (65536K), 2 survivors (8192K)
 Metaspace       used 83172K, committed 83840K, reserved 1179648K
  class space    used 8911K, committed 9280K, reserved 1048576K
}
Event: 81.739 GC heap after
{Heap after GC invocations=128 (full 0):
 garbage-first heap   total 1384448K, used 1205815K [0x000000060a000000, 0x0000000800000000)
  region size 4096K, 2 young (8192K), 2 survivors (8192K)
 Metaspace       used 83172K, committed 83840K, reserved 1179648K
  class space    used 8911K, committed 9280K, reserved 1048576K
}
Event: 82.216 GC heap before
{Heap before GC invocations=128 (full 0):
 garbage-first heap   total 1384448K, used 1263159K [0x000000060a000000, 0x0000000800000000)
  region size 4096K, 16 young (65536K), 2 survivors (8192K)
 Metaspace       used 83197K, committed 83904K, reserved 1179648K
  class space    used 8912K, committed 9280K, reserved 1048576K
}
Event: 82.221 GC heap after
{Heap after GC invocations=129 (full 0):
 garbage-first heap   total 1384448K, used 1213523K [0x000000060a000000, 0x0000000800000000)
  region size 4096K, 2 young (8192K), 2 survivors (8192K)
 Metaspace       used 83197K, committed 83904K, reserved 1179648K
  class space    used 8912K, committed 9280K, reserved 1048576K
}

