# JRE version: OpenJDK Runtime Environment Microsoft-13106358 (17.0.18+8) (build 17.0.18+8-LTS)
# Java VM: OpenJDK 64-Bit Server VM Microsoft-13106358 (17.0.18+8-LTS, mixed mode, sharing, tiered, compressed oops, compressed class ptrs, g1 gc, windows-amd64)
GC Precious Log:
 CPUs: 16 total, 16 available
 Memory: 32125M
 Large Page Support: Disabled
 NUMA Support: Disabled
 Compressed Oops: Enabled (Zero based)
 Heap Region Size: 4M
 Heap Min Capacity: 8M
 Heap Initial Capacity: 504M
 Heap Max Capacity: 8032M
 Pre-touch: Disabled
 Parallel Workers: 13
 Concurrent Workers: 3
 Concurrent Refinement Workers: 13
 Periodic GC: Disabled
Heap:
 garbage-first heap   total 1441792K, used 1326567K [0x000000060a000000, 0x0000000800000000)
  region size 4096K, 17 young (69632K), 2 survivors (8192K)
 Metaspace       used 83435K, committed 84096K, reserved 1179648K
  class space    used 8921K, committed 9280K, reserved 1048576K
GC Heap History (20 events):
Event: 83.523 GC heap before
{Heap before GC invocations=96 (full 0):
 garbage-first heap   total 1441792K, used 1260624K [0x000000060a000000, 0x0000000800000000)
  region size 4096K, 18 young (73728K), 3 survivors (12288K)
 Metaspace       used 83248K, committed 83904K, reserved 1179648K
  class space    used 8920K, committed 9280K, reserved 1048576K
}
Event: 83.528 GC heap after
{Heap after GC invocations=97 (full 0):
 garbage-first heap   total 1441792K, used 1209798K [0x000000060a000000, 0x0000000800000000)
  region size 4096K, 2 young (8192K), 2 survivors (8192K)
 Metaspace       used 83248K, committed 83904K, reserved 1179648K
  class space    used 8920K, committed 9280K, reserved 1048576K
}
Event: 83.949 GC heap before
{Heap before GC invocations=97 (full 0):
 garbage-first heap   total 1441792K, used 1271238K [0x000000060a000000, 0x0000000800000000)
  region size 4096K, 17 young (69632K), 2 survivors (8192K)
 Metaspace       used 83260K, committed 83904K, reserved 1179648K
  class space    used 8920K, committed 9280K, reserved 1048576K
}
Event: 83.953 GC heap after
{Heap after GC invocations=98 (full 0):
 garbage-first heap   total 1441792K, used 1217150K [0x000000060a000000, 0x0000000800000000)
  region size 4096K, 2 young (8192K), 2 survivors (8192K)
 Metaspace       used 83260K, committed 83904K, reserved 1179648K
  class space    used 8920K, committed 9280K, reserved 1048576K
}
Event: 84.231 GC heap before
{Heap before GC invocations=98 (full 0):
 garbage-first heap   total 1441792K, used 1274494K [0x000000060a000000, 0x0000000800000000)
  region size 4096K, 17 young (69632K), 2 survivors (8192K)
 Metaspace       used 83285K, committed 83904K, reserved 1179648K
  class space    used 8920K, committed 9280K, reserved 1048576K
}
Event: 84.236 GC heap after
{Heap after GC invocations=99 (full 0):
 garbage-first heap   total 1441792K, used 1225633K [0x000000060a000000, 0x0000000800000000)
  region size 4096K, 3 young (12288K), 3 survivors (12288K)
 Metaspace       used 83285K, committed 83904K, reserved 1179648K
  class space    used 8920K, committed 9280K, reserved 1048576K
}
Event: 84.425 GC heap before
{Heap before GC invocations=99 (full 0):
 garbage-first heap   total 1441792K, used 1282977K [0x000000060a000000, 0x0000000800000000)
  region size 4096K, 17 young (69632K), 3 survivors (12288K)
 Metaspace       used 83297K, committed 83968K, reserved 1179648K
  class space    used 8920K, committed 9280K, reserved 1048576K
}
Event: 84.429 GC heap after
{Heap after GC invocations=100 (full 0):
 garbage-first heap   total 1441792K, used 1230299K [0x000000060a000000, 0x0000000800000000)
  region size 4096K, 2 young (8192K), 2 survivors (8192K)
 Metaspace       used 83297K, committed 83968K, reserved 1179648K
  class space    used 8920K, committed 9280K, reserved 1048576K
}
Event: 84.651 GC heap before
{Heap before GC invocations=100 (full 0):
 garbage-first heap   total 1441792K, used 1291739K [0x000000060a000000, 0x0000000800000000)
  region size 4096K, 17 young (69632K), 2 survivors (8192K)
 Metaspace       used 83301K, committed 83968K, reserved 1179648K
  class space    used 8920K, committed 9280K, reserved 1048576K
}
Event: 84.656 GC heap after
{Heap after GC invocations=101 (full 0):
 garbage-first heap   total 1441792K, used 1236778K [0x000000060a000000, 0x0000000800000000)
  region size 4096K, 3 young (12288K), 3 survivors (12288K)
 Metaspace       used 83301K, committed 83968K, reserved 1179648K
  class space    used 8920K, committed 9280K, reserved 1048576K
}
Event: 85.103 GC heap before
{Heap before GC invocations=101 (full 0):
 garbage-first heap   total 1441792K, used 1294122K [0x000000060a000000, 0x0000000800000000)
  region size 4096K, 17 young (69632K), 3 survivors (12288K)
 Metaspace       used 83317K, committed 83968K, reserved 1179648K
  class space    used 8920K, committed 9280K, reserved 1048576K
}
Event: 85.110 GC heap after
{Heap after GC invocations=102 (full 0):
 garbage-first heap   total 1441792K, used 1244084K [0x000000060a000000, 0x0000000800000000)
  region size 4096K, 2 young (8192K), 2 survivors (8192K)
 Metaspace       used 83317K, committed 83968K, reserved 1179648K
  class space    used 8920K, committed 9280K, reserved 1048576K
}
Event: 85.491 GC heap before
{Heap before GC invocations=102 (full 0):
 garbage-first heap   total 1441792K, used 1305524K [0x000000060a000000, 0x0000000800000000)
  region size 4096K, 17 young (69632K), 2 survivors (8192K)
 Metaspace       used 83375K, committed 84032K, reserved 1179648K
  class space    used 8921K, committed 9280K, reserved 1048576K
}
Event: 85.495 GC heap after
{Heap after GC invocations=103 (full 0):
 garbage-first heap   total 1441792K, used 1251421K [0x000000060a000000, 0x0000000800000000)
  region size 4096K, 2 young (8192K), 2 survivors (8192K)
 Metaspace       used 83375K, committed 84032K, reserved 1179648K
  class space    used 8921K, committed 9280K, reserved 1048576K
}
Event: 85.837 GC heap before
{Heap before GC invocations=103 (full 0):
 garbage-first heap   total 1441792K, used 1308765K [0x000000060a000000, 0x0000000800000000)
  region size 4096K, 17 young (69632K), 2 survivors (8192K)
 Metaspace       used 83390K, committed 84032K, reserved 1179648K
  class space    used 8921K, committed 9280K, reserved 1048576K
}
Event: 85.842 GC heap after
{Heap after GC invocations=104 (full 0):
 garbage-first heap   total 1441792K, used 1259084K [0x000000060a000000, 0x0000000800000000)
  region size 4096K, 2 young (8192K), 2 survivors (8192K)
 Metaspace       used 83390K, committed 84032K, reserved 1179648K
  class space    used 8921K, committed 9280K, reserved 1048576K
}
Event: 86.128 GC heap before
{Heap before GC invocations=104 (full 0):
 garbage-first heap   total 1441792K, used 1316428K [0x000000060a000000, 0x0000000800000000)
  region size 4096K, 17 young (69632K), 2 survivors (8192K)
 Metaspace       used 83395K, committed 84032K, reserved 1179648K
  class space    used 8921K, committed 9280K, reserved 1048576K
}
Event: 86.133 GC heap after
{Heap after GC invocations=105 (full 0):
 garbage-first heap   total 1441792K, used 1266168K [0x000000060a000000, 0x0000000800000000)
  region size 4096K, 2 young (8192K), 2 survivors (8192K)
 Metaspace       used 83395K, committed 84032K, reserved 1179648K
  class space    used 8921K, committed 9280K, reserved 1048576K
}
Event: 86.559 GC heap before
{Heap before GC invocations=105 (full 0):
 garbage-first heap   total 1441792K, used 1327608K [0x000000060a000000, 0x0000000800000000)
  region size 4096K, 17 young (69632K), 2 survivors (8192K)
 Metaspace       used 83419K, committed 84032K, reserved 1179648K
  class space    used 8921K, committed 9280K, reserved 1048576K
}
Event: 86.564 GC heap after
{Heap after GC invocations=106 (full 0):
 garbage-first heap   total 1441792K, used 1273319K [0x000000060a000000, 0x0000000800000000)
  region size 4096K, 2 young (8192K), 2 survivors (8192K)
 Metaspace       used 83419K, committed 84032K, reserved 1179648K
  class space    used 8921K, committed 9280K, reserved 1048576K
}

