# JRE version: OpenJDK Runtime Environment Microsoft-13106358 (17.0.18+8) (build 17.0.18+8-LTS)
# Java VM: OpenJDK 64-Bit Server VM Microsoft-13106358 (17.0.18+8-LTS, mixed mode, sharing, tiered, compressed oops, compressed class ptrs, g1 gc, windows-amd64)
GC Precious Log:
 CPUs: 16 total, 16 available
 Memory: 32125M
 Large Page Support: Disabled
 NUMA Support: Disabled
 Compressed Oops: Enabled (Zero based)
 Heap Region Size: 4M
 Heap Min Capacity: 8M
 Heap Initial Capacity: 504M
 Heap Max Capacity: 8032M
 Pre-touch: Disabled
 Parallel Workers: 13
 Concurrent Workers: 3
 Concurrent Refinement Workers: 13
 Periodic GC: Disabled
Heap:
 garbage-first heap   total 2252800K, used 1410816K [0x000000060a000000, 0x0000000800000000)
  region size 4096K, 15 young (61440K), 15 survivors (61440K)
 Metaspace       used 83905K, committed 84544K, reserved 1179648K
  class space    used 8931K, committed 9280K, reserved 1048576K
GC Heap History (20 events):
Event: 68.403 GC heap after
{Heap after GC invocations=113 (full 0):
 garbage-first heap   total 1466368K, used 1269746K [0x000000060a000000, 0x0000000800000000)
  region size 4096K, 2 young (8192K), 2 survivors (8192K)
 Metaspace       used 83350K, committed 84032K, reserved 1179648K
  class space    used 8920K, committed 9280K, reserved 1048576K
}
Event: 68.543 GC heap before
{Heap before GC invocations=113 (full 0):
 garbage-first heap   total 1466368K, used 1331186K [0x000000060a000000, 0x0000000800000000)
  region size 4096K, 17 young (69632K), 2 survivors (8192K)
 Metaspace       used 83358K, committed 84032K, reserved 1179648K
  class space    used 8920K, committed 9280K, reserved 1048576K
}
Event: 68.548 GC heap after
{Heap after GC invocations=114 (full 0):
 garbage-first heap   total 1466368K, used 1278457K [0x000000060a000000, 0x0000000800000000)
  region size 4096K, 3 young (12288K), 3 survivors (12288K)
 Metaspace       used 83358K, committed 84032K, reserved 1179648K
  class space    used 8920K, committed 9280K, reserved 1048576K
}
Event: 68.809 GC heap before
{Heap before GC invocations=114 (full 0):
 garbage-first heap   total 1466368K, used 1335801K [0x000000060a000000, 0x0000000800000000)
  region size 4096K, 17 young (69632K), 3 survivors (12288K)
 Metaspace       used 83426K, committed 84096K, reserved 1179648K
  class space    used 8921K, committed 9280K, reserved 1048576K
}
Event: 68.813 GC heap after
{Heap after GC invocations=115 (full 0):
 garbage-first heap   total 1466368K, used 1283540K [0x000000060a000000, 0x0000000800000000)
  region size 4096K, 2 young (8192K), 2 survivors (8192K)
 Metaspace       used 83426K, committed 84096K, reserved 1179648K
  class space    used 8921K, committed 9280K, reserved 1048576K
}
Event: 68.977 GC heap before
{Heap before GC invocations=115 (full 0):
 garbage-first heap   total 1466368K, used 1344980K [0x000000060a000000, 0x0000000800000000)
  region size 4096K, 17 young (69632K), 2 survivors (8192K)
 Metaspace       used 83433K, committed 84096K, reserved 1179648K
  class space    used 8921K, committed 9280K, reserved 1048576K
}
Event: 68.981 GC heap after
{Heap after GC invocations=116 (full 0):
 garbage-first heap   total 1466368K, used 1291122K [0x000000060a000000, 0x0000000800000000)
  region size 4096K, 2 young (8192K), 2 survivors (8192K)
 Metaspace       used 83433K, committed 84096K, reserved 1179648K
  class space    used 8921K, committed 9280K, reserved 1048576K
}
Event: 69.195 GC heap before
{Heap before GC invocations=116 (full 0):
 garbage-first heap   total 1466368K, used 1352562K [0x000000060a000000, 0x0000000800000000)
  region size 4096K, 17 young (69632K), 2 survivors (8192K)
 Metaspace       used 83453K, committed 84096K, reserved 1179648K
  class space    used 8921K, committed 9280K, reserved 1048576K
}
Event: 69.200 GC heap after
{Heap after GC invocations=117 (full 0):
 garbage-first heap   total 1466368K, used 1299659K [0x000000060a000000, 0x0000000800000000)
  region size 4096K, 3 young (12288K), 3 survivors (12288K)
 Metaspace       used 83453K, committed 84096K, reserved 1179648K
  class space    used 8921K, committed 9280K, reserved 1048576K
}
Event: 69.459 GC heap before
{Heap before GC invocations=117 (full 0):
 garbage-first heap   total 1466368K, used 1352907K [0x000000060a000000, 0x0000000800000000)
  region size 4096K, 17 young (69632K), 3 survivors (12288K)
 Metaspace       used 83470K, committed 84160K, reserved 1179648K
  class space    used 8921K, committed 9280K, reserved 1048576K
}
Event: 69.463 GC heap after
{Heap after GC invocations=118 (full 0):
 garbage-first heap   total 1466368K, used 1305474K [0x000000060a000000, 0x0000000800000000)
  region size 4096K, 2 young (8192K), 2 survivors (8192K)
 Metaspace       used 83470K, committed 84160K, reserved 1179648K
  class space    used 8921K, committed 9280K, reserved 1048576K
}
Event: 69.610 GC heap before
{Heap before GC invocations=118 (full 0):
 garbage-first heap   total 1466368K, used 1362818K [0x000000060a000000, 0x0000000800000000)
  region size 4096K, 17 young (69632K), 2 survivors (8192K)
 Metaspace       used 83476K, committed 84160K, reserved 1179648K
  class space    used 8921K, committed 9280K, reserved 1048576K
}
Event: 69.615 GC heap after
{Heap after GC invocations=119 (full 0):
 garbage-first heap   total 1466368K, used 1314710K [0x000000060a000000, 0x0000000800000000)
  region size 4096K, 3 young (12288K), 3 survivors (12288K)
 Metaspace       used 83476K, committed 84160K, reserved 1179648K
  class space    used 8921K, committed 9280K, reserved 1048576K
}
Event: 69.911 GC heap before
{Heap before GC invocations=119 (full 0):
 garbage-first heap   total 2252800K, used 1372054K [0x000000060a000000, 0x0000000800000000)
  region size 4096K, 17 young (69632K), 3 survivors (12288K)
 Metaspace       used 83484K, committed 84160K, reserved 1179648K
  class space    used 8921K, committed 9280K, reserved 1048576K
}
Event: 69.916 GC heap after
{Heap after GC invocations=120 (full 0):
 garbage-first heap   total 2252800K, used 1318844K [0x000000060a000000, 0x0000000800000000)
  region size 4096K, 2 young (8192K), 2 survivors (8192K)
 Metaspace       used 83484K, committed 84160K, reserved 1179648K
  class space    used 8921K, committed 9280K, reserved 1048576K
}
Event: 72.625 GC heap before
{Heap before GC invocations=121 (full 0):
 garbage-first heap   total 2252800K, used 1839036K [0x000000060a000000, 0x0000000800000000)
  region size 4096K, 129 young (528384K), 2 survivors (8192K)
 Metaspace       used 83785K, committed 84416K, reserved 1179648K
  class space    used 8930K, committed 9280K, reserved 1048576K
}
Event: 72.654 GC heap after
{Heap after GC invocations=122 (full 0):
 garbage-first heap   total 2252800K, used 1376058K [0x000000060a000000, 0x0000000800000000)
  region size 4096K, 16 young (65536K), 16 survivors (65536K)
 Metaspace       used 83785K, committed 84416K, reserved 1179648K
  class space    used 8930K, committed 9280K, reserved 1048576K
}
Event: 72.954 GC heap before
{Heap before GC invocations=122 (full 0):
 garbage-first heap   total 2252800K, used 1421114K [0x000000060a000000, 0x0000000800000000)
  region size 4096K, 27 young (110592K), 16 survivors (65536K)
 Metaspace       used 83792K, committed 84416K, reserved 1179648K
  class space    used 8930K, committed 9280K, reserved 1048576K
}
Event: 72.986 GC heap after
{Heap after GC invocations=123 (full 0):
 garbage-first heap   total 2252800K, used 1364979K [0x000000060a000000, 0x0000000800000000)
  region size 4096K, 4 young (16384K), 4 survivors (16384K)
 Metaspace       used 83792K, committed 84416K, reserved 1179648K
  class space    used 8930K, committed 9280K, reserved 1048576K
}
Event: 74.706 GC heap before
{Heap before GC invocations=123 (full 0):
 garbage-first heap   total 2252800K, used 1819635K [0x000000060a000000, 0x0000000800000000)
  region size 4096K, 115 young (471040K), 4 survivors (16384K)
 Metaspace       used 83905K, committed 84544K, reserved 1179648K
  class space    used 8931K, committed 9280K, reserved 1048576K
}

