# JRE version: OpenJDK Runtime Environment Microsoft-13106358 (17.0.18+8) (build 17.0.18+8-LTS)
# Java VM: OpenJDK 64-Bit Server VM Microsoft-13106358 (17.0.18+8-LTS, mixed mode, sharing, tiered, compressed oops, compressed class ptrs, g1 gc, windows-amd64)
GC Precious Log:
 CPUs: 16 total, 16 available
 Memory: 32125M
 Large Page Support: Disabled
 NUMA Support: Disabled
 Compressed Oops: Enabled (Zero based)
 Heap Region Size: 4M
 Heap Min Capacity: 8M
 Heap Initial Capacity: 504M
 Heap Max Capacity: 8032M
 Pre-touch: Disabled
 Parallel Workers: 13
 Concurrent Workers: 3
 Concurrent Refinement Workers: 13
 Periodic GC: Disabled
Heap:
 garbage-first heap   total 1228800K, used 1110869K [0x000000060a000000, 0x0000000800000000)
  region size 4096K, 12 young (49152K), 2 survivors (8192K)
 Metaspace       used 82964K, committed 83648K, reserved 1179648K
  class space    used 8915K, committed 9280K, reserved 1048576K
GC Heap History (20 events):
Event: 74.348 GC heap before
{Heap before GC invocations=119 (full 0):
 garbage-first heap   total 1228800K, used 1077231K [0x000000060a000000, 0x0000000800000000)
  region size 4096K, 23 young (94208K), 3 survivors (12288K)
 Metaspace       used 82721K, committed 83328K, reserved 1179648K
  class space    used 8899K, committed 9216K, reserved 1048576K
}
Event: 74.355 GC heap after
{Heap after GC invocations=120 (full 0):
 garbage-first heap   total 1228800K, used 1006845K [0x000000060a000000, 0x0000000800000000)
  region size 4096K, 3 young (12288K), 3 survivors (12288K)
 Metaspace       used 82721K, committed 83328K, reserved 1179648K
  class space    used 8899K, committed 9216K, reserved 1048576K
}
Event: 74.710 GC heap before
{Heap before GC invocations=120 (full 0):
 garbage-first heap   total 1228800K, used 1084669K [0x000000060a000000, 0x0000000800000000)
  region size 4096K, 20 young (81920K), 3 survivors (12288K)
 Metaspace       used 82746K, committed 83392K, reserved 1179648K
  class space    used 8900K, committed 9216K, reserved 1048576K
}
Event: 74.715 GC heap after
{Heap after GC invocations=121 (full 0):
 garbage-first heap   total 1228800K, used 1015839K [0x000000060a000000, 0x0000000800000000)
  region size 4096K, 3 young (12288K), 3 survivors (12288K)
 Metaspace       used 82746K, committed 83392K, reserved 1179648K
  class space    used 8900K, committed 9216K, reserved 1048576K
}
Event: 75.090 GC heap before
{Heap before GC invocations=121 (full 0):
 garbage-first heap   total 1228800K, used 1081375K [0x000000060a000000, 0x0000000800000000)
  region size 4096K, 18 young (73728K), 3 survivors (12288K)
 Metaspace       used 82776K, committed 83392K, reserved 1179648K
  class space    used 8903K, committed 9216K, reserved 1048576K
}
Event: 75.096 GC heap after
{Heap after GC invocations=122 (full 0):
 garbage-first heap   total 1228800K, used 1024145K [0x000000060a000000, 0x0000000800000000)
  region size 4096K, 3 young (12288K), 3 survivors (12288K)
 Metaspace       used 82776K, committed 83392K, reserved 1179648K
  class space    used 8903K, committed 9216K, reserved 1048576K
}
Event: 75.473 GC heap before
{Heap before GC invocations=122 (full 0):
 garbage-first heap   total 1228800K, used 1077393K [0x000000060a000000, 0x0000000800000000)
  region size 4096K, 16 young (65536K), 3 survivors (12288K)
 Metaspace       used 82780K, committed 83392K, reserved 1179648K
  class space    used 8903K, committed 9216K, reserved 1048576K
}
Event: 75.479 GC heap after
{Heap after GC invocations=123 (full 0):
 garbage-first heap   total 1228800K, used 1032090K [0x000000060a000000, 0x0000000800000000)
  region size 4096K, 2 young (8192K), 2 survivors (8192K)
 Metaspace       used 82780K, committed 83392K, reserved 1179648K
  class space    used 8903K, committed 9216K, reserved 1048576K
}
Event: 75.826 GC heap before
{Heap before GC invocations=123 (full 0):
 garbage-first heap   total 1228800K, used 1093530K [0x000000060a000000, 0x0000000800000000)
  region size 4096K, 15 young (61440K), 2 survivors (8192K)
 Metaspace       used 82788K, committed 83392K, reserved 1179648K
  class space    used 8903K, committed 9216K, reserved 1048576K
}
Event: 75.831 GC heap after
{Heap after GC invocations=124 (full 0):
 garbage-first heap   total 1228800K, used 1040724K [0x000000060a000000, 0x0000000800000000)
  region size 4096K, 2 young (8192K), 2 survivors (8192K)
 Metaspace       used 82788K, committed 83392K, reserved 1179648K
  class space    used 8903K, committed 9216K, reserved 1048576K
}
Event: 76.218 GC heap before
{Heap before GC invocations=124 (full 0):
 garbage-first heap   total 1228800K, used 1102164K [0x000000060a000000, 0x0000000800000000)
  region size 4096K, 15 young (61440K), 2 survivors (8192K)
 Metaspace       used 82811K, committed 83456K, reserved 1179648K
  class space    used 8906K, committed 9216K, reserved 1048576K
}
Event: 76.224 GC heap after
{Heap after GC invocations=125 (full 0):
 garbage-first heap   total 1228800K, used 1049612K [0x000000060a000000, 0x0000000800000000)
  region size 4096K, 2 young (8192K), 2 survivors (8192K)
 Metaspace       used 82811K, committed 83456K, reserved 1179648K
  class space    used 8906K, committed 9216K, reserved 1048576K
}
Event: 76.746 GC heap before
{Heap before GC invocations=125 (full 0):
 garbage-first heap   total 1228800K, used 1102860K [0x000000060a000000, 0x0000000800000000)
  region size 4096K, 15 young (61440K), 2 survivors (8192K)
 Metaspace       used 82855K, committed 83520K, reserved 1179648K
  class space    used 8906K, committed 9216K, reserved 1048576K
}
Event: 76.751 GC heap after
{Heap after GC invocations=126 (full 0):
 garbage-first heap   total 1228800K, used 1055250K [0x000000060a000000, 0x0000000800000000)
  region size 4096K, 2 young (8192K), 2 survivors (8192K)
 Metaspace       used 82855K, committed 83520K, reserved 1179648K
  class space    used 8906K, committed 9216K, reserved 1048576K
}
Event: 76.913 GC heap before
{Heap before GC invocations=126 (full 0):
 garbage-first heap   total 1228800K, used 1108498K [0x000000060a000000, 0x0000000800000000)
  region size 4096K, 15 young (61440K), 2 survivors (8192K)
 Metaspace       used 82859K, committed 83520K, reserved 1179648K
  class space    used 8906K, committed 9216K, reserved 1048576K
}
Event: 76.917 GC heap after
{Heap after GC invocations=127 (full 0):
 garbage-first heap   total 1228800K, used 1062180K [0x000000060a000000, 0x0000000800000000)
  region size 4096K, 2 young (8192K), 2 survivors (8192K)
 Metaspace       used 82859K, committed 83520K, reserved 1179648K
  class space    used 8906K, committed 9216K, reserved 1048576K
}
Event: 77.631 GC heap before
{Heap before GC invocations=127 (full 0):
 garbage-first heap   total 1228800K, used 1115428K [0x000000060a000000, 0x0000000800000000)
  region size 4096K, 15 young (61440K), 2 survivors (8192K)
 Metaspace       used 82910K, committed 83584K, reserved 1179648K
  class space    used 8910K, committed 9280K, reserved 1048576K
}
Event: 77.637 GC heap after
{Heap after GC invocations=128 (full 0):
 garbage-first heap   total 1228800K, used 1068429K [0x000000060a000000, 0x0000000800000000)
  region size 4096K, 2 young (8192K), 2 survivors (8192K)
 Metaspace       used 82910K, committed 83584K, reserved 1179648K
  class space    used 8910K, committed 9280K, reserved 1048576K
}
Event: 77.862 GC heap before
{Heap before GC invocations=128 (full 0):
 garbage-first heap   total 1228800K, used 1121677K [0x000000060a000000, 0x0000000800000000)
  region size 4096K, 15 young (61440K), 2 survivors (8192K)
 Metaspace       used 82910K, committed 83584K, reserved 1179648K
  class space    used 8910K, committed 9280K, reserved 1048576K
}
Event: 77.868 GC heap after
{Heap after GC invocations=129 (full 0):
 garbage-first heap   total 1228800K, used 1074005K [0x000000060a000000, 0x0000000800000000)
  region size 4096K, 2 young (8192K), 2 survivors (8192K)
 Metaspace       used 82910K, committed 83584K, reserved 1179648K
  class space    used 8910K, committed 9280K, reserved 1048576K
}

