# JRE version: OpenJDK Runtime Environment Microsoft-13106358 (17.0.18+8) (build 17.0.18+8-LTS)
# Java VM: OpenJDK 64-Bit Server VM Microsoft-13106358 (17.0.18+8-LTS, mixed mode, sharing, tiered, compressed oops, compressed class ptrs, g1 gc, windows-amd64)
GC Precious Log:
 CPUs: 16 total, 16 available
 Memory: 32125M
 Large Page Support: Disabled
 NUMA Support: Disabled
 Compressed Oops: Enabled (Zero based)
 Heap Region Size: 2M
 Heap Min Capacity: 8M
 Heap Initial Capacity: 502M
 Heap Max Capacity: 2560M
 Pre-touch: Disabled
 Parallel Workers: 13
 Concurrent Workers: 3
 Concurrent Refinement Workers: 13
 Periodic GC: Disabled
Heap:
 garbage-first heap   total 417792K, used 338165K [0x0000000760000000, 0x0000000800000000)
  region size 2048K, 9 young (18432K), 3 survivors (6144K)
 Metaspace       used 119203K, committed 120704K, reserved 1179648K
  class space    used 16493K, committed 17280K, reserved 1048576K
GC Heap History (20 events):
Event: 100.135 GC heap before
{Heap before GC invocations=57 (full 0):
 garbage-first heap   total 417792K, used 336793K [0x0000000760000000, 0x0000000800000000)
  region size 2048K, 51 young (104448K), 1 survivors (2048K)
 Metaspace       used 117967K, committed 119424K, reserved 1179648K
  class space    used 16429K, committed 17152K, reserved 1048576K
}
Event: 100.147 GC heap after
{Heap after GC invocations=58 (full 0):
 garbage-first heap   total 417792K, used 248554K [0x0000000760000000, 0x0000000800000000)
  region size 2048K, 7 young (14336K), 7 survivors (14336K)
 Metaspace       used 117967K, committed 119424K, reserved 1179648K
  class space    used 16429K, committed 17152K, reserved 1048576K
}
Event: 103.115 GC heap before
{Heap before GC invocations=58 (full 0):
 garbage-first heap   total 417792K, used 340714K [0x0000000760000000, 0x0000000800000000)
  region size 2048K, 52 young (106496K), 7 survivors (14336K)
 Metaspace       used 118150K, committed 119616K, reserved 1179648K
  class space    used 16433K, committed 17152K, reserved 1048576K
}
Event: 103.133 GC heap after
{Heap after GC invocations=59 (full 0):
 garbage-first heap   total 417792K, used 265805K [0x0000000760000000, 0x0000000800000000)
  region size 2048K, 7 young (14336K), 7 survivors (14336K)
 Metaspace       used 118150K, committed 119616K, reserved 1179648K
  class space    used 16433K, committed 17152K, reserved 1048576K
}
Event: 104.249 GC heap before
{Heap before GC invocations=59 (full 0):
 garbage-first heap   total 417792K, used 341581K [0x0000000760000000, 0x0000000800000000)
  region size 2048K, 44 young (90112K), 7 survivors (14336K)
 Metaspace       used 118167K, committed 119616K, reserved 1179648K
  class space    used 16433K, committed 17152K, reserved 1048576K
}
Event: 104.257 GC heap after
{Heap after GC invocations=60 (full 0):
 garbage-first heap   total 417792K, used 269907K [0x0000000760000000, 0x0000000800000000)
  region size 2048K, 2 young (4096K), 2 survivors (4096K)
 Metaspace       used 118167K, committed 119616K, reserved 1179648K
  class space    used 16433K, committed 17152K, reserved 1048576K
}
Event: 106.641 GC heap before
{Heap before GC invocations=60 (full 0):
 garbage-first heap   total 417792K, used 345683K [0x0000000760000000, 0x0000000800000000)
  region size 2048K, 39 young (79872K), 2 survivors (4096K)
 Metaspace       used 118271K, committed 119680K, reserved 1179648K
  class space    used 16439K, committed 17152K, reserved 1048576K
}
Event: 106.648 GC heap after
{Heap after GC invocations=61 (full 0):
 garbage-first heap   total 417792K, used 275668K [0x0000000760000000, 0x0000000800000000)
  region size 2048K, 5 young (10240K), 5 survivors (10240K)
 Metaspace       used 118271K, committed 119680K, reserved 1179648K
  class space    used 16439K, committed 17152K, reserved 1048576K
}
Event: 107.992 GC heap before
{Heap before GC invocations=61 (full 0):
 garbage-first heap   total 417792K, used 347348K [0x0000000760000000, 0x0000000800000000)
  region size 2048K, 40 young (81920K), 5 survivors (10240K)
 Metaspace       used 118475K, committed 119936K, reserved 1179648K
  class space    used 16459K, committed 17216K, reserved 1048576K
}
Event: 108.002 GC heap after
{Heap after GC invocations=62 (full 0):
 garbage-first heap   total 417792K, used 286931K [0x0000000760000000, 0x0000000800000000)
  region size 2048K, 5 young (10240K), 5 survivors (10240K)
 Metaspace       used 118475K, committed 119936K, reserved 1179648K
  class space    used 16459K, committed 17216K, reserved 1048576K
}
Event: 108.540 GC heap before
{Heap before GC invocations=62 (full 0):
 garbage-first heap   total 417792K, used 348371K [0x0000000760000000, 0x0000000800000000)
  region size 2048K, 35 young (71680K), 5 survivors (10240K)
 Metaspace       used 118653K, committed 120128K, reserved 1179648K
  class space    used 16468K, committed 17216K, reserved 1048576K
}
Event: 108.551 GC heap after
{Heap after GC invocations=63 (full 0):
 garbage-first heap   total 417792K, used 297465K [0x0000000760000000, 0x0000000800000000)
  region size 2048K, 5 young (10240K), 5 survivors (10240K)
 Metaspace       used 118653K, committed 120128K, reserved 1179648K
  class space    used 16468K, committed 17216K, reserved 1048576K
}
Event: 109.071 GC heap before
{Heap before GC invocations=63 (full 0):
 garbage-first heap   total 417792K, used 350713K [0x0000000760000000, 0x0000000800000000)
  region size 2048K, 31 young (63488K), 5 survivors (10240K)
 Metaspace       used 118767K, committed 120192K, reserved 1179648K
  class space    used 16471K, committed 17216K, reserved 1048576K
}
Event: 109.078 GC heap after
{Heap after GC invocations=64 (full 0):
 garbage-first heap   total 417792K, used 303395K [0x0000000760000000, 0x0000000800000000)
  region size 2048K, 3 young (6144K), 3 survivors (6144K)
 Metaspace       used 118767K, committed 120192K, reserved 1179648K
  class space    used 16471K, committed 17216K, reserved 1048576K
}
Event: 109.717 GC heap before
{Heap before GC invocations=64 (full 0):
 garbage-first heap   total 417792K, used 352547K [0x0000000760000000, 0x0000000800000000)
  region size 2048K, 27 young (55296K), 3 survivors (6144K)
 Metaspace       used 118829K, committed 120320K, reserved 1179648K
  class space    used 16471K, committed 17216K, reserved 1048576K
}
Event: 109.724 GC heap after
{Heap after GC invocations=65 (full 0):
 garbage-first heap   total 417792K, used 308903K [0x0000000760000000, 0x0000000800000000)
  region size 2048K, 3 young (6144K), 3 survivors (6144K)
 Metaspace       used 118829K, committed 120320K, reserved 1179648K
  class space    used 16471K, committed 17216K, reserved 1048576K
}
Event: 110.842 GC heap before
{Heap before GC invocations=65 (full 0):
 garbage-first heap   total 417792K, used 353959K [0x0000000760000000, 0x0000000800000000)
  region size 2048K, 25 young (51200K), 3 survivors (6144K)
 Metaspace       used 118927K, committed 120384K, reserved 1179648K
  class space    used 16475K, committed 17216K, reserved 1048576K
}
Event: 110.850 GC heap after
{Heap after GC invocations=66 (full 0):
 garbage-first heap   total 417792K, used 316016K [0x0000000760000000, 0x0000000800000000)
  region size 2048K, 4 young (8192K), 4 survivors (8192K)
 Metaspace       used 118927K, committed 120384K, reserved 1179648K
  class space    used 16475K, committed 17216K, reserved 1048576K
}
Event: 112.230 GC heap before
{Heap before GC invocations=66 (full 0):
 garbage-first heap   total 417792K, used 356976K [0x0000000760000000, 0x0000000800000000)
  region size 2048K, 24 young (49152K), 4 survivors (8192K)
 Metaspace       used 119180K, committed 120704K, reserved 1179648K
  class space    used 16493K, committed 17280K, reserved 1048576K
}
Event: 112.241 GC heap after
{Heap after GC invocations=67 (full 0):
 garbage-first heap   total 417792K, used 327925K [0x0000000760000000, 0x0000000800000000)
  region size 2048K, 3 young (6144K), 3 survivors (6144K)
 Metaspace       used 119180K, committed 120704K, reserved 1179648K
  class space    used 16493K, committed 17280K, reserved 1048576K
}

