# JRE version: OpenJDK Runtime Environment Microsoft-13106358 (17.0.18+8) (build 17.0.18+8-LTS)
# Java VM: OpenJDK 64-Bit Server VM Microsoft-13106358 (17.0.18+8-LTS, mixed mode, sharing, tiered, compressed oops, compressed class ptrs, g1 gc, windows-amd64)
GC Precious Log:
 CPUs: 16 total, 16 available
 Memory: 32125M
 Large Page Support: Disabled
 NUMA Support: Disabled
 Compressed Oops: Enabled (Zero based)
 Heap Region Size: 4M
 Heap Min Capacity: 8M
 Heap Initial Capacity: 504M
 Heap Max Capacity: 8032M
 Pre-touch: Disabled
 Parallel Workers: 13
 Concurrent Workers: 3
 Concurrent Refinement Workers: 13
 Periodic GC: Disabled
Heap:
 garbage-first heap   total 757760K, used 523276K [0x000000060a000000, 0x0000000800000000)
  region size 4096K, 5 young (20480K), 5 survivors (20480K)
 Metaspace       used 81594K, committed 82240K, reserved 1179648K
  class space    used 8866K, committed 9216K, reserved 1048576K
GC Heap History (20 events):
Event: 41.525 GC heap after
{Heap after GC invocations=53 (full 0):
 garbage-first heap   total 630784K, used 340972K [0x000000060a000000, 0x0000000800000000)
  region size 4096K, 7 young (28672K), 7 survivors (28672K)
 Metaspace       used 80318K, committed 80960K, reserved 1179648K
  class space    used 8833K, committed 9152K, reserved 1048576K
}
Event: 42.893 GC heap before
{Heap before GC invocations=53 (full 0):
 garbage-first heap   total 630784K, used 496620K [0x000000060a000000, 0x0000000800000000)
  region size 4096K, 45 young (184320K), 7 survivors (28672K)
 Metaspace       used 80586K, committed 81216K, reserved 1179648K
  class space    used 8838K, committed 9152K, reserved 1048576K
}
Event: 42.904 GC heap after
{Heap after GC invocations=54 (full 0):
 garbage-first heap   total 630784K, used 360451K [0x000000060a000000, 0x0000000800000000)
  region size 4096K, 6 young (24576K), 6 survivors (24576K)
 Metaspace       used 80586K, committed 81216K, reserved 1179648K
  class space    used 8838K, committed 9152K, reserved 1048576K
}
Event: 44.385 GC heap before
{Heap before GC invocations=54 (full 0):
 garbage-first heap   total 630784K, used 512003K [0x000000060a000000, 0x0000000800000000)
  region size 4096K, 41 young (167936K), 6 survivors (24576K)
 Metaspace       used 80957K, committed 81600K, reserved 1179648K
  class space    used 8849K, committed 9152K, reserved 1048576K
}
Event: 44.398 GC heap after
{Heap after GC invocations=55 (full 0):
 garbage-first heap   total 630784K, used 377995K [0x000000060a000000, 0x0000000800000000)
  region size 4096K, 5 young (20480K), 5 survivors (20480K)
 Metaspace       used 80957K, committed 81600K, reserved 1179648K
  class space    used 8849K, committed 9152K, reserved 1048576K
}
Event: 45.233 GC heap before
{Heap before GC invocations=55 (full 0):
 garbage-first heap   total 630784K, used 517259K [0x000000060a000000, 0x0000000800000000)
  region size 4096K, 37 young (151552K), 5 survivors (20480K)
 Metaspace       used 81027K, committed 81664K, reserved 1179648K
  class space    used 8849K, committed 9152K, reserved 1048576K
}
Event: 45.244 GC heap after
{Heap after GC invocations=56 (full 0):
 garbage-first heap   total 630784K, used 397165K [0x000000060a000000, 0x0000000800000000)
  region size 4096K, 5 young (20480K), 5 survivors (20480K)
 Metaspace       used 81027K, committed 81664K, reserved 1179648K
  class space    used 8849K, committed 9152K, reserved 1048576K
}
Event: 45.964 GC heap before
{Heap before GC invocations=56 (full 0):
 garbage-first heap   total 630784K, used 524141K [0x000000060a000000, 0x0000000800000000)
  region size 4096K, 34 young (139264K), 5 survivors (20480K)
 Metaspace       used 81080K, committed 81728K, reserved 1179648K
  class space    used 8849K, committed 9152K, reserved 1048576K
}
Event: 45.974 GC heap after
{Heap after GC invocations=57 (full 0):
 garbage-first heap   total 630784K, used 413861K [0x000000060a000000, 0x0000000800000000)
  region size 4096K, 5 young (20480K), 5 survivors (20480K)
 Metaspace       used 81080K, committed 81728K, reserved 1179648K
  class space    used 8849K, committed 9152K, reserved 1048576K
}
Event: 46.665 GC heap before
{Heap before GC invocations=57 (full 0):
 garbage-first heap   total 630784K, used 516261K [0x000000060a000000, 0x0000000800000000)
  region size 4096K, 30 young (122880K), 5 survivors (20480K)
 Metaspace       used 81157K, committed 81856K, reserved 1179648K
  class space    used 8853K, committed 9216K, reserved 1048576K
}
Event: 46.675 GC heap after
{Heap after GC invocations=58 (full 0):
 garbage-first heap   total 757760K, used 418154K [0x000000060a000000, 0x0000000800000000)
  region size 4096K, 4 young (16384K), 4 survivors (16384K)
 Metaspace       used 81157K, committed 81856K, reserved 1179648K
  class space    used 8853K, committed 9216K, reserved 1048576K
}
Event: 48.265 GC heap before
{Heap before GC invocations=58 (full 0):
 garbage-first heap   total 757760K, used 618858K [0x000000060a000000, 0x0000000800000000)
  region size 4096K, 49 young (200704K), 4 survivors (16384K)
 Metaspace       used 81301K, committed 81984K, reserved 1179648K
  class space    used 8855K, committed 9216K, reserved 1048576K
}
Event: 48.277 GC heap after
{Heap after GC invocations=59 (full 0):
 garbage-first heap   total 757760K, used 447450K [0x000000060a000000, 0x0000000800000000)
  region size 4096K, 7 young (28672K), 7 survivors (28672K)
 Metaspace       used 81301K, committed 81984K, reserved 1179648K
  class space    used 8855K, committed 9216K, reserved 1048576K
}
Event: 49.029 GC heap before
{Heap before GC invocations=59 (full 0):
 garbage-first heap   total 757760K, used 611290K [0x000000060a000000, 0x0000000800000000)
  region size 4096K, 47 young (192512K), 7 survivors (28672K)
 Metaspace       used 81398K, committed 82048K, reserved 1179648K
  class space    used 8856K, committed 9216K, reserved 1048576K
}
Event: 49.042 GC heap after
{Heap after GC invocations=60 (full 0):
 garbage-first heap   total 757760K, used 469701K [0x000000060a000000, 0x0000000800000000)
  region size 4096K, 6 young (24576K), 6 survivors (24576K)
 Metaspace       used 81398K, committed 82048K, reserved 1179648K
  class space    used 8856K, committed 9216K, reserved 1048576K
}
Event: 49.757 GC heap before
{Heap before GC invocations=60 (full 0):
 garbage-first heap   total 757760K, used 625349K [0x000000060a000000, 0x0000000800000000)
  region size 4096K, 42 young (172032K), 6 survivors (24576K)
 Metaspace       used 81465K, committed 82112K, reserved 1179648K
  class space    used 8859K, committed 9216K, reserved 1048576K
}
Event: 49.767 GC heap after
{Heap after GC invocations=61 (full 0):
 garbage-first heap   total 757760K, used 492653K [0x000000060a000000, 0x0000000800000000)
  region size 4096K, 6 young (24576K), 6 survivors (24576K)
 Metaspace       used 81465K, committed 82112K, reserved 1179648K
  class space    used 8859K, committed 9216K, reserved 1048576K
}
Event: 50.382 GC heap before
{Heap before GC invocations=61 (full 0):
 garbage-first heap   total 757760K, used 631917K [0x000000060a000000, 0x0000000800000000)
  region size 4096K, 38 young (155648K), 6 survivors (24576K)
 Metaspace       used 81531K, committed 82176K, reserved 1179648K
  class space    used 8862K, committed 9216K, reserved 1048576K
}
Event: 50.392 GC heap after
{Heap after GC invocations=62 (full 0):
 garbage-first heap   total 757760K, used 507523K [0x000000060a000000, 0x0000000800000000)
  region size 4096K, 5 young (20480K), 5 survivors (20480K)
 Metaspace       used 81531K, committed 82176K, reserved 1179648K
  class space    used 8862K, committed 9216K, reserved 1048576K
}
Event: 51.010 GC heap before
{Heap before GC invocations=62 (full 0):
 garbage-first heap   total 757760K, used 634499K [0x000000060a000000, 0x0000000800000000)
  region size 4096K, 34 young (139264K), 5 survivors (20480K)
 Metaspace       used 81594K, committed 82240K, reserved 1179648K
  class space    used 8866K, committed 9216K, reserved 1048576K
}

