# JRE version: OpenJDK Runtime Environment Microsoft-13106358 (17.0.18+8) (build 17.0.18+8-LTS)
# Java VM: OpenJDK 64-Bit Server VM Microsoft-13106358 (17.0.18+8-LTS, mixed mode, sharing, tiered, compressed oops, compressed class ptrs, g1 gc, windows-amd64)
GC Precious Log:
 CPUs: 16 total, 16 available
 Memory: 32125M
 Large Page Support: Disabled
 NUMA Support: Disabled
 Compressed Oops: Enabled (Zero based)
 Heap Region Size: 4M
 Heap Min Capacity: 8M
 Heap Initial Capacity: 504M
 Heap Max Capacity: 8032M
 Pre-touch: Disabled
 Parallel Workers: 13
 Concurrent Workers: 3
 Concurrent Refinement Workers: 13
 Periodic GC: Disabled
Heap:
 garbage-first heap   total 1863680K, used 1734248K [0x000000060a000000, 0x0000000800000000)
  region size 4096K, 16 young (65536K), 3 survivors (12288K)
 Metaspace       used 84196K, committed 84864K, reserved 1179648K
  class space    used 8930K, committed 9280K, reserved 1048576K
GC Heap History (20 events):
Event: 95.798 GC heap before
{Heap before GC invocations=123 (full 0):
 garbage-first heap   total 1863680K, used 1665285K [0x000000060a000000, 0x0000000800000000)
  region size 4096K, 22 young (90112K), 3 survivors (12288K)
 Metaspace       used 84072K, committed 84736K, reserved 1179648K
  class space    used 8923K, committed 9280K, reserved 1048576K
}
Event: 95.804 GC heap after
{Heap after GC invocations=124 (full 0):
 garbage-first heap   total 1863680K, used 1597320K [0x000000060a000000, 0x0000000800000000)
  region size 4096K, 3 young (12288K), 3 survivors (12288K)
 Metaspace       used 84072K, committed 84736K, reserved 1179648K
  class space    used 8923K, committed 9280K, reserved 1048576K
}
Event: 96.297 GC heap before
{Heap before GC invocations=124 (full 0):
 garbage-first heap   total 1863680K, used 1683336K [0x000000060a000000, 0x0000000800000000)
  region size 4096K, 22 young (90112K), 3 survivors (12288K)
 Metaspace       used 84076K, committed 84736K, reserved 1179648K
  class space    used 8923K, committed 9280K, reserved 1048576K
}
Event: 96.305 GC heap after
{Heap after GC invocations=125 (full 0):
 garbage-first heap   total 1863680K, used 1611327K [0x000000060a000000, 0x0000000800000000)
  region size 4096K, 3 young (12288K), 3 survivors (12288K)
 Metaspace       used 84076K, committed 84736K, reserved 1179648K
  class space    used 8923K, committed 9280K, reserved 1048576K
}
Event: 96.601 GC heap before
{Heap before GC invocations=125 (full 0):
 garbage-first heap   total 1863680K, used 1689151K [0x000000060a000000, 0x0000000800000000)
  region size 4096K, 22 young (90112K), 3 survivors (12288K)
 Metaspace       used 84076K, committed 84736K, reserved 1179648K
  class space    used 8923K, committed 9280K, reserved 1048576K
}
Event: 96.608 GC heap after
{Heap after GC invocations=126 (full 0):
 garbage-first heap   total 1863680K, used 1623387K [0x000000060a000000, 0x0000000800000000)
  region size 4096K, 3 young (12288K), 3 survivors (12288K)
 Metaspace       used 84076K, committed 84736K, reserved 1179648K
  class space    used 8923K, committed 9280K, reserved 1048576K
}
Event: 97.094 GC heap before
{Heap before GC invocations=126 (full 0):
 garbage-first heap   total 1863680K, used 1701211K [0x000000060a000000, 0x0000000800000000)
  region size 4096K, 22 young (90112K), 3 survivors (12288K)
 Metaspace       used 84096K, committed 84736K, reserved 1179648K
  class space    used 8927K, committed 9280K, reserved 1048576K
}
Event: 97.102 GC heap after
{Heap after GC invocations=127 (full 0):
 garbage-first heap   total 1863680K, used 1626044K [0x000000060a000000, 0x0000000800000000)
  region size 4096K, 3 young (12288K), 3 survivors (12288K)
 Metaspace       used 84096K, committed 84736K, reserved 1179648K
  class space    used 8927K, committed 9280K, reserved 1048576K
}
Event: 97.509 GC heap before
{Heap before GC invocations=127 (full 0):
 garbage-first heap   total 1863680K, used 1712060K [0x000000060a000000, 0x0000000800000000)
  region size 4096K, 22 young (90112K), 3 survivors (12288K)
 Metaspace       used 84110K, committed 84736K, reserved 1179648K
  class space    used 8927K, committed 9280K, reserved 1048576K
}
Event: 97.516 GC heap after
{Heap after GC invocations=128 (full 0):
 garbage-first heap   total 1863680K, used 1644642K [0x000000060a000000, 0x0000000800000000)
  region size 4096K, 3 young (12288K), 3 survivors (12288K)
 Metaspace       used 84110K, committed 84736K, reserved 1179648K
  class space    used 8927K, committed 9280K, reserved 1048576K
}
Event: 97.929 GC heap before
{Heap before GC invocations=128 (full 0):
 garbage-first heap   total 1863680K, used 1730658K [0x000000060a000000, 0x0000000800000000)
  region size 4096K, 22 young (90112K), 3 survivors (12288K)
 Metaspace       used 84155K, committed 84800K, reserved 1179648K
  class space    used 8930K, committed 9280K, reserved 1048576K
}
Event: 97.934 GC heap after
{Heap after GC invocations=129 (full 0):
 garbage-first heap   total 1863680K, used 1655234K [0x000000060a000000, 0x0000000800000000)
  region size 4096K, 3 young (12288K), 3 survivors (12288K)
 Metaspace       used 84155K, committed 84800K, reserved 1179648K
  class space    used 8930K, committed 9280K, reserved 1048576K
}
Event: 98.021 GC heap before
{Heap before GC invocations=129 (full 0):
 garbage-first heap   total 1863680K, used 1659330K [0x000000060a000000, 0x0000000800000000)
  region size 4096K, 5 young (20480K), 3 survivors (12288K)
 Metaspace       used 84162K, committed 84800K, reserved 1179648K
  class space    used 8930K, committed 9280K, reserved 1048576K
}
Event: 98.024 GC heap after
{Heap after GC invocations=130 (full 0):
 garbage-first heap   total 1863680K, used 1648319K [0x000000060a000000, 0x0000000800000000)
  region size 4096K, 1 young (4096K), 1 survivors (4096K)
 Metaspace       used 84162K, committed 84800K, reserved 1179648K
  class space    used 8930K, committed 9280K, reserved 1048576K
}
Event: 98.294 GC heap before
{Heap before GC invocations=130 (full 0):
 garbage-first heap   total 1863680K, used 1726143K [0x000000060a000000, 0x0000000800000000)
  region size 4096K, 19 young (77824K), 1 survivors (4096K)
 Metaspace       used 84171K, committed 84800K, reserved 1179648K
  class space    used 8930K, committed 9280K, reserved 1048576K
}
Event: 98.298 GC heap after
{Heap after GC invocations=131 (full 0):
 garbage-first heap   total 1863680K, used 1655923K [0x000000060a000000, 0x0000000800000000)
  region size 4096K, 3 young (12288K), 3 survivors (12288K)
 Metaspace       used 84171K, committed 84800K, reserved 1179648K
  class space    used 8930K, committed 9280K, reserved 1048576K
}
Event: 98.708 GC heap before
{Heap before GC invocations=131 (full 0):
 garbage-first heap   total 1863680K, used 1741939K [0x000000060a000000, 0x0000000800000000)
  region size 4096K, 22 young (90112K), 3 survivors (12288K)
 Metaspace       used 84172K, committed 84800K, reserved 1179648K
  class space    used 8930K, committed 9280K, reserved 1048576K
}
Event: 98.715 GC heap after
{Heap after GC invocations=132 (full 0):
 garbage-first heap   total 1863680K, used 1677009K [0x000000060a000000, 0x0000000800000000)
  region size 4096K, 3 young (12288K), 3 survivors (12288K)
 Metaspace       used 84172K, committed 84800K, reserved 1179648K
  class space    used 8930K, committed 9280K, reserved 1048576K
}
Event: 99.158 GC heap before
{Heap before GC invocations=132 (full 0):
 garbage-first heap   total 1863680K, used 1754833K [0x000000060a000000, 0x0000000800000000)
  region size 4096K, 22 young (90112K), 3 survivors (12288K)
 Metaspace       used 84174K, committed 84800K, reserved 1179648K
  class space    used 8930K, committed 9280K, reserved 1048576K
}
Event: 99.164 GC heap after
{Heap after GC invocations=133 (full 0):
 garbage-first heap   total 1863680K, used 1685096K [0x000000060a000000, 0x0000000800000000)
  region size 4096K, 3 young (12288K), 3 survivors (12288K)
 Metaspace       used 84174K, committed 84800K, reserved 1179648K
  class space    used 8930K, committed 9280K, reserved 1048576K
}

