# JRE version: OpenJDK Runtime Environment Microsoft-13106358 (17.0.18+8) (build 17.0.18+8-LTS)
# Java VM: OpenJDK 64-Bit Server VM Microsoft-13106358 (17.0.18+8-LTS, mixed mode, sharing, tiered, compressed oops, compressed class ptrs, g1 gc, windows-amd64)
GC Precious Log:
 CPUs: 16 total, 16 available
 Memory: 32125M
 Large Page Support: Disabled
 NUMA Support: Disabled
 Compressed Oops: Enabled (Zero based)
 Heap Region Size: 4M
 Heap Min Capacity: 8M
 Heap Initial Capacity: 504M
 Heap Max Capacity: 8032M
 Pre-touch: Disabled
 Parallel Workers: 13
 Concurrent Workers: 3
 Concurrent Refinement Workers: 13
 Periodic GC: Disabled
Heap:
 garbage-first heap   total 1556480K, used 869879K [0x000000060a000000, 0x0000000800000000)
  region size 4096K, 3 young (12288K), 3 survivors (12288K)
 Metaspace       used 82451K, committed 83136K, reserved 1179648K
  class space    used 8882K, committed 9216K, reserved 1048576K
GC Heap History (20 events):
Event: 67.575 GC heap after
{Heap after GC invocations=83 (full 0):
 garbage-first heap   total 1077248K, used 716087K [0x000000060a000000, 0x0000000800000000)
  region size 4096K, 7 young (28672K), 7 survivors (28672K)
 Metaspace       used 82200K, committed 82816K, reserved 1179648K
  class space    used 8877K, committed 9216K, reserved 1048576K
}
Event: 68.347 GC heap before
{Heap before GC invocations=83 (full 0):
 garbage-first heap   total 1077248K, used 896311K [0x000000060a000000, 0x0000000800000000)
  region size 4096K, 51 young (208896K), 7 survivors (28672K)
 Metaspace       used 82254K, committed 82880K, reserved 1179648K
  class space    used 8877K, committed 9216K, reserved 1048576K
}
Event: 68.360 GC heap after
{Heap after GC invocations=84 (full 0):
 garbage-first heap   total 1077248K, used 739273K [0x000000060a000000, 0x0000000800000000)
  region size 4096K, 6 young (24576K), 6 survivors (24576K)
 Metaspace       used 82254K, committed 82880K, reserved 1179648K
  class space    used 8877K, committed 9216K, reserved 1048576K
}
Event: 68.941 GC heap before
{Heap before GC invocations=84 (full 0):
 garbage-first heap   total 1077248K, used 919497K [0x000000060a000000, 0x0000000800000000)
  region size 4096K, 46 young (188416K), 6 survivors (24576K)
 Metaspace       used 82266K, committed 82880K, reserved 1179648K
  class space    used 8877K, committed 9216K, reserved 1048576K
}
Event: 68.951 GC heap after
{Heap after GC invocations=85 (full 0):
 garbage-first heap   total 1077248K, used 759293K [0x000000060a000000, 0x0000000800000000)
  region size 4096K, 5 young (20480K), 5 survivors (20480K)
 Metaspace       used 82266K, committed 82880K, reserved 1179648K
  class space    used 8877K, committed 9216K, reserved 1048576K
}
Event: 69.764 GC heap before
{Heap before GC invocations=85 (full 0):
 garbage-first heap   total 1077248K, used 910845K [0x000000060a000000, 0x0000000800000000)
  region size 4096K, 42 young (172032K), 5 survivors (20480K)
 Metaspace       used 82357K, committed 82944K, reserved 1179648K
  class space    used 8880K, committed 9216K, reserved 1048576K
}
Event: 69.774 GC heap after
{Heap after GC invocations=86 (full 0):
 garbage-first heap   total 1077248K, used 780414K [0x000000060a000000, 0x0000000800000000)
  region size 4096K, 6 young (24576K), 6 survivors (24576K)
 Metaspace       used 82357K, committed 82944K, reserved 1179648K
  class space    used 8880K, committed 9216K, reserved 1048576K
}
Event: 70.248 GC heap before
{Heap before GC invocations=86 (full 0):
 garbage-first heap   total 1077248K, used 911486K [0x000000060a000000, 0x0000000800000000)
  region size 4096K, 38 young (155648K), 6 survivors (24576K)
 Metaspace       used 82372K, committed 83008K, reserved 1179648K
  class space    used 8880K, committed 9216K, reserved 1048576K
}
Event: 70.257 GC heap after
{Heap after GC invocations=87 (full 0):
 garbage-first heap   total 1077248K, used 797677K [0x000000060a000000, 0x0000000800000000)
  region size 4096K, 5 young (20480K), 5 survivors (20480K)
 Metaspace       used 82372K, committed 83008K, reserved 1179648K
  class space    used 8880K, committed 9216K, reserved 1048576K
}
Event: 70.700 GC heap before
{Heap before GC invocations=87 (full 0):
 garbage-first heap   total 1077248K, used 916461K [0x000000060a000000, 0x0000000800000000)
  region size 4096K, 34 young (139264K), 5 survivors (20480K)
 Metaspace       used 82395K, committed 83008K, reserved 1179648K
  class space    used 8882K, committed 9216K, reserved 1048576K
}
Event: 70.709 GC heap after
{Heap after GC invocations=88 (full 0):
 garbage-first heap   total 1077248K, used 813859K [0x000000060a000000, 0x0000000800000000)
  region size 4096K, 5 young (20480K), 5 survivors (20480K)
 Metaspace       used 82395K, committed 83008K, reserved 1179648K
  class space    used 8882K, committed 9216K, reserved 1048576K
}
Event: 70.951 GC heap before
{Heap before GC invocations=88 (full 0):
 garbage-first heap   total 1077248K, used 920355K [0x000000060a000000, 0x0000000800000000)
  region size 4096K, 31 young (126976K), 5 survivors (20480K)
 Metaspace       used 82429K, committed 83008K, reserved 1179648K
  class space    used 8882K, committed 9216K, reserved 1048576K
}
Event: 70.957 GC heap after
{Heap after GC invocations=89 (full 0):
 garbage-first heap   total 1077248K, used 825098K [0x000000060a000000, 0x0000000800000000)
  region size 4096K, 3 young (12288K), 3 survivors (12288K)
 Metaspace       used 82429K, committed 83008K, reserved 1179648K
  class space    used 8882K, committed 9216K, reserved 1048576K
}
Event: 71.254 GC heap before
{Heap before GC invocations=89 (full 0):
 garbage-first heap   total 1077248K, used 923402K [0x000000060a000000, 0x0000000800000000)
  region size 4096K, 28 young (114688K), 3 survivors (12288K)
 Metaspace       used 82433K, committed 83008K, reserved 1179648K
  class space    used 8882K, committed 9216K, reserved 1048576K
}
Event: 71.260 GC heap after
{Heap after GC invocations=90 (full 0):
 garbage-first heap   total 1077248K, used 839465K [0x000000060a000000, 0x0000000800000000)
  region size 4096K, 4 young (16384K), 4 survivors (16384K)
 Metaspace       used 82433K, committed 83008K, reserved 1179648K
  class space    used 8882K, committed 9216K, reserved 1048576K
}
Event: 71.668 GC heap before
{Heap before GC invocations=90 (full 0):
 garbage-first heap   total 1077248K, used 933673K [0x000000060a000000, 0x0000000800000000)
  region size 4096K, 25 young (102400K), 4 survivors (16384K)
 Metaspace       used 82439K, committed 83072K, reserved 1179648K
  class space    used 8882K, committed 9216K, reserved 1048576K
}
Event: 71.675 GC heap after
{Heap after GC invocations=91 (full 0):
 garbage-first heap   total 1077248K, used 851603K [0x000000060a000000, 0x0000000800000000)
  region size 4096K, 4 young (16384K), 4 survivors (16384K)
 Metaspace       used 82439K, committed 83072K, reserved 1179648K
  class space    used 8882K, committed 9216K, reserved 1048576K
}
Event: 72.010 GC heap before
{Heap before GC invocations=91 (full 0):
 garbage-first heap   total 1077248K, used 929427K [0x000000060a000000, 0x0000000800000000)
  region size 4096K, 23 young (94208K), 4 survivors (16384K)
 Metaspace       used 82448K, committed 83136K, reserved 1179648K
  class space    used 8882K, committed 9216K, reserved 1048576K
}
Event: 72.017 GC heap after
{Heap after GC invocations=92 (full 0):
 garbage-first heap   total 1077248K, used 861203K [0x000000060a000000, 0x0000000800000000)
  region size 4096K, 3 young (12288K), 3 survivors (12288K)
 Metaspace       used 82448K, committed 83136K, reserved 1179648K
  class space    used 8882K, committed 9216K, reserved 1048576K
}
Event: 72.353 GC heap before
{Heap before GC invocations=92 (full 0):
 garbage-first heap   total 1556480K, used 934931K [0x000000060a000000, 0x0000000800000000)
  region size 4096K, 21 young (86016K), 3 survivors (12288K)
 Metaspace       used 82451K, committed 83136K, reserved 1179648K
  class space    used 8882K, committed 9216K, reserved 1048576K
}

