# JRE version: OpenJDK Runtime Environment Microsoft-13106358 (17.0.18+8) (build 17.0.18+8-LTS)
# Java VM: OpenJDK 64-Bit Server VM Microsoft-13106358 (17.0.18+8-LTS, mixed mode, sharing, tiered, compressed oops, compressed class ptrs, g1 gc, windows-amd64)
GC Precious Log:
 CPUs: 16 total, 16 available
 Memory: 32125M
 Large Page Support: Disabled
 NUMA Support: Disabled
 Compressed Oops: Enabled (Zero based)
 Heap Region Size: 4M
 Heap Min Capacity: 8M
 Heap Initial Capacity: 504M
 Heap Max Capacity: 8032M
 Pre-touch: Disabled
 Parallel Workers: 13
 Concurrent Workers: 3
 Concurrent Refinement Workers: 13
 Periodic GC: Disabled
Heap:
 garbage-first heap   total 2457600K, used 2268896K [0x000000060a000000, 0x0000000800000000)
  region size 4096K, 22 young (90112K), 4 survivors (16384K)
 Metaspace       used 84935K, committed 85568K, reserved 1179648K
  class space    used 8969K, committed 9280K, reserved 1048576K
GC Heap History (20 events):
Event: 137.204 GC heap before
{Heap before GC invocations=172 (full 0):
 garbage-first heap   total 2457600K, used 2188083K [0x000000060a000000, 0x0000000800000000)
  region size 4096K, 30 young (122880K), 4 survivors (16384K)
 Metaspace       used 84912K, committed 85568K, reserved 1179648K
  class space    used 8968K, committed 9280K, reserved 1048576K
}
Event: 137.212 GC heap after
{Heap after GC invocations=173 (full 0):
 garbage-first heap   total 2457600K, used 2095456K [0x000000060a000000, 0x0000000800000000)
  region size 4096K, 4 young (16384K), 4 survivors (16384K)
 Metaspace       used 84912K, committed 85568K, reserved 1179648K
  class space    used 8968K, committed 9280K, reserved 1048576K
}
Event: 137.530 GC heap before
{Heap before GC invocations=173 (full 0):
 garbage-first heap   total 2457600K, used 2201952K [0x000000060a000000, 0x0000000800000000)
  region size 4096K, 30 young (122880K), 4 survivors (16384K)
 Metaspace       used 84912K, committed 85568K, reserved 1179648K
  class space    used 8968K, committed 9280K, reserved 1048576K
}
Event: 137.537 GC heap after
{Heap after GC invocations=174 (full 0):
 garbage-first heap   total 2457600K, used 2107280K [0x000000060a000000, 0x0000000800000000)
  region size 4096K, 3 young (12288K), 3 survivors (12288K)
 Metaspace       used 84912K, committed 85568K, reserved 1179648K
  class space    used 8968K, committed 9280K, reserved 1048576K
}
Event: 137.810 GC heap before
{Heap before GC invocations=174 (full 0):
 garbage-first heap   total 2457600K, used 2217872K [0x000000060a000000, 0x0000000800000000)
  region size 4096K, 30 young (122880K), 3 survivors (12288K)
 Metaspace       used 84914K, committed 85568K, reserved 1179648K
  class space    used 8968K, committed 9280K, reserved 1048576K
}
Event: 137.816 GC heap after
{Heap after GC invocations=175 (full 0):
 garbage-first heap   total 2457600K, used 2119898K [0x000000060a000000, 0x0000000800000000)
  region size 4096K, 4 young (16384K), 4 survivors (16384K)
 Metaspace       used 84914K, committed 85568K, reserved 1179648K
  class space    used 8968K, committed 9280K, reserved 1048576K
}
Event: 138.060 GC heap before
{Heap before GC invocations=175 (full 0):
 garbage-first heap   total 2457600K, used 2226394K [0x000000060a000000, 0x0000000800000000)
  region size 4096K, 30 young (122880K), 4 survivors (16384K)
 Metaspace       used 84914K, committed 85568K, reserved 1179648K
  class space    used 8968K, committed 9280K, reserved 1048576K
}
Event: 138.066 GC heap after
{Heap after GC invocations=176 (full 0):
 garbage-first heap   total 2457600K, used 2132458K [0x000000060a000000, 0x0000000800000000)
  region size 4096K, 4 young (16384K), 4 survivors (16384K)
 Metaspace       used 84914K, committed 85568K, reserved 1179648K
  class space    used 8968K, committed 9280K, reserved 1048576K
}
Event: 138.386 GC heap before
{Heap before GC invocations=176 (full 0):
 garbage-first heap   total 2457600K, used 2238954K [0x000000060a000000, 0x0000000800000000)
  region size 4096K, 30 young (122880K), 4 survivors (16384K)
 Metaspace       used 84916K, committed 85568K, reserved 1179648K
  class space    used 8968K, committed 9280K, reserved 1048576K
}
Event: 138.391 GC heap after
{Heap after GC invocations=177 (full 0):
 garbage-first heap   total 2457600K, used 2141212K [0x000000060a000000, 0x0000000800000000)
  region size 4096K, 3 young (12288K), 3 survivors (12288K)
 Metaspace       used 84916K, committed 85568K, reserved 1179648K
  class space    used 8968K, committed 9280K, reserved 1048576K
}
Event: 138.718 GC heap before
{Heap before GC invocations=177 (full 0):
 garbage-first heap   total 2457600K, used 2251804K [0x000000060a000000, 0x0000000800000000)
  region size 4096K, 30 young (122880K), 3 survivors (12288K)
 Metaspace       used 84918K, committed 85568K, reserved 1179648K
  class space    used 8969K, committed 9280K, reserved 1048576K
}
Event: 138.723 GC heap after
{Heap after GC invocations=178 (full 0):
 garbage-first heap   total 2457600K, used 2151534K [0x000000060a000000, 0x0000000800000000)
  region size 4096K, 3 young (12288K), 3 survivors (12288K)
 Metaspace       used 84918K, committed 85568K, reserved 1179648K
  class space    used 8969K, committed 9280K, reserved 1048576K
}
Event: 139.087 GC heap before
{Heap before GC invocations=178 (full 0):
 garbage-first heap   total 2457600K, used 2262126K [0x000000060a000000, 0x0000000800000000)
  region size 4096K, 30 young (122880K), 3 survivors (12288K)
 Metaspace       used 84923K, committed 85568K, reserved 1179648K
  class space    used 8969K, committed 9280K, reserved 1048576K
}
Event: 139.093 GC heap after
{Heap after GC invocations=179 (full 0):
 garbage-first heap   total 2457600K, used 2163009K [0x000000060a000000, 0x0000000800000000)
  region size 4096K, 3 young (12288K), 3 survivors (12288K)
 Metaspace       used 84923K, committed 85568K, reserved 1179648K
  class space    used 8969K, committed 9280K, reserved 1048576K
}
Event: 139.563 GC heap before
{Heap before GC invocations=179 (full 0):
 garbage-first heap   total 2457600K, used 2273601K [0x000000060a000000, 0x0000000800000000)
  region size 4096K, 30 young (122880K), 3 survivors (12288K)
 Metaspace       used 84929K, committed 85568K, reserved 1179648K
  class space    used 8969K, committed 9280K, reserved 1048576K
}
Event: 139.568 GC heap after
{Heap after GC invocations=180 (full 0):
 garbage-first heap   total 2457600K, used 2174407K [0x000000060a000000, 0x0000000800000000)
  region size 4096K, 3 young (12288K), 3 survivors (12288K)
 Metaspace       used 84929K, committed 85568K, reserved 1179648K
  class space    used 8969K, committed 9280K, reserved 1048576K
}
Event: 140.014 GC heap before
{Heap before GC invocations=180 (full 0):
 garbage-first heap   total 2457600K, used 2284999K [0x000000060a000000, 0x0000000800000000)
  region size 4096K, 30 young (122880K), 3 survivors (12288K)
 Metaspace       used 84931K, committed 85568K, reserved 1179648K
  class space    used 8969K, committed 9280K, reserved 1048576K
}
Event: 140.021 GC heap after
{Heap after GC invocations=181 (full 0):
 garbage-first heap   total 2457600K, used 2186953K [0x000000060a000000, 0x0000000800000000)
  region size 4096K, 4 young (16384K), 4 survivors (16384K)
 Metaspace       used 84931K, committed 85568K, reserved 1179648K
  class space    used 8969K, committed 9280K, reserved 1048576K
}
Event: 140.449 GC heap before
{Heap before GC invocations=181 (full 0):
 garbage-first heap   total 2457600K, used 2293449K [0x000000060a000000, 0x0000000800000000)
  region size 4096K, 30 young (122880K), 4 survivors (16384K)
 Metaspace       used 84935K, committed 85568K, reserved 1179648K
  class space    used 8969K, committed 9280K, reserved 1048576K
}
Event: 140.455 GC heap after
{Heap after GC invocations=182 (full 0):
 garbage-first heap   total 2457600K, used 2199264K [0x000000060a000000, 0x0000000800000000)
  region size 4096K, 4 young (16384K), 4 survivors (16384K)
 Metaspace       used 84935K, committed 85568K, reserved 1179648K
  class space    used 8969K, committed 9280K, reserved 1048576K
}

