# JRE version: OpenJDK Runtime Environment Microsoft-13106358 (17.0.18+8) (build 17.0.18+8-LTS)
# Java VM: OpenJDK 64-Bit Server VM Microsoft-13106358 (17.0.18+8-LTS, mixed mode, sharing, tiered, compressed oops, compressed class ptrs, g1 gc, windows-amd64)
GC Precious Log:
 CPUs: 16 total, 16 available
 Memory: 32125M
 Large Page Support: Disabled
 NUMA Support: Disabled
 Compressed Oops: Enabled (Zero based)
 Heap Region Size: 2M
 Heap Min Capacity: 8M
 Heap Initial Capacity: 502M
 Heap Max Capacity: 2560M
 Pre-touch: Disabled
 Parallel Workers: 13
 Concurrent Workers: 3
 Concurrent Refinement Workers: 13
 Periodic GC: Disabled
Heap:
 garbage-first heap   total 514048K, used 342003K [0x0000000760000000, 0x0000000800000000)
  region size 2048K, 5 young (10240K), 1 survivors (2048K)
 Metaspace       used 115391K, committed 116928K, reserved 1179648K
  class space    used 15933K, committed 16704K, reserved 1048576K
GC Heap History (20 events):
Event: 79.354 GC heap before
{Heap before GC invocations=87 (full 0):
 garbage-first heap   total 407552K, used 351021K [0x0000000760000000, 0x0000000800000000)
  region size 2048K, 16 young (32768K), 3 survivors (6144K)
 Metaspace       used 115062K, committed 116544K, reserved 1179648K
  class space    used 15924K, committed 16704K, reserved 1048576K
}
Event: 79.362 GC heap after
{Heap after GC invocations=88 (full 0):
 garbage-first heap   total 407552K, used 332851K [0x0000000760000000, 0x0000000800000000)
  region size 2048K, 2 young (4096K), 2 survivors (4096K)
 Metaspace       used 115062K, committed 116544K, reserved 1179648K
  class space    used 15924K, committed 16704K, reserved 1048576K
}
Event: 80.667 GC heap before
{Heap before GC invocations=88 (full 0):
 garbage-first heap   total 407552K, used 353331K [0x0000000760000000, 0x0000000800000000)
  region size 2048K, 12 young (24576K), 2 survivors (4096K)
 Metaspace       used 115147K, committed 116608K, reserved 1179648K
  class space    used 15927K, committed 16704K, reserved 1048576K
}
Event: 80.676 GC heap after
{Heap after GC invocations=89 (full 0):
 garbage-first heap   total 407552K, used 340203K [0x0000000760000000, 0x0000000800000000)
  region size 2048K, 2 young (4096K), 2 survivors (4096K)
 Metaspace       used 115147K, committed 116608K, reserved 1179648K
  class space    used 15927K, committed 16704K, reserved 1048576K
}
Event: 86.024 GC heap before
{Heap before GC invocations=89 (full 0):
 garbage-first heap   total 407552K, used 356587K [0x0000000760000000, 0x0000000800000000)
  region size 2048K, 9 young (18432K), 2 survivors (4096K)
 Metaspace       used 115195K, committed 116672K, reserved 1179648K
  class space    used 15930K, committed 16704K, reserved 1048576K
}
Event: 86.029 GC heap after
{Heap after GC invocations=90 (full 0):
 garbage-first heap   total 407552K, used 344067K [0x0000000760000000, 0x0000000800000000)
  region size 2048K, 2 young (4096K), 2 survivors (4096K)
 Metaspace       used 115195K, committed 116672K, reserved 1179648K
  class space    used 15930K, committed 16704K, reserved 1048576K
}
Event: 86.183 GC heap before
{Heap before GC invocations=90 (full 0):
 garbage-first heap   total 407552K, used 358403K [0x0000000760000000, 0x0000000800000000)
  region size 2048K, 9 young (18432K), 2 survivors (4096K)
 Metaspace       used 115227K, committed 116736K, reserved 1179648K
  class space    used 15930K, committed 16704K, reserved 1048576K
}
Event: 86.185 GC heap after
{Heap after GC invocations=91 (full 0):
 garbage-first heap   total 407552K, used 344939K [0x0000000760000000, 0x0000000800000000)
  region size 2048K, 1 young (2048K), 1 survivors (2048K)
 Metaspace       used 115227K, committed 116736K, reserved 1179648K
  class space    used 15930K, committed 16704K, reserved 1048576K
}
Event: 86.427 GC heap before
{Heap before GC invocations=91 (full 0):
 garbage-first heap   total 407552K, used 361323K [0x0000000760000000, 0x0000000800000000)
  region size 2048K, 9 young (18432K), 1 survivors (2048K)
 Metaspace       used 115241K, committed 116800K, reserved 1179648K
  class space    used 15930K, committed 16704K, reserved 1048576K
}
Event: 86.431 GC heap after
{Heap after GC invocations=92 (full 0):
 garbage-first heap   total 407552K, used 347102K [0x0000000760000000, 0x0000000800000000)
  region size 2048K, 2 young (4096K), 2 survivors (4096K)
 Metaspace       used 115241K, committed 116800K, reserved 1179648K
  class space    used 15930K, committed 16704K, reserved 1048576K
}
Event: 86.526 GC heap before
{Heap before GC invocations=92 (full 0):
 garbage-first heap   total 407552K, used 361438K [0x0000000760000000, 0x0000000800000000)
  region size 2048K, 9 young (18432K), 2 survivors (4096K)
 Metaspace       used 115247K, committed 116800K, reserved 1179648K
  class space    used 15930K, committed 16704K, reserved 1048576K
}
Event: 86.530 GC heap after
{Heap after GC invocations=93 (full 0):
 garbage-first heap   total 407552K, used 348253K [0x0000000760000000, 0x0000000800000000)
  region size 2048K, 1 young (2048K), 1 survivors (2048K)
 Metaspace       used 115247K, committed 116800K, reserved 1179648K
  class space    used 15930K, committed 16704K, reserved 1048576K
}
Event: 86.741 GC heap before
{Heap before GC invocations=93 (full 0):
 garbage-first heap   total 407552K, used 362589K [0x0000000760000000, 0x0000000800000000)
  region size 2048K, 9 young (18432K), 1 survivors (2048K)
 Metaspace       used 115298K, committed 116800K, reserved 1179648K
  class space    used 15933K, committed 16704K, reserved 1048576K
}
Event: 86.744 GC heap after
{Heap after GC invocations=94 (full 0):
 garbage-first heap   total 407552K, used 348754K [0x0000000760000000, 0x0000000800000000)
  region size 2048K, 1 young (2048K), 1 survivors (2048K)
 Metaspace       used 115298K, committed 116800K, reserved 1179648K
  class space    used 15933K, committed 16704K, reserved 1048576K
}
Event: 87.219 GC heap before
{Heap before GC invocations=94 (full 0):
 garbage-first heap   total 407552K, used 365138K [0x0000000760000000, 0x0000000800000000)
  region size 2048K, 9 young (18432K), 1 survivors (2048K)
 Metaspace       used 115349K, committed 116864K, reserved 1179648K
  class space    used 15933K, committed 16704K, reserved 1048576K
}
Event: 87.224 GC heap after
{Heap after GC invocations=95 (full 0):
 garbage-first heap   total 407552K, used 352007K [0x0000000760000000, 0x0000000800000000)
  region size 2048K, 2 young (4096K), 2 survivors (4096K)
 Metaspace       used 115349K, committed 116864K, reserved 1179648K
  class space    used 15933K, committed 16704K, reserved 1048576K
}
Event: 87.411 GC heap before
{Heap before GC invocations=95 (full 0):
 garbage-first heap   total 407552K, used 364295K [0x0000000760000000, 0x0000000800000000)
  region size 2048K, 9 young (18432K), 2 survivors (4096K)
 Metaspace       used 115362K, committed 116864K, reserved 1179648K
  class space    used 15933K, committed 16704K, reserved 1048576K
}
Event: 87.417 GC heap after
{Heap after GC invocations=96 (full 0):
 garbage-first heap   total 407552K, used 354526K [0x0000000760000000, 0x0000000800000000)
  region size 2048K, 2 young (4096K), 2 survivors (4096K)
 Metaspace       used 115362K, committed 116864K, reserved 1179648K
  class space    used 15933K, committed 16704K, reserved 1048576K
}
Event: 87.660 GC heap before
{Heap before GC invocations=96 (full 0):
 garbage-first heap   total 407552K, used 368862K [0x0000000760000000, 0x0000000800000000)
  region size 2048K, 9 young (18432K), 2 survivors (4096K)
 Metaspace       used 115377K, committed 116864K, reserved 1179648K
  class space    used 15933K, committed 16704K, reserved 1048576K
}
Event: 87.664 GC heap after
{Heap after GC invocations=97 (full 0):
 garbage-first heap   total 407552K, used 356339K [0x0000000760000000, 0x0000000800000000)
  region size 2048K, 1 young (2048K), 1 survivors (2048K)
 Metaspace       used 115377K, committed 116864K, reserved 1179648K
  class space    used 15933K, committed 16704K, reserved 1048576K
}

