# JRE version: OpenJDK Runtime Environment Microsoft-13106358 (17.0.18+8) (build 17.0.18+8-LTS)
# Java VM: OpenJDK 64-Bit Server VM Microsoft-13106358 (17.0.18+8-LTS, mixed mode, sharing, tiered, compressed oops, compressed class ptrs, g1 gc, windows-amd64)
GC Precious Log:
 CPUs: 16 total, 16 available
 Memory: 32125M
 Large Page Support: Disabled
 NUMA Support: Disabled
 Compressed Oops: Enabled (Zero based)
 Heap Region Size: 4M
 Heap Min Capacity: 8M
 Heap Initial Capacity: 504M
 Heap Max Capacity: 8032M
 Pre-touch: Disabled
 Parallel Workers: 13
 Concurrent Workers: 3
 Concurrent Refinement Workers: 13
 Periodic GC: Disabled
Heap:
 garbage-first heap   total 1880064K, used 1701936K [0x000000060a000000, 0x0000000800000000)
  region size 4096K, 6 young (24576K), 3 survivors (12288K)
 Metaspace       used 84172K, committed 84800K, reserved 1179648K
  class space    used 8937K, committed 9280K, reserved 1048576K
GC Heap History (20 events):
Event: 82.939 GC heap before
{Heap before GC invocations=130 (full 0):
 garbage-first heap   total 1880064K, used 1674332K [0x000000060a000000, 0x0000000800000000)
  region size 4096K, 22 young (90112K), 3 survivors (12288K)
 Metaspace       used 84058K, committed 84672K, reserved 1179648K
  class space    used 8930K, committed 9280K, reserved 1048576K
}
Event: 82.946 GC heap after
{Heap after GC invocations=131 (full 0):
 garbage-first heap   total 1880064K, used 1607207K [0x000000060a000000, 0x0000000800000000)
  region size 4096K, 3 young (12288K), 3 survivors (12288K)
 Metaspace       used 84058K, committed 84672K, reserved 1179648K
  class space    used 8930K, committed 9280K, reserved 1048576K
}
Event: 83.488 GC heap before
{Heap before GC invocations=131 (full 0):
 garbage-first heap   total 1880064K, used 1693223K [0x000000060a000000, 0x0000000800000000)
  region size 4096K, 22 young (90112K), 3 survivors (12288K)
 Metaspace       used 84061K, committed 84672K, reserved 1179648K
  class space    used 8930K, committed 9280K, reserved 1048576K
}
Event: 83.498 GC heap after
{Heap after GC invocations=132 (full 0):
 garbage-first heap   total 1880064K, used 1620462K [0x000000060a000000, 0x0000000800000000)
  region size 4096K, 3 young (12288K), 3 survivors (12288K)
 Metaspace       used 84061K, committed 84672K, reserved 1179648K
  class space    used 8930K, committed 9280K, reserved 1048576K
}
Event: 83.865 GC heap before
{Heap before GC invocations=132 (full 0):
 garbage-first heap   total 1880064K, used 1698286K [0x000000060a000000, 0x0000000800000000)
  region size 4096K, 22 young (90112K), 3 survivors (12288K)
 Metaspace       used 84062K, committed 84672K, reserved 1179648K
  class space    used 8930K, committed 9280K, reserved 1048576K
}
Event: 83.873 GC heap after
{Heap after GC invocations=133 (full 0):
 garbage-first heap   total 1880064K, used 1632082K [0x000000060a000000, 0x0000000800000000)
  region size 4096K, 3 young (12288K), 3 survivors (12288K)
 Metaspace       used 84062K, committed 84672K, reserved 1179648K
  class space    used 8930K, committed 9280K, reserved 1048576K
}
Event: 84.344 GC heap before
{Heap before GC invocations=133 (full 0):
 garbage-first heap   total 1880064K, used 1709906K [0x000000060a000000, 0x0000000800000000)
  region size 4096K, 22 young (90112K), 3 survivors (12288K)
 Metaspace       used 84082K, committed 84736K, reserved 1179648K
  class space    used 8933K, committed 9280K, reserved 1048576K
}
Event: 84.350 GC heap after
{Heap after GC invocations=134 (full 0):
 garbage-first heap   total 1880064K, used 1639128K [0x000000060a000000, 0x0000000800000000)
  region size 4096K, 3 young (12288K), 3 survivors (12288K)
 Metaspace       used 84082K, committed 84736K, reserved 1179648K
  class space    used 8933K, committed 9280K, reserved 1048576K
}
Event: 84.837 GC heap before
{Heap before GC invocations=134 (full 0):
 garbage-first heap   total 1880064K, used 1725144K [0x000000060a000000, 0x0000000800000000)
  region size 4096K, 22 young (90112K), 3 survivors (12288K)
 Metaspace       used 84098K, committed 84736K, reserved 1179648K
  class space    used 8934K, committed 9280K, reserved 1048576K
}
Event: 84.844 GC heap after
{Heap after GC invocations=135 (full 0):
 garbage-first heap   total 1880064K, used 1650881K [0x000000060a000000, 0x0000000800000000)
  region size 4096K, 3 young (12288K), 3 survivors (12288K)
 Metaspace       used 84098K, committed 84736K, reserved 1179648K
  class space    used 8934K, committed 9280K, reserved 1048576K
}
Event: 85.150 GC heap before
{Heap before GC invocations=135 (full 0):
 garbage-first heap   total 1880064K, used 1736897K [0x000000060a000000, 0x0000000800000000)
  region size 4096K, 22 young (90112K), 3 survivors (12288K)
 Metaspace       used 84127K, committed 84736K, reserved 1179648K
  class space    used 8937K, committed 9280K, reserved 1048576K
}
Event: 85.156 GC heap after
{Heap after GC invocations=136 (full 0):
 garbage-first heap   total 1880064K, used 1660903K [0x000000060a000000, 0x0000000800000000)
  region size 4096K, 3 young (12288K), 3 survivors (12288K)
 Metaspace       used 84127K, committed 84736K, reserved 1179648K
  class space    used 8937K, committed 9280K, reserved 1048576K
}
Event: 85.231 GC heap before
{Heap before GC invocations=136 (full 0):
 garbage-first heap   total 1880064K, used 1669095K [0x000000060a000000, 0x0000000800000000)
  region size 4096K, 6 young (24576K), 3 survivors (12288K)
 Metaspace       used 84148K, committed 84800K, reserved 1179648K
  class space    used 8937K, committed 9280K, reserved 1048576K
}
Event: 85.234 GC heap after
{Heap after GC invocations=137 (full 0):
 garbage-first heap   total 1880064K, used 1654630K [0x000000060a000000, 0x0000000800000000)
  region size 4096K, 1 young (4096K), 1 survivors (4096K)
 Metaspace       used 84148K, committed 84800K, reserved 1179648K
  class space    used 8937K, committed 9280K, reserved 1048576K
}
Event: 85.560 GC heap before
{Heap before GC invocations=137 (full 0):
 garbage-first heap   total 1880064K, used 1757030K [0x000000060a000000, 0x0000000800000000)
  region size 4096K, 22 young (90112K), 1 survivors (4096K)
 Metaspace       used 84158K, committed 84800K, reserved 1179648K
  class space    used 8937K, committed 9280K, reserved 1048576K
}
Event: 85.565 GC heap after
{Heap after GC invocations=138 (full 0):
 garbage-first heap   total 1880064K, used 1675227K [0x000000060a000000, 0x0000000800000000)
  region size 4096K, 3 young (12288K), 3 survivors (12288K)
 Metaspace       used 84158K, committed 84800K, reserved 1179648K
  class space    used 8937K, committed 9280K, reserved 1048576K
}
Event: 85.836 GC heap before
{Heap before GC invocations=138 (full 0):
 garbage-first heap   total 1880064K, used 1753051K [0x000000060a000000, 0x0000000800000000)
  region size 4096K, 22 young (90112K), 3 survivors (12288K)
 Metaspace       used 84158K, committed 84800K, reserved 1179648K
  class space    used 8937K, committed 9280K, reserved 1048576K
}
Event: 85.842 GC heap after
{Heap after GC invocations=139 (full 0):
 garbage-first heap   total 1880064K, used 1683400K [0x000000060a000000, 0x0000000800000000)
  region size 4096K, 3 young (12288K), 3 survivors (12288K)
 Metaspace       used 84158K, committed 84800K, reserved 1179648K
  class space    used 8937K, committed 9280K, reserved 1048576K
}
Event: 86.183 GC heap before
{Heap before GC invocations=139 (full 0):
 garbage-first heap   total 1880064K, used 1761224K [0x000000060a000000, 0x0000000800000000)
  region size 4096K, 22 young (90112K), 3 survivors (12288K)
 Metaspace       used 84165K, committed 84800K, reserved 1179648K
  class space    used 8937K, committed 9280K, reserved 1048576K
}
Event: 86.189 GC heap after
{Heap after GC invocations=140 (full 0):
 garbage-first heap   total 1880064K, used 1693744K [0x000000060a000000, 0x0000000800000000)
  region size 4096K, 3 young (12288K), 3 survivors (12288K)
 Metaspace       used 84165K, committed 84800K, reserved 1179648K
  class space    used 8937K, committed 9280K, reserved 1048576K
}

