# JRE version: OpenJDK Runtime Environment (21.0.5) (build 21.0.5+-13047016-b750.29)
# Java VM: OpenJDK 64-Bit Server VM (21.0.5+-13047016-b750.29, mixed mode, tiered, compressed oops, compressed class ptrs, g1 gc, windows-amd64)
GC Precious Log:
 CardTable entry size: 512
 Card Set container configuration: InlinePtr #cards 4 size 8 Array Of Cards #cards 16 size 48 Howl #buckets 8 coarsen threshold 3686 Howl Bitmap #cards 512 size 80 coarsen threshold 460 Card regions per heap region 1 cards per card region 4096
 CPUs: 16 total, 16 available
 Memory: 32125M
 Large Page Support: Disabled
 NUMA Support: Disabled
 Compressed Oops: Enabled (Zero based)
 Heap Region Size: 2M
 Heap Min Capacity: 8M
 Heap Initial Capacity: 502M
 Heap Max Capacity: 2560M
 Pre-touch: Disabled
 Parallel Workers: 13
 Concurrent Workers: 3
 Concurrent Refinement Workers: 13
 Periodic GC: Disabled
Heap:
 garbage-first heap   total 219136K, used 139339K [0x0000000760000000, 0x0000000800000000)
  region size 2048K, 11 young (22528K), 3 survivors (6144K)
 Metaspace       used 146207K, committed 148544K, reserved 1179648K
  class space    used 18696K, committed 19840K, reserved 1048576K
GC Heap History (20 events):
Event: 25.625 GC heap before
{Heap before GC invocations=38 (full 0):
 garbage-first heap   total 143360K, used 127276K [0x0000000760000000, 0x0000000800000000)
  region size 2048K, 21 young (43008K), 3 survivors (6144K)
 Metaspace       used 125313K, committed 127360K, reserved 1179648K
  class space    used 15668K, committed 16704K, reserved 1048576K
}
Event: 25.629 GC heap after
{Heap after GC invocations=39 (full 0):
 garbage-first heap   total 143360K, used 93544K [0x0000000760000000, 0x0000000800000000)
  region size 2048K, 2 young (4096K), 2 survivors (4096K)
 Metaspace       used 125313K, committed 127360K, reserved 1179648K
  class space    used 15668K, committed 16704K, reserved 1048576K
}
Event: 26.527 GC heap before
{Heap before GC invocations=40 (full 0):
 garbage-first heap   total 157696K, used 128360K [0x0000000760000000, 0x0000000800000000)
  region size 2048K, 19 young (38912K), 2 survivors (4096K)
 Metaspace       used 129150K, committed 131328K, reserved 1179648K
  class space    used 16310K, committed 17408K, reserved 1048576K
}
Event: 26.531 GC heap after
{Heap after GC invocations=41 (full 0):
 garbage-first heap   total 157696K, used 96279K [0x0000000760000000, 0x0000000800000000)
  region size 2048K, 2 young (4096K), 2 survivors (4096K)
 Metaspace       used 129150K, committed 131328K, reserved 1179648K
  class space    used 16310K, committed 17408K, reserved 1048576K
}
Event: 27.120 GC heap before
{Heap before GC invocations=41 (full 0):
 garbage-first heap   total 157696K, used 139287K [0x0000000760000000, 0x0000000800000000)
  region size 2048K, 23 young (47104K), 2 survivors (4096K)
 Metaspace       used 131931K, committed 134144K, reserved 1179648K
  class space    used 16772K, committed 17920K, reserved 1048576K
}
Event: 27.125 GC heap after
{Heap after GC invocations=42 (full 0):
 garbage-first heap   total 157696K, used 90653K [0x0000000760000000, 0x0000000800000000)
  region size 2048K, 2 young (4096K), 2 survivors (4096K)
 Metaspace       used 131931K, committed 134144K, reserved 1179648K
  class space    used 16772K, committed 17920K, reserved 1048576K
}
Event: 27.943 GC heap before
{Heap before GC invocations=42 (full 0):
 garbage-first heap   total 157696K, used 139805K [0x0000000760000000, 0x0000000800000000)
  region size 2048K, 26 young (53248K), 2 survivors (4096K)
 Metaspace       used 134886K, committed 137088K, reserved 1179648K
  class space    used 17181K, committed 18304K, reserved 1048576K
}
Event: 27.950 GC heap after
{Heap after GC invocations=43 (full 0):
 garbage-first heap   total 157696K, used 95468K [0x0000000760000000, 0x0000000800000000)
  region size 2048K, 4 young (8192K), 4 survivors (8192K)
 Metaspace       used 134886K, committed 137088K, reserved 1179648K
  class space    used 17181K, committed 18304K, reserved 1048576K
}
Event: 28.957 GC heap before
{Heap before GC invocations=44 (full 0):
 garbage-first heap   total 161792K, used 150764K [0x0000000760000000, 0x0000000800000000)
  region size 2048K, 25 young (51200K), 4 survivors (8192K)
 Metaspace       used 139191K, committed 141440K, reserved 1179648K
  class space    used 17775K, committed 18880K, reserved 1048576K
}
Event: 28.963 GC heap after
{Heap after GC invocations=45 (full 0):
 garbage-first heap   total 165888K, used 112018K [0x0000000760000000, 0x0000000800000000)
  region size 2048K, 3 young (6144K), 3 survivors (6144K)
 Metaspace       used 139191K, committed 141440K, reserved 1179648K
  class space    used 17775K, committed 18880K, reserved 1048576K
}
Event: 29.555 GC heap before
{Heap before GC invocations=45 (full 0):
 garbage-first heap   total 165888K, used 146834K [0x0000000760000000, 0x0000000800000000)
  region size 2048K, 20 young (40960K), 3 survivors (6144K)
 Metaspace       used 141707K, committed 144000K, reserved 1179648K
  class space    used 18104K, committed 19264K, reserved 1048576K
}
Event: 29.561 GC heap after
{Heap after GC invocations=46 (full 0):
 garbage-first heap   total 165888K, used 100939K [0x0000000760000000, 0x0000000800000000)
  region size 2048K, 2 young (4096K), 2 survivors (4096K)
 Metaspace       used 141707K, committed 144000K, reserved 1179648K
  class space    used 18104K, committed 19264K, reserved 1048576K
}
Event: 30.292 GC heap before
{Heap before GC invocations=46 (full 0):
 garbage-first heap   total 165888K, used 145995K [0x0000000760000000, 0x0000000800000000)
  region size 2048K, 25 young (51200K), 2 survivors (4096K)
 Metaspace       used 143531K, committed 145728K, reserved 1179648K
  class space    used 18348K, committed 19456K, reserved 1048576K
}
Event: 30.298 GC heap after
{Heap after GC invocations=47 (full 0):
 garbage-first heap   total 165888K, used 107816K [0x0000000760000000, 0x0000000800000000)
  region size 2048K, 4 young (8192K), 4 survivors (8192K)
 Metaspace       used 143531K, committed 145728K, reserved 1179648K
  class space    used 18348K, committed 19456K, reserved 1048576K
}
Event: 30.739 GC heap before
{Heap before GC invocations=48 (full 0):
 garbage-first heap   total 182272K, used 146728K [0x0000000760000000, 0x0000000800000000)
  region size 2048K, 23 young (47104K), 4 survivors (8192K)
 Metaspace       used 143595K, committed 145792K, reserved 1179648K
  class space    used 18348K, committed 19456K, reserved 1048576K
}
Event: 30.747 GC heap after
{Heap after GC invocations=49 (full 0):
 garbage-first heap   total 182272K, used 116790K [0x0000000760000000, 0x0000000800000000)
  region size 2048K, 3 young (6144K), 3 survivors (6144K)
 Metaspace       used 143595K, committed 145792K, reserved 1179648K
  class space    used 18348K, committed 19456K, reserved 1048576K
}
Event: 30.997 GC heap before
{Heap before GC invocations=49 (full 0):
 garbage-first heap   total 182272K, used 159798K [0x0000000760000000, 0x0000000800000000)
  region size 2048K, 24 young (49152K), 3 survivors (6144K)
 Metaspace       used 143680K, committed 145920K, reserved 1179648K
  class space    used 18348K, committed 19456K, reserved 1048576K
}
Event: 31.003 GC heap after
{Heap after GC invocations=50 (full 0):
 garbage-first heap   total 182272K, used 120290K [0x0000000760000000, 0x0000000800000000)
  region size 2048K, 3 young (6144K), 3 survivors (6144K)
 Metaspace       used 143680K, committed 145920K, reserved 1179648K
  class space    used 18348K, committed 19456K, reserved 1048576K
}
Event: 32.090 GC heap before
{Heap before GC invocations=50 (full 0):
 garbage-first heap   total 182272K, used 161250K [0x0000000760000000, 0x0000000800000000)
  region size 2048K, 23 young (47104K), 3 survivors (6144K)
 Metaspace       used 144944K, committed 147200K, reserved 1179648K
  class space    used 18503K, committed 19648K, reserved 1048576K
}
Event: 32.096 GC heap after
{Heap after GC invocations=51 (full 0):
 garbage-first heap   total 219136K, used 125003K [0x0000000760000000, 0x0000000800000000)
  region size 2048K, 3 young (6144K), 3 survivors (6144K)
 Metaspace       used 144944K, committed 147200K, reserved 1179648K
  class space    used 18503K, committed 19648K, reserved 1048576K
}

