# JRE version: OpenJDK Runtime Environment Microsoft-13106358 (17.0.18+8) (build 17.0.18+8-LTS)
# Java VM: OpenJDK 64-Bit Server VM Microsoft-13106358 (17.0.18+8-LTS, mixed mode, sharing, tiered, compressed oops, compressed class ptrs, g1 gc, windows-amd64)
GC Precious Log:
 CPUs: 16 total, 16 available
 Memory: 32125M
 Large Page Support: Disabled
 NUMA Support: Disabled
 Compressed Oops: Enabled (Zero based)
 Heap Region Size: 4M
 Heap Min Capacity: 8M
 Heap Initial Capacity: 504M
 Heap Max Capacity: 8032M
 Pre-touch: Disabled
 Parallel Workers: 13
 Concurrent Workers: 3
 Concurrent Refinement Workers: 13
 Periodic GC: Disabled
Heap:
 garbage-first heap   total 2048000K, used 1798492K [0x000000060a000000, 0x0000000800000000)
  region size 4096K, 11 young (45056K), 3 survivors (12288K)
 Metaspace       used 84753K, committed 85440K, reserved 1179648K
  class space    used 8989K, committed 9344K, reserved 1048576K
GC Heap History (20 events):
Event: 337.549 GC heap before
{Heap before GC invocations=122 (full 0):
 garbage-first heap   total 2048000K, used 1787332K [0x000000060a000000, 0x0000000800000000)
  region size 4096K, 41 young (167936K), 6 survivors (24576K)
 Metaspace       used 84671K, committed 85312K, reserved 1179648K
  class space    used 8987K, committed 9344K, reserved 1048576K
}
Event: 337.560 GC heap after
{Heap after GC invocations=123 (full 0):
 garbage-first heap   total 2048000K, used 1657367K [0x000000060a000000, 0x0000000800000000)
  region size 4096K, 6 young (24576K), 6 survivors (24576K)
 Metaspace       used 84671K, committed 85312K, reserved 1179648K
  class space    used 8987K, committed 9344K, reserved 1048576K
}
Event: 338.031 GC heap before
{Heap before GC invocations=123 (full 0):
 garbage-first heap   total 2048000K, used 1784343K [0x000000060a000000, 0x0000000800000000)
  region size 4096K, 37 young (151552K), 6 survivors (24576K)
 Metaspace       used 84672K, committed 85376K, reserved 1179648K
  class space    used 8987K, committed 9344K, reserved 1048576K
}
Event: 338.040 GC heap after
{Heap after GC invocations=124 (full 0):
 garbage-first heap   total 2048000K, used 1672801K [0x000000060a000000, 0x0000000800000000)
  region size 4096K, 4 young (16384K), 4 survivors (16384K)
 Metaspace       used 84672K, committed 85376K, reserved 1179648K
  class space    used 8987K, committed 9344K, reserved 1048576K
}
Event: 338.633 GC heap before
{Heap before GC invocations=124 (full 0):
 garbage-first heap   total 2048000K, used 1803873K [0x000000060a000000, 0x0000000800000000)
  region size 4096K, 34 young (139264K), 4 survivors (16384K)
 Metaspace       used 84678K, committed 85376K, reserved 1179648K
  class space    used 8987K, committed 9344K, reserved 1048576K
}
Event: 338.642 GC heap after
{Heap after GC invocations=125 (full 0):
 garbage-first heap   total 2048000K, used 1692013K [0x000000060a000000, 0x0000000800000000)
  region size 4096K, 5 young (20480K), 5 survivors (20480K)
 Metaspace       used 84678K, committed 85376K, reserved 1179648K
  class space    used 8987K, committed 9344K, reserved 1048576K
}
Event: 339.138 GC heap before
{Heap before GC invocations=125 (full 0):
 garbage-first heap   total 2048000K, used 1806701K [0x000000060a000000, 0x0000000800000000)
  region size 4096K, 31 young (126976K), 5 survivors (20480K)
 Metaspace       used 84682K, committed 85376K, reserved 1179648K
  class space    used 8987K, committed 9344K, reserved 1048576K
}
Event: 339.147 GC heap after
{Heap after GC invocations=126 (full 0):
 garbage-first heap   total 2048000K, used 1703931K [0x000000060a000000, 0x0000000800000000)
  region size 4096K, 4 young (16384K), 4 survivors (16384K)
 Metaspace       used 84682K, committed 85376K, reserved 1179648K
  class space    used 8987K, committed 9344K, reserved 1048576K
}
Event: 339.670 GC heap before
{Heap before GC invocations=126 (full 0):
 garbage-first heap   total 2048000K, used 1798139K [0x000000060a000000, 0x0000000800000000)
  region size 4096K, 27 young (110592K), 4 survivors (16384K)
 Metaspace       used 84687K, committed 85376K, reserved 1179648K
  class space    used 8988K, committed 9344K, reserved 1048576K
}
Event: 339.677 GC heap after
{Heap after GC invocations=127 (full 0):
 garbage-first heap   total 2048000K, used 1715529K [0x000000060a000000, 0x0000000800000000)
  region size 4096K, 4 young (16384K), 4 survivors (16384K)
 Metaspace       used 84687K, committed 85376K, reserved 1179648K
  class space    used 8988K, committed 9344K, reserved 1048576K
}
Event: 340.044 GC heap before
{Heap before GC invocations=127 (full 0):
 garbage-first heap   total 2048000K, used 1809737K [0x000000060a000000, 0x0000000800000000)
  region size 4096K, 25 young (102400K), 4 survivors (16384K)
 Metaspace       used 84691K, committed 85376K, reserved 1179648K
  class space    used 8988K, committed 9344K, reserved 1048576K
}
Event: 340.052 GC heap after
{Heap after GC invocations=128 (full 0):
 garbage-first heap   total 2048000K, used 1727118K [0x000000060a000000, 0x0000000800000000)
  region size 4096K, 3 young (12288K), 3 survivors (12288K)
 Metaspace       used 84691K, committed 85376K, reserved 1179648K
  class space    used 8988K, committed 9344K, reserved 1048576K
}
Event: 340.464 GC heap before
{Heap before GC invocations=128 (full 0):
 garbage-first heap   total 2048000K, used 1821326K [0x000000060a000000, 0x0000000800000000)
  region size 4096K, 25 young (102400K), 3 survivors (12288K)
 Metaspace       used 84716K, committed 85376K, reserved 1179648K
  class space    used 8989K, committed 9344K, reserved 1048576K
}
Event: 340.471 GC heap after
{Heap after GC invocations=129 (full 0):
 garbage-first heap   total 2048000K, used 1739217K [0x000000060a000000, 0x0000000800000000)
  region size 4096K, 4 young (16384K), 4 survivors (16384K)
 Metaspace       used 84716K, committed 85376K, reserved 1179648K
  class space    used 8989K, committed 9344K, reserved 1048576K
}
Event: 340.706 GC heap before
{Heap before GC invocations=129 (full 0):
 garbage-first heap   total 2048000K, used 1829329K [0x000000060a000000, 0x0000000800000000)
  region size 4096K, 25 young (102400K), 4 survivors (16384K)
 Metaspace       used 84737K, committed 85440K, reserved 1179648K
  class space    used 8989K, committed 9344K, reserved 1048576K
}
Event: 340.713 GC heap after
{Heap after GC invocations=130 (full 0):
 garbage-first heap   total 2048000K, used 1749755K [0x000000060a000000, 0x0000000800000000)
  region size 4096K, 3 young (12288K), 3 survivors (12288K)
 Metaspace       used 84737K, committed 85440K, reserved 1179648K
  class space    used 8989K, committed 9344K, reserved 1048576K
}
Event: 340.979 GC heap before
{Heap before GC invocations=130 (full 0):
 garbage-first heap   total 2048000K, used 1839867K [0x000000060a000000, 0x0000000800000000)
  region size 4096K, 25 young (102400K), 3 survivors (12288K)
 Metaspace       used 84737K, committed 85440K, reserved 1179648K
  class space    used 8989K, committed 9344K, reserved 1048576K
}
Event: 340.985 GC heap after
{Heap after GC invocations=131 (full 0):
 garbage-first heap   total 2048000K, used 1760904K [0x000000060a000000, 0x0000000800000000)
  region size 4096K, 3 young (12288K), 3 survivors (12288K)
 Metaspace       used 84737K, committed 85440K, reserved 1179648K
  class space    used 8989K, committed 9344K, reserved 1048576K
}
Event: 341.751 GC heap before
{Heap before GC invocations=131 (full 0):
 garbage-first heap   total 2048000K, used 1851016K [0x000000060a000000, 0x0000000800000000)
  region size 4096K, 25 young (102400K), 3 survivors (12288K)
 Metaspace       used 84751K, committed 85440K, reserved 1179648K
  class space    used 8989K, committed 9344K, reserved 1048576K
}
Event: 341.759 GC heap after
{Heap after GC invocations=132 (full 0):
 garbage-first heap   total 2048000K, used 1769820K [0x000000060a000000, 0x0000000800000000)
  region size 4096K, 3 young (12288K), 3 survivors (12288K)
 Metaspace       used 84751K, committed 85440K, reserved 1179648K
  class space    used 8989K, committed 9344K, reserved 1048576K
}

