# JRE version: OpenJDK Runtime Environment Microsoft-13106358 (17.0.18+8) (build 17.0.18+8-LTS)
# Java VM: OpenJDK 64-Bit Server VM Microsoft-13106358 (17.0.18+8-LTS, mixed mode, sharing, tiered, compressed oops, compressed class ptrs, g1 gc, windows-amd64)
GC Precious Log:
 CPUs: 16 total, 16 available
 Memory: 32125M
 Large Page Support: Disabled
 NUMA Support: Disabled
 Compressed Oops: Enabled (Zero based)
 Heap Region Size: 2M
 Heap Min Capacity: 8M
 Heap Initial Capacity: 502M
 Heap Max Capacity: 2560M
 Pre-touch: Disabled
 Parallel Workers: 13
 Concurrent Workers: 3
 Concurrent Refinement Workers: 13
 Periodic GC: Disabled
Heap:
 garbage-first heap   total 352256K, used 214895K [0x0000000760000000, 0x0000000800000000)
  region size 2048K, 8 young (16384K), 6 survivors (12288K)
 Metaspace       used 141128K, committed 142272K, reserved 1179648K
  class space    used 18823K, committed 19392K, reserved 1048576K
GC Heap History (20 events):
Event: 61.458 GC heap before
{Heap before GC invocations=44 (full 0):
 garbage-first heap   total 303104K, used 242450K [0x0000000760000000, 0x0000000800000000)
  region size 2048K, 56 young (114688K), 7 survivors (14336K)
 Metaspace       used 102827K, committed 103936K, reserved 1179648K
  class space    used 14361K, committed 14912K, reserved 1048576K
}
Event: 61.477 GC heap after
{Heap after GC invocations=45 (full 0):
 garbage-first heap   total 303104K, used 148493K [0x0000000760000000, 0x0000000800000000)
  region size 2048K, 5 young (10240K), 5 survivors (10240K)
 Metaspace       used 102827K, committed 103936K, reserved 1179648K
  class space    used 14361K, committed 14912K, reserved 1048576K
}
Event: 64.915 GC heap before
{Heap before GC invocations=45 (full 0):
 garbage-first heap   total 303104K, used 248845K [0x0000000760000000, 0x0000000800000000)
  region size 2048K, 51 young (104448K), 5 survivors (10240K)
 Metaspace       used 112752K, committed 113920K, reserved 1179648K
  class space    used 16037K, committed 16576K, reserved 1048576K
}
Event: 64.928 GC heap after
{Heap after GC invocations=46 (full 0):
 garbage-first heap   total 303104K, used 166759K [0x0000000760000000, 0x0000000800000000)
  region size 2048K, 7 young (14336K), 7 survivors (14336K)
 Metaspace       used 112752K, committed 113920K, reserved 1179648K
  class space    used 16037K, committed 16576K, reserved 1048576K
}
Event: 66.367 GC heap before
{Heap before GC invocations=46 (full 0):
 garbage-first heap   total 303104K, used 242535K [0x0000000760000000, 0x0000000800000000)
  region size 2048K, 44 young (90112K), 7 survivors (14336K)
 Metaspace       used 113996K, committed 115072K, reserved 1179648K
  class space    used 16180K, committed 16704K, reserved 1048576K
}
Event: 66.385 GC heap after
{Heap after GC invocations=47 (full 0):
 garbage-first heap   total 303104K, used 178370K [0x0000000760000000, 0x0000000800000000)
  region size 2048K, 6 young (12288K), 6 survivors (12288K)
 Metaspace       used 113996K, committed 115072K, reserved 1179648K
  class space    used 16180K, committed 16704K, reserved 1048576K
}
Event: 68.558 GC heap before
{Heap before GC invocations=47 (full 0):
 garbage-first heap   total 303104K, used 245954K [0x0000000760000000, 0x0000000800000000)
  region size 2048K, 36 young (73728K), 6 survivors (12288K)
 Metaspace       used 119400K, committed 120512K, reserved 1179648K
  class space    used 16752K, committed 17280K, reserved 1048576K
}
Event: 68.570 GC heap after
{Heap after GC invocations=48 (full 0):
 garbage-first heap   total 303104K, used 192918K [0x0000000760000000, 0x0000000800000000)
  region size 2048K, 4 young (8192K), 4 survivors (8192K)
 Metaspace       used 119400K, committed 120512K, reserved 1179648K
  class space    used 16752K, committed 17280K, reserved 1048576K
}
Event: 68.657 GC heap before
{Heap before GC invocations=48 (full 0):
 garbage-first heap   total 303104K, used 192918K [0x0000000760000000, 0x0000000800000000)
  region size 2048K, 6 young (12288K), 4 survivors (8192K)
 Metaspace       used 119547K, committed 120576K, reserved 1179648K
  class space    used 16776K, committed 17280K, reserved 1048576K
}
Event: 68.663 GC heap after
{Heap after GC invocations=49 (full 0):
 garbage-first heap   total 303104K, used 193298K [0x0000000760000000, 0x0000000800000000)
  region size 2048K, 1 young (2048K), 1 survivors (2048K)
 Metaspace       used 119547K, committed 120576K, reserved 1179648K
  class space    used 16776K, committed 17280K, reserved 1048576K
}
Event: 71.744 GC heap before
{Heap before GC invocations=50 (full 0):
 garbage-first heap   total 335872K, used 244498K [0x0000000760000000, 0x0000000800000000)
  region size 2048K, 27 young (55296K), 1 survivors (2048K)
 Metaspace       used 125600K, committed 126720K, reserved 1179648K
  class space    used 17382K, committed 17920K, reserved 1048576K
}
Event: 71.749 GC heap after
{Heap after GC invocations=51 (full 0):
 garbage-first heap   total 335872K, used 195080K [0x0000000760000000, 0x0000000800000000)
  region size 2048K, 2 young (4096K), 2 survivors (4096K)
 Metaspace       used 125600K, committed 126720K, reserved 1179648K
  class space    used 17382K, committed 17920K, reserved 1048576K
}
Event: 72.106 GC heap before
{Heap before GC invocations=51 (full 0):
 garbage-first heap   total 335872K, used 207368K [0x0000000760000000, 0x0000000800000000)
  region size 2048K, 8 young (16384K), 2 survivors (4096K)
 Metaspace       used 126606K, committed 127680K, reserved 1179648K
  class space    used 17478K, committed 17984K, reserved 1048576K
}
Event: 72.115 GC heap after
{Heap after GC invocations=52 (full 0):
 garbage-first heap   total 335872K, used 192876K [0x0000000760000000, 0x0000000800000000)
  region size 2048K, 1 young (2048K), 1 survivors (2048K)
 Metaspace       used 126606K, committed 127680K, reserved 1179648K
  class space    used 17478K, committed 17984K, reserved 1048576K
}
Event: 74.560 GC heap before
{Heap before GC invocations=52 (full 0):
 garbage-first heap   total 335872K, used 272748K [0x0000000760000000, 0x0000000800000000)
  region size 2048K, 40 young (81920K), 1 survivors (2048K)
 Metaspace       used 133297K, committed 134400K, reserved 1179648K
  class space    used 18303K, committed 18816K, reserved 1048576K
}
Event: 74.568 GC heap after
{Heap after GC invocations=53 (full 0):
 garbage-first heap   total 335872K, used 196888K [0x0000000760000000, 0x0000000800000000)
  region size 2048K, 3 young (6144K), 3 survivors (6144K)
 Metaspace       used 133297K, committed 134400K, reserved 1179648K
  class space    used 18303K, committed 18816K, reserved 1048576K
}
Event: 81.476 GC heap before
{Heap before GC invocations=54 (full 0):
 garbage-first heap   total 352256K, used 274712K [0x0000000760000000, 0x0000000800000000)
  region size 2048K, 41 young (83968K), 3 survivors (6144K)
 Metaspace       used 136255K, committed 137408K, reserved 1179648K
  class space    used 18593K, committed 19136K, reserved 1048576K
}
Event: 81.489 GC heap after
{Heap after GC invocations=55 (full 0):
 garbage-first heap   total 352256K, used 203220K [0x0000000760000000, 0x0000000800000000)
  region size 2048K, 6 young (12288K), 6 survivors (12288K)
 Metaspace       used 136255K, committed 137408K, reserved 1179648K
  class space    used 18593K, committed 19136K, reserved 1048576K
}
Event: 81.944 GC heap before
{Heap before GC invocations=55 (full 0):
 garbage-first heap   total 352256K, used 205268K [0x0000000760000000, 0x0000000800000000)
  region size 2048K, 8 young (16384K), 6 survivors (12288K)
 Metaspace       used 136758K, committed 137856K, reserved 1179648K
  class space    used 18622K, committed 19136K, reserved 1048576K
}
Event: 81.954 GC heap after
{Heap after GC invocations=56 (full 0):
 garbage-first heap   total 352256K, used 203063K [0x0000000760000000, 0x0000000800000000)
  region size 2048K, 1 young (2048K), 1 survivors (2048K)
 Metaspace       used 136758K, committed 137856K, reserved 1179648K
  class space    used 18622K, committed 19136K, reserved 1048576K
}

