# JRE version: OpenJDK Runtime Environment Microsoft-13106358 (17.0.18+8) (build 17.0.18+8-LTS)
# Java VM: OpenJDK 64-Bit Server VM Microsoft-13106358 (17.0.18+8-LTS, mixed mode, sharing, tiered, compressed oops, compressed class ptrs, g1 gc, windows-amd64)
GC Precious Log:
 CPUs: 16 total, 16 available
 Memory: 32125M
 Large Page Support: Disabled
 NUMA Support: Disabled
 Compressed Oops: Enabled (Zero based)
 Heap Region Size: 4M
 Heap Min Capacity: 8M
 Heap Initial Capacity: 504M
 Heap Max Capacity: 8032M
 Pre-touch: Disabled
 Parallel Workers: 13
 Concurrent Workers: 3
 Concurrent Refinement Workers: 13
 Periodic GC: Disabled
Heap:
 garbage-first heap   total 958464K, used 795706K [0x000000060a000000, 0x0000000800000000)
  region size 4096K, 2 young (8192K), 2 survivors (8192K)
 Metaspace       used 82397K, committed 83008K, reserved 1179648K
  class space    used 8880K, committed 9216K, reserved 1048576K
GC Heap History (20 events):
Event: 56.857 GC heap after
{Heap after GC invocations=80 (full 0):
 garbage-first heap   total 958464K, used 691238K [0x000000060a000000, 0x0000000800000000)
  region size 4096K, 4 young (16384K), 4 survivors (16384K)
 Metaspace       used 82163K, committed 82752K, reserved 1179648K
  class space    used 8877K, committed 9216K, reserved 1048576K
}
Event: 57.592 GC heap before
{Heap before GC invocations=80 (full 0):
 garbage-first heap   total 958464K, used 810022K [0x000000060a000000, 0x0000000800000000)
  region size 4096K, 33 young (135168K), 4 survivors (16384K)
 Metaspace       used 82208K, committed 82816K, reserved 1179648K
  class space    used 8877K, committed 9216K, reserved 1048576K
}
Event: 57.601 GC heap after
{Heap after GC invocations=81 (full 0):
 garbage-first heap   total 958464K, used 708770K [0x000000060a000000, 0x0000000800000000)
  region size 4096K, 5 young (20480K), 5 survivors (20480K)
 Metaspace       used 82208K, committed 82816K, reserved 1179648K
  class space    used 8877K, committed 9216K, reserved 1048576K
}
Event: 58.035 GC heap before
{Heap before GC invocations=81 (full 0):
 garbage-first heap   total 958464K, used 815266K [0x000000060a000000, 0x0000000800000000)
  region size 4096K, 30 young (122880K), 5 survivors (20480K)
 Metaspace       used 82232K, committed 82816K, reserved 1179648K
  class space    used 8878K, committed 9216K, reserved 1048576K
}
Event: 58.043 GC heap after
{Heap after GC invocations=82 (full 0):
 garbage-first heap   total 958464K, used 724214K [0x000000060a000000, 0x0000000800000000)
  region size 4096K, 4 young (16384K), 4 survivors (16384K)
 Metaspace       used 82232K, committed 82816K, reserved 1179648K
  class space    used 8878K, committed 9216K, reserved 1048576K
}
Event: 58.351 GC heap before
{Heap before GC invocations=82 (full 0):
 garbage-first heap   total 958464K, used 818422K [0x000000060a000000, 0x0000000800000000)
  region size 4096K, 27 young (110592K), 4 survivors (16384K)
 Metaspace       used 82242K, committed 82880K, reserved 1179648K
  class space    used 8878K, committed 9216K, reserved 1048576K
}
Event: 58.357 GC heap after
{Heap after GC invocations=83 (full 0):
 garbage-first heap   total 958464K, used 733056K [0x000000060a000000, 0x0000000800000000)
  region size 4096K, 3 young (12288K), 3 survivors (12288K)
 Metaspace       used 82242K, committed 82880K, reserved 1179648K
  class space    used 8878K, committed 9216K, reserved 1048576K
}
Event: 58.770 GC heap before
{Heap before GC invocations=83 (full 0):
 garbage-first heap   total 958464K, used 823168K [0x000000060a000000, 0x0000000800000000)
  region size 4096K, 25 young (102400K), 3 survivors (12288K)
 Metaspace       used 82279K, committed 82880K, reserved 1179648K
  class space    used 8878K, committed 9216K, reserved 1048576K
}
Event: 58.776 GC heap after
{Heap after GC invocations=84 (full 0):
 garbage-first heap   total 958464K, used 743493K [0x000000060a000000, 0x0000000800000000)
  region size 4096K, 3 young (12288K), 3 survivors (12288K)
 Metaspace       used 82279K, committed 82880K, reserved 1179648K
  class space    used 8878K, committed 9216K, reserved 1048576K
}
Event: 59.218 GC heap before
{Heap before GC invocations=84 (full 0):
 garbage-first heap   total 958464K, used 833605K [0x000000060a000000, 0x0000000800000000)
  region size 4096K, 23 young (94208K), 3 survivors (12288K)
 Metaspace       used 82286K, committed 82880K, reserved 1179648K
  class space    used 8878K, committed 9216K, reserved 1048576K
}
Event: 59.225 GC heap after
{Heap after GC invocations=85 (full 0):
 garbage-first heap   total 958464K, used 755046K [0x000000060a000000, 0x0000000800000000)
  region size 4096K, 3 young (12288K), 3 survivors (12288K)
 Metaspace       used 82286K, committed 82880K, reserved 1179648K
  class space    used 8878K, committed 9216K, reserved 1048576K
}
Event: 59.552 GC heap before
{Heap before GC invocations=85 (full 0):
 garbage-first heap   total 958464K, used 832870K [0x000000060a000000, 0x0000000800000000)
  region size 4096K, 20 young (81920K), 3 survivors (12288K)
 Metaspace       used 82288K, committed 82880K, reserved 1179648K
  class space    used 8878K, committed 9216K, reserved 1048576K
}
Event: 59.557 GC heap after
{Heap after GC invocations=86 (full 0):
 garbage-first heap   total 958464K, used 763118K [0x000000060a000000, 0x0000000800000000)
  region size 4096K, 3 young (12288K), 3 survivors (12288K)
 Metaspace       used 82288K, committed 82880K, reserved 1179648K
  class space    used 8878K, committed 9216K, reserved 1048576K
}
Event: 59.767 GC heap before
{Heap before GC invocations=86 (full 0):
 garbage-first heap   total 958464K, used 824558K [0x000000060a000000, 0x0000000800000000)
  region size 4096K, 19 young (77824K), 3 survivors (12288K)
 Metaspace       used 82300K, committed 82880K, reserved 1179648K
  class space    used 8878K, committed 9216K, reserved 1048576K
}
Event: 59.771 GC heap after
{Heap after GC invocations=87 (full 0):
 garbage-first heap   total 958464K, used 771159K [0x000000060a000000, 0x0000000800000000)
  region size 4096K, 3 young (12288K), 3 survivors (12288K)
 Metaspace       used 82300K, committed 82880K, reserved 1179648K
  class space    used 8878K, committed 9216K, reserved 1048576K
}
Event: 60.273 GC heap before
{Heap before GC invocations=87 (full 0):
 garbage-first heap   total 958464K, used 828503K [0x000000060a000000, 0x0000000800000000)
  region size 4096K, 17 young (69632K), 3 survivors (12288K)
 Metaspace       used 82324K, committed 82944K, reserved 1179648K
  class space    used 8879K, committed 9216K, reserved 1048576K
}
Event: 60.278 GC heap after
{Heap after GC invocations=88 (full 0):
 garbage-first heap   total 958464K, used 779786K [0x000000060a000000, 0x0000000800000000)
  region size 4096K, 3 young (12288K), 3 survivors (12288K)
 Metaspace       used 82324K, committed 82944K, reserved 1179648K
  class space    used 8879K, committed 9216K, reserved 1048576K
}
Event: 60.486 GC heap before
{Heap before GC invocations=88 (full 0):
 garbage-first heap   total 958464K, used 828938K [0x000000060a000000, 0x0000000800000000)
  region size 4096K, 15 young (61440K), 3 survivors (12288K)
 Metaspace       used 82334K, committed 82944K, reserved 1179648K
  class space    used 8879K, committed 9216K, reserved 1048576K
}
Event: 60.491 GC heap after
{Heap after GC invocations=89 (full 0):
 garbage-first heap   total 958464K, used 785306K [0x000000060a000000, 0x0000000800000000)
  region size 4096K, 2 young (8192K), 2 survivors (8192K)
 Metaspace       used 82334K, committed 82944K, reserved 1179648K
  class space    used 8879K, committed 9216K, reserved 1048576K
}
Event: 60.811 GC heap before
{Heap before GC invocations=89 (full 0):
 garbage-first heap   total 958464K, used 830362K [0x000000060a000000, 0x0000000800000000)
  region size 4096K, 14 young (57344K), 2 survivors (8192K)
 Metaspace       used 82397K, committed 83008K, reserved 1179648K
  class space    used 8880K, committed 9216K, reserved 1048576K
}

