# JRE version: OpenJDK Runtime Environment Microsoft-13106358 (17.0.18+8) (build 17.0.18+8-LTS)
# Java VM: OpenJDK 64-Bit Server VM Microsoft-13106358 (17.0.18+8-LTS, mixed mode, sharing, tiered, compressed oops, compressed class ptrs, g1 gc, windows-amd64)
GC Precious Log:
 CPUs: 16 total, 16 available
 Memory: 32125M
 Large Page Support: Disabled
 NUMA Support: Disabled
 Compressed Oops: Enabled (Zero based)
 Heap Region Size: 4M
 Heap Min Capacity: 8M
 Heap Initial Capacity: 504M
 Heap Max Capacity: 8032M
 Pre-touch: Disabled
 Parallel Workers: 13
 Concurrent Workers: 3
 Concurrent Refinement Workers: 13
 Periodic GC: Disabled
Heap:
 garbage-first heap   total 1986560K, used 1806871K [0x000000060a000000, 0x0000000800000000)
  region size 4096K, 6 young (24576K), 3 survivors (12288K)
 Metaspace       used 84297K, committed 84928K, reserved 1179648K
  class space    used 8939K, committed 9280K, reserved 1048576K
GC Heap History (20 events):
Event: 159.145 GC heap before
{Heap before GC invocations=116 (full 0):
 garbage-first heap   total 1986560K, used 1770272K [0x000000060a000000, 0x0000000800000000)
  region size 4096K, 24 young (98304K), 3 survivors (12288K)
 Metaspace       used 84204K, committed 84864K, reserved 1179648K
  class space    used 8937K, committed 9280K, reserved 1048576K
}
Event: 159.157 GC heap after
{Heap after GC invocations=117 (full 0):
 garbage-first heap   total 1986560K, used 1699318K [0x000000060a000000, 0x0000000800000000)
  region size 4096K, 3 young (12288K), 3 survivors (12288K)
 Metaspace       used 84204K, committed 84864K, reserved 1179648K
  class space    used 8937K, committed 9280K, reserved 1048576K
}
Event: 159.712 GC heap before
{Heap before GC invocations=117 (full 0):
 garbage-first heap   total 1986560K, used 1793526K [0x000000060a000000, 0x0000000800000000)
  region size 4096K, 24 young (98304K), 3 survivors (12288K)
 Metaspace       used 84210K, committed 84864K, reserved 1179648K
  class space    used 8937K, committed 9280K, reserved 1048576K
}
Event: 159.724 GC heap after
{Heap after GC invocations=118 (full 0):
 garbage-first heap   total 1986560K, used 1710798K [0x000000060a000000, 0x0000000800000000)
  region size 4096K, 3 young (12288K), 3 survivors (12288K)
 Metaspace       used 84210K, committed 84864K, reserved 1179648K
  class space    used 8937K, committed 9280K, reserved 1048576K
}
Event: 160.521 GC heap before
{Heap before GC invocations=118 (full 0):
 garbage-first heap   total 1986560K, used 1796814K [0x000000060a000000, 0x0000000800000000)
  region size 4096K, 24 young (98304K), 3 survivors (12288K)
 Metaspace       used 84214K, committed 84864K, reserved 1179648K
  class space    used 8937K, committed 9280K, reserved 1048576K
}
Event: 160.533 GC heap after
{Heap after GC invocations=119 (full 0):
 garbage-first heap   total 1986560K, used 1721801K [0x000000060a000000, 0x0000000800000000)
  region size 4096K, 3 young (12288K), 3 survivors (12288K)
 Metaspace       used 84214K, committed 84864K, reserved 1179648K
  class space    used 8937K, committed 9280K, reserved 1048576K
}
Event: 161.167 GC heap before
{Heap before GC invocations=119 (full 0):
 garbage-first heap   total 1986560K, used 1816009K [0x000000060a000000, 0x0000000800000000)
  region size 4096K, 24 young (98304K), 3 survivors (12288K)
 Metaspace       used 84219K, committed 84864K, reserved 1179648K
  class space    used 8937K, committed 9280K, reserved 1048576K
}
Event: 161.180 GC heap after
{Heap after GC invocations=120 (full 0):
 garbage-first heap   total 1986560K, used 1734012K [0x000000060a000000, 0x0000000800000000)
  region size 4096K, 3 young (12288K), 3 survivors (12288K)
 Metaspace       used 84219K, committed 84864K, reserved 1179648K
  class space    used 8937K, committed 9280K, reserved 1048576K
}
Event: 161.847 GC heap before
{Heap before GC invocations=120 (full 0):
 garbage-first heap   total 1986560K, used 1828220K [0x000000060a000000, 0x0000000800000000)
  region size 4096K, 24 young (98304K), 3 survivors (12288K)
 Metaspace       used 84241K, committed 84864K, reserved 1179648K
  class space    used 8939K, committed 9280K, reserved 1048576K
}
Event: 161.858 GC heap after
{Heap after GC invocations=121 (full 0):
 garbage-first heap   total 1986560K, used 1745669K [0x000000060a000000, 0x0000000800000000)
  region size 4096K, 3 young (12288K), 3 survivors (12288K)
 Metaspace       used 84241K, committed 84864K, reserved 1179648K
  class space    used 8939K, committed 9280K, reserved 1048576K
}
Event: 162.290 GC heap before
{Heap before GC invocations=121 (full 0):
 garbage-first heap   total 1986560K, used 1839877K [0x000000060a000000, 0x0000000800000000)
  region size 4096K, 24 young (98304K), 3 survivors (12288K)
 Metaspace       used 84259K, committed 84928K, reserved 1179648K
  class space    used 8939K, committed 9280K, reserved 1048576K
}
Event: 162.300 GC heap after
{Heap after GC invocations=122 (full 0):
 garbage-first heap   total 1986560K, used 1753773K [0x000000060a000000, 0x0000000800000000)
  region size 4096K, 3 young (12288K), 3 survivors (12288K)
 Metaspace       used 84259K, committed 84928K, reserved 1179648K
  class space    used 8939K, committed 9280K, reserved 1048576K
}
Event: 162.863 GC heap before
{Heap before GC invocations=122 (full 0):
 garbage-first heap   total 1986560K, used 1835693K [0x000000060a000000, 0x0000000800000000)
  region size 4096K, 24 young (98304K), 3 survivors (12288K)
 Metaspace       used 84263K, committed 84928K, reserved 1179648K
  class space    used 8939K, committed 9280K, reserved 1048576K
}
Event: 162.871 GC heap after
{Heap after GC invocations=123 (full 0):
 garbage-first heap   total 1986560K, used 1765271K [0x000000060a000000, 0x0000000800000000)
  region size 4096K, 3 young (12288K), 3 survivors (12288K)
 Metaspace       used 84263K, committed 84928K, reserved 1179648K
  class space    used 8939K, committed 9280K, reserved 1048576K
}
Event: 163.861 GC heap before
{Heap before GC invocations=123 (full 0):
 garbage-first heap   total 1986560K, used 1851287K [0x000000060a000000, 0x0000000800000000)
  region size 4096K, 24 young (98304K), 3 survivors (12288K)
 Metaspace       used 84277K, committed 84928K, reserved 1179648K
  class space    used 8939K, committed 9280K, reserved 1048576K
}
Event: 163.870 GC heap after
{Heap after GC invocations=124 (full 0):
 garbage-first heap   total 1986560K, used 1773991K [0x000000060a000000, 0x0000000800000000)
  region size 4096K, 3 young (12288K), 3 survivors (12288K)
 Metaspace       used 84277K, committed 84928K, reserved 1179648K
  class space    used 8939K, committed 9280K, reserved 1048576K
}
Event: 165.085 GC heap before
{Heap before GC invocations=124 (full 0):
 garbage-first heap   total 1986560K, used 1860007K [0x000000060a000000, 0x0000000800000000)
  region size 4096K, 24 young (98304K), 3 survivors (12288K)
 Metaspace       used 84287K, committed 84928K, reserved 1179648K
  class space    used 8939K, committed 9280K, reserved 1048576K
}
Event: 165.096 GC heap after
{Heap after GC invocations=125 (full 0):
 garbage-first heap   total 1986560K, used 1786488K [0x000000060a000000, 0x0000000800000000)
  region size 4096K, 3 young (12288K), 3 survivors (12288K)
 Metaspace       used 84287K, committed 84928K, reserved 1179648K
  class space    used 8939K, committed 9280K, reserved 1048576K
}
Event: 165.991 GC heap before
{Heap before GC invocations=125 (full 0):
 garbage-first heap   total 1986560K, used 1880696K [0x000000060a000000, 0x0000000800000000)
  region size 4096K, 24 young (98304K), 3 survivors (12288K)
 Metaspace       used 84297K, committed 84928K, reserved 1179648K
  class space    used 8939K, committed 9280K, reserved 1048576K
}
Event: 166.003 GC heap after
{Heap after GC invocations=126 (full 0):
 garbage-first heap   total 1986560K, used 1798679K [0x000000060a000000, 0x0000000800000000)
  region size 4096K, 3 young (12288K), 3 survivors (12288K)
 Metaspace       used 84297K, committed 84928K, reserved 1179648K
  class space    used 8939K, committed 9280K, reserved 1048576K
}

