# JRE version: OpenJDK Runtime Environment Microsoft-13106358 (17.0.18+8) (build 17.0.18+8-LTS)
# Java VM: OpenJDK 64-Bit Server VM Microsoft-13106358 (17.0.18+8-LTS, mixed mode, sharing, tiered, compressed oops, compressed class ptrs, g1 gc, windows-amd64)
GC Precious Log:
 CPUs: 16 total, 16 available
 Memory: 32125M
 Large Page Support: Disabled
 NUMA Support: Disabled
 Compressed Oops: Enabled (Zero based)
 Heap Region Size: 4M
 Heap Min Capacity: 8M
 Heap Initial Capacity: 504M
 Heap Max Capacity: 8032M
 Pre-touch: Disabled
 Parallel Workers: 13
 Concurrent Workers: 3
 Concurrent Refinement Workers: 13
 Periodic GC: Disabled
Heap:
 garbage-first heap   total 1224704K, used 1086196K [0x000000060a000000, 0x0000000800000000)
  region size 4096K, 9 young (36864K), 2 survivors (8192K)
 Metaspace       used 82897K, committed 83584K, reserved 1179648K
  class space    used 8908K, committed 9280K, reserved 1048576K
GC Heap History (20 events):
Event: 74.911 GC heap before
{Heap before GC invocations=115 (full 0):
 garbage-first heap   total 1224704K, used 1067174K [0x000000060a000000, 0x0000000800000000)
  region size 4096K, 23 young (94208K), 3 survivors (12288K)
 Metaspace       used 82707K, committed 83328K, reserved 1179648K
  class space    used 8897K, committed 9216K, reserved 1048576K
}
Event: 74.919 GC heap after
{Heap after GC invocations=116 (full 0):
 garbage-first heap   total 1224704K, used 987679K [0x000000060a000000, 0x0000000800000000)
  region size 4096K, 3 young (12288K), 3 survivors (12288K)
 Metaspace       used 82707K, committed 83328K, reserved 1179648K
  class space    used 8897K, committed 9216K, reserved 1048576K
}
Event: 75.197 GC heap before
{Heap before GC invocations=116 (full 0):
 garbage-first heap   total 1224704K, used 1073695K [0x000000060a000000, 0x0000000800000000)
  region size 4096K, 22 young (90112K), 3 survivors (12288K)
 Metaspace       used 82710K, committed 83328K, reserved 1179648K
  class space    used 8897K, committed 9216K, reserved 1048576K
}
Event: 75.204 GC heap after
{Heap after GC invocations=117 (full 0):
 garbage-first heap   total 1224704K, used 998828K [0x000000060a000000, 0x0000000800000000)
  region size 4096K, 3 young (12288K), 3 survivors (12288K)
 Metaspace       used 82710K, committed 83328K, reserved 1179648K
  class space    used 8897K, committed 9216K, reserved 1048576K
}
Event: 75.573 GC heap before
{Heap before GC invocations=117 (full 0):
 garbage-first heap   total 1224704K, used 1076652K [0x000000060a000000, 0x0000000800000000)
  region size 4096K, 20 young (81920K), 3 survivors (12288K)
 Metaspace       used 82761K, committed 83392K, reserved 1179648K
  class space    used 8902K, committed 9216K, reserved 1048576K
}
Event: 75.578 GC heap after
{Heap after GC invocations=118 (full 0):
 garbage-first heap   total 1224704K, used 1016421K [0x000000060a000000, 0x0000000800000000)
  region size 4096K, 3 young (12288K), 3 survivors (12288K)
 Metaspace       used 82761K, committed 83392K, reserved 1179648K
  class space    used 8902K, committed 9216K, reserved 1048576K
}
Event: 75.755 GC heap before
{Heap before GC invocations=118 (full 0):
 garbage-first heap   total 1224704K, used 1081957K [0x000000060a000000, 0x0000000800000000)
  region size 4096K, 17 young (69632K), 3 survivors (12288K)
 Metaspace       used 82763K, committed 83392K, reserved 1179648K
  class space    used 8902K, committed 9216K, reserved 1048576K
}
Event: 75.760 GC heap after
{Heap after GC invocations=119 (full 0):
 garbage-first heap   total 1224704K, used 1023541K [0x000000060a000000, 0x0000000800000000)
  region size 4096K, 2 young (8192K), 2 survivors (8192K)
 Metaspace       used 82763K, committed 83392K, reserved 1179648K
  class space    used 8902K, committed 9216K, reserved 1048576K
}
Event: 76.139 GC heap before
{Heap before GC invocations=119 (full 0):
 garbage-first heap   total 1224704K, used 1076789K [0x000000060a000000, 0x0000000800000000)
  region size 4096K, 15 young (61440K), 2 survivors (8192K)
 Metaspace       used 82768K, committed 83392K, reserved 1179648K
  class space    used 8902K, committed 9216K, reserved 1048576K
}
Event: 76.145 GC heap after
{Heap after GC invocations=120 (full 0):
 garbage-first heap   total 1224704K, used 1031399K [0x000000060a000000, 0x0000000800000000)
  region size 4096K, 2 young (8192K), 2 survivors (8192K)
 Metaspace       used 82768K, committed 83392K, reserved 1179648K
  class space    used 8902K, committed 9216K, reserved 1048576K
}
Event: 76.497 GC heap before
{Heap before GC invocations=120 (full 0):
 garbage-first heap   total 1224704K, used 1088743K [0x000000060a000000, 0x0000000800000000)
  region size 4096K, 14 young (57344K), 2 survivors (8192K)
 Metaspace       used 82776K, committed 83392K, reserved 1179648K
  class space    used 8902K, committed 9216K, reserved 1048576K
}
Event: 76.503 GC heap after
{Heap after GC invocations=121 (full 0):
 garbage-first heap   total 1224704K, used 1039746K [0x000000060a000000, 0x0000000800000000)
  region size 4096K, 2 young (8192K), 2 survivors (8192K)
 Metaspace       used 82776K, committed 83392K, reserved 1179648K
  class space    used 8902K, committed 9216K, reserved 1048576K
}
Event: 76.866 GC heap before
{Heap before GC invocations=121 (full 0):
 garbage-first heap   total 1224704K, used 1072514K [0x000000060a000000, 0x0000000800000000)
  region size 4096K, 11 young (45056K), 2 survivors (8192K)
 Metaspace       used 82801K, committed 83456K, reserved 1179648K
  class space    used 8905K, committed 9216K, reserved 1048576K
}
Event: 76.870 GC heap after
{Heap after GC invocations=122 (full 0):
 garbage-first heap   total 1224704K, used 1035401K [0x000000060a000000, 0x0000000800000000)
  region size 4096K, 2 young (8192K), 2 survivors (8192K)
 Metaspace       used 82801K, committed 83456K, reserved 1179648K
  class space    used 8905K, committed 9216K, reserved 1048576K
}
Event: 77.078 GC heap before
{Heap before GC invocations=122 (full 0):
 garbage-first heap   total 1224704K, used 1092745K [0x000000060a000000, 0x0000000800000000)
  region size 4096K, 14 young (57344K), 2 survivors (8192K)
 Metaspace       used 82820K, committed 83456K, reserved 1179648K
  class space    used 8905K, committed 9216K, reserved 1048576K
}
Event: 77.082 GC heap after
{Heap after GC invocations=123 (full 0):
 garbage-first heap   total 1224704K, used 1049574K [0x000000060a000000, 0x0000000800000000)
  region size 4096K, 2 young (8192K), 2 survivors (8192K)
 Metaspace       used 82820K, committed 83456K, reserved 1179648K
  class space    used 8905K, committed 9216K, reserved 1048576K
}
Event: 77.328 GC heap before
{Heap before GC invocations=123 (full 0):
 garbage-first heap   total 1224704K, used 1098726K [0x000000060a000000, 0x0000000800000000)
  region size 4096K, 14 young (57344K), 2 survivors (8192K)
 Metaspace       used 82845K, committed 83456K, reserved 1179648K
  class space    used 8905K, committed 9216K, reserved 1048576K
}
Event: 77.331 GC heap after
{Heap after GC invocations=124 (full 0):
 garbage-first heap   total 1224704K, used 1054527K [0x000000060a000000, 0x0000000800000000)
  region size 4096K, 2 young (8192K), 2 survivors (8192K)
 Metaspace       used 82845K, committed 83456K, reserved 1179648K
  class space    used 8905K, committed 9216K, reserved 1048576K
}
Event: 77.753 GC heap before
{Heap before GC invocations=124 (full 0):
 garbage-first heap   total 1224704K, used 1103679K [0x000000060a000000, 0x0000000800000000)
  region size 4096K, 14 young (57344K), 2 survivors (8192K)
 Metaspace       used 82860K, committed 83520K, reserved 1179648K
  class space    used 8907K, committed 9280K, reserved 1048576K
}
Event: 77.759 GC heap after
{Heap after GC invocations=125 (full 0):
 garbage-first heap   total 1224704K, used 1061620K [0x000000060a000000, 0x0000000800000000)
  region size 4096K, 2 young (8192K), 2 survivors (8192K)
 Metaspace       used 82860K, committed 83520K, reserved 1179648K
  class space    used 8907K, committed 9280K, reserved 1048576K
}

