# JRE version: OpenJDK Runtime Environment Temurin-21.0.10+7 (21.0.10+7) (build 21.0.10+7-LTS)
# Java VM: OpenJDK 64-Bit Server VM Temurin-21.0.10+7 (21.0.10+7-LTS, mixed mode, sharing, tiered, compressed oops, compressed class ptrs, parallel gc, windows-amd64)
GC Precious Log:
 CardTable entry size: 512
 CPUs: 16 total, 16 available
 Memory: 32125M
 Large Page Support: Disabled
 NUMA Support: Disabled
 Compressed Oops: Enabled (32-bit)
 Alignments: Space 512K, Generation 512K, Heap 2M
 Heap Min Capacity: 100M
 Heap Initial Capacity: 100M
 Heap Max Capacity: 2G
 Pre-touch: Disabled
 Parallel Workers: 13
Heap:
 PSYoungGen      total 3072K, used 575K [0x00000000d5580000, 0x00000000d5900000, 0x0000000100000000)
  eden space 2048K, 18% used [0x00000000d5580000,0x00000000d55dfee8,0x00000000d5780000)
  from space 1024K, 18% used [0x00000000d5780000,0x00000000d57b0000,0x00000000d5880000)
  to   space 512K, 0% used [0x00000000d5880000,0x00000000d5880000,0x00000000d5900000)
 ParOldGen       total 206336K, used 134986K [0x0000000080000000, 0x000000008c980000, 0x00000000d5580000)
  object space 206336K, 65% used [0x0000000080000000,0x00000000883d2998,0x000000008c980000)
 Metaspace       used 96195K, committed 99392K, reserved 1179648K
  class space    used 12076K, committed 13312K, reserved 1048576K
GC Heap History (20 events):
Event: 2713.308 GC heap before
{Heap before GC invocations=788 (full 4):
 PSYoungGen      total 2560K, used 2368K [0x00000000d5580000, 0x00000000d5900000, 0x0000000100000000)
  eden space 1536K, 100% used [0x00000000d5580000,0x00000000d5700000,0x00000000d5700000)
  from space 1024K, 81% used [0x00000000d5700000,0x00000000d57d0000,0x00000000d5800000)
  to   space 1024K, 0% used [0x00000000d5800000,0x00000000d5800000,0x00000000d5900000)
 ParOldGen       total 206336K, used 129451K [0x0000000080000000, 0x000000008c980000, 0x00000000d5580000)
  object space 206336K, 62% used [0x0000000080000000,0x0000000087e6afd8,0x000000008c980000)
 Metaspace       used 96194K, committed 99392K, reserved 1179648K
  class space    used 12076K, committed 13312K, reserved 1048576K
}
Event: 2713.309 GC heap after
{Heap after GC invocations=788 (full 4):
 PSYoungGen      total 1536K, used 1000K [0x00000000d5580000, 0x00000000d5b80000, 0x0000000100000000)
  eden space 512K, 0% used [0x00000000d5580000,0x00000000d5580000,0x00000000d5600000)
  from space 1024K, 97% used [0x00000000d5800000,0x00000000d58fa030,0x00000000d5900000)
  to   space 2048K, 0% used [0x00000000d5600000,0x00000000d5600000,0x00000000d5800000)
 ParOldGen       total 206336K, used 130075K [0x0000000080000000, 0x000000008c980000, 0x00000000d5580000)
  object space 206336K, 63% used [0x0000000080000000,0x0000000087f06ff8,0x000000008c980000)
 Metaspace       used 96194K, committed 99392K, reserved 1179648K
  class space    used 12076K, committed 13312K, reserved 1048576K
}
Event: 2713.310 GC heap before
{Heap before GC invocations=789 (full 4):
 PSYoungGen      total 1536K, used 1512K [0x00000000d5580000, 0x00000000d5b80000, 0x0000000100000000)
  eden space 512K, 100% used [0x00000000d5580000,0x00000000d5600000,0x00000000d5600000)
  from space 1024K, 97% used [0x00000000d5800000,0x00000000d58fa030,0x00000000d5900000)
  to   space 2048K, 0% used [0x00000000d5600000,0x00000000d5600000,0x00000000d5800000)
 ParOldGen       total 206336K, used 130075K [0x0000000080000000, 0x000000008c980000, 0x00000000d5580000)
  object space 206336K, 63% used [0x0000000080000000,0x0000000087f06ff8,0x000000008c980000)
 Metaspace       used 96194K, committed 99392K, reserved 1179648K
  class space    used 12076K, committed 13312K, reserved 1048576K
}
Event: 2713.311 GC heap after
{Heap after GC invocations=789 (full 4):
 PSYoungGen      total 1536K, used 512K [0x00000000d5580000, 0x00000000d5880000, 0x0000000100000000)
  eden space 512K, 0% used [0x00000000d5580000,0x00000000d5580000,0x00000000d5600000)
  from space 1024K, 50% used [0x00000000d5600000,0x00000000d5680020,0x00000000d5700000)
  to   space 1024K, 0% used [0x00000000d5780000,0x00000000d5780000,0x00000000d5880000)
 ParOldGen       total 206336K, used 130994K [0x0000000080000000, 0x000000008c980000, 0x00000000d5580000)
  object space 206336K, 63% used [0x0000000080000000,0x0000000087fec828,0x000000008c980000)
 Metaspace       used 96194K, committed 99392K, reserved 1179648K
  class space    used 12076K, committed 13312K, reserved 1048576K
}
Event: 2713.312 GC heap before
{Heap before GC invocations=790 (full 4):
 PSYoungGen      total 1536K, used 1024K [0x00000000d5580000, 0x00000000d5880000, 0x0000000100000000)
  eden space 512K, 100% used [0x00000000d5580000,0x00000000d5600000,0x00000000d5600000)
  from space 1024K, 50% used [0x00000000d5600000,0x00000000d5680020,0x00000000d5700000)
  to   space 1024K, 0% used [0x00000000d5780000,0x00000000d5780000,0x00000000d5880000)
 ParOldGen       total 206336K, used 130994K [0x0000000080000000, 0x000000008c980000, 0x00000000d5580000)
  object space 206336K, 63% used [0x0000000080000000,0x0000000087fec828,0x000000008c980000)
 Metaspace       used 96194K, committed 99392K, reserved 1179648K
  class space    used 12076K, committed 13312K, reserved 1048576K
}
Event: 2713.313 GC heap after
{Heap after GC invocations=790 (full 4):
 PSYoungGen      total 2048K, used 544K [0x00000000d5580000, 0x00000000d5880000, 0x0000000100000000)
  eden space 1024K, 0% used [0x00000000d5580000,0x00000000d5580000,0x00000000d5680000)
  from space 1024K, 53% used [0x00000000d5780000,0x00000000d5808000,0x00000000d5880000)
  to   space 1024K, 0% used [0x00000000d5680000,0x00000000d5680000,0x00000000d5780000)
 ParOldGen       total 206336K, used 131338K [0x0000000080000000, 0x000000008c980000, 0x00000000d5580000)
  object space 206336K, 63% used [0x0000000080000000,0x0000000088042848,0x000000008c980000)
 Metaspace       used 96194K, committed 99392K, reserved 1179648K
  class space    used 12076K, committed 13312K, reserved 1048576K
}
Event: 2713.315 GC heap before
{Heap before GC invocations=791 (full 4):
 PSYoungGen      total 2048K, used 1568K [0x00000000d5580000, 0x00000000d5880000, 0x0000000100000000)
  eden space 1024K, 100% used [0x00000000d5580000,0x00000000d5680000,0x00000000d5680000)
  from space 1024K, 53% used [0x00000000d5780000,0x00000000d5808000,0x00000000d5880000)
  to   space 1024K, 0% used [0x00000000d5680000,0x00000000d5680000,0x00000000d5780000)
 ParOldGen       total 206336K, used 131338K [0x0000000080000000, 0x000000008c980000, 0x00000000d5580000)
  object space 206336K, 63% used [0x0000000080000000,0x0000000088042848,0x000000008c980000)
 Metaspace       used 96194K, committed 99392K, reserved 1179648K
  class space    used 12076K, committed 13312K, reserved 1048576K
}
Event: 2713.316 GC heap after
{Heap after GC invocations=791 (full 4):
 PSYoungGen      total 2048K, used 736K [0x00000000d5580000, 0x00000000d5900000, 0x0000000100000000)
  eden space 1024K, 0% used [0x00000000d5580000,0x00000000d5580000,0x00000000d5680000)
  from space 1024K, 71% used [0x00000000d5680000,0x00000000d5738000,0x00000000d5780000)
  to   space 1024K, 0% used [0x00000000d5800000,0x00000000d5800000,0x00000000d5900000)
 ParOldGen       total 206336K, used 131643K [0x0000000080000000, 0x000000008c980000, 0x00000000d5580000)
  object space 206336K, 63% used [0x0000000080000000,0x000000008808edd8,0x000000008c980000)
 Metaspace       used 96194K, committed 99392K, reserved 1179648K
  class space    used 12076K, committed 13312K, reserved 1048576K
}
Event: 2713.317 GC heap before
{Heap before GC invocations=792 (full 4):
 PSYoungGen      total 2048K, used 1760K [0x00000000d5580000, 0x00000000d5900000, 0x0000000100000000)
  eden space 1024K, 100% used [0x00000000d5580000,0x00000000d5680000,0x00000000d5680000)
  from space 1024K, 71% used [0x00000000d5680000,0x00000000d5738000,0x00000000d5780000)
  to   space 1024K, 0% used [0x00000000d5800000,0x00000000d5800000,0x00000000d5900000)
 ParOldGen       total 206336K, used 131643K [0x0000000080000000, 0x000000008c980000, 0x00000000d5580000)
  object space 206336K, 63% used [0x0000000080000000,0x000000008808edd8,0x000000008c980000)
 Metaspace       used 96194K, committed 99392K, reserved 1179648K
  class space    used 12076K, committed 13312K, reserved 1048576K
}
Event: 2713.318 GC heap after
{Heap after GC invocations=792 (full 4):
 PSYoungGen      total 2048K, used 1004K [0x00000000d5580000, 0x00000000d5a00000, 0x0000000100000000)
  eden space 1024K, 0% used [0x00000000d5580000,0x00000000d5580000,0x00000000d5680000)
  from space 1024K, 98% used [0x00000000d5800000,0x00000000d58fb030,0x00000000d5900000)
  to   space 1536K, 0% used [0x00000000d5680000,0x00000000d5680000,0x00000000d5800000)
 ParOldGen       total 206336K, used 132235K [0x0000000080000000, 0x000000008c980000, 0x00000000d5580000)
  object space 206336K, 64% used [0x0000000080000000,0x0000000088122dd8,0x000000008c980000)
 Metaspace       used 96194K, committed 99392K, reserved 1179648K
  class space    used 12076K, committed 13312K, reserved 1048576K
}
Event: 2713.321 GC heap before
{Heap before GC invocations=793 (full 4):
 PSYoungGen      total 2048K, used 2028K [0x00000000d5580000, 0x00000000d5a00000, 0x0000000100000000)
  eden space 1024K, 100% used [0x00000000d5580000,0x00000000d5680000,0x00000000d5680000)
  from space 1024K, 98% used [0x00000000d5800000,0x00000000d58fb030,0x00000000d5900000)
  to   space 1536K, 0% used [0x00000000d5680000,0x00000000d5680000,0x00000000d5800000)
 ParOldGen       total 206336K, used 132235K [0x0000000080000000, 0x000000008c980000, 0x00000000d5580000)
  object space 206336K, 64% used [0x0000000080000000,0x0000000088122dd8,0x000000008c980000)
 Metaspace       used 96194K, committed 99392K, reserved 1179648K
  class space    used 12076K, committed 13312K, reserved 1048576K
}
Event: 2713.322 GC heap after
{Heap after GC invocations=793 (full 4):
 PSYoungGen      total 2560K, used 544K [0x00000000d5580000, 0x00000000d5900000, 0x0000000100000000)
  eden space 1024K, 0% used [0x00000000d5580000,0x00000000d5580000,0x00000000d5680000)
  from space 1536K, 35% used [0x00000000d5680000,0x00000000d5708000,0x00000000d5800000)
  to   space 1024K, 0% used [0x00000000d5800000,0x00000000d5800000,0x00000000d5900000)
 ParOldGen       total 206336K, used 132943K [0x0000000080000000, 0x000000008c980000, 0x00000000d5580000)
  object space 206336K, 64% used [0x0000000080000000,0x00000000881d3e08,0x000000008c980000)
 Metaspace       used 96194K, committed 99392K, reserved 1179648K
  class space    used 12076K, committed 13312K, reserved 1048576K
}
Event: 2713.324 GC heap before
{Heap before GC invocations=794 (full 4):
 PSYoungGen      total 2560K, used 1568K [0x00000000d5580000, 0x00000000d5900000, 0x0000000100000000)
  eden space 1024K, 100% used [0x00000000d5580000,0x00000000d5680000,0x00000000d5680000)
  from space 1536K, 35% used [0x00000000d5680000,0x00000000d5708000,0x00000000d5800000)
  to   space 1024K, 0% used [0x00000000d5800000,0x00000000d5800000,0x00000000d5900000)
 ParOldGen       total 206336K, used 132943K [0x0000000080000000, 0x000000008c980000, 0x00000000d5580000)
  object space 206336K, 64% used [0x0000000080000000,0x00000000881d3e08,0x000000008c980000)
 Metaspace       used 96194K, committed 99392K, reserved 1179648K
  class space    used 12076K, committed 13312K, reserved 1048576K
}
Event: 2713.325 GC heap after
{Heap after GC invocations=794 (full 4):
 PSYoungGen      total 2560K, used 576K [0x00000000d5580000, 0x00000000d5900000, 0x0000000100000000)
  eden space 1536K, 0% used [0x00000000d5580000,0x00000000d5580000,0x00000000d5700000)
  from space 1024K, 56% used [0x00000000d5800000,0x00000000d5890000,0x00000000d5900000)
  to   space 1024K, 0% used [0x00000000d5700000,0x00000000d5700000,0x00000000d5800000)
 ParOldGen       total 206336K, used 133311K [0x0000000080000000, 0x000000008c980000, 0x00000000d5580000)
  object space 206336K, 64% used [0x0000000080000000,0x000000008822fe08,0x000000008c980000)
 Metaspace       used 96194K, committed 99392K, reserved 1179648K
  class space    used 12076K, committed 13312K, reserved 1048576K
}
Event: 2713.328 GC heap before
{Heap before GC invocations=795 (full 4):
 PSYoungGen      total 2560K, used 2112K [0x00000000d5580000, 0x00000000d5900000, 0x0000000100000000)
  eden space 1536K, 100% used [0x00000000d5580000,0x00000000d5700000,0x00000000d5700000)
  from space 1024K, 56% used [0x00000000d5800000,0x00000000d5890000,0x00000000d5900000)
  to   space 1024K, 0% used [0x00000000d5700000,0x00000000d5700000,0x00000000d5800000)
 ParOldGen       total 206336K, used 133311K [0x0000000080000000, 0x000000008c980000, 0x00000000d5580000)
  object space 206336K, 64% used [0x0000000080000000,0x000000008822fe08,0x000000008c980000)
 Metaspace       used 96194K, committed 99392K, reserved 1179648K
  class space    used 12076K, committed 13312K, reserved 1048576K
}
Event: 2713.330 GC heap after
{Heap after GC invocations=795 (full 4):
 PSYoungGen      total 2560K, used 848K [0x00000000d5580000, 0x00000000d5980000, 0x0000000100000000)
  eden space 1536K, 0% used [0x00000000d5580000,0x00000000d5580000,0x00000000d5700000)
  from space 1024K, 82% used [0x00000000d5700000,0x00000000d57d4010,0x00000000d5800000)
  to   space 1024K, 0% used [0x00000000d5880000,0x00000000d5880000,0x00000000d5980000)
 ParOldGen       total 206336K, used 133719K [0x0000000080000000, 0x000000008c980000, 0x00000000d5580000)
  object space 206336K, 64% used [0x0000000080000000,0x0000000088295e08,0x000000008c980000)
 Metaspace       used 96194K, committed 99392K, reserved 1179648K
  class space    used 12076K, committed 13312K, reserved 1048576K
}
Event: 2713.338 GC heap before
{Heap before GC invocations=796 (full 4):
 PSYoungGen      total 2560K, used 2384K [0x00000000d5580000, 0x00000000d5980000, 0x0000000100000000)
  eden space 1536K, 99% used [0x00000000d5580000,0x00000000d56ffff0,0x00000000d5700000)
  from space 1024K, 82% used [0x00000000d5700000,0x00000000d57d4010,0x00000000d5800000)
  to   space 1024K, 0% used [0x00000000d5880000,0x00000000d5880000,0x00000000d5980000)
 ParOldGen       total 206336K, used 133719K [0x0000000080000000, 0x000000008c980000, 0x00000000d5580000)
  object space 206336K, 64% used [0x0000000080000000,0x0000000088295e08,0x000000008c980000)
 Metaspace       used 96194K, committed 99392K, reserved 1179648K
  class space    used 12076K, committed 13312K, reserved 1048576K
}
Event: 2713.339 GC heap after
{Heap after GC invocations=796 (full 4):
 PSYoungGen      total 3072K, used 768K [0x00000000d5580000, 0x00000000d5980000, 0x0000000100000000)
  eden space 2048K, 0% used [0x00000000d5580000,0x00000000d5580000,0x00000000d5780000)
  from space 1024K, 75% used [0x00000000d5880000,0x00000000d5940000,0x00000000d5980000)
  to   space 1024K, 0% used [0x00000000d5780000,0x00000000d5780000,0x00000000d5880000)
 ParOldGen       total 206336K, used 134370K [0x0000000080000000, 0x000000008c980000, 0x00000000d5580000)
  object space 206336K, 65% used [0x0000000080000000,0x0000000088338988,0x000000008c980000)
 Metaspace       used 96194K, committed 99392K, reserved 1179648K
  class space    used 12076K, committed 13312K, reserved 1048576K
}
Event: 2713.387 GC heap before
{Heap before GC invocations=797 (full 4):
 PSYoungGen      total 3072K, used 2816K [0x00000000d5580000, 0x00000000d5980000, 0x0000000100000000)
  eden space 2048K, 100% used [0x00000000d5580000,0x00000000d5780000,0x00000000d5780000)
  from space 1024K, 75% used [0x00000000d5880000,0x00000000d5940000,0x00000000d5980000)
  to   space 1024K, 0% used [0x00000000d5780000,0x00000000d5780000,0x00000000d5880000)
 ParOldGen       total 206336K, used 134370K [0x0000000080000000, 0x000000008c980000, 0x00000000d5580000)
  object space 206336K, 65% used [0x0000000080000000,0x0000000088338988,0x000000008c980000)
 Metaspace       used 96195K, committed 99392K, reserved 1179648K
  class space    used 12076K, committed 13312K, reserved 1048576K
}
Event: 2713.388 GC heap after
{Heap after GC invocations=797 (full 4):
 PSYoungGen      total 3072K, used 192K [0x00000000d5580000, 0x00000000d5900000, 0x0000000100000000)
  eden space 2048K, 0% used [0x00000000d5580000,0x00000000d5580000,0x00000000d5780000)
  from space 1024K, 18% used [0x00000000d5780000,0x00000000d57b0000,0x00000000d5880000)
  to   space 512K, 0% used [0x00000000d5880000,0x00000000d5880000,0x00000000d5900000)
 ParOldGen       total 206336K, used 134986K [0x0000000080000000, 0x000000008c980000, 0x00000000d5580000)
  object space 206336K, 65% used [0x0000000080000000,0x00000000883d2998,0x000000008c980000)
 Metaspace       used 96195K, committed 99392K, reserved 1179648K
  class space    used 12076K, committed 13312K, reserved 1048576K
}

