# JRE version: OpenJDK Runtime Environment Microsoft-13106358 (17.0.18+8) (build 17.0.18+8-LTS)
# Java VM: OpenJDK 64-Bit Server VM Microsoft-13106358 (17.0.18+8-LTS, mixed mode, sharing, tiered, compressed oops, compressed class ptrs, g1 gc, windows-amd64)
GC Precious Log:
 CPUs: 16 total, 16 available
 Memory: 32125M
 Large Page Support: Disabled
 NUMA Support: Disabled
 Compressed Oops: Enabled (Zero based)
 Heap Region Size: 4M
 Heap Min Capacity: 8M
 Heap Initial Capacity: 504M
 Heap Max Capacity: 8032M
 Pre-touch: Disabled
 Parallel Workers: 13
 Concurrent Workers: 3
 Concurrent Refinement Workers: 13
 Periodic GC: Disabled
Heap:
 garbage-first heap   total 1912832K, used 1783682K [0x000000060a000000, 0x0000000800000000)
  region size 4096K, 20 young (81920K), 3 survivors (12288K)
 Metaspace       used 84217K, committed 84864K, reserved 1179648K
  class space    used 8939K, committed 9280K, reserved 1048576K
GC Heap History (20 events):
Event: 152.165 GC heap before
{Heap before GC invocations=121 (full 0):
 garbage-first heap   total 1912832K, used 1705235K [0x000000060a000000, 0x0000000800000000)
  region size 4096K, 23 young (94208K), 3 survivors (12288K)
 Metaspace       used 84147K, committed 84800K, reserved 1179648K
  class space    used 8936K, committed 9280K, reserved 1048576K
}
Event: 152.178 GC heap after
{Heap after GC invocations=122 (full 0):
 garbage-first heap   total 1912832K, used 1623362K [0x000000060a000000, 0x0000000800000000)
  region size 4096K, 3 young (12288K), 3 survivors (12288K)
 Metaspace       used 84147K, committed 84800K, reserved 1179648K
  class space    used 8936K, committed 9280K, reserved 1048576K
}
Event: 152.688 GC heap before
{Heap before GC invocations=122 (full 0):
 garbage-first heap   total 1912832K, used 1713474K [0x000000060a000000, 0x0000000800000000)
  region size 4096K, 23 young (94208K), 3 survivors (12288K)
 Metaspace       used 84147K, committed 84800K, reserved 1179648K
  class space    used 8936K, committed 9280K, reserved 1048576K
}
Event: 152.695 GC heap after
{Heap after GC invocations=123 (full 0):
 garbage-first heap   total 1912832K, used 1632781K [0x000000060a000000, 0x0000000800000000)
  region size 4096K, 3 young (12288K), 3 survivors (12288K)
 Metaspace       used 84147K, committed 84800K, reserved 1179648K
  class space    used 8936K, committed 9280K, reserved 1048576K
}
Event: 153.241 GC heap before
{Heap before GC invocations=123 (full 0):
 garbage-first heap   total 1912832K, used 1714701K [0x000000060a000000, 0x0000000800000000)
  region size 4096K, 23 young (94208K), 3 survivors (12288K)
 Metaspace       used 84153K, committed 84800K, reserved 1179648K
  class space    used 8936K, committed 9280K, reserved 1048576K
}
Event: 153.253 GC heap after
{Heap after GC invocations=124 (full 0):
 garbage-first heap   total 1912832K, used 1643702K [0x000000060a000000, 0x0000000800000000)
  region size 4096K, 3 young (12288K), 3 survivors (12288K)
 Metaspace       used 84153K, committed 84800K, reserved 1179648K
  class space    used 8936K, committed 9280K, reserved 1048576K
}
Event: 153.968 GC heap before
{Heap before GC invocations=124 (full 0):
 garbage-first heap   total 1912832K, used 1725622K [0x000000060a000000, 0x0000000800000000)
  region size 4096K, 23 young (94208K), 3 survivors (12288K)
 Metaspace       used 84175K, committed 84864K, reserved 1179648K
  class space    used 8936K, committed 9280K, reserved 1048576K
}
Event: 153.982 GC heap after
{Heap after GC invocations=125 (full 0):
 garbage-first heap   total 1912832K, used 1655671K [0x000000060a000000, 0x0000000800000000)
  region size 4096K, 3 young (12288K), 3 survivors (12288K)
 Metaspace       used 84175K, committed 84864K, reserved 1179648K
  class space    used 8936K, committed 9280K, reserved 1048576K
}
Event: 154.576 GC heap before
{Heap before GC invocations=125 (full 0):
 garbage-first heap   total 1912832K, used 1745783K [0x000000060a000000, 0x0000000800000000)
  region size 4096K, 23 young (94208K), 3 survivors (12288K)
 Metaspace       used 84197K, committed 84864K, reserved 1179648K
  class space    used 8938K, committed 9280K, reserved 1048576K
}
Event: 154.587 GC heap after
{Heap after GC invocations=126 (full 0):
 garbage-first heap   total 1912832K, used 1666283K [0x000000060a000000, 0x0000000800000000)
  region size 4096K, 3 young (12288K), 3 survivors (12288K)
 Metaspace       used 84197K, committed 84864K, reserved 1179648K
  class space    used 8938K, committed 9280K, reserved 1048576K
}
Event: 155.163 GC heap before
{Heap before GC invocations=126 (full 0):
 garbage-first heap   total 1912832K, used 1748203K [0x000000060a000000, 0x0000000800000000)
  region size 4096K, 23 young (94208K), 3 survivors (12288K)
 Metaspace       used 84200K, committed 84864K, reserved 1179648K
  class space    used 8938K, committed 9280K, reserved 1048576K
}
Event: 155.173 GC heap after
{Heap after GC invocations=127 (full 0):
 garbage-first heap   total 1912832K, used 1678032K [0x000000060a000000, 0x0000000800000000)
  region size 4096K, 3 young (12288K), 3 survivors (12288K)
 Metaspace       used 84200K, committed 84864K, reserved 1179648K
  class space    used 8938K, committed 9280K, reserved 1048576K
}
Event: 155.719 GC heap before
{Heap before GC invocations=127 (full 0):
 garbage-first heap   total 1912832K, used 1759952K [0x000000060a000000, 0x0000000800000000)
  region size 4096K, 23 young (94208K), 3 survivors (12288K)
 Metaspace       used 84200K, committed 84864K, reserved 1179648K
  class space    used 8938K, committed 9280K, reserved 1048576K
}
Event: 155.729 GC heap after
{Heap after GC invocations=128 (full 0):
 garbage-first heap   total 1912832K, used 1686802K [0x000000060a000000, 0x0000000800000000)
  region size 4096K, 3 young (12288K), 3 survivors (12288K)
 Metaspace       used 84200K, committed 84864K, reserved 1179648K
  class space    used 8938K, committed 9280K, reserved 1048576K
}
Event: 156.381 GC heap before
{Heap before GC invocations=128 (full 0):
 garbage-first heap   total 1912832K, used 1768722K [0x000000060a000000, 0x0000000800000000)
  region size 4096K, 23 young (94208K), 3 survivors (12288K)
 Metaspace       used 84205K, committed 84864K, reserved 1179648K
  class space    used 8938K, committed 9280K, reserved 1048576K
}
Event: 156.392 GC heap after
{Heap after GC invocations=129 (full 0):
 garbage-first heap   total 1912832K, used 1698032K [0x000000060a000000, 0x0000000800000000)
  region size 4096K, 3 young (12288K), 3 survivors (12288K)
 Metaspace       used 84205K, committed 84864K, reserved 1179648K
  class space    used 8938K, committed 9280K, reserved 1048576K
}
Event: 157.148 GC heap before
{Heap before GC invocations=129 (full 0):
 garbage-first heap   total 1912832K, used 1779952K [0x000000060a000000, 0x0000000800000000)
  region size 4096K, 23 young (94208K), 3 survivors (12288K)
 Metaspace       used 84207K, committed 84864K, reserved 1179648K
  class space    used 8938K, committed 9280K, reserved 1048576K
}
Event: 157.159 GC heap after
{Heap after GC invocations=130 (full 0):
 garbage-first heap   total 1912832K, used 1707535K [0x000000060a000000, 0x0000000800000000)
  region size 4096K, 3 young (12288K), 3 survivors (12288K)
 Metaspace       used 84207K, committed 84864K, reserved 1179648K
  class space    used 8938K, committed 9280K, reserved 1048576K
}
Event: 157.767 GC heap before
{Heap before GC invocations=130 (full 0):
 garbage-first heap   total 1912832K, used 1797647K [0x000000060a000000, 0x0000000800000000)
  region size 4096K, 23 young (94208K), 3 survivors (12288K)
 Metaspace       used 84211K, committed 84864K, reserved 1179648K
  class space    used 8938K, committed 9280K, reserved 1048576K
}
Event: 157.777 GC heap after
{Heap after GC invocations=131 (full 0):
 garbage-first heap   total 1912832K, used 1718146K [0x000000060a000000, 0x0000000800000000)
  region size 4096K, 3 young (12288K), 3 survivors (12288K)
 Metaspace       used 84211K, committed 84864K, reserved 1179648K
  class space    used 8938K, committed 9280K, reserved 1048576K
}

