# JRE version: OpenJDK Runtime Environment Microsoft-13106358 (17.0.18+8) (build 17.0.18+8-LTS)
# Java VM: OpenJDK 64-Bit Server VM Microsoft-13106358 (17.0.18+8-LTS, mixed mode, sharing, tiered, compressed oops, compressed class ptrs, g1 gc, windows-amd64)
GC Precious Log:
 CPUs: 16 total, 16 available
 Memory: 32125M
 Large Page Support: Disabled
 NUMA Support: Disabled
 Compressed Oops: Enabled (Zero based)
 Heap Region Size: 2M
 Heap Min Capacity: 8M
 Heap Initial Capacity: 502M
 Heap Max Capacity: 2560M
 Pre-touch: Disabled
 Parallel Workers: 13
 Concurrent Workers: 3
 Concurrent Refinement Workers: 13
 Periodic GC: Disabled
Heap:
 garbage-first heap   total 374784K, used 224261K [0x0000000760000000, 0x0000000800000000)
  region size 2048K, 46 young (94208K), 4 survivors (8192K)
 Metaspace       used 81693K, committed 82752K, reserved 1179648K
  class space    used 11308K, committed 11840K, reserved 1048576K
GC Heap History (20 events):
Event: 16.512 GC heap before
{Heap before GC invocations=19 (full 0):
 garbage-first heap   total 301056K, used 228886K [0x0000000760000000, 0x0000000800000000)
  region size 2048K, 68 young (139264K), 7 survivors (14336K)
 Metaspace       used 72497K, committed 73664K, reserved 1114112K
  class space    used 10330K, committed 10944K, reserved 1048576K
}
Event: 16.522 GC heap after
{Heap after GC invocations=20 (full 0):
 garbage-first heap   total 301056K, used 112420K [0x0000000760000000, 0x0000000800000000)
  region size 2048K, 5 young (10240K), 5 survivors (10240K)
 Metaspace       used 72497K, committed 73664K, reserved 1114112K
  class space    used 10330K, committed 10944K, reserved 1048576K
}
Event: 18.105 GC heap before
{Heap before GC invocations=20 (full 0):
 garbage-first heap   total 301056K, used 233252K [0x0000000760000000, 0x0000000800000000)
  region size 2048K, 64 young (131072K), 5 survivors (10240K)
 Metaspace       used 74811K, committed 75968K, reserved 1114112K
  class space    used 10558K, committed 11200K, reserved 1048576K
}
Event: 18.114 GC heap after
{Heap after GC invocations=21 (full 0):
 garbage-first heap   total 301056K, used 116620K [0x0000000760000000, 0x0000000800000000)
  region size 2048K, 4 young (8192K), 4 survivors (8192K)
 Metaspace       used 74811K, committed 75968K, reserved 1114112K
  class space    used 10558K, committed 11200K, reserved 1048576K
}
Event: 18.350 GC heap before
{Heap before GC invocations=21 (full 0):
 garbage-first heap   total 301056K, used 165772K [0x0000000760000000, 0x0000000800000000)
  region size 2048K, 20 young (40960K), 4 survivors (8192K)
 Metaspace       used 75275K, committed 76416K, reserved 1114112K
  class space    used 10611K, committed 11200K, reserved 1048576K
}
Event: 18.356 GC heap after
{Heap after GC invocations=22 (full 0):
 garbage-first heap   total 301056K, used 117362K [0x0000000760000000, 0x0000000800000000)
  region size 2048K, 5 young (10240K), 5 survivors (10240K)
 Metaspace       used 75275K, committed 76416K, reserved 1114112K
  class space    used 10611K, committed 11200K, reserved 1048576K
}
Event: 18.470 GC heap before
{Heap before GC invocations=22 (full 0):
 garbage-first heap   total 301056K, used 139890K [0x0000000760000000, 0x0000000800000000)
  region size 2048K, 9 young (18432K), 5 survivors (10240K)
 Metaspace       used 75400K, committed 76544K, reserved 1114112K
  class space    used 10626K, committed 11264K, reserved 1048576K
}
Event: 18.476 GC heap after
{Heap after GC invocations=23 (full 0):
 garbage-first heap   total 301056K, used 117922K [0x0000000760000000, 0x0000000800000000)
  region size 2048K, 5 young (10240K), 5 survivors (10240K)
 Metaspace       used 75400K, committed 76544K, reserved 1114112K
  class space    used 10626K, committed 11264K, reserved 1048576K
}
Event: 18.807 GC heap before
{Heap before GC invocations=23 (full 0):
 garbage-first heap   total 301056K, used 187554K [0x0000000760000000, 0x0000000800000000)
  region size 2048K, 23 young (47104K), 5 survivors (10240K)
 Metaspace       used 75791K, committed 76928K, reserved 1179648K
  class space    used 10665K, committed 11264K, reserved 1048576K
}
Event: 18.814 GC heap after
{Heap after GC invocations=24 (full 0):
 garbage-first heap   total 301056K, used 121182K [0x0000000760000000, 0x0000000800000000)
  region size 2048K, 6 young (12288K), 6 survivors (12288K)
 Metaspace       used 75791K, committed 76928K, reserved 1179648K
  class space    used 10665K, committed 11264K, reserved 1048576K
}
Event: 19.012 GC heap before
{Heap before GC invocations=24 (full 0):
 garbage-first heap   total 301056K, used 160094K [0x0000000760000000, 0x0000000800000000)
  region size 2048K, 16 young (32768K), 6 survivors (12288K)
 Metaspace       used 76144K, committed 77248K, reserved 1179648K
  class space    used 10717K, committed 11328K, reserved 1048576K
}
Event: 19.018 GC heap after
{Heap after GC invocations=25 (full 0):
 garbage-first heap   total 301056K, used 126676K [0x0000000760000000, 0x0000000800000000)
  region size 2048K, 7 young (14336K), 7 survivors (14336K)
 Metaspace       used 76144K, committed 77248K, reserved 1179648K
  class space    used 10717K, committed 11328K, reserved 1048576K
}
Event: 19.739 GC heap before
{Heap before GC invocations=25 (full 0):
 garbage-first heap   total 301056K, used 179924K [0x0000000760000000, 0x0000000800000000)
  region size 2048K, 26 young (53248K), 7 survivors (14336K)
 Metaspace       used 78438K, committed 79616K, reserved 1179648K
  class space    used 10948K, committed 11584K, reserved 1048576K
}
Event: 19.744 GC heap after
{Heap after GC invocations=26 (full 0):
 garbage-first heap   total 301056K, used 142449K [0x0000000760000000, 0x0000000800000000)
  region size 2048K, 6 young (12288K), 6 survivors (12288K)
 Metaspace       used 78438K, committed 79616K, reserved 1179648K
  class space    used 10948K, committed 11584K, reserved 1048576K
}
Event: 21.255 GC heap before
{Heap before GC invocations=27 (full 0):
 garbage-first heap   total 311296K, used 265329K [0x0000000760000000, 0x0000000800000000)
  region size 2048K, 49 young (100352K), 6 survivors (12288K)
 Metaspace       used 78819K, committed 79936K, reserved 1179648K
  class space    used 10962K, committed 11584K, reserved 1048576K
}
Event: 21.262 GC heap after
{Heap after GC invocations=28 (full 0):
 garbage-first heap   total 311296K, used 137349K [0x0000000760000000, 0x0000000800000000)
  region size 2048K, 5 young (10240K), 5 survivors (10240K)
 Metaspace       used 78819K, committed 79936K, reserved 1179648K
  class space    used 10962K, committed 11584K, reserved 1048576K
}
Event: 21.353 GC heap before
{Heap before GC invocations=28 (full 0):
 garbage-first heap   total 311296K, used 139397K [0x0000000760000000, 0x0000000800000000)
  region size 2048K, 7 young (14336K), 5 survivors (10240K)
 Metaspace       used 78826K, committed 79936K, reserved 1179648K
  class space    used 10963K, committed 11584K, reserved 1048576K
}
Event: 21.357 GC heap after
{Heap after GC invocations=29 (full 0):
 garbage-first heap   total 311296K, used 136262K [0x0000000760000000, 0x0000000800000000)
  region size 2048K, 1 young (2048K), 1 survivors (2048K)
 Metaspace       used 78826K, committed 79936K, reserved 1179648K
  class space    used 10963K, committed 11584K, reserved 1048576K
}
Event: 25.297 GC heap before
{Heap before GC invocations=29 (full 0):
 garbage-first heap   total 311296K, used 236614K [0x0000000760000000, 0x0000000800000000)
  region size 2048K, 50 young (102400K), 1 survivors (2048K)
 Metaspace       used 80763K, committed 81856K, reserved 1179648K
  class space    used 11210K, committed 11776K, reserved 1048576K
}
Event: 25.304 GC heap after
{Heap after GC invocations=30 (full 0):
 garbage-first heap   total 374784K, used 142341K [0x0000000760000000, 0x0000000800000000)
  region size 2048K, 4 young (8192K), 4 survivors (8192K)
 Metaspace       used 80763K, committed 81856K, reserved 1179648K
  class space    used 11210K, committed 11776K, reserved 1048576K
}

