# JRE version: OpenJDK Runtime Environment Microsoft-13106358 (17.0.18+8) (build 17.0.18+8-LTS)
# Java VM: OpenJDK 64-Bit Server VM Microsoft-13106358 (17.0.18+8-LTS, mixed mode, sharing, tiered, compressed oops, compressed class ptrs, g1 gc, windows-amd64)
GC Precious Log:
 CPUs: 16 total, 16 available
 Memory: 32125M
 Large Page Support: Disabled
 NUMA Support: Disabled
 Compressed Oops: Enabled (Zero based)
 Heap Region Size: 4M
 Heap Min Capacity: 8M
 Heap Initial Capacity: 504M
 Heap Max Capacity: 8032M
 Pre-touch: Disabled
 Parallel Workers: 13
 Concurrent Workers: 3
 Concurrent Refinement Workers: 13
 Periodic GC: Disabled
Heap:
 garbage-first heap   total 1290240K, used 1154631K [0x000000060a000000, 0x0000000800000000)
  region size 4096K, 7 young (28672K), 2 survivors (8192K)
 Metaspace       used 83101K, committed 83776K, reserved 1179648K
  class space    used 8909K, committed 9280K, reserved 1048576K
GC Heap History (20 events):
Event: 80.809 GC heap before
{Heap before GC invocations=109 (full 0):
 garbage-first heap   total 1290240K, used 1129484K [0x000000060a000000, 0x0000000800000000)
  region size 4096K, 17 young (69632K), 3 survivors (12288K)
 Metaspace       used 82987K, committed 83712K, reserved 1179648K
  class space    used 8909K, committed 9280K, reserved 1048576K
}
Event: 80.815 GC heap after
{Heap after GC invocations=110 (full 0):
 garbage-first heap   total 1290240K, used 1078355K [0x000000060a000000, 0x0000000800000000)
  region size 4096K, 2 young (8192K), 2 survivors (8192K)
 Metaspace       used 82987K, committed 83712K, reserved 1179648K
  class space    used 8909K, committed 9280K, reserved 1048576K
}
Event: 80.945 GC heap before
{Heap before GC invocations=110 (full 0):
 garbage-first heap   total 1290240K, used 1131603K [0x000000060a000000, 0x0000000800000000)
  region size 4096K, 15 young (61440K), 2 survivors (8192K)
 Metaspace       used 82989K, committed 83712K, reserved 1179648K
  class space    used 8909K, committed 9280K, reserved 1048576K
}
Event: 80.949 GC heap after
{Heap after GC invocations=111 (full 0):
 garbage-first heap   total 1290240K, used 1084822K [0x000000060a000000, 0x0000000800000000)
  region size 4096K, 2 young (8192K), 2 survivors (8192K)
 Metaspace       used 82989K, committed 83712K, reserved 1179648K
  class space    used 8909K, committed 9280K, reserved 1048576K
}
Event: 81.123 GC heap before
{Heap before GC invocations=111 (full 0):
 garbage-first heap   total 1290240K, used 1138070K [0x000000060a000000, 0x0000000800000000)
  region size 4096K, 15 young (61440K), 2 survivors (8192K)
 Metaspace       used 82990K, committed 83712K, reserved 1179648K
  class space    used 8909K, committed 9280K, reserved 1048576K
}
Event: 81.127 GC heap after
{Heap after GC invocations=112 (full 0):
 garbage-first heap   total 1290240K, used 1090761K [0x000000060a000000, 0x0000000800000000)
  region size 4096K, 2 young (8192K), 2 survivors (8192K)
 Metaspace       used 82990K, committed 83712K, reserved 1179648K
  class space    used 8909K, committed 9280K, reserved 1048576K
}
Event: 81.318 GC heap before
{Heap before GC invocations=112 (full 0):
 garbage-first heap   total 1290240K, used 1144009K [0x000000060a000000, 0x0000000800000000)
  region size 4096K, 15 young (61440K), 2 survivors (8192K)
 Metaspace       used 83010K, committed 83712K, reserved 1179648K
  class space    used 8909K, committed 9280K, reserved 1048576K
}
Event: 81.322 GC heap after
{Heap after GC invocations=113 (full 0):
 garbage-first heap   total 1290240K, used 1098232K [0x000000060a000000, 0x0000000800000000)
  region size 4096K, 2 young (8192K), 2 survivors (8192K)
 Metaspace       used 83010K, committed 83712K, reserved 1179648K
  class space    used 8909K, committed 9280K, reserved 1048576K
}
Event: 81.664 GC heap before
{Heap before GC invocations=113 (full 0):
 garbage-first heap   total 1290240K, used 1151480K [0x000000060a000000, 0x0000000800000000)
  region size 4096K, 15 young (61440K), 2 survivors (8192K)
 Metaspace       used 83039K, committed 83712K, reserved 1179648K
  class space    used 8909K, committed 9280K, reserved 1048576K
}
Event: 81.668 GC heap after
{Heap after GC invocations=114 (full 0):
 garbage-first heap   total 1290240K, used 1096299K [0x000000060a000000, 0x0000000800000000)
  region size 4096K, 2 young (8192K), 2 survivors (8192K)
 Metaspace       used 83039K, committed 83712K, reserved 1179648K
  class space    used 8909K, committed 9280K, reserved 1048576K
}
Event: 81.893 GC heap before
{Heap before GC invocations=114 (full 0):
 garbage-first heap   total 1290240K, used 1157739K [0x000000060a000000, 0x0000000800000000)
  region size 4096K, 15 young (61440K), 2 survivors (8192K)
 Metaspace       used 83039K, committed 83712K, reserved 1179648K
  class space    used 8909K, committed 9280K, reserved 1048576K
}
Event: 81.898 GC heap after
{Heap after GC invocations=115 (full 0):
 garbage-first heap   total 1290240K, used 1110982K [0x000000060a000000, 0x0000000800000000)
  region size 4096K, 2 young (8192K), 2 survivors (8192K)
 Metaspace       used 83039K, committed 83712K, reserved 1179648K
  class space    used 8909K, committed 9280K, reserved 1048576K
}
Event: 82.109 GC heap before
{Heap before GC invocations=115 (full 0):
 garbage-first heap   total 1290240K, used 1164230K [0x000000060a000000, 0x0000000800000000)
  region size 4096K, 15 young (61440K), 2 survivors (8192K)
 Metaspace       used 83046K, committed 83712K, reserved 1179648K
  class space    used 8909K, committed 9280K, reserved 1048576K
}
Event: 82.113 GC heap after
{Heap after GC invocations=116 (full 0):
 garbage-first heap   total 1290240K, used 1117781K [0x000000060a000000, 0x0000000800000000)
  region size 4096K, 2 young (8192K), 2 survivors (8192K)
 Metaspace       used 83046K, committed 83712K, reserved 1179648K
  class space    used 8909K, committed 9280K, reserved 1048576K
}
Event: 82.330 GC heap before
{Heap before GC invocations=116 (full 0):
 garbage-first heap   total 1290240K, used 1171029K [0x000000060a000000, 0x0000000800000000)
  region size 4096K, 15 young (61440K), 2 survivors (8192K)
 Metaspace       used 83051K, committed 83712K, reserved 1179648K
  class space    used 8909K, committed 9280K, reserved 1048576K
}
Event: 82.334 GC heap after
{Heap after GC invocations=117 (full 0):
 garbage-first heap   total 1290240K, used 1125520K [0x000000060a000000, 0x0000000800000000)
  region size 4096K, 2 young (8192K), 2 survivors (8192K)
 Metaspace       used 83051K, committed 83712K, reserved 1179648K
  class space    used 8909K, committed 9280K, reserved 1048576K
}
Event: 82.565 GC heap before
{Heap before GC invocations=117 (full 0):
 garbage-first heap   total 1290240K, used 1178768K [0x000000060a000000, 0x0000000800000000)
  region size 4096K, 15 young (61440K), 2 survivors (8192K)
 Metaspace       used 83074K, committed 83776K, reserved 1179648K
  class space    used 8909K, committed 9280K, reserved 1048576K
}
Event: 82.570 GC heap after
{Heap after GC invocations=118 (full 0):
 garbage-first heap   total 1290240K, used 1132929K [0x000000060a000000, 0x0000000800000000)
  region size 4096K, 2 young (8192K), 2 survivors (8192K)
 Metaspace       used 83074K, committed 83776K, reserved 1179648K
  class space    used 8909K, committed 9280K, reserved 1048576K
}
Event: 82.830 GC heap before
{Heap before GC invocations=118 (full 0):
 garbage-first heap   total 1290240K, used 1186177K [0x000000060a000000, 0x0000000800000000)
  region size 4096K, 15 young (61440K), 2 survivors (8192K)
 Metaspace       used 83092K, committed 83776K, reserved 1179648K
  class space    used 8909K, committed 9280K, reserved 1048576K
}
Event: 82.835 GC heap after
{Heap after GC invocations=119 (full 0):
 garbage-first heap   total 1290240K, used 1138247K [0x000000060a000000, 0x0000000800000000)
  region size 4096K, 2 young (8192K), 2 survivors (8192K)
 Metaspace       used 83092K, committed 83776K, reserved 1179648K
  class space    used 8909K, committed 9280K, reserved 1048576K
}

