# JRE version: OpenJDK Runtime Environment Microsoft-13106358 (17.0.18+8) (build 17.0.18+8-LTS)
# Java VM: OpenJDK 64-Bit Server VM Microsoft-13106358 (17.0.18+8-LTS, mixed mode, sharing, tiered, compressed oops, compressed class ptrs, g1 gc, windows-amd64)
GC Precious Log:
 CPUs: 16 total, 16 available
 Memory: 32125M
 Large Page Support: Disabled
 NUMA Support: Disabled
 Compressed Oops: Enabled (Zero based)
 Heap Region Size: 4M
 Heap Min Capacity: 8M
 Heap Initial Capacity: 504M
 Heap Max Capacity: 8032M
 Pre-touch: Disabled
 Parallel Workers: 13
 Concurrent Workers: 3
 Concurrent Refinement Workers: 13
 Periodic GC: Disabled
Heap:
 garbage-first heap   total 983040K, used 319782K [0x000000060a000000, 0x0000000800000000)
  region size 4096K, 21 young (86016K), 3 survivors (12288K)
 Metaspace       used 79442K, committed 80000K, reserved 1179648K
  class space    used 8783K, committed 9088K, reserved 1048576K
GC Heap History (20 events):
Event: 35.230 GC heap before
{Heap before GC invocations=47 (full 0):
 garbage-first heap   total 327680K, used 257980K [0x000000060a000000, 0x0000000800000000)
  region size 4096K, 22 young (90112K), 3 survivors (12288K)
 Metaspace       used 77701K, committed 78336K, reserved 1179648K
  class space    used 8702K, committed 9024K, reserved 1048576K
}
Event: 35.237 GC heap after
{Heap after GC invocations=48 (full 0):
 garbage-first heap   total 327680K, used 187712K [0x000000060a000000, 0x0000000800000000)
  region size 4096K, 3 young (12288K), 3 survivors (12288K)
 Metaspace       used 77701K, committed 78336K, reserved 1179648K
  class space    used 8702K, committed 9024K, reserved 1048576K
}
Event: 36.570 GC heap before
{Heap before GC invocations=49 (full 0):
 garbage-first heap   total 327680K, used 265536K [0x000000060a000000, 0x0000000800000000)
  region size 4096K, 20 young (81920K), 3 survivors (12288K)
 Metaspace       used 78024K, committed 78656K, reserved 1179648K
  class space    used 8709K, committed 9024K, reserved 1048576K
}
Event: 36.578 GC heap after
{Heap after GC invocations=50 (full 0):
 garbage-first heap   total 327680K, used 199164K [0x000000060a000000, 0x0000000800000000)
  region size 4096K, 3 young (12288K), 3 survivors (12288K)
 Metaspace       used 78024K, committed 78656K, reserved 1179648K
  class space    used 8709K, committed 9024K, reserved 1048576K
}
Event: 36.600 GC heap before
{Heap before GC invocations=50 (full 0):
 garbage-first heap   total 327680K, used 203260K [0x000000060a000000, 0x0000000800000000)
  region size 4096K, 4 young (16384K), 3 survivors (12288K)
 Metaspace       used 78025K, committed 78656K, reserved 1179648K
  class space    used 8709K, committed 9024K, reserved 1048576K
}
Event: 36.607 GC heap after
{Heap after GC invocations=51 (full 0):
 garbage-first heap   total 327680K, used 199524K [0x000000060a000000, 0x0000000800000000)
  region size 4096K, 1 young (4096K), 1 survivors (4096K)
 Metaspace       used 78025K, committed 78656K, reserved 1179648K
  class space    used 8709K, committed 9024K, reserved 1048576K
}
Event: 37.507 GC heap before
{Heap before GC invocations=51 (full 0):
 garbage-first heap   total 327680K, used 260964K [0x000000060a000000, 0x0000000800000000)
  region size 4096K, 17 young (69632K), 1 survivors (4096K)
 Metaspace       used 78343K, committed 78912K, reserved 1179648K
  class space    used 8710K, committed 9024K, reserved 1048576K
}
Event: 37.510 GC heap after
{Heap after GC invocations=52 (full 0):
 garbage-first heap   total 327680K, used 203642K [0x000000060a000000, 0x0000000800000000)
  region size 4096K, 2 young (8192K), 2 survivors (8192K)
 Metaspace       used 78343K, committed 78912K, reserved 1179648K
  class space    used 8710K, committed 9024K, reserved 1048576K
}
Event: 38.327 GC heap before
{Heap before GC invocations=53 (full 0):
 garbage-first heap   total 364544K, used 265082K [0x000000060a000000, 0x0000000800000000)
  region size 4096K, 17 young (69632K), 2 survivors (8192K)
 Metaspace       used 78451K, committed 79040K, reserved 1179648K
  class space    used 8714K, committed 9024K, reserved 1048576K
}
Event: 38.332 GC heap after
{Heap after GC invocations=54 (full 0):
 garbage-first heap   total 364544K, used 210536K [0x000000060a000000, 0x0000000800000000)
  region size 4096K, 3 young (12288K), 3 survivors (12288K)
 Metaspace       used 78451K, committed 79040K, reserved 1179648K
  class space    used 8714K, committed 9024K, reserved 1048576K
}
Event: 38.391 GC heap before
{Heap before GC invocations=54 (full 0):
 garbage-first heap   total 364544K, used 214632K [0x000000060a000000, 0x0000000800000000)
  region size 4096K, 4 young (16384K), 3 survivors (12288K)
 Metaspace       used 78479K, committed 79104K, reserved 1179648K
  class space    used 8714K, committed 9024K, reserved 1048576K
}
Event: 38.398 GC heap after
{Heap after GC invocations=55 (full 0):
 garbage-first heap   total 364544K, used 211238K [0x000000060a000000, 0x0000000800000000)
  region size 4096K, 1 young (4096K), 1 survivors (4096K)
 Metaspace       used 78479K, committed 79104K, reserved 1179648K
  class space    used 8714K, committed 9024K, reserved 1048576K
}
Event: 39.341 GC heap before
{Heap before GC invocations=55 (full 0):
 garbage-first heap   total 364544K, used 293158K [0x000000060a000000, 0x0000000800000000)
  region size 4096K, 21 young (86016K), 1 survivors (4096K)
 Metaspace       used 78891K, committed 79488K, reserved 1179648K
  class space    used 8744K, committed 9088K, reserved 1048576K
}
Event: 39.346 GC heap after
{Heap after GC invocations=56 (full 0):
 garbage-first heap   total 364544K, used 219571K [0x000000060a000000, 0x0000000800000000)
  region size 4096K, 3 young (12288K), 3 survivors (12288K)
 Metaspace       used 78891K, committed 79488K, reserved 1179648K
  class space    used 8744K, committed 9088K, reserved 1048576K
}
Event: 40.106 GC heap before
{Heap before GC invocations=57 (full 0):
 garbage-first heap   total 385024K, used 301491K [0x000000060a000000, 0x0000000800000000)
  region size 4096K, 21 young (86016K), 3 survivors (12288K)
 Metaspace       used 79046K, committed 79680K, reserved 1179648K
  class space    used 8751K, committed 9088K, reserved 1048576K
}
Event: 40.113 GC heap after
{Heap after GC invocations=58 (full 0):
 garbage-first heap   total 385024K, used 230734K [0x000000060a000000, 0x0000000800000000)
  region size 4096K, 3 young (12288K), 3 survivors (12288K)
 Metaspace       used 79046K, committed 79680K, reserved 1179648K
  class space    used 8751K, committed 9088K, reserved 1048576K
}
Event: 40.118 GC heap before
{Heap before GC invocations=58 (full 0):
 garbage-first heap   total 385024K, used 234830K [0x000000060a000000, 0x0000000800000000)
  region size 4096K, 4 young (16384K), 3 survivors (12288K)
 Metaspace       used 79046K, committed 79680K, reserved 1179648K
  class space    used 8751K, committed 9088K, reserved 1048576K
}
Event: 40.123 GC heap after
{Heap after GC invocations=59 (full 0):
 garbage-first heap   total 385024K, used 230765K [0x000000060a000000, 0x0000000800000000)
  region size 4096K, 1 young (4096K), 1 survivors (4096K)
 Metaspace       used 79046K, committed 79680K, reserved 1179648K
  class space    used 8751K, committed 9088K, reserved 1048576K
}
Event: 40.767 GC heap before
{Heap before GC invocations=59 (full 0):
 garbage-first heap   total 385024K, used 304493K [0x000000060a000000, 0x0000000800000000)
  region size 4096K, 19 young (77824K), 1 survivors (4096K)
 Metaspace       used 79239K, committed 79808K, reserved 1179648K
  class space    used 8774K, committed 9088K, reserved 1048576K
}
Event: 40.776 GC heap after
{Heap after GC invocations=60 (full 0):
 garbage-first heap   total 983040K, used 241958K [0x000000060a000000, 0x0000000800000000)
  region size 4096K, 3 young (12288K), 3 survivors (12288K)
 Metaspace       used 79239K, committed 79808K, reserved 1179648K
  class space    used 8774K, committed 9088K, reserved 1048576K
}

