# JRE version: OpenJDK Runtime Environment Microsoft-13106358 (17.0.18+8) (build 17.0.18+8-LTS)
# Java VM: OpenJDK 64-Bit Server VM Microsoft-13106358 (17.0.18+8-LTS, mixed mode, sharing, tiered, compressed oops, compressed class ptrs, g1 gc, windows-amd64)
GC Precious Log:
 CPUs: 16 total, 16 available
 Memory: 32125M
 Large Page Support: Disabled
 NUMA Support: Disabled
 Compressed Oops: Enabled (Zero based)
 Heap Region Size: 4M
 Heap Min Capacity: 8M
 Heap Initial Capacity: 504M
 Heap Max Capacity: 8032M
 Pre-touch: Disabled
 Parallel Workers: 13
 Concurrent Workers: 3
 Concurrent Refinement Workers: 13
 Periodic GC: Disabled
Heap:
 garbage-first heap   total 520192K, used 217915K [0x000000060a000000, 0x0000000800000000)
  region size 4096K, 3 young (12288K), 3 survivors (12288K)
 Metaspace       used 78236K, committed 78848K, reserved 1179648K
  class space    used 8722K, committed 9024K, reserved 1048576K
GC Heap History (20 events):
Event: 18.243 GC heap after
{Heap after GC invocations=28 (full 0):
 garbage-first heap   total 282624K, used 135198K [0x000000060a000000, 0x0000000800000000)
  region size 4096K, 3 young (12288K), 3 survivors (12288K)
 Metaspace       used 67363K, committed 67840K, reserved 1114112K
  class space    used 7881K, committed 8128K, reserved 1048576K
}
Event: 18.911 GC heap before
{Heap before GC invocations=28 (full 0):
 garbage-first heap   total 282624K, used 213022K [0x000000060a000000, 0x0000000800000000)
  region size 4096K, 22 young (90112K), 3 survivors (12288K)
 Metaspace       used 68008K, committed 68480K, reserved 1114112K
  class space    used 7903K, committed 8128K, reserved 1048576K
}
Event: 18.916 GC heap after
{Heap after GC invocations=29 (full 0):
 garbage-first heap   total 282624K, used 141114K [0x000000060a000000, 0x0000000800000000)
  region size 4096K, 2 young (8192K), 2 survivors (8192K)
 Metaspace       used 68008K, committed 68480K, reserved 1114112K
  class space    used 7903K, committed 8128K, reserved 1048576K
}
Event: 20.794 GC heap before
{Heap before GC invocations=30 (full 0):
 garbage-first heap   total 282624K, used 218938K [0x000000060a000000, 0x0000000800000000)
  region size 4096K, 21 young (86016K), 2 survivors (8192K)
 Metaspace       used 70714K, committed 71296K, reserved 1114112K
  class space    used 8035K, committed 8320K, reserved 1048576K
}
Event: 20.801 GC heap after
{Heap after GC invocations=31 (full 0):
 garbage-first heap   total 282624K, used 149353K [0x000000060a000000, 0x0000000800000000)
  region size 4096K, 3 young (12288K), 3 survivors (12288K)
 Metaspace       used 70714K, committed 71296K, reserved 1114112K
  class space    used 8035K, committed 8320K, reserved 1048576K
}
Event: 21.777 GC heap before
{Heap before GC invocations=31 (full 0):
 garbage-first heap   total 282624K, used 214889K [0x000000060a000000, 0x0000000800000000)
  region size 4096K, 20 young (81920K), 3 survivors (12288K)
 Metaspace       used 74575K, committed 75136K, reserved 1179648K
  class space    used 8415K, committed 8704K, reserved 1048576K
}
Event: 21.783 GC heap after
{Heap after GC invocations=32 (full 0):
 garbage-first heap   total 282624K, used 157117K [0x000000060a000000, 0x0000000800000000)
  region size 4096K, 3 young (12288K), 3 survivors (12288K)
 Metaspace       used 74575K, committed 75136K, reserved 1179648K
  class space    used 8415K, committed 8704K, reserved 1048576K
}
Event: 22.916 GC heap before
{Heap before GC invocations=33 (full 0):
 garbage-first heap   total 286720K, used 218557K [0x000000060a000000, 0x0000000800000000)
  region size 4096K, 18 young (73728K), 3 survivors (12288K)
 Metaspace       used 76264K, committed 76864K, reserved 1179648K
  class space    used 8567K, committed 8896K, reserved 1048576K
}
Event: 22.923 GC heap after
{Heap after GC invocations=34 (full 0):
 garbage-first heap   total 286720K, used 168996K [0x000000060a000000, 0x0000000800000000)
  region size 4096K, 3 young (12288K), 3 survivors (12288K)
 Metaspace       used 76264K, committed 76864K, reserved 1179648K
  class space    used 8567K, committed 8896K, reserved 1048576K
}
Event: 23.395 GC heap before
{Heap before GC invocations=34 (full 0):
 garbage-first heap   total 286720K, used 226340K [0x000000060a000000, 0x0000000800000000)
  region size 4096K, 17 young (69632K), 3 survivors (12288K)
 Metaspace       used 76532K, committed 77120K, reserved 1179648K
  class space    used 8593K, committed 8896K, reserved 1048576K
}
Event: 23.402 GC heap after
{Heap after GC invocations=35 (full 0):
 garbage-first heap   total 286720K, used 176999K [0x000000060a000000, 0x0000000800000000)
  region size 4096K, 3 young (12288K), 3 survivors (12288K)
 Metaspace       used 76532K, committed 77120K, reserved 1179648K
  class space    used 8593K, committed 8896K, reserved 1048576K
}
Event: 24.073 GC heap before
{Heap before GC invocations=36 (full 0):
 garbage-first heap   total 348160K, used 217959K [0x000000060a000000, 0x0000000800000000)
  region size 4096K, 13 young (53248K), 3 survivors (12288K)
 Metaspace       used 76922K, committed 77504K, reserved 1179648K
  class space    used 8609K, committed 8896K, reserved 1048576K
}
Event: 24.079 GC heap after
{Heap after GC invocations=37 (full 0):
 garbage-first heap   total 348160K, used 179870K [0x000000060a000000, 0x0000000800000000)
  region size 4096K, 2 young (8192K), 2 survivors (8192K)
 Metaspace       used 76922K, committed 77504K, reserved 1179648K
  class space    used 8609K, committed 8896K, reserved 1048576K
}
Event: 25.358 GC heap before
{Heap before GC invocations=37 (full 0):
 garbage-first heap   total 348160K, used 269982K [0x000000060a000000, 0x0000000800000000)
  region size 4096K, 24 young (98304K), 2 survivors (8192K)
 Metaspace       used 77858K, committed 78464K, reserved 1179648K
  class space    used 8710K, committed 9024K, reserved 1048576K
}
Event: 25.366 GC heap after
{Heap after GC invocations=38 (full 0):
 garbage-first heap   total 348160K, used 191746K [0x000000060a000000, 0x0000000800000000)
  region size 4096K, 3 young (12288K), 3 survivors (12288K)
 Metaspace       used 77858K, committed 78464K, reserved 1179648K
  class space    used 8710K, committed 9024K, reserved 1048576K
}
Event: 26.150 GC heap before
{Heap before GC invocations=39 (full 0):
 garbage-first heap   total 356352K, used 273666K [0x000000060a000000, 0x0000000800000000)
  region size 4096K, 23 young (94208K), 3 survivors (12288K)
 Metaspace       used 77969K, committed 78592K, reserved 1179648K
  class space    used 8715K, committed 9024K, reserved 1048576K
}
Event: 26.157 GC heap after
{Heap after GC invocations=40 (full 0):
 garbage-first heap   total 356352K, used 203498K [0x000000060a000000, 0x0000000800000000)
  region size 4096K, 3 young (12288K), 3 survivors (12288K)
 Metaspace       used 77969K, committed 78592K, reserved 1179648K
  class space    used 8715K, committed 9024K, reserved 1048576K
}
Event: 26.159 GC heap before
{Heap before GC invocations=40 (full 0):
 garbage-first heap   total 356352K, used 207594K [0x000000060a000000, 0x0000000800000000)
  region size 4096K, 4 young (16384K), 3 survivors (12288K)
 Metaspace       used 77969K, committed 78592K, reserved 1179648K
  class space    used 8715K, committed 9024K, reserved 1048576K
}
Event: 26.163 GC heap after
{Heap after GC invocations=41 (full 0):
 garbage-first heap   total 356352K, used 206552K [0x000000060a000000, 0x0000000800000000)
  region size 4096K, 1 young (4096K), 1 survivors (4096K)
 Metaspace       used 77969K, committed 78592K, reserved 1179648K
  class space    used 8715K, committed 9024K, reserved 1048576K
}
Event: 27.929 GC heap before
{Heap before GC invocations=41 (full 0):
 garbage-first heap   total 356352K, used 284376K [0x000000060a000000, 0x0000000800000000)
  region size 4096K, 20 young (81920K), 1 survivors (4096K)
 Metaspace       used 78236K, committed 78848K, reserved 1179648K
  class space    used 8722K, committed 9024K, reserved 1048576K
}

