# JRE version: OpenJDK Runtime Environment Microsoft-13106358 (17.0.18+8) (build 17.0.18+8-LTS)
# Java VM: OpenJDK 64-Bit Server VM Microsoft-13106358 (17.0.18+8-LTS, mixed mode, sharing, tiered, compressed oops, compressed class ptrs, g1 gc, windows-amd64)
GC Precious Log:
 CPUs: 16 total, 16 available
 Memory: 32125M
 Large Page Support: Disabled
 NUMA Support: Disabled
 Compressed Oops: Enabled (Zero based)
 Heap Region Size: 4M
 Heap Min Capacity: 8M
 Heap Initial Capacity: 504M
 Heap Max Capacity: 8032M
 Pre-touch: Disabled
 Parallel Workers: 13
 Concurrent Workers: 3
 Concurrent Refinement Workers: 13
 Periodic GC: Disabled
Heap:
 garbage-first heap   total 1810432K, used 1634457K [0x000000060a000000, 0x0000000800000000)
  region size 4096K, 10 young (40960K), 3 survivors (12288K)
 Metaspace       used 84030K, committed 84672K, reserved 1179648K
  class space    used 8927K, committed 9280K, reserved 1048576K
GC Heap History (20 events):
Event: 87.171 GC heap before
{Heap before GC invocations=139 (full 0):
 garbage-first heap   total 1810432K, used 1597998K [0x000000060a000000, 0x0000000800000000)
  region size 4096K, 23 young (94208K), 4 survivors (16384K)
 Metaspace       used 83941K, committed 84608K, reserved 1179648K
  class space    used 8925K, committed 9280K, reserved 1048576K
}
Event: 87.177 GC heap after
{Heap after GC invocations=140 (full 0):
 garbage-first heap   total 1810432K, used 1517347K [0x000000060a000000, 0x0000000800000000)
  region size 4096K, 3 young (12288K), 3 survivors (12288K)
 Metaspace       used 83941K, committed 84608K, reserved 1179648K
  class space    used 8925K, committed 9280K, reserved 1048576K
}
Event: 87.496 GC heap before
{Heap before GC invocations=140 (full 0):
 garbage-first heap   total 1810432K, used 1595171K [0x000000060a000000, 0x0000000800000000)
  region size 4096K, 22 young (90112K), 3 survivors (12288K)
 Metaspace       used 83950K, committed 84608K, reserved 1179648K
  class space    used 8925K, committed 9280K, reserved 1048576K
}
Event: 87.503 GC heap after
{Heap after GC invocations=141 (full 0):
 garbage-first heap   total 1810432K, used 1526462K [0x000000060a000000, 0x0000000800000000)
  region size 4096K, 3 young (12288K), 3 survivors (12288K)
 Metaspace       used 83950K, committed 84608K, reserved 1179648K
  class space    used 8925K, committed 9280K, reserved 1048576K
}
Event: 87.857 GC heap before
{Heap before GC invocations=141 (full 0):
 garbage-first heap   total 1810432K, used 1604286K [0x000000060a000000, 0x0000000800000000)
  region size 4096K, 22 young (90112K), 3 survivors (12288K)
 Metaspace       used 83991K, committed 84608K, reserved 1179648K
  class space    used 8925K, committed 9280K, reserved 1048576K
}
Event: 87.862 GC heap after
{Heap after GC invocations=142 (full 0):
 garbage-first heap   total 1810432K, used 1537666K [0x000000060a000000, 0x0000000800000000)
  region size 4096K, 3 young (12288K), 3 survivors (12288K)
 Metaspace       used 83991K, committed 84608K, reserved 1179648K
  class space    used 8925K, committed 9280K, reserved 1048576K
}
Event: 88.259 GC heap before
{Heap before GC invocations=142 (full 0):
 garbage-first heap   total 1810432K, used 1615490K [0x000000060a000000, 0x0000000800000000)
  region size 4096K, 22 young (90112K), 3 survivors (12288K)
 Metaspace       used 84009K, committed 84672K, reserved 1179648K
  class space    used 8925K, committed 9280K, reserved 1048576K
}
Event: 88.265 GC heap after
{Heap after GC invocations=143 (full 0):
 garbage-first heap   total 1810432K, used 1540322K [0x000000060a000000, 0x0000000800000000)
  region size 4096K, 3 young (12288K), 3 survivors (12288K)
 Metaspace       used 84009K, committed 84672K, reserved 1179648K
  class space    used 8925K, committed 9280K, reserved 1048576K
}
Event: 88.518 GC heap before
{Heap before GC invocations=143 (full 0):
 garbage-first heap   total 1810432K, used 1630434K [0x000000060a000000, 0x0000000800000000)
  region size 4096K, 22 young (90112K), 3 survivors (12288K)
 Metaspace       used 84009K, committed 84672K, reserved 1179648K
  class space    used 8925K, committed 9280K, reserved 1048576K
}
Event: 88.524 GC heap after
{Heap after GC invocations=144 (full 0):
 garbage-first heap   total 1810432K, used 1559652K [0x000000060a000000, 0x0000000800000000)
  region size 4096K, 3 young (12288K), 3 survivors (12288K)
 Metaspace       used 84009K, committed 84672K, reserved 1179648K
  class space    used 8925K, committed 9280K, reserved 1048576K
}
Event: 88.837 GC heap before
{Heap before GC invocations=144 (full 0):
 garbage-first heap   total 1810432K, used 1637476K [0x000000060a000000, 0x0000000800000000)
  region size 4096K, 22 young (90112K), 3 survivors (12288K)
 Metaspace       used 84014K, committed 84672K, reserved 1179648K
  class space    used 8927K, committed 9280K, reserved 1048576K
}
Event: 88.843 GC heap after
{Heap after GC invocations=145 (full 0):
 garbage-first heap   total 1810432K, used 1569447K [0x000000060a000000, 0x0000000800000000)
  region size 4096K, 3 young (12288K), 3 survivors (12288K)
 Metaspace       used 84014K, committed 84672K, reserved 1179648K
  class space    used 8927K, committed 9280K, reserved 1048576K
}
Event: 89.128 GC heap before
{Heap before GC invocations=145 (full 0):
 garbage-first heap   total 1810432K, used 1647271K [0x000000060a000000, 0x0000000800000000)
  region size 4096K, 22 young (90112K), 3 survivors (12288K)
 Metaspace       used 84016K, committed 84672K, reserved 1179648K
  class space    used 8927K, committed 9280K, reserved 1048576K
}
Event: 89.134 GC heap after
{Heap after GC invocations=146 (full 0):
 garbage-first heap   total 1810432K, used 1580276K [0x000000060a000000, 0x0000000800000000)
  region size 4096K, 3 young (12288K), 3 survivors (12288K)
 Metaspace       used 84016K, committed 84672K, reserved 1179648K
  class space    used 8927K, committed 9280K, reserved 1048576K
}
Event: 89.439 GC heap before
{Heap before GC invocations=146 (full 0):
 garbage-first heap   total 1810432K, used 1658100K [0x000000060a000000, 0x0000000800000000)
  region size 4096K, 22 young (90112K), 3 survivors (12288K)
 Metaspace       used 84020K, committed 84672K, reserved 1179648K
  class space    used 8927K, committed 9280K, reserved 1048576K
}
Event: 89.445 GC heap after
{Heap after GC invocations=147 (full 0):
 garbage-first heap   total 1810432K, used 1589628K [0x000000060a000000, 0x0000000800000000)
  region size 4096K, 3 young (12288K), 3 survivors (12288K)
 Metaspace       used 84020K, committed 84672K, reserved 1179648K
  class space    used 8927K, committed 9280K, reserved 1048576K
}
Event: 89.881 GC heap before
{Heap before GC invocations=147 (full 0):
 garbage-first heap   total 1810432K, used 1667452K [0x000000060a000000, 0x0000000800000000)
  region size 4096K, 22 young (90112K), 3 survivors (12288K)
 Metaspace       used 84027K, committed 84672K, reserved 1179648K
  class space    used 8927K, committed 9280K, reserved 1048576K
}
Event: 89.887 GC heap after
{Heap after GC invocations=148 (full 0):
 garbage-first heap   total 1810432K, used 1600177K [0x000000060a000000, 0x0000000800000000)
  region size 4096K, 3 young (12288K), 3 survivors (12288K)
 Metaspace       used 84027K, committed 84672K, reserved 1179648K
  class space    used 8927K, committed 9280K, reserved 1048576K
}
Event: 90.191 GC heap before
{Heap before GC invocations=148 (full 0):
 garbage-first heap   total 1810432K, used 1678001K [0x000000060a000000, 0x0000000800000000)
  region size 4096K, 22 young (90112K), 3 survivors (12288K)
 Metaspace       used 84030K, committed 84672K, reserved 1179648K
  class space    used 8927K, committed 9280K, reserved 1048576K
}
Event: 90.197 GC heap after
{Heap after GC invocations=149 (full 0):
 garbage-first heap   total 1810432K, used 1609881K [0x000000060a000000, 0x0000000800000000)
  region size 4096K, 3 young (12288K), 3 survivors (12288K)
 Metaspace       used 84030K, committed 84672K, reserved 1179648K
  class space    used 8927K, committed 9280K, reserved 1048576K
}

