# JRE version: OpenJDK Runtime Environment Temurin-21.0.10+7 (21.0.10+7) (build 21.0.10+7-LTS)
# Java VM: OpenJDK 64-Bit Server VM Temurin-21.0.10+7 (21.0.10+7-LTS, mixed mode, sharing, tiered, compressed oops, compressed class ptrs, parallel gc, windows-amd64)
GC Precious Log:
 CardTable entry size: 512
 CPUs: 16 total, 16 available
 Memory: 32125M
 Large Page Support: Disabled
 NUMA Support: Disabled
 Compressed Oops: Enabled (32-bit)
 Alignments: Space 512K, Generation 512K, Heap 2M
 Heap Min Capacity: 100M
 Heap Initial Capacity: 100M
 Heap Max Capacity: 2G
 Pre-touch: Disabled
 Parallel Workers: 13
Heap:
 PSYoungGen      total 2560K, used 495K [0x00000000d5580000, 0x00000000d5900000, 0x0000000100000000)
  eden space 2048K, 8% used [0x00000000d5580000,0x00000000d55abd00,0x00000000d5780000)
  from space 512K, 62% used [0x00000000d5800000,0x00000000d5850000,0x00000000d5880000)
  to   space 512K, 0% used [0x00000000d5880000,0x00000000d5880000,0x00000000d5900000)
 ParOldGen       total 220672K, used 220616K [0x0000000080000000, 0x000000008d780000, 0x00000000d5580000)
  object space 220672K, 99% used [0x0000000080000000,0x000000008d7722b8,0x000000008d780000)
 Metaspace       used 85357K, committed 87040K, reserved 1179648K
  class space    used 11089K, committed 11840K, reserved 1048576K
GC Heap History (20 events):
Event: 139.772 GC heap before
{Heap before GC invocations=1996 (full 3):
 PSYoungGen      total 2560K, used 2341K [0x00000000d5580000, 0x00000000d5900000, 0x0000000100000000)
  eden space 2048K, 99% used [0x00000000d5580000,0x00000000d577fff0,0x00000000d5780000)
  from space 512K, 57% used [0x00000000d5880000,0x00000000d58c9610,0x00000000d5900000)
  to   space 512K, 0% used [0x00000000d5800000,0x00000000d5800000,0x00000000d5880000)
 ParOldGen       total 219648K, used 219557K [0x0000000080000000, 0x000000008d680000, 0x00000000d5580000)
  object space 219648K, 99% used [0x0000000080000000,0x000000008d6696e8,0x000000008d680000)
 Metaspace       used 85275K, committed 86976K, reserved 1179648K
  class space    used 11089K, committed 11840K, reserved 1048576K
}
Event: 139.774 GC heap after
{Heap after GC invocations=1996 (full 3):
 PSYoungGen      total 2560K, used 320K [0x00000000d5580000, 0x00000000d5900000, 0x0000000100000000)
  eden space 2048K, 0% used [0x00000000d5580000,0x00000000d5580000,0x00000000d5780000)
  from space 512K, 62% used [0x00000000d5800000,0x00000000d5850000,0x00000000d5880000)
  to   space 512K, 0% used [0x00000000d5880000,0x00000000d5880000,0x00000000d5900000)
 ParOldGen       total 220160K, used 219731K [0x0000000080000000, 0x000000008d700000, 0x00000000d5580000)
  object space 220160K, 99% used [0x0000000080000000,0x000000008d694cf8,0x000000008d700000)
 Metaspace       used 85275K, committed 86976K, reserved 1179648K
  class space    used 11089K, committed 11840K, reserved 1048576K
}
Event: 139.786 GC heap before
{Heap before GC invocations=1997 (full 3):
 PSYoungGen      total 2560K, used 2367K [0x00000000d5580000, 0x00000000d5900000, 0x0000000100000000)
  eden space 2048K, 99% used [0x00000000d5580000,0x00000000d577fff0,0x00000000d5780000)
  from space 512K, 62% used [0x00000000d5800000,0x00000000d5850000,0x00000000d5880000)
  to   space 512K, 0% used [0x00000000d5880000,0x00000000d5880000,0x00000000d5900000)
 ParOldGen       total 220160K, used 219731K [0x0000000080000000, 0x000000008d700000, 0x00000000d5580000)
  object space 220160K, 99% used [0x0000000080000000,0x000000008d694cf8,0x000000008d700000)
 Metaspace       used 85277K, committed 86976K, reserved 1179648K
  class space    used 11089K, committed 11840K, reserved 1048576K
}
Event: 139.787 GC heap after
{Heap after GC invocations=1997 (full 3):
 PSYoungGen      total 2560K, used 366K [0x00000000d5580000, 0x00000000d5900000, 0x0000000100000000)
  eden space 2048K, 0% used [0x00000000d5580000,0x00000000d5580000,0x00000000d5780000)
  from space 512K, 71% used [0x00000000d5880000,0x00000000d58dbac0,0x00000000d5900000)
  to   space 512K, 0% used [0x00000000d5800000,0x00000000d5800000,0x00000000d5880000)
 ParOldGen       total 220160K, used 219795K [0x0000000080000000, 0x000000008d700000, 0x00000000d5580000)
  object space 220160K, 99% used [0x0000000080000000,0x000000008d6a4cf8,0x000000008d700000)
 Metaspace       used 85277K, committed 86976K, reserved 1179648K
  class space    used 11089K, committed 11840K, reserved 1048576K
}
Event: 139.795 GC heap before
{Heap before GC invocations=1998 (full 3):
 PSYoungGen      total 2560K, used 2414K [0x00000000d5580000, 0x00000000d5900000, 0x0000000100000000)
  eden space 2048K, 99% used [0x00000000d5580000,0x00000000d577ffd0,0x00000000d5780000)
  from space 512K, 71% used [0x00000000d5880000,0x00000000d58dbac0,0x00000000d5900000)
  to   space 512K, 0% used [0x00000000d5800000,0x00000000d5800000,0x00000000d5880000)
 ParOldGen       total 220160K, used 219795K [0x0000000080000000, 0x000000008d700000, 0x00000000d5580000)
  object space 220160K, 99% used [0x0000000080000000,0x000000008d6a4cf8,0x000000008d700000)
 Metaspace       used 85277K, committed 86976K, reserved 1179648K
  class space    used 11089K, committed 11840K, reserved 1048576K
}
Event: 139.796 GC heap after
{Heap after GC invocations=1998 (full 3):
 PSYoungGen      total 2560K, used 307K [0x00000000d5580000, 0x00000000d5900000, 0x0000000100000000)
  eden space 2048K, 0% used [0x00000000d5580000,0x00000000d5580000,0x00000000d5780000)
  from space 512K, 59% used [0x00000000d5800000,0x00000000d584cc10,0x00000000d5880000)
  to   space 512K, 0% used [0x00000000d5880000,0x00000000d5880000,0x00000000d5900000)
 ParOldGen       total 220160K, used 219905K [0x0000000080000000, 0x000000008d700000, 0x00000000d5580000)
  object space 220160K, 99% used [0x0000000080000000,0x000000008d6c07b8,0x000000008d700000)
 Metaspace       used 85277K, committed 86976K, reserved 1179648K
  class space    used 11089K, committed 11840K, reserved 1048576K
}
Event: 139.895 GC heap before
{Heap before GC invocations=1999 (full 3):
 PSYoungGen      total 2560K, used 2355K [0x00000000d5580000, 0x00000000d5900000, 0x0000000100000000)
  eden space 2048K, 99% used [0x00000000d5580000,0x00000000d577fff0,0x00000000d5780000)
  from space 512K, 59% used [0x00000000d5800000,0x00000000d584cc10,0x00000000d5880000)
  to   space 512K, 0% used [0x00000000d5880000,0x00000000d5880000,0x00000000d5900000)
 ParOldGen       total 220160K, used 219905K [0x0000000080000000, 0x000000008d700000, 0x00000000d5580000)
  object space 220160K, 99% used [0x0000000080000000,0x000000008d6c07b8,0x000000008d700000)
 Metaspace       used 85281K, committed 86976K, reserved 1179648K
  class space    used 11089K, committed 11840K, reserved 1048576K
}
Event: 139.902 GC heap after
{Heap after GC invocations=1999 (full 3):
 PSYoungGen      total 2560K, used 448K [0x00000000d5580000, 0x00000000d5900000, 0x0000000100000000)
  eden space 2048K, 0% used [0x00000000d5580000,0x00000000d5580000,0x00000000d5780000)
  from space 512K, 87% used [0x00000000d5880000,0x00000000d58f0000,0x00000000d5900000)
  to   space 512K, 0% used [0x00000000d5800000,0x00000000d5800000,0x00000000d5880000)
 ParOldGen       total 220160K, used 219961K [0x0000000080000000, 0x000000008d700000, 0x00000000d5580000)
  object space 220160K, 99% used [0x0000000080000000,0x000000008d6ce7b8,0x000000008d700000)
 Metaspace       used 85281K, committed 86976K, reserved 1179648K
  class space    used 11089K, committed 11840K, reserved 1048576K
}
Event: 140.026 GC heap before
{Heap before GC invocations=2000 (full 3):
 PSYoungGen      total 2560K, used 2496K [0x00000000d5580000, 0x00000000d5900000, 0x0000000100000000)
  eden space 2048K, 100% used [0x00000000d5580000,0x00000000d5780000,0x00000000d5780000)
  from space 512K, 87% used [0x00000000d5880000,0x00000000d58f0000,0x00000000d5900000)
  to   space 512K, 0% used [0x00000000d5800000,0x00000000d5800000,0x00000000d5880000)
 ParOldGen       total 220160K, used 219961K [0x0000000080000000, 0x000000008d700000, 0x00000000d5580000)
  object space 220160K, 99% used [0x0000000080000000,0x000000008d6ce7b8,0x000000008d700000)
 Metaspace       used 85290K, committed 87040K, reserved 1179648K
  class space    used 11089K, committed 11840K, reserved 1048576K
}
Event: 140.028 GC heap after
{Heap after GC invocations=2000 (full 3):
 PSYoungGen      total 2560K, used 320K [0x00000000d5580000, 0x00000000d5900000, 0x0000000100000000)
  eden space 2048K, 0% used [0x00000000d5580000,0x00000000d5580000,0x00000000d5780000)
  from space 512K, 62% used [0x00000000d5800000,0x00000000d5850000,0x00000000d5880000)
  to   space 512K, 0% used [0x00000000d5880000,0x00000000d5880000,0x00000000d5900000)
 ParOldGen       total 220160K, used 220121K [0x0000000080000000, 0x000000008d700000, 0x00000000d5580000)
  object space 220160K, 99% used [0x0000000080000000,0x000000008d6f67f8,0x000000008d700000)
 Metaspace       used 85290K, committed 87040K, reserved 1179648K
  class space    used 11089K, committed 11840K, reserved 1048576K
}
Event: 140.120 GC heap before
{Heap before GC invocations=2001 (full 3):
 PSYoungGen      total 2560K, used 2368K [0x00000000d5580000, 0x00000000d5900000, 0x0000000100000000)
  eden space 2048K, 100% used [0x00000000d5580000,0x00000000d5780000,0x00000000d5780000)
  from space 512K, 62% used [0x00000000d5800000,0x00000000d5850000,0x00000000d5880000)
  to   space 512K, 0% used [0x00000000d5880000,0x00000000d5880000,0x00000000d5900000)
 ParOldGen       total 220160K, used 220121K [0x0000000080000000, 0x000000008d700000, 0x00000000d5580000)
  object space 220160K, 99% used [0x0000000080000000,0x000000008d6f67f8,0x000000008d700000)
 Metaspace       used 85292K, committed 87040K, reserved 1179648K
  class space    used 11089K, committed 11840K, reserved 1048576K
}
Event: 140.121 GC heap after
{Heap after GC invocations=2001 (full 3):
 PSYoungGen      total 2560K, used 496K [0x00000000d5580000, 0x00000000d5980000, 0x0000000100000000)
  eden space 2048K, 0% used [0x00000000d5580000,0x00000000d5580000,0x00000000d5780000)
  from space 512K, 96% used [0x00000000d5880000,0x00000000d58fc020,0x00000000d5900000)
  to   space 1024K, 0% used [0x00000000d5780000,0x00000000d5780000,0x00000000d5880000)
 ParOldGen       total 220672K, used 220193K [0x0000000080000000, 0x000000008d780000, 0x00000000d5580000)
  object space 220672K, 99% used [0x0000000080000000,0x000000008d7087f8,0x000000008d780000)
 Metaspace       used 85292K, committed 87040K, reserved 1179648K
  class space    used 11089K, committed 11840K, reserved 1048576K
}
Event: 140.159 GC heap before
{Heap before GC invocations=2002 (full 3):
 PSYoungGen      total 2560K, used 2544K [0x00000000d5580000, 0x00000000d5980000, 0x0000000100000000)
  eden space 2048K, 100% used [0x00000000d5580000,0x00000000d5780000,0x00000000d5780000)
  from space 512K, 96% used [0x00000000d5880000,0x00000000d58fc020,0x00000000d5900000)
  to   space 1024K, 0% used [0x00000000d5780000,0x00000000d5780000,0x00000000d5880000)
 ParOldGen       total 220672K, used 220193K [0x0000000080000000, 0x000000008d780000, 0x00000000d5580000)
  object space 220672K, 99% used [0x0000000080000000,0x000000008d7087f8,0x000000008d780000)
 Metaspace       used 85333K, committed 87040K, reserved 1179648K
  class space    used 11089K, committed 11840K, reserved 1048576K
}
Event: 140.160 GC heap after
{Heap after GC invocations=2002 (full 3):
 PSYoungGen      total 3072K, used 320K [0x00000000d5580000, 0x00000000d5900000, 0x0000000100000000)
  eden space 2048K, 0% used [0x00000000d5580000,0x00000000d5580000,0x00000000d5780000)
  from space 1024K, 31% used [0x00000000d5780000,0x00000000d57d0000,0x00000000d5880000)
  to   space 512K, 0% used [0x00000000d5880000,0x00000000d5880000,0x00000000d5900000)
 ParOldGen       total 220672K, used 220297K [0x0000000080000000, 0x000000008d780000, 0x00000000d5580000)
  object space 220672K, 99% used [0x0000000080000000,0x000000008d7227f8,0x000000008d780000)
 Metaspace       used 85333K, committed 87040K, reserved 1179648K
  class space    used 11089K, committed 11840K, reserved 1048576K
}
Event: 140.194 GC heap before
{Heap before GC invocations=2003 (full 3):
 PSYoungGen      total 3072K, used 2367K [0x00000000d5580000, 0x00000000d5900000, 0x0000000100000000)
  eden space 2048K, 99% used [0x00000000d5580000,0x00000000d577fff0,0x00000000d5780000)
  from space 1024K, 31% used [0x00000000d5780000,0x00000000d57d0000,0x00000000d5880000)
  to   space 512K, 0% used [0x00000000d5880000,0x00000000d5880000,0x00000000d5900000)
 ParOldGen       total 220672K, used 220297K [0x0000000080000000, 0x000000008d780000, 0x00000000d5580000)
  object space 220672K, 99% used [0x0000000080000000,0x000000008d7227f8,0x000000008d780000)
 Metaspace       used 85335K, committed 87040K, reserved 1179648K
  class space    used 11089K, committed 11840K, reserved 1048576K
}
Event: 140.196 GC heap after
{Heap after GC invocations=2003 (full 3):
 PSYoungGen      total 2560K, used 366K [0x00000000d5580000, 0x00000000d5900000, 0x0000000100000000)
  eden space 2048K, 0% used [0x00000000d5580000,0x00000000d5580000,0x00000000d5780000)
  from space 512K, 71% used [0x00000000d5880000,0x00000000d58dbac0,0x00000000d5900000)
  to   space 512K, 0% used [0x00000000d5800000,0x00000000d5800000,0x00000000d5880000)
 ParOldGen       total 220672K, used 220393K [0x0000000080000000, 0x000000008d780000, 0x00000000d5580000)
  object space 220672K, 99% used [0x0000000080000000,0x000000008d73a7f8,0x000000008d780000)
 Metaspace       used 85335K, committed 87040K, reserved 1179648K
  class space    used 11089K, committed 11840K, reserved 1048576K
}
Event: 140.215 GC heap before
{Heap before GC invocations=2004 (full 3):
 PSYoungGen      total 2560K, used 2414K [0x00000000d5580000, 0x00000000d5900000, 0x0000000100000000)
  eden space 2048K, 100% used [0x00000000d5580000,0x00000000d5780000,0x00000000d5780000)
  from space 512K, 71% used [0x00000000d5880000,0x00000000d58dbac0,0x00000000d5900000)
  to   space 512K, 0% used [0x00000000d5800000,0x00000000d5800000,0x00000000d5880000)
 ParOldGen       total 220672K, used 220393K [0x0000000080000000, 0x000000008d780000, 0x00000000d5580000)
  object space 220672K, 99% used [0x0000000080000000,0x000000008d73a7f8,0x000000008d780000)
 Metaspace       used 85337K, committed 87040K, reserved 1179648K
  class space    used 11089K, committed 11840K, reserved 1048576K
}
Event: 140.217 GC heap after
{Heap after GC invocations=2004 (full 3):
 PSYoungGen      total 2560K, used 288K [0x00000000d5580000, 0x00000000d5900000, 0x0000000100000000)
  eden space 2048K, 0% used [0x00000000d5580000,0x00000000d5580000,0x00000000d5780000)
  from space 512K, 56% used [0x00000000d5800000,0x00000000d5848000,0x00000000d5880000)
  to   space 512K, 0% used [0x00000000d5880000,0x00000000d5880000,0x00000000d5900000)
 ParOldGen       total 220672K, used 220504K [0x0000000080000000, 0x000000008d780000, 0x00000000d5580000)
  object space 220672K, 99% used [0x0000000080000000,0x000000008d7562b8,0x000000008d780000)
 Metaspace       used 85337K, committed 87040K, reserved 1179648K
  class space    used 11089K, committed 11840K, reserved 1048576K
}
Event: 140.238 GC heap before
{Heap before GC invocations=2005 (full 3):
 PSYoungGen      total 2560K, used 2336K [0x00000000d5580000, 0x00000000d5900000, 0x0000000100000000)
  eden space 2048K, 100% used [0x00000000d5580000,0x00000000d5780000,0x00000000d5780000)
  from space 512K, 56% used [0x00000000d5800000,0x00000000d5848000,0x00000000d5880000)
  to   space 512K, 0% used [0x00000000d5880000,0x00000000d5880000,0x00000000d5900000)
 ParOldGen       total 220672K, used 220504K [0x0000000080000000, 0x000000008d780000, 0x00000000d5580000)
  object space 220672K, 99% used [0x0000000080000000,0x000000008d7562b8,0x000000008d780000)
 Metaspace       used 85346K, committed 87040K, reserved 1179648K
  class space    used 11089K, committed 11840K, reserved 1048576K
}
Event: 140.239 GC heap after
{Heap after GC invocations=2005 (full 3):
 PSYoungGen      total 2560K, used 320K [0x00000000d5580000, 0x00000000d5900000, 0x0000000100000000)
  eden space 2048K, 0% used [0x00000000d5580000,0x00000000d5580000,0x00000000d5780000)
  from space 512K, 62% used [0x00000000d5880000,0x00000000d58d0000,0x00000000d5900000)
  to   space 512K, 0% used [0x00000000d5800000,0x00000000d5800000,0x00000000d5880000)
 ParOldGen       total 220672K, used 220584K [0x0000000080000000, 0x000000008d780000, 0x00000000d5580000)
  object space 220672K, 99% used [0x0000000080000000,0x000000008d76a2b8,0x000000008d780000)
 Metaspace       used 85346K, committed 87040K, reserved 1179648K
  class space    used 11089K, committed 11840K, reserved 1048576K
}

