# JRE version: OpenJDK Runtime Environment Microsoft-13106358 (17.0.18+8) (build 17.0.18+8-LTS)
# Java VM: OpenJDK 64-Bit Server VM Microsoft-13106358 (17.0.18+8-LTS, mixed mode, sharing, tiered, compressed oops, compressed class ptrs, g1 gc, windows-amd64)
GC Precious Log:
 CPUs: 16 total, 16 available
 Memory: 32125M
 Large Page Support: Disabled
 NUMA Support: Disabled
 Compressed Oops: Enabled (Zero based)
 Heap Region Size: 4M
 Heap Min Capacity: 8M
 Heap Initial Capacity: 504M
 Heap Max Capacity: 8032M
 Pre-touch: Disabled
 Parallel Workers: 13
 Concurrent Workers: 3
 Concurrent Refinement Workers: 13
 Periodic GC: Disabled
Heap:
 garbage-first heap   total 1798144K, used 1475897K [0x000000060a000000, 0x0000000800000000)
  region size 4096K, 42 young (172032K), 5 survivors (20480K)
 Metaspace       used 84094K, committed 84736K, reserved 1179648K
  class space    used 8960K, committed 9280K, reserved 1048576K
GC Heap History (20 events):
Event: 73.767 GC heap before
{Heap before GC invocations=89 (full 0):
 garbage-first heap   total 1798144K, used 1111391K [0x000000060a000000, 0x0000000800000000)
  region size 4096K, 14 young (57344K), 2 survivors (8192K)
 Metaspace       used 83324K, committed 83968K, reserved 1179648K
  class space    used 8945K, committed 9280K, reserved 1048576K
}
Event: 73.773 GC heap after
{Heap after GC invocations=90 (full 0):
 garbage-first heap   total 1798144K, used 1069260K [0x000000060a000000, 0x0000000800000000)
  region size 4096K, 2 young (8192K), 2 survivors (8192K)
 Metaspace       used 83324K, committed 83968K, reserved 1179648K
  class space    used 8945K, committed 9280K, reserved 1048576K
}
Event: 77.042 GC heap before
{Heap before GC invocations=91 (full 0):
 garbage-first heap   total 1798144K, used 1495244K [0x000000060a000000, 0x0000000800000000)
  region size 4096K, 104 young (425984K), 2 survivors (8192K)
 Metaspace       used 83393K, committed 84032K, reserved 1179648K
  class space    used 8945K, committed 9280K, reserved 1048576K
}
Event: 77.070 GC heap after
{Heap after GC invocations=92 (full 0):
 garbage-first heap   total 1798144K, used 1117600K [0x000000060a000000, 0x0000000800000000)
  region size 4096K, 13 young (53248K), 13 survivors (53248K)
 Metaspace       used 83393K, committed 84032K, reserved 1179648K
  class space    used 8945K, committed 9280K, reserved 1048576K
}
Event: 77.171 GC heap before
{Heap before GC invocations=92 (full 0):
 garbage-first heap   total 1798144K, used 1150368K [0x000000060a000000, 0x0000000800000000)
  region size 4096K, 21 young (86016K), 13 survivors (53248K)
 Metaspace       used 83393K, committed 84032K, reserved 1179648K
  class space    used 8945K, committed 9280K, reserved 1048576K
}
Event: 77.192 GC heap after
{Heap after GC invocations=93 (full 0):
 garbage-first heap   total 1798144K, used 1103310K [0x000000060a000000, 0x0000000800000000)
  region size 4096K, 2 young (8192K), 2 survivors (8192K)
 Metaspace       used 83393K, committed 84032K, reserved 1179648K
  class space    used 8945K, committed 9280K, reserved 1048576K
}
Event: 79.687 GC heap before
{Heap before GC invocations=93 (full 0):
 garbage-first heap   total 1798144K, used 1492430K [0x000000060a000000, 0x0000000800000000)
  region size 4096K, 97 young (397312K), 2 survivors (8192K)
 Metaspace       used 83480K, committed 84096K, reserved 1179648K
  class space    used 8945K, committed 9280K, reserved 1048576K
}
Event: 79.703 GC heap after
{Heap after GC invocations=94 (full 0):
 garbage-first heap   total 1798144K, used 1141816K [0x000000060a000000, 0x0000000800000000)
  region size 4096K, 11 young (45056K), 11 survivors (45056K)
 Metaspace       used 83480K, committed 84096K, reserved 1179648K
  class space    used 8945K, committed 9280K, reserved 1048576K
}
Event: 81.654 GC heap before
{Heap before GC invocations=94 (full 0):
 garbage-first heap   total 1798144K, used 1502264K [0x000000060a000000, 0x0000000800000000)
  region size 4096K, 99 young (405504K), 11 survivors (45056K)
 Metaspace       used 83587K, committed 84288K, reserved 1179648K
  class space    used 8949K, committed 9280K, reserved 1048576K
}
Event: 81.677 GC heap after
{Heap after GC invocations=95 (full 0):
 garbage-first heap   total 1798144K, used 1184746K [0x000000060a000000, 0x0000000800000000)
  region size 4096K, 11 young (45056K), 11 survivors (45056K)
 Metaspace       used 83587K, committed 84288K, reserved 1179648K
  class space    used 8949K, committed 9280K, reserved 1048576K
}
Event: 83.155 GC heap before
{Heap before GC invocations=95 (full 0):
 garbage-first heap   total 1798144K, used 1512426K [0x000000060a000000, 0x0000000800000000)
  region size 4096K, 91 young (372736K), 11 survivors (45056K)
 Metaspace       used 83677K, committed 84352K, reserved 1179648K
  class space    used 8951K, committed 9280K, reserved 1048576K
}
Event: 83.177 GC heap after
{Heap after GC invocations=96 (full 0):
 garbage-first heap   total 1798144K, used 1227038K [0x000000060a000000, 0x0000000800000000)
  region size 4096K, 11 young (45056K), 11 survivors (45056K)
 Metaspace       used 83677K, committed 84352K, reserved 1179648K
  class space    used 8951K, committed 9280K, reserved 1048576K
}
Event: 84.365 GC heap before
{Heap before GC invocations=96 (full 0):
 garbage-first heap   total 1798144K, used 1517854K [0x000000060a000000, 0x0000000800000000)
  region size 4096K, 82 young (335872K), 11 survivors (45056K)
 Metaspace       used 83736K, committed 84416K, reserved 1179648K
  class space    used 8951K, committed 9280K, reserved 1048576K
}
Event: 84.389 GC heap after
{Heap after GC invocations=97 (full 0):
 garbage-first heap   total 1798144K, used 1258097K [0x000000060a000000, 0x0000000800000000)
  region size 4096K, 9 young (36864K), 9 survivors (36864K)
 Metaspace       used 83736K, committed 84416K, reserved 1179648K
  class space    used 8951K, committed 9280K, reserved 1048576K
}
Event: 86.063 GC heap before
{Heap before GC invocations=97 (full 0):
 garbage-first heap   total 1798144K, used 1524337K [0x000000060a000000, 0x0000000800000000)
  region size 4096K, 74 young (303104K), 9 survivors (36864K)
 Metaspace       used 83844K, committed 84480K, reserved 1179648K
  class space    used 8959K, committed 9280K, reserved 1048576K
}
Event: 86.081 GC heap after
{Heap after GC invocations=98 (full 0):
 garbage-first heap   total 1798144K, used 1284359K [0x000000060a000000, 0x0000000800000000)
  region size 4096K, 7 young (28672K), 7 survivors (28672K)
 Metaspace       used 83844K, committed 84480K, reserved 1179648K
  class space    used 8959K, committed 9280K, reserved 1048576K
}
Event: 88.477 GC heap before
{Heap before GC invocations=98 (full 0):
 garbage-first heap   total 1798144K, used 1546503K [0x000000060a000000, 0x0000000800000000)
  region size 4096K, 69 young (282624K), 7 survivors (28672K)
 Metaspace       used 83983K, committed 84608K, reserved 1179648K
  class space    used 8959K, committed 9280K, reserved 1048576K
}
Event: 88.492 GC heap after
{Heap after GC invocations=99 (full 0):
 garbage-first heap   total 1798144K, used 1302454K [0x000000060a000000, 0x0000000800000000)
  region size 4096K, 5 young (20480K), 5 survivors (20480K)
 Metaspace       used 83983K, committed 84608K, reserved 1179648K
  class space    used 8959K, committed 9280K, reserved 1048576K
}
Event: 89.315 GC heap before
{Heap before GC invocations=99 (full 0):
 garbage-first heap   total 1798144K, used 1540022K [0x000000060a000000, 0x0000000800000000)
  region size 4096K, 64 young (262144K), 5 survivors (20480K)
 Metaspace       used 84030K, committed 84672K, reserved 1179648K
  class space    used 8960K, committed 9280K, reserved 1048576K
}
Event: 89.327 GC heap after
{Heap after GC invocations=100 (full 0):
 garbage-first heap   total 1798144K, used 1320249K [0x000000060a000000, 0x0000000800000000)
  region size 4096K, 5 young (20480K), 5 survivors (20480K)
 Metaspace       used 84030K, committed 84672K, reserved 1179648K
  class space    used 8960K, committed 9280K, reserved 1048576K
}

