# JRE version: OpenJDK Runtime Environment Microsoft-13106358 (17.0.18+8) (build 17.0.18+8-LTS)
# Java VM: OpenJDK 64-Bit Server VM Microsoft-13106358 (17.0.18+8-LTS, mixed mode, sharing, tiered, compressed oops, compressed class ptrs, g1 gc, windows-amd64)
GC Precious Log:
 CPUs: 16 total, 16 available
 Memory: 32125M
 Large Page Support: Disabled
 NUMA Support: Disabled
 Compressed Oops: Enabled (Zero based)
 Heap Region Size: 4M
 Heap Min Capacity: 8M
 Heap Initial Capacity: 504M
 Heap Max Capacity: 8032M
 Pre-touch: Disabled
 Parallel Workers: 13
 Concurrent Workers: 3
 Concurrent Refinement Workers: 13
 Periodic GC: Disabled
Heap:
 garbage-first heap   total 2117632K, used 1934577K [0x000000060a000000, 0x0000000800000000)
  region size 4096K, 9 young (36864K), 3 survivors (12288K)
 Metaspace       used 84478K, committed 85120K, reserved 1179648K
  class space    used 8940K, committed 9280K, reserved 1048576K
GC Heap History (20 events):
Event: 159.350 GC heap before
{Heap before GC invocations=119 (full 0):
 garbage-first heap   total 2117632K, used 1895298K [0x000000060a000000, 0x0000000800000000)
  region size 4096K, 25 young (102400K), 4 survivors (16384K)
 Metaspace       used 84332K, committed 84992K, reserved 1179648K
  class space    used 8940K, committed 9280K, reserved 1048576K
}
Event: 159.357 GC heap after
{Heap after GC invocations=120 (full 0):
 garbage-first heap   total 2117632K, used 1813049K [0x000000060a000000, 0x0000000800000000)
  region size 4096K, 4 young (16384K), 4 survivors (16384K)
 Metaspace       used 84332K, committed 84992K, reserved 1179648K
  class space    used 8940K, committed 9280K, reserved 1048576K
}
Event: 159.825 GC heap before
{Heap before GC invocations=120 (full 0):
 garbage-first heap   total 2117632K, used 1907257K [0x000000060a000000, 0x0000000800000000)
  region size 4096K, 25 young (102400K), 4 survivors (16384K)
 Metaspace       used 84356K, committed 84992K, reserved 1179648K
  class space    used 8940K, committed 9280K, reserved 1048576K
}
Event: 159.832 GC heap after
{Heap after GC invocations=121 (full 0):
 garbage-first heap   total 2117632K, used 1826253K [0x000000060a000000, 0x0000000800000000)
  region size 4096K, 4 young (16384K), 4 survivors (16384K)
 Metaspace       used 84356K, committed 84992K, reserved 1179648K
  class space    used 8940K, committed 9280K, reserved 1048576K
}
Event: 160.199 GC heap before
{Heap before GC invocations=121 (full 0):
 garbage-first heap   total 2117632K, used 1920461K [0x000000060a000000, 0x0000000800000000)
  region size 4096K, 25 young (102400K), 4 survivors (16384K)
 Metaspace       used 84385K, committed 85056K, reserved 1179648K
  class space    used 8940K, committed 9280K, reserved 1048576K
}
Event: 160.206 GC heap after
{Heap after GC invocations=122 (full 0):
 garbage-first heap   total 2117632K, used 1836507K [0x000000060a000000, 0x0000000800000000)
  region size 4096K, 3 young (12288K), 3 survivors (12288K)
 Metaspace       used 84385K, committed 85056K, reserved 1179648K
  class space    used 8940K, committed 9280K, reserved 1048576K
}
Event: 160.472 GC heap before
{Heap before GC invocations=122 (full 0):
 garbage-first heap   total 2117632K, used 1926619K [0x000000060a000000, 0x0000000800000000)
  region size 4096K, 25 young (102400K), 3 survivors (12288K)
 Metaspace       used 84395K, committed 85056K, reserved 1179648K
  class space    used 8940K, committed 9280K, reserved 1048576K
}
Event: 160.479 GC heap after
{Heap after GC invocations=123 (full 0):
 garbage-first heap   total 2117632K, used 1848694K [0x000000060a000000, 0x0000000800000000)
  region size 4096K, 3 young (12288K), 3 survivors (12288K)
 Metaspace       used 84395K, committed 85056K, reserved 1179648K
  class space    used 8940K, committed 9280K, reserved 1048576K
}
Event: 160.679 GC heap before
{Heap before GC invocations=123 (full 0):
 garbage-first heap   total 2117632K, used 1938806K [0x000000060a000000, 0x0000000800000000)
  region size 4096K, 25 young (102400K), 3 survivors (12288K)
 Metaspace       used 84396K, committed 85056K, reserved 1179648K
  class space    used 8940K, committed 9280K, reserved 1048576K
}
Event: 160.684 GC heap after
{Heap after GC invocations=124 (full 0):
 garbage-first heap   total 2117632K, used 1858107K [0x000000060a000000, 0x0000000800000000)
  region size 4096K, 3 young (12288K), 3 survivors (12288K)
 Metaspace       used 84396K, committed 85056K, reserved 1179648K
  class space    used 8940K, committed 9280K, reserved 1048576K
}
Event: 161.045 GC heap before
{Heap before GC invocations=124 (full 0):
 garbage-first heap   total 2117632K, used 1948219K [0x000000060a000000, 0x0000000800000000)
  region size 4096K, 25 young (102400K), 3 survivors (12288K)
 Metaspace       used 84407K, committed 85056K, reserved 1179648K
  class space    used 8940K, committed 9280K, reserved 1048576K
}
Event: 161.052 GC heap after
{Heap after GC invocations=125 (full 0):
 garbage-first heap   total 2117632K, used 1871090K [0x000000060a000000, 0x0000000800000000)
  region size 4096K, 4 young (16384K), 4 survivors (16384K)
 Metaspace       used 84407K, committed 85056K, reserved 1179648K
  class space    used 8940K, committed 9280K, reserved 1048576K
}
Event: 161.320 GC heap before
{Heap before GC invocations=125 (full 0):
 garbage-first heap   total 2117632K, used 1957106K [0x000000060a000000, 0x0000000800000000)
  region size 4096K, 25 young (102400K), 4 survivors (16384K)
 Metaspace       used 84416K, committed 85056K, reserved 1179648K
  class space    used 8940K, committed 9280K, reserved 1048576K
}
Event: 161.327 GC heap after
{Heap after GC invocations=126 (full 0):
 garbage-first heap   total 2117632K, used 1881301K [0x000000060a000000, 0x0000000800000000)
  region size 4096K, 3 young (12288K), 3 survivors (12288K)
 Metaspace       used 84416K, committed 85056K, reserved 1179648K
  class space    used 8940K, committed 9280K, reserved 1048576K
}
Event: 161.512 GC heap before
{Heap before GC invocations=126 (full 0):
 garbage-first heap   total 2117632K, used 1967317K [0x000000060a000000, 0x0000000800000000)
  region size 4096K, 25 young (102400K), 3 survivors (12288K)
 Metaspace       used 84425K, committed 85056K, reserved 1179648K
  class space    used 8940K, committed 9280K, reserved 1048576K
}
Event: 161.517 GC heap after
{Heap after GC invocations=127 (full 0):
 garbage-first heap   total 2117632K, used 1890556K [0x000000060a000000, 0x0000000800000000)
  region size 4096K, 3 young (12288K), 3 survivors (12288K)
 Metaspace       used 84425K, committed 85056K, reserved 1179648K
  class space    used 8940K, committed 9280K, reserved 1048576K
}
Event: 161.800 GC heap before
{Heap before GC invocations=127 (full 0):
 garbage-first heap   total 2117632K, used 1984764K [0x000000060a000000, 0x0000000800000000)
  region size 4096K, 25 young (102400K), 3 survivors (12288K)
 Metaspace       used 84430K, committed 85056K, reserved 1179648K
  class space    used 8940K, committed 9280K, reserved 1048576K
}
Event: 161.806 GC heap after
{Heap after GC invocations=128 (full 0):
 garbage-first heap   total 2117632K, used 1902790K [0x000000060a000000, 0x0000000800000000)
  region size 4096K, 4 young (16384K), 4 survivors (16384K)
 Metaspace       used 84430K, committed 85056K, reserved 1179648K
  class space    used 8940K, committed 9280K, reserved 1048576K
}
Event: 162.056 GC heap before
{Heap before GC invocations=128 (full 0):
 garbage-first heap   total 2117632K, used 1988806K [0x000000060a000000, 0x0000000800000000)
  region size 4096K, 25 young (102400K), 4 survivors (16384K)
 Metaspace       used 84477K, committed 85120K, reserved 1179648K
  class space    used 8940K, committed 9280K, reserved 1048576K
}
Event: 162.062 GC heap after
{Heap after GC invocations=129 (full 0):
 garbage-first heap   total 2117632K, used 1914097K [0x000000060a000000, 0x0000000800000000)
  region size 4096K, 3 young (12288K), 3 survivors (12288K)
 Metaspace       used 84477K, committed 85120K, reserved 1179648K
  class space    used 8940K, committed 9280K, reserved 1048576K
}

