# JRE version: OpenJDK Runtime Environment Microsoft-13106358 (17.0.18+8) (build 17.0.18+8-LTS)
# Java VM: OpenJDK 64-Bit Server VM Microsoft-13106358 (17.0.18+8-LTS, mixed mode, sharing, tiered, compressed oops, compressed class ptrs, g1 gc, windows-amd64)
GC Precious Log:
 CPUs: 16 total, 16 available
 Memory: 32125M
 Large Page Support: Disabled
 NUMA Support: Disabled
 Compressed Oops: Enabled (Zero based)
 Heap Region Size: 2M
 Heap Min Capacity: 8M
 Heap Initial Capacity: 502M
 Heap Max Capacity: 2560M
 Pre-touch: Disabled
 Parallel Workers: 13
 Concurrent Workers: 3
 Concurrent Refinement Workers: 13
 Periodic GC: Disabled
Heap:
 garbage-first heap   total 376832K, used 239766K [0x0000000760000000, 0x0000000800000000)
  region size 2048K, 14 young (28672K), 1 survivors (2048K)
 Metaspace       used 113719K, committed 114880K, reserved 1179648K
  class space    used 15761K, committed 16320K, reserved 1048576K
GC Heap History (20 events):
Event: 35.280 GC heap before
{Heap before GC invocations=47 (full 0):
 garbage-first heap   total 258048K, used 213046K [0x0000000760000000, 0x0000000800000000)
  region size 2048K, 16 young (32768K), 2 survivors (4096K)
 Metaspace       used 110105K, committed 111168K, reserved 1179648K
  class space    used 15404K, committed 15936K, reserved 1048576K
}
Event: 35.283 GC heap after
{Heap after GC invocations=48 (full 0):
 garbage-first heap   total 258048K, used 190236K [0x0000000760000000, 0x0000000800000000)
  region size 2048K, 2 young (4096K), 2 survivors (4096K)
 Metaspace       used 110105K, committed 111168K, reserved 1179648K
  class space    used 15404K, committed 15936K, reserved 1048576K
}
Event: 35.643 GC heap before
{Heap before GC invocations=48 (full 0):
 garbage-first heap   total 258048K, used 218908K [0x0000000760000000, 0x0000000800000000)
  region size 2048K, 16 young (32768K), 2 survivors (4096K)
 Metaspace       used 110936K, committed 112064K, reserved 1179648K
  class space    used 15503K, committed 16064K, reserved 1048576K
}
Event: 35.647 GC heap after
{Heap after GC invocations=49 (full 0):
 garbage-first heap   total 258048K, used 193933K [0x0000000760000000, 0x0000000800000000)
  region size 2048K, 2 young (4096K), 2 survivors (4096K)
 Metaspace       used 110936K, committed 112064K, reserved 1179648K
  class space    used 15503K, committed 16064K, reserved 1048576K
}
Event: 36.089 GC heap before
{Heap before GC invocations=49 (full 0):
 garbage-first heap   total 258048K, used 218509K [0x0000000760000000, 0x0000000800000000)
  region size 2048K, 14 young (28672K), 2 survivors (4096K)
 Metaspace       used 112069K, committed 113216K, reserved 1179648K
  class space    used 15628K, committed 16192K, reserved 1048576K
}
Event: 36.093 GC heap after
{Heap after GC invocations=50 (full 0):
 garbage-first heap   total 258048K, used 197543K [0x0000000760000000, 0x0000000800000000)
  region size 2048K, 2 young (4096K), 2 survivors (4096K)
 Metaspace       used 112069K, committed 113216K, reserved 1179648K
  class space    used 15628K, committed 16192K, reserved 1048576K
}
Event: 36.578 GC heap before
{Heap before GC invocations=50 (full 0):
 garbage-first heap   total 258048K, used 220071K [0x0000000760000000, 0x0000000800000000)
  region size 2048K, 13 young (26624K), 2 survivors (4096K)
 Metaspace       used 113226K, committed 114368K, reserved 1179648K
  class space    used 15744K, committed 16320K, reserved 1048576K
}
Event: 36.583 GC heap after
{Heap after GC invocations=51 (full 0):
 garbage-first heap   total 258048K, used 201610K [0x0000000760000000, 0x0000000800000000)
  region size 2048K, 2 young (4096K), 2 survivors (4096K)
 Metaspace       used 113226K, committed 114368K, reserved 1179648K
  class space    used 15744K, committed 16320K, reserved 1048576K
}
Event: 37.007 GC heap before
{Heap before GC invocations=51 (full 0):
 garbage-first heap   total 258048K, used 220042K [0x0000000760000000, 0x0000000800000000)
  region size 2048K, 11 young (22528K), 2 survivors (4096K)
 Metaspace       used 113309K, committed 114432K, reserved 1179648K
  class space    used 15745K, committed 16320K, reserved 1048576K
}
Event: 37.011 GC heap after
{Heap after GC invocations=52 (full 0):
 garbage-first heap   total 258048K, used 205632K [0x0000000760000000, 0x0000000800000000)
  region size 2048K, 2 young (4096K), 2 survivors (4096K)
 Metaspace       used 113309K, committed 114432K, reserved 1179648K
  class space    used 15745K, committed 16320K, reserved 1048576K
}
Event: 37.289 GC heap before
{Heap before GC invocations=52 (full 0):
 garbage-first heap   total 258048K, used 222016K [0x0000000760000000, 0x0000000800000000)
  region size 2048K, 10 young (20480K), 2 survivors (4096K)
 Metaspace       used 113400K, committed 114496K, reserved 1179648K
  class space    used 15747K, committed 16320K, reserved 1048576K
}
Event: 37.294 GC heap after
{Heap after GC invocations=53 (full 0):
 garbage-first heap   total 258048K, used 209337K [0x0000000760000000, 0x0000000800000000)
  region size 2048K, 2 young (4096K), 2 survivors (4096K)
 Metaspace       used 113400K, committed 114496K, reserved 1179648K
  class space    used 15747K, committed 16320K, reserved 1048576K
}
Event: 37.422 GC heap before
{Heap before GC invocations=53 (full 0):
 garbage-first heap   total 258048K, used 221625K [0x0000000760000000, 0x0000000800000000)
  region size 2048K, 8 young (16384K), 2 survivors (4096K)
 Metaspace       used 113496K, committed 114688K, reserved 1179648K
  class space    used 15750K, committed 16320K, reserved 1048576K
}
Event: 37.425 GC heap after
{Heap after GC invocations=54 (full 0):
 garbage-first heap   total 258048K, used 210720K [0x0000000760000000, 0x0000000800000000)
  region size 2048K, 1 young (2048K), 1 survivors (2048K)
 Metaspace       used 113496K, committed 114688K, reserved 1179648K
  class space    used 15750K, committed 16320K, reserved 1048576K
}
Event: 37.506 GC heap before
{Heap before GC invocations=54 (full 0):
 garbage-first heap   total 258048K, used 223008K [0x0000000760000000, 0x0000000800000000)
  region size 2048K, 7 young (14336K), 1 survivors (2048K)
 Metaspace       used 113535K, committed 114688K, reserved 1179648K
  class space    used 15751K, committed 16320K, reserved 1048576K
}
Event: 37.509 GC heap after
{Heap after GC invocations=55 (full 0):
 garbage-first heap   total 258048K, used 212701K [0x0000000760000000, 0x0000000800000000)
  region size 2048K, 1 young (2048K), 1 survivors (2048K)
 Metaspace       used 113535K, committed 114688K, reserved 1179648K
  class space    used 15751K, committed 16320K, reserved 1048576K
}
Event: 37.670 GC heap before
{Heap before GC invocations=55 (full 0):
 garbage-first heap   total 258048K, used 224989K [0x0000000760000000, 0x0000000800000000)
  region size 2048K, 7 young (14336K), 1 survivors (2048K)
 Metaspace       used 113569K, committed 114752K, reserved 1179648K
  class space    used 15752K, committed 16320K, reserved 1048576K
}
Event: 37.673 GC heap after
{Heap after GC invocations=56 (full 0):
 garbage-first heap   total 258048K, used 214752K [0x0000000760000000, 0x0000000800000000)
  region size 2048K, 1 young (2048K), 1 survivors (2048K)
 Metaspace       used 113569K, committed 114752K, reserved 1179648K
  class space    used 15752K, committed 16320K, reserved 1048576K
}
Event: 37.779 GC heap before
{Heap before GC invocations=56 (full 0):
 garbage-first heap   total 258048K, used 224992K [0x0000000760000000, 0x0000000800000000)
  region size 2048K, 6 young (12288K), 1 survivors (2048K)
 Metaspace       used 113616K, committed 114752K, reserved 1179648K
  class space    used 15754K, committed 16320K, reserved 1048576K
}
Event: 37.782 GC heap after
{Heap after GC invocations=57 (full 0):
 garbage-first heap   total 311296K, used 215190K [0x0000000760000000, 0x0000000800000000)
  region size 2048K, 1 young (2048K), 1 survivors (2048K)
 Metaspace       used 113616K, committed 114752K, reserved 1179648K
  class space    used 15754K, committed 16320K, reserved 1048576K
}

