# JRE version: OpenJDK Runtime Environment Microsoft-13106358 (17.0.18+8) (build 17.0.18+8-LTS)
# Java VM: OpenJDK 64-Bit Server VM Microsoft-13106358 (17.0.18+8-LTS, mixed mode, sharing, tiered, compressed oops, compressed class ptrs, g1 gc, windows-amd64)
GC Precious Log:
 CPUs: 16 total, 16 available
 Memory: 32125M
 Large Page Support: Disabled
 NUMA Support: Disabled
 Compressed Oops: Enabled (Zero based)
 Heap Region Size: 2M
 Heap Min Capacity: 8M
 Heap Initial Capacity: 502M
 Heap Max Capacity: 2560M
 Pre-touch: Disabled
 Parallel Workers: 13
 Concurrent Workers: 3
 Concurrent Refinement Workers: 13
 Periodic GC: Disabled
Heap:
 garbage-first heap   total 403456K, used 350297K [0x0000000515400000, 0x00000005b5400000)
  region size 2048K, 6 young (12288K), 1 survivors (2048K)
 Metaspace       used 115360K, committed 116864K, reserved 1179648K
  class space    used 15936K, committed 16704K, reserved 1048576K
GC Heap History (20 events):
Event: 69.286 GC heap before
{Heap before GC invocations=80 (full 0):
 garbage-first heap   total 403456K, used 339864K [0x0000000515400000, 0x00000005b5400000)
  region size 2048K, 25 young (51200K), 4 survivors (8192K)
 Metaspace       used 114666K, committed 116096K, reserved 1179648K
  class space    used 15893K, committed 16640K, reserved 1048576K
}
Event: 69.293 GC heap after
{Heap after GC invocations=81 (full 0):
 garbage-first heap   total 403456K, used 302705K [0x0000000515400000, 0x00000005b5400000)
  region size 2048K, 3 young (6144K), 3 survivors (6144K)
 Metaspace       used 114666K, committed 116096K, reserved 1179648K
  class space    used 15893K, committed 16640K, reserved 1048576K
}
Event: 69.470 GC heap before
{Heap before GC invocations=81 (full 0):
 garbage-first heap   total 403456K, used 343665K [0x0000000515400000, 0x00000005b5400000)
  region size 2048K, 23 young (47104K), 3 survivors (6144K)
 Metaspace       used 114679K, committed 116096K, reserved 1179648K
  class space    used 15893K, committed 16640K, reserved 1048576K
}
Event: 69.475 GC heap after
{Heap after GC invocations=82 (full 0):
 garbage-first heap   total 403456K, used 304944K [0x0000000515400000, 0x00000005b5400000)
  region size 2048K, 2 young (4096K), 2 survivors (4096K)
 Metaspace       used 114679K, committed 116096K, reserved 1179648K
  class space    used 15893K, committed 16640K, reserved 1048576K
}
Event: 69.920 GC heap before
{Heap before GC invocations=82 (full 0):
 garbage-first heap   total 403456K, used 345904K [0x0000000515400000, 0x00000005b5400000)
  region size 2048K, 22 young (45056K), 2 survivors (4096K)
 Metaspace       used 114784K, committed 116224K, reserved 1179648K
  class space    used 15895K, committed 16640K, reserved 1048576K
}
Event: 69.925 GC heap after
{Heap after GC invocations=83 (full 0):
 garbage-first heap   total 403456K, used 312667K [0x0000000515400000, 0x00000005b5400000)
  region size 2048K, 3 young (6144K), 3 survivors (6144K)
 Metaspace       used 114784K, committed 116224K, reserved 1179648K
  class space    used 15895K, committed 16640K, reserved 1048576K
}
Event: 70.284 GC heap before
{Heap before GC invocations=83 (full 0):
 garbage-first heap   total 403456K, used 347483K [0x0000000515400000, 0x00000005b5400000)
  region size 2048K, 20 young (40960K), 3 survivors (6144K)
 Metaspace       used 114854K, committed 116288K, reserved 1179648K
  class space    used 15899K, committed 16640K, reserved 1048576K
}
Event: 70.291 GC heap after
{Heap after GC invocations=84 (full 0):
 garbage-first heap   total 403456K, used 319310K [0x0000000515400000, 0x00000005b5400000)
  region size 2048K, 3 young (6144K), 3 survivors (6144K)
 Metaspace       used 114854K, committed 116288K, reserved 1179648K
  class space    used 15899K, committed 16640K, reserved 1048576K
}
Event: 70.698 GC heap before
{Heap before GC invocations=84 (full 0):
 garbage-first heap   total 403456K, used 345934K [0x0000000515400000, 0x00000005b5400000)
  region size 2048K, 16 young (32768K), 3 survivors (6144K)
 Metaspace       used 115076K, committed 116544K, reserved 1179648K
  class space    used 15915K, committed 16640K, reserved 1048576K
}
Event: 70.707 GC heap after
{Heap after GC invocations=85 (full 0):
 garbage-first heap   total 403456K, used 327761K [0x0000000515400000, 0x00000005b5400000)
  region size 2048K, 2 young (4096K), 2 survivors (4096K)
 Metaspace       used 115076K, committed 116544K, reserved 1179648K
  class space    used 15915K, committed 16640K, reserved 1048576K
}
Event: 72.891 GC heap before
{Heap before GC invocations=85 (full 0):
 garbage-first heap   total 403456K, used 344145K [0x0000000515400000, 0x00000005b5400000)
  region size 2048K, 11 young (22528K), 2 survivors (4096K)
 Metaspace       used 115141K, committed 116544K, reserved 1179648K
  class space    used 15915K, committed 16640K, reserved 1048576K
}
Event: 72.898 GC heap after
{Heap after GC invocations=86 (full 0):
 garbage-first heap   total 403456K, used 334018K [0x0000000515400000, 0x00000005b5400000)
  region size 2048K, 2 young (4096K), 2 survivors (4096K)
 Metaspace       used 115141K, committed 116544K, reserved 1179648K
  class space    used 15915K, committed 16640K, reserved 1048576K
}
Event: 73.447 GC heap before
{Heap before GC invocations=86 (full 0):
 garbage-first heap   total 403456K, used 348354K [0x0000000515400000, 0x00000005b5400000)
  region size 2048K, 9 young (18432K), 2 survivors (4096K)
 Metaspace       used 115194K, committed 116672K, reserved 1179648K
  class space    used 15919K, committed 16640K, reserved 1048576K
}
Event: 73.452 GC heap after
{Heap after GC invocations=87 (full 0):
 garbage-first heap   total 403456K, used 339503K [0x0000000515400000, 0x00000005b5400000)
  region size 2048K, 2 young (4096K), 2 survivors (4096K)
 Metaspace       used 115194K, committed 116672K, reserved 1179648K
  class space    used 15919K, committed 16640K, reserved 1048576K
}
Event: 73.510 GC heap before
{Heap before GC invocations=87 (full 0):
 garbage-first heap   total 403456K, used 353839K [0x0000000515400000, 0x00000005b5400000)
  region size 2048K, 9 young (18432K), 2 survivors (4096K)
 Metaspace       used 115194K, committed 116672K, reserved 1179648K
  class space    used 15919K, committed 16640K, reserved 1048576K
}
Event: 73.513 GC heap after
{Heap after GC invocations=88 (full 0):
 garbage-first heap   total 403456K, used 339784K [0x0000000515400000, 0x00000005b5400000)
  region size 2048K, 1 young (2048K), 1 survivors (2048K)
 Metaspace       used 115194K, committed 116672K, reserved 1179648K
  class space    used 15919K, committed 16640K, reserved 1048576K
}
Event: 73.821 GC heap before
{Heap before GC invocations=88 (full 0):
 garbage-first heap   total 403456K, used 356168K [0x0000000515400000, 0x00000005b5400000)
  region size 2048K, 9 young (18432K), 1 survivors (2048K)
 Metaspace       used 115210K, committed 116672K, reserved 1179648K
  class space    used 15919K, committed 16640K, reserved 1048576K
}
Event: 73.825 GC heap after
{Heap after GC invocations=89 (full 0):
 garbage-first heap   total 403456K, used 341970K [0x0000000515400000, 0x00000005b5400000)
  region size 2048K, 2 young (4096K), 2 survivors (4096K)
 Metaspace       used 115210K, committed 116672K, reserved 1179648K
  class space    used 15919K, committed 16640K, reserved 1048576K
}
Event: 73.876 GC heap before
{Heap before GC invocations=89 (full 0):
 garbage-first heap   total 403456K, used 356306K [0x0000000515400000, 0x00000005b5400000)
  region size 2048K, 9 young (18432K), 2 survivors (4096K)
 Metaspace       used 115210K, committed 116672K, reserved 1179648K
  class space    used 15919K, committed 16640K, reserved 1048576K
}
Event: 73.880 GC heap after
{Heap after GC invocations=90 (full 0):
 garbage-first heap   total 403456K, used 342105K [0x0000000515400000, 0x00000005b5400000)
  region size 2048K, 1 young (2048K), 1 survivors (2048K)
 Metaspace       used 115210K, committed 116672K, reserved 1179648K
  class space    used 15919K, committed 16640K, reserved 1048576K
}

