# JRE version: OpenJDK Runtime Environment Microsoft-13106358 (17.0.18+8) (build 17.0.18+8-LTS)
# Java VM: OpenJDK 64-Bit Server VM Microsoft-13106358 (17.0.18+8-LTS, mixed mode, sharing, tiered, compressed oops, compressed class ptrs, g1 gc, windows-amd64)
GC Precious Log:
 CPUs: 16 total, 16 available
 Memory: 32125M
 Large Page Support: Disabled
 NUMA Support: Disabled
 Compressed Oops: Enabled (Zero based)
 Heap Region Size: 4M
 Heap Min Capacity: 8M
 Heap Initial Capacity: 504M
 Heap Max Capacity: 8032M
 Pre-touch: Disabled
 Parallel Workers: 13
 Concurrent Workers: 3
 Concurrent Refinement Workers: 13
 Periodic GC: Disabled
Heap:
 garbage-first heap   total 294912K, used 155453K [0x000000060a000000, 0x0000000800000000)
  region size 4096K, 33 young (135168K), 1 survivors (4096K)
 Metaspace       used 34156K, committed 34496K, reserved 1114112K
  class space    used 3776K, committed 3904K, reserved 1048576K
GC Heap History (20 events):
Event: 2.937 GC heap before
{Heap before GC invocations=4 (full 0):
 garbage-first heap   total 69632K, used 48496K [0x000000060a000000, 0x0000000800000000)
  region size 4096K, 10 young (40960K), 1 survivors (4096K)
 Metaspace       used 29687K, committed 29888K, reserved 1114112K
  class space    used 3326K, committed 3392K, reserved 1048576K
}
Event: 2.943 GC heap after
{Heap after GC invocations=5 (full 0):
 garbage-first heap   total 69632K, used 15372K [0x000000060a000000, 0x0000000800000000)
  region size 4096K, 2 young (8192K), 2 survivors (8192K)
 Metaspace       used 29687K, committed 29888K, reserved 1114112K
  class space    used 3326K, committed 3392K, reserved 1048576K
}
Event: 3.105 GC heap before
{Heap before GC invocations=5 (full 0):
 garbage-first heap   total 69632K, used 19468K [0x000000060a000000, 0x0000000800000000)
  region size 4096K, 3 young (12288K), 2 survivors (8192K)
 Metaspace       used 30755K, committed 30976K, reserved 1114112K
  class space    used 3464K, committed 3584K, reserved 1048576K
}
Event: 3.111 GC heap after
{Heap after GC invocations=6 (full 0):
 garbage-first heap   total 69632K, used 16577K [0x000000060a000000, 0x0000000800000000)
  region size 4096K, 1 young (4096K), 1 survivors (4096K)
 Metaspace       used 30755K, committed 30976K, reserved 1114112K
  class space    used 3464K, committed 3584K, reserved 1048576K
}
Event: 3.628 GC heap before
{Heap before GC invocations=6 (full 0):
 garbage-first heap   total 69632K, used 45249K [0x000000060a000000, 0x0000000800000000)
  region size 4096K, 8 young (32768K), 1 survivors (4096K)
 Metaspace       used 32472K, committed 32768K, reserved 1114112K
  class space    used 3661K, committed 3776K, reserved 1048576K
}
Event: 3.631 GC heap after
{Heap after GC invocations=7 (full 0):
 garbage-first heap   total 69632K, used 17026K [0x000000060a000000, 0x0000000800000000)
  region size 4096K, 1 young (4096K), 1 survivors (4096K)
 Metaspace       used 32472K, committed 32768K, reserved 1114112K
  class space    used 3661K, committed 3776K, reserved 1048576K
}
Event: 3.810 GC heap before
{Heap before GC invocations=7 (full 0):
 garbage-first heap   total 69632K, used 45698K [0x000000060a000000, 0x0000000800000000)
  region size 4096K, 8 young (32768K), 1 survivors (4096K)
 Metaspace       used 32495K, committed 32768K, reserved 1114112K
  class space    used 3661K, committed 3776K, reserved 1048576K
}
Event: 3.812 GC heap after
{Heap after GC invocations=8 (full 0):
 garbage-first heap   total 69632K, used 16995K [0x000000060a000000, 0x0000000800000000)
  region size 4096K, 1 young (4096K), 1 survivors (4096K)
 Metaspace       used 32495K, committed 32768K, reserved 1114112K
  class space    used 3661K, committed 3776K, reserved 1048576K
}
Event: 4.284 GC heap before
{Heap before GC invocations=8 (full 0):
 garbage-first heap   total 69632K, used 45667K [0x000000060a000000, 0x0000000800000000)
  region size 4096K, 8 young (32768K), 1 survivors (4096K)
 Metaspace       used 32495K, committed 32768K, reserved 1114112K
  class space    used 3661K, committed 3776K, reserved 1048576K
}
Event: 4.286 GC heap after
{Heap after GC invocations=9 (full 0):
 garbage-first heap   total 69632K, used 17313K [0x000000060a000000, 0x0000000800000000)
  region size 4096K, 1 young (4096K), 1 survivors (4096K)
 Metaspace       used 32495K, committed 32768K, reserved 1114112K
  class space    used 3661K, committed 3776K, reserved 1048576K
}
Event: 4.745 GC heap before
{Heap before GC invocations=9 (full 0):
 garbage-first heap   total 69632K, used 45985K [0x000000060a000000, 0x0000000800000000)
  region size 4096K, 9 young (36864K), 1 survivors (4096K)
 Metaspace       used 32731K, committed 33088K, reserved 1114112K
  class space    used 3665K, committed 3776K, reserved 1048576K
}
Event: 4.747 GC heap after
{Heap after GC invocations=10 (full 0):
 garbage-first heap   total 69632K, used 20857K [0x000000060a000000, 0x0000000800000000)
  region size 4096K, 2 young (8192K), 2 survivors (8192K)
 Metaspace       used 32731K, committed 33088K, reserved 1114112K
  class space    used 3665K, committed 3776K, reserved 1048576K
}
Event: 4.836 GC heap before
{Heap before GC invocations=10 (full 0):
 garbage-first heap   total 69632K, used 49529K [0x000000060a000000, 0x0000000800000000)
  region size 4096K, 9 young (36864K), 2 survivors (8192K)
 Metaspace       used 32731K, committed 33088K, reserved 1114112K
  class space    used 3665K, committed 3776K, reserved 1048576K
}
Event: 4.838 GC heap after
{Heap after GC invocations=11 (full 0):
 garbage-first heap   total 69632K, used 21133K [0x000000060a000000, 0x0000000800000000)
  region size 4096K, 2 young (8192K), 2 survivors (8192K)
 Metaspace       used 32731K, committed 33088K, reserved 1114112K
  class space    used 3665K, committed 3776K, reserved 1048576K
}
Event: 4.952 GC heap before
{Heap before GC invocations=11 (full 0):
 garbage-first heap   total 69632K, used 45709K [0x000000060a000000, 0x0000000800000000)
  region size 4096K, 8 young (32768K), 2 survivors (8192K)
 Metaspace       used 32731K, committed 33088K, reserved 1114112K
  class space    used 3665K, committed 3776K, reserved 1048576K
}
Event: 4.955 GC heap after
{Heap after GC invocations=12 (full 0):
 garbage-first heap   total 294912K, used 21129K [0x000000060a000000, 0x0000000800000000)
  region size 4096K, 1 young (4096K), 1 survivors (4096K)
 Metaspace       used 32731K, committed 33088K, reserved 1114112K
  class space    used 3665K, committed 3776K, reserved 1048576K
}
Event: 7.115 GC heap before
{Heap before GC invocations=12 (full 0):
 garbage-first heap   total 294912K, used 193161K [0x000000060a000000, 0x0000000800000000)
  region size 4096K, 43 young (176128K), 1 survivors (4096K)
 Metaspace       used 32879K, committed 33152K, reserved 1114112K
  class space    used 3682K, committed 3840K, reserved 1048576K
}
Event: 7.116 GC heap after
{Heap after GC invocations=13 (full 0):
 garbage-first heap   total 294912K, used 20953K [0x000000060a000000, 0x0000000800000000)
  region size 4096K, 1 young (4096K), 1 survivors (4096K)
 Metaspace       used 32879K, committed 33152K, reserved 1114112K
  class space    used 3682K, committed 3840K, reserved 1048576K
}
Event: 8.459 GC heap before
{Heap before GC invocations=13 (full 0):
 garbage-first heap   total 294912K, used 192985K [0x000000060a000000, 0x0000000800000000)
  region size 4096K, 43 young (176128K), 1 survivors (4096K)
 Metaspace       used 33853K, committed 34112K, reserved 1114112K
  class space    used 3764K, committed 3904K, reserved 1048576K
}
Event: 8.462 GC heap after
{Heap after GC invocations=14 (full 0):
 garbage-first heap   total 294912K, used 24381K [0x000000060a000000, 0x0000000800000000)
  region size 4096K, 1 young (4096K), 1 survivors (4096K)
 Metaspace       used 33853K, committed 34112K, reserved 1114112K
  class space    used 3764K, committed 3904K, reserved 1048576K
}

