# JRE version: OpenJDK Runtime Environment Microsoft-13106358 (17.0.18+8) (build 17.0.18+8-LTS)
# Java VM: OpenJDK 64-Bit Server VM Microsoft-13106358 (17.0.18+8-LTS, mixed mode, sharing, tiered, compressed oops, compressed class ptrs, g1 gc, windows-amd64)
GC Precious Log:
 CPUs: 16 total, 16 available
 Memory: 32125M
 Large Page Support: Disabled
 NUMA Support: Disabled
 Compressed Oops: Enabled (Zero based)
 Heap Region Size: 4M
 Heap Min Capacity: 8M
 Heap Initial Capacity: 504M
 Heap Max Capacity: 8032M
 Pre-touch: Disabled
 Parallel Workers: 13
 Concurrent Workers: 3
 Concurrent Refinement Workers: 13
 Periodic GC: Disabled
Heap:
 garbage-first heap   total 1716224K, used 1581092K [0x000000060a000000, 0x0000000800000000)
  region size 4096K, 15 young (61440K), 3 survivors (12288K)
 Metaspace       used 84054K, committed 84736K, reserved 1179648K
  class space    used 8928K, committed 9280K, reserved 1048576K
GC Heap History (20 events):
Event: 85.501 GC heap before
{Heap before GC invocations=125 (full 0):
 garbage-first heap   total 1716224K, used 1517797K [0x000000060a000000, 0x0000000800000000)
  region size 4096K, 20 young (81920K), 3 survivors (12288K)
 Metaspace       used 83968K, committed 84672K, reserved 1179648K
  class space    used 8928K, committed 9280K, reserved 1048576K
}
Event: 85.507 GC heap after
{Heap after GC invocations=126 (full 0):
 garbage-first heap   total 1716224K, used 1455562K [0x000000060a000000, 0x0000000800000000)
  region size 4096K, 3 young (12288K), 3 survivors (12288K)
 Metaspace       used 83968K, committed 84672K, reserved 1179648K
  class space    used 8928K, committed 9280K, reserved 1048576K
}
Event: 85.871 GC heap before
{Heap before GC invocations=126 (full 0):
 garbage-first heap   total 1716224K, used 1533386K [0x000000060a000000, 0x0000000800000000)
  region size 4096K, 20 young (81920K), 3 survivors (12288K)
 Metaspace       used 83970K, committed 84672K, reserved 1179648K
  class space    used 8928K, committed 9280K, reserved 1048576K
}
Event: 85.877 GC heap after
{Heap after GC invocations=127 (full 0):
 garbage-first heap   total 1716224K, used 1464427K [0x000000060a000000, 0x0000000800000000)
  region size 4096K, 3 young (12288K), 3 survivors (12288K)
 Metaspace       used 83970K, committed 84672K, reserved 1179648K
  class space    used 8928K, committed 9280K, reserved 1048576K
}
Event: 86.122 GC heap before
{Heap before GC invocations=127 (full 0):
 garbage-first heap   total 1716224K, used 1534059K [0x000000060a000000, 0x0000000800000000)
  region size 4096K, 20 young (81920K), 3 survivors (12288K)
 Metaspace       used 83976K, committed 84672K, reserved 1179648K
  class space    used 8928K, committed 9280K, reserved 1048576K
}
Event: 86.127 GC heap after
{Heap after GC invocations=128 (full 0):
 garbage-first heap   total 1716224K, used 1472370K [0x000000060a000000, 0x0000000800000000)
  region size 4096K, 3 young (12288K), 3 survivors (12288K)
 Metaspace       used 83976K, committed 84672K, reserved 1179648K
  class space    used 8928K, committed 9280K, reserved 1048576K
}
Event: 86.369 GC heap before
{Heap before GC invocations=128 (full 0):
 garbage-first heap   total 1716224K, used 1542002K [0x000000060a000000, 0x0000000800000000)
  region size 4096K, 20 young (81920K), 3 survivors (12288K)
 Metaspace       used 83977K, committed 84672K, reserved 1179648K
  class space    used 8928K, committed 9280K, reserved 1048576K
}
Event: 86.374 GC heap after
{Heap after GC invocations=129 (full 0):
 garbage-first heap   total 1716224K, used 1481475K [0x000000060a000000, 0x0000000800000000)
  region size 4096K, 3 young (12288K), 3 survivors (12288K)
 Metaspace       used 83977K, committed 84672K, reserved 1179648K
  class space    used 8928K, committed 9280K, reserved 1048576K
}
Event: 86.713 GC heap before
{Heap before GC invocations=129 (full 0):
 garbage-first heap   total 1716224K, used 1551107K [0x000000060a000000, 0x0000000800000000)
  region size 4096K, 20 young (81920K), 3 survivors (12288K)
 Metaspace       used 83978K, committed 84672K, reserved 1179648K
  class space    used 8928K, committed 9280K, reserved 1048576K
}
Event: 86.719 GC heap after
{Heap after GC invocations=130 (full 0):
 garbage-first heap   total 1716224K, used 1490128K [0x000000060a000000, 0x0000000800000000)
  region size 4096K, 3 young (12288K), 3 survivors (12288K)
 Metaspace       used 83978K, committed 84672K, reserved 1179648K
  class space    used 8928K, committed 9280K, reserved 1048576K
}
Event: 86.893 GC heap before
{Heap before GC invocations=130 (full 0):
 garbage-first heap   total 1716224K, used 1559760K [0x000000060a000000, 0x0000000800000000)
  region size 4096K, 20 young (81920K), 3 survivors (12288K)
 Metaspace       used 83978K, committed 84672K, reserved 1179648K
  class space    used 8928K, committed 9280K, reserved 1048576K
}
Event: 86.898 GC heap after
{Heap after GC invocations=131 (full 0):
 garbage-first heap   total 1716224K, used 1499196K [0x000000060a000000, 0x0000000800000000)
  region size 4096K, 3 young (12288K), 3 survivors (12288K)
 Metaspace       used 83978K, committed 84672K, reserved 1179648K
  class space    used 8928K, committed 9280K, reserved 1048576K
}
Event: 87.315 GC heap before
{Heap before GC invocations=131 (full 0):
 garbage-first heap   total 1716224K, used 1568828K [0x000000060a000000, 0x0000000800000000)
  region size 4096K, 20 young (81920K), 3 survivors (12288K)
 Metaspace       used 83989K, committed 84672K, reserved 1179648K
  class space    used 8928K, committed 9280K, reserved 1048576K
}
Event: 87.321 GC heap after
{Heap after GC invocations=132 (full 0):
 garbage-first heap   total 1716224K, used 1509893K [0x000000060a000000, 0x0000000800000000)
  region size 4096K, 3 young (12288K), 3 survivors (12288K)
 Metaspace       used 83989K, committed 84672K, reserved 1179648K
  class space    used 8928K, committed 9280K, reserved 1048576K
}
Event: 87.527 GC heap before
{Heap before GC invocations=132 (full 0):
 garbage-first heap   total 1716224K, used 1550853K [0x000000060a000000, 0x0000000800000000)
  region size 4096K, 14 young (57344K), 3 survivors (12288K)
 Metaspace       used 84005K, committed 84672K, reserved 1179648K
  class space    used 8928K, committed 9280K, reserved 1048576K
}
Event: 87.532 GC heap after
{Heap after GC invocations=133 (full 0):
 garbage-first heap   total 1716224K, used 1506860K [0x000000060a000000, 0x0000000800000000)
  region size 4096K, 2 young (8192K), 2 survivors (8192K)
 Metaspace       used 84005K, committed 84672K, reserved 1179648K
  class space    used 8928K, committed 9280K, reserved 1048576K
}
Event: 87.809 GC heap before
{Heap before GC invocations=133 (full 0):
 garbage-first heap   total 1716224K, used 1588780K [0x000000060a000000, 0x0000000800000000)
  region size 4096K, 20 young (81920K), 2 survivors (8192K)
 Metaspace       used 84012K, committed 84672K, reserved 1179648K
  class space    used 8928K, committed 9280K, reserved 1048576K
}
Event: 87.815 GC heap after
{Heap after GC invocations=134 (full 0):
 garbage-first heap   total 1716224K, used 1526215K [0x000000060a000000, 0x0000000800000000)
  region size 4096K, 3 young (12288K), 3 survivors (12288K)
 Metaspace       used 84012K, committed 84672K, reserved 1179648K
  class space    used 8928K, committed 9280K, reserved 1048576K
}
Event: 88.407 GC heap before
{Heap before GC invocations=134 (full 0):
 garbage-first heap   total 1716224K, used 1591751K [0x000000060a000000, 0x0000000800000000)
  region size 4096K, 20 young (81920K), 3 survivors (12288K)
 Metaspace       used 84052K, committed 84736K, reserved 1179648K
  class space    used 8928K, committed 9280K, reserved 1048576K
}
Event: 88.414 GC heap after
{Heap after GC invocations=135 (full 0):
 garbage-first heap   total 1716224K, used 1536036K [0x000000060a000000, 0x0000000800000000)
  region size 4096K, 3 young (12288K), 3 survivors (12288K)
 Metaspace       used 84052K, committed 84736K, reserved 1179648K
  class space    used 8928K, committed 9280K, reserved 1048576K
}

