# JRE version: OpenJDK Runtime Environment Microsoft-13106358 (17.0.18+8) (build 17.0.18+8-LTS)
# Java VM: OpenJDK 64-Bit Server VM Microsoft-13106358 (17.0.18+8-LTS, mixed mode, sharing, tiered, compressed oops, compressed class ptrs, g1 gc, windows-amd64)
GC Precious Log:
 CPUs: 16 total, 16 available
 Memory: 32125M
 Large Page Support: Disabled
 NUMA Support: Disabled
 Compressed Oops: Enabled (Zero based)
 Heap Region Size: 4M
 Heap Min Capacity: 8M
 Heap Initial Capacity: 504M
 Heap Max Capacity: 8032M
 Pre-touch: Disabled
 Parallel Workers: 13
 Concurrent Workers: 3
 Concurrent Refinement Workers: 13
 Periodic GC: Disabled
Heap:
 garbage-first heap   total 1871872K, used 1683207K [0x000000060a000000, 0x0000000800000000)
  region size 4096K, 4 young (16384K), 3 survivors (12288K)
 Metaspace       used 84159K, committed 84800K, reserved 1179648K
  class space    used 8935K, committed 9280K, reserved 1048576K
GC Heap History (20 events):
Event: 83.846 GC heap before
{Heap before GC invocations=127 (full 0):
 garbage-first heap   total 1871872K, used 1659950K [0x000000060a000000, 0x0000000800000000)
  region size 4096K, 22 young (90112K), 3 survivors (12288K)
 Metaspace       used 84050K, committed 84672K, reserved 1179648K
  class space    used 8927K, committed 9280K, reserved 1048576K
}
Event: 83.854 GC heap after
{Heap after GC invocations=128 (full 0):
 garbage-first heap   total 1871872K, used 1592485K [0x000000060a000000, 0x0000000800000000)
  region size 4096K, 3 young (12288K), 3 survivors (12288K)
 Metaspace       used 84050K, committed 84672K, reserved 1179648K
  class space    used 8927K, committed 9280K, reserved 1048576K
}
Event: 84.148 GC heap before
{Heap before GC invocations=128 (full 0):
 garbage-first heap   total 1871872K, used 1670309K [0x000000060a000000, 0x0000000800000000)
  region size 4096K, 22 young (90112K), 3 survivors (12288K)
 Metaspace       used 84057K, committed 84672K, reserved 1179648K
  class space    used 8927K, committed 9280K, reserved 1048576K
}
Event: 84.155 GC heap after
{Heap after GC invocations=129 (full 0):
 garbage-first heap   total 1871872K, used 1602080K [0x000000060a000000, 0x0000000800000000)
  region size 4096K, 3 young (12288K), 3 survivors (12288K)
 Metaspace       used 84057K, committed 84672K, reserved 1179648K
  class space    used 8927K, committed 9280K, reserved 1048576K
}
Event: 84.478 GC heap before
{Heap before GC invocations=129 (full 0):
 garbage-first heap   total 1871872K, used 1679904K [0x000000060a000000, 0x0000000800000000)
  region size 4096K, 22 young (90112K), 3 survivors (12288K)
 Metaspace       used 84057K, committed 84672K, reserved 1179648K
  class space    used 8927K, committed 9280K, reserved 1048576K
}
Event: 84.485 GC heap after
{Heap after GC invocations=130 (full 0):
 garbage-first heap   total 1871872K, used 1612406K [0x000000060a000000, 0x0000000800000000)
  region size 4096K, 3 young (12288K), 3 survivors (12288K)
 Metaspace       used 84057K, committed 84672K, reserved 1179648K
  class space    used 8927K, committed 9280K, reserved 1048576K
}
Event: 84.731 GC heap before
{Heap before GC invocations=130 (full 0):
 garbage-first heap   total 1871872K, used 1698422K [0x000000060a000000, 0x0000000800000000)
  region size 4096K, 22 young (90112K), 3 survivors (12288K)
 Metaspace       used 84061K, committed 84672K, reserved 1179648K
  class space    used 8927K, committed 9280K, reserved 1048576K
}
Event: 84.737 GC heap after
{Heap after GC invocations=131 (full 0):
 garbage-first heap   total 1871872K, used 1622683K [0x000000060a000000, 0x0000000800000000)
  region size 4096K, 3 young (12288K), 3 survivors (12288K)
 Metaspace       used 84061K, committed 84672K, reserved 1179648K
  class space    used 8927K, committed 9280K, reserved 1048576K
}
Event: 84.953 GC heap before
{Heap before GC invocations=131 (full 0):
 garbage-first heap   total 1871872K, used 1700507K [0x000000060a000000, 0x0000000800000000)
  region size 4096K, 22 young (90112K), 3 survivors (12288K)
 Metaspace       used 84061K, committed 84672K, reserved 1179648K
  class space    used 8927K, committed 9280K, reserved 1048576K
}
Event: 84.959 GC heap after
{Heap after GC invocations=132 (full 0):
 garbage-first heap   total 1871872K, used 1632840K [0x000000060a000000, 0x0000000800000000)
  region size 4096K, 3 young (12288K), 3 survivors (12288K)
 Metaspace       used 84061K, committed 84672K, reserved 1179648K
  class space    used 8927K, committed 9280K, reserved 1048576K
}
Event: 85.386 GC heap before
{Heap before GC invocations=132 (full 0):
 garbage-first heap   total 1871872K, used 1718856K [0x000000060a000000, 0x0000000800000000)
  region size 4096K, 22 young (90112K), 3 survivors (12288K)
 Metaspace       used 84083K, committed 84736K, reserved 1179648K
  class space    used 8931K, committed 9280K, reserved 1048576K
}
Event: 85.394 GC heap after
{Heap after GC invocations=133 (full 0):
 garbage-first heap   total 1871872K, used 1645139K [0x000000060a000000, 0x0000000800000000)
  region size 4096K, 3 young (12288K), 3 survivors (12288K)
 Metaspace       used 84083K, committed 84736K, reserved 1179648K
  class space    used 8931K, committed 9280K, reserved 1048576K
}
Event: 85.637 GC heap before
{Heap before GC invocations=133 (full 0):
 garbage-first heap   total 1871872K, used 1706579K [0x000000060a000000, 0x0000000800000000)
  region size 4096K, 19 young (77824K), 3 survivors (12288K)
 Metaspace       used 84097K, committed 84736K, reserved 1179648K
  class space    used 8931K, committed 9280K, reserved 1048576K
}
Event: 85.644 GC heap after
{Heap after GC invocations=134 (full 0):
 garbage-first heap   total 1871872K, used 1644845K [0x000000060a000000, 0x0000000800000000)
  region size 4096K, 2 young (8192K), 2 survivors (8192K)
 Metaspace       used 84097K, committed 84736K, reserved 1179648K
  class space    used 8931K, committed 9280K, reserved 1048576K
}
Event: 86.112 GC heap before
{Heap before GC invocations=134 (full 0):
 garbage-first heap   total 1871872K, used 1743149K [0x000000060a000000, 0x0000000800000000)
  region size 4096K, 22 young (90112K), 2 survivors (8192K)
 Metaspace       used 84148K, committed 84800K, reserved 1179648K
  class space    used 8935K, committed 9280K, reserved 1048576K
}
Event: 86.119 GC heap after
{Heap after GC invocations=135 (full 0):
 garbage-first heap   total 1871872K, used 1664776K [0x000000060a000000, 0x0000000800000000)
  region size 4096K, 3 young (12288K), 3 survivors (12288K)
 Metaspace       used 84148K, committed 84800K, reserved 1179648K
  class space    used 8935K, committed 9280K, reserved 1048576K
}
Event: 86.482 GC heap before
{Heap before GC invocations=135 (full 0):
 garbage-first heap   total 1871872K, used 1750792K [0x000000060a000000, 0x0000000800000000)
  region size 4096K, 22 young (90112K), 3 survivors (12288K)
 Metaspace       used 84159K, committed 84800K, reserved 1179648K
  class space    used 8935K, committed 9280K, reserved 1048576K
}
Event: 86.489 GC heap after
{Heap after GC invocations=136 (full 0):
 garbage-first heap   total 1871872K, used 1675723K [0x000000060a000000, 0x0000000800000000)
  region size 4096K, 3 young (12288K), 3 survivors (12288K)
 Metaspace       used 84159K, committed 84800K, reserved 1179648K
  class space    used 8935K, committed 9280K, reserved 1048576K
}
Event: 86.748 GC heap before
{Heap before GC invocations=136 (full 0):
 garbage-first heap   total 1871872K, used 1753547K [0x000000060a000000, 0x0000000800000000)
  region size 4096K, 22 young (90112K), 3 survivors (12288K)
 Metaspace       used 84159K, committed 84800K, reserved 1179648K
  class space    used 8935K, committed 9280K, reserved 1048576K
}
Event: 86.754 GC heap after
{Heap after GC invocations=137 (full 0):
 garbage-first heap   total 1871872K, used 1683207K [0x000000060a000000, 0x0000000800000000)
  region size 4096K, 3 young (12288K), 3 survivors (12288K)
 Metaspace       used 84159K, committed 84800K, reserved 1179648K
  class space    used 8935K, committed 9280K, reserved 1048576K
}

