# JRE version: OpenJDK Runtime Environment Microsoft-13106358 (17.0.18+8) (build 17.0.18+8-LTS)
# Java VM: OpenJDK 64-Bit Server VM Microsoft-13106358 (17.0.18+8-LTS, mixed mode, sharing, tiered, compressed oops, compressed class ptrs, g1 gc, windows-amd64)
GC Precious Log:
 CPUs: 16 total, 16 available
 Memory: 32125M
 Large Page Support: Disabled
 NUMA Support: Disabled
 Compressed Oops: Enabled (Zero based)
 Heap Region Size: 2M
 Heap Min Capacity: 8M
 Heap Initial Capacity: 502M
 Heap Max Capacity: 2560M
 Pre-touch: Disabled
 Parallel Workers: 13
 Concurrent Workers: 3
 Concurrent Refinement Workers: 13
 Periodic GC: Disabled
Heap:
 garbage-first heap   total 337920K, used 278071K [0x0000000760000000, 0x0000000800000000)
  region size 2048K, 8 young (16384K), 2 survivors (4096K)
 Metaspace       used 175936K, committed 177216K, reserved 1245184K
  class space    used 22608K, committed 23232K, reserved 1048576K
GC Heap History (20 events):
Event: 132.710 GC heap before
{Heap before GC invocations=66 (full 0):
 garbage-first heap   total 337920K, used 287166K [0x0000000760000000, 0x0000000800000000)
  region size 2048K, 28 young (57344K), 1 survivors (2048K)
 Metaspace       used 170419K, committed 171520K, reserved 1245184K
  class space    used 22009K, committed 22592K, reserved 1048576K
}
Event: 132.715 GC heap after
{Heap after GC invocations=67 (full 0):
 garbage-first heap   total 337920K, used 234215K [0x0000000760000000, 0x0000000800000000)
  region size 2048K, 3 young (6144K), 3 survivors (6144K)
 Metaspace       used 170419K, committed 171520K, reserved 1245184K
  class space    used 22009K, committed 22592K, reserved 1048576K
}
Event: 134.330 GC heap before
{Heap before GC invocations=67 (full 0):
 garbage-first heap   total 337920K, used 287463K [0x0000000760000000, 0x0000000800000000)
  region size 2048K, 29 young (59392K), 3 survivors (6144K)
 Metaspace       used 170560K, committed 171648K, reserved 1245184K
  class space    used 22024K, committed 22592K, reserved 1048576K
}
Event: 134.338 GC heap after
{Heap after GC invocations=68 (full 0):
 garbage-first heap   total 337920K, used 239616K [0x0000000760000000, 0x0000000800000000)
  region size 2048K, 4 young (8192K), 4 survivors (8192K)
 Metaspace       used 170560K, committed 171648K, reserved 1245184K
  class space    used 22024K, committed 22592K, reserved 1048576K
}
Event: 136.465 GC heap before
{Heap before GC invocations=68 (full 0):
 garbage-first heap   total 337920K, used 288768K [0x0000000760000000, 0x0000000800000000)
  region size 2048K, 28 young (57344K), 4 survivors (8192K)
 Metaspace       used 170761K, committed 171968K, reserved 1245184K
  class space    used 22041K, committed 22656K, reserved 1048576K
}
Event: 136.477 GC heap after
{Heap after GC invocations=69 (full 0):
 garbage-first heap   total 337920K, used 246928K [0x0000000760000000, 0x0000000800000000)
  region size 2048K, 4 young (8192K), 4 survivors (8192K)
 Metaspace       used 170761K, committed 171968K, reserved 1245184K
  class space    used 22041K, committed 22656K, reserved 1048576K
}
Event: 139.353 GC heap before
{Heap before GC invocations=69 (full 0):
 garbage-first heap   total 337920K, used 287888K [0x0000000760000000, 0x0000000800000000)
  region size 2048K, 24 young (49152K), 4 survivors (8192K)
 Metaspace       used 170970K, committed 172160K, reserved 1245184K
  class space    used 22067K, committed 22656K, reserved 1048576K
}
Event: 139.362 GC heap after
{Heap after GC invocations=70 (full 0):
 garbage-first heap   total 337920K, used 251615K [0x0000000760000000, 0x0000000800000000)
  region size 2048K, 3 young (6144K), 3 survivors (6144K)
 Metaspace       used 170970K, committed 172160K, reserved 1245184K
  class space    used 22067K, committed 22656K, reserved 1048576K
}
Event: 141.870 GC heap before
{Heap before GC invocations=70 (full 0):
 garbage-first heap   total 337920K, used 286431K [0x0000000760000000, 0x0000000800000000)
  region size 2048K, 20 young (40960K), 3 survivors (6144K)
 Metaspace       used 171662K, committed 172864K, reserved 1245184K
  class space    used 22125K, committed 22720K, reserved 1048576K
}
Event: 141.879 GC heap after
{Heap after GC invocations=71 (full 0):
 garbage-first heap   total 337920K, used 250825K [0x0000000760000000, 0x0000000800000000)
  region size 2048K, 3 young (6144K), 3 survivors (6144K)
 Metaspace       used 171662K, committed 172864K, reserved 1245184K
  class space    used 22125K, committed 22720K, reserved 1048576K
}
Event: 144.739 GC heap before
{Heap before GC invocations=71 (full 0):
 garbage-first heap   total 337920K, used 285641K [0x0000000760000000, 0x0000000800000000)
  region size 2048K, 21 young (43008K), 3 survivors (6144K)
 Metaspace       used 173514K, committed 174720K, reserved 1245184K
  class space    used 22370K, committed 22976K, reserved 1048576K
}
Event: 144.750 GC heap after
{Heap after GC invocations=72 (full 0):
 garbage-first heap   total 337920K, used 253683K [0x0000000760000000, 0x0000000800000000)
  region size 2048K, 2 young (4096K), 2 survivors (4096K)
 Metaspace       used 173514K, committed 174720K, reserved 1245184K
  class space    used 22370K, committed 22976K, reserved 1048576K
}
Event: 147.820 GC heap before
{Heap before GC invocations=72 (full 0):
 garbage-first heap   total 337920K, used 286451K [0x0000000760000000, 0x0000000800000000)
  region size 2048K, 18 young (36864K), 2 survivors (4096K)
 Metaspace       used 175068K, committed 176256K, reserved 1245184K
  class space    used 22557K, committed 23168K, reserved 1048576K
}
Event: 147.829 GC heap after
{Heap after GC invocations=73 (full 0):
 garbage-first heap   total 337920K, used 257050K [0x0000000760000000, 0x0000000800000000)
  region size 2048K, 3 young (6144K), 3 survivors (6144K)
 Metaspace       used 175068K, committed 176256K, reserved 1245184K
  class space    used 22557K, committed 23168K, reserved 1048576K
}
Event: 151.161 GC heap before
{Heap before GC invocations=73 (full 0):
 garbage-first heap   total 337920K, used 289818K [0x0000000760000000, 0x0000000800000000)
  region size 2048K, 19 young (38912K), 3 survivors (6144K)
 Metaspace       used 175617K, committed 176832K, reserved 1245184K
  class space    used 22599K, committed 23232K, reserved 1048576K
}
Event: 151.169 GC heap after
{Heap after GC invocations=74 (full 0):
 garbage-first heap   total 337920K, used 261654K [0x0000000760000000, 0x0000000800000000)
  region size 2048K, 3 young (6144K), 3 survivors (6144K)
 Metaspace       used 175617K, committed 176832K, reserved 1245184K
  class space    used 22599K, committed 23232K, reserved 1048576K
}
Event: 152.761 GC heap before
{Heap before GC invocations=74 (full 0):
 garbage-first heap   total 337920K, used 288278K [0x0000000760000000, 0x0000000800000000)
  region size 2048K, 16 young (32768K), 3 survivors (6144K)
 Metaspace       used 175752K, committed 176960K, reserved 1245184K
  class space    used 22602K, committed 23232K, reserved 1048576K
}
Event: 152.770 GC heap after
{Heap after GC invocations=75 (full 0):
 garbage-first heap   total 337920K, used 266022K [0x0000000760000000, 0x0000000800000000)
  region size 2048K, 2 young (4096K), 2 survivors (4096K)
 Metaspace       used 175752K, committed 176960K, reserved 1245184K
  class space    used 22602K, committed 23232K, reserved 1048576K
}
Event: 154.396 GC heap before
{Heap before GC invocations=75 (full 0):
 garbage-first heap   total 337920K, used 290598K [0x0000000760000000, 0x0000000800000000)
  region size 2048K, 14 young (28672K), 2 survivors (4096K)
 Metaspace       used 175892K, committed 177152K, reserved 1245184K
  class space    used 22607K, committed 23232K, reserved 1048576K
}
Event: 154.402 GC heap after
{Heap after GC invocations=76 (full 0):
 garbage-first heap   total 337920K, used 269879K [0x0000000760000000, 0x0000000800000000)
  region size 2048K, 2 young (4096K), 2 survivors (4096K)
 Metaspace       used 175892K, committed 177152K, reserved 1245184K
  class space    used 22607K, committed 23232K, reserved 1048576K
}

