# JRE version: OpenJDK Runtime Environment Temurin-21.0.10+7 (21.0.10+7) (build 21.0.10+7-LTS)
# Java VM: OpenJDK 64-Bit Server VM Temurin-21.0.10+7 (21.0.10+7-LTS, mixed mode, sharing, tiered, compressed oops, compressed class ptrs, parallel gc, windows-amd64)
GC Precious Log:
 CardTable entry size: 512
 CPUs: 16 total, 16 available
 Memory: 32125M
 Large Page Support: Disabled
 NUMA Support: Disabled
 Compressed Oops: Enabled (32-bit)
 Alignments: Space 512K, Generation 512K, Heap 2M
 Heap Min Capacity: 100M
 Heap Initial Capacity: 100M
 Heap Max Capacity: 2G
 Pre-touch: Disabled
 Parallel Workers: 13
Heap:
 PSYoungGen      total 3072K, used 2203K [0x00000000d5580000, 0x00000000d5a80000, 0x0000000100000000)
  eden space 2560K, 69% used [0x00000000d5580000,0x00000000d573ee70,0x00000000d5800000)
  from space 512K, 81% used [0x00000000d5a00000,0x00000000d5a68000,0x00000000d5a80000)
  to   space 512K, 0% used [0x00000000d5980000,0x00000000d5980000,0x00000000d5a00000)
 ParOldGen       total 101888K, used 91990K [0x0000000080000000, 0x0000000086380000, 0x00000000d5580000)
  object space 101888K, 90% used [0x0000000080000000,0x00000000859d5bb8,0x0000000086380000)
 Metaspace       used 65044K, committed 66560K, reserved 1114112K
  class space    used 7951K, committed 8640K, reserved 1048576K
GC Heap History (20 events):
Event: 43.965 GC heap before
{Heap before GC invocations=208 (full 3):
 PSYoungGen      total 3072K, used 2976K [0x00000000d5580000, 0x00000000d5a80000, 0x0000000100000000)
  eden space 2560K, 100% used [0x00000000d5580000,0x00000000d5800000,0x00000000d5800000)
  from space 512K, 81% used [0x00000000d5a00000,0x00000000d5a68000,0x00000000d5a80000)
  to   space 512K, 0% used [0x00000000d5980000,0x00000000d5980000,0x00000000d5a00000)
 ParOldGen       total 101888K, used 90490K [0x0000000080000000, 0x0000000086380000, 0x00000000d5580000)
  object space 101888K, 88% used [0x0000000080000000,0x000000008585e958,0x0000000086380000)
 Metaspace       used 62569K, committed 63936K, reserved 1114112K
  class space    used 7576K, committed 8192K, reserved 1048576K
}
Event: 43.965 GC heap after
{Heap after GC invocations=208 (full 3):
 PSYoungGen      total 3072K, used 384K [0x00000000d5580000, 0x00000000d5a80000, 0x0000000100000000)
  eden space 2560K, 0% used [0x00000000d5580000,0x00000000d5580000,0x00000000d5800000)
  from space 512K, 75% used [0x00000000d5980000,0x00000000d59e0000,0x00000000d5a00000)
  to   space 512K, 0% used [0x00000000d5a00000,0x00000000d5a00000,0x00000000d5a80000)
 ParOldGen       total 101888K, used 90610K [0x0000000080000000, 0x0000000086380000, 0x00000000d5580000)
  object space 101888K, 88% used [0x0000000080000000,0x000000008587c958,0x0000000086380000)
 Metaspace       used 62569K, committed 63936K, reserved 1114112K
  class space    used 7576K, committed 8192K, reserved 1048576K
}
Event: 43.999 GC heap before
{Heap before GC invocations=209 (full 3):
 PSYoungGen      total 3072K, used 2944K [0x00000000d5580000, 0x00000000d5a80000, 0x0000000100000000)
  eden space 2560K, 100% used [0x00000000d5580000,0x00000000d5800000,0x00000000d5800000)
  from space 512K, 75% used [0x00000000d5980000,0x00000000d59e0000,0x00000000d5a00000)
  to   space 512K, 0% used [0x00000000d5a00000,0x00000000d5a00000,0x00000000d5a80000)
 ParOldGen       total 101888K, used 90610K [0x0000000080000000, 0x0000000086380000, 0x00000000d5580000)
  object space 101888K, 88% used [0x0000000080000000,0x000000008587c958,0x0000000086380000)
 Metaspace       used 62839K, committed 64256K, reserved 1114112K
  class space    used 7617K, committed 8256K, reserved 1048576K
}
Event: 44.000 GC heap after
{Heap after GC invocations=209 (full 3):
 PSYoungGen      total 3072K, used 384K [0x00000000d5580000, 0x00000000d5a80000, 0x0000000100000000)
  eden space 2560K, 0% used [0x00000000d5580000,0x00000000d5580000,0x00000000d5800000)
  from space 512K, 75% used [0x00000000d5a00000,0x00000000d5a60000,0x00000000d5a80000)
  to   space 512K, 0% used [0x00000000d5980000,0x00000000d5980000,0x00000000d5a00000)
 ParOldGen       total 101888K, used 90706K [0x0000000080000000, 0x0000000086380000, 0x00000000d5580000)
  object space 101888K, 89% used [0x0000000080000000,0x0000000085894958,0x0000000086380000)
 Metaspace       used 62839K, committed 64256K, reserved 1114112K
  class space    used 7617K, committed 8256K, reserved 1048576K
}
Event: 44.032 GC heap before
{Heap before GC invocations=210 (full 3):
 PSYoungGen      total 3072K, used 2944K [0x00000000d5580000, 0x00000000d5a80000, 0x0000000100000000)
  eden space 2560K, 100% used [0x00000000d5580000,0x00000000d5800000,0x00000000d5800000)
  from space 512K, 75% used [0x00000000d5a00000,0x00000000d5a60000,0x00000000d5a80000)
  to   space 512K, 0% used [0x00000000d5980000,0x00000000d5980000,0x00000000d5a00000)
 ParOldGen       total 101888K, used 90706K [0x0000000080000000, 0x0000000086380000, 0x00000000d5580000)
  object space 101888K, 89% used [0x0000000080000000,0x0000000085894958,0x0000000086380000)
 Metaspace       used 63104K, committed 64512K, reserved 1114112K
  class space    used 7661K, committed 8320K, reserved 1048576K
}
Event: 44.033 GC heap after
{Heap after GC invocations=210 (full 3):
 PSYoungGen      total 3072K, used 416K [0x00000000d5580000, 0x00000000d5a80000, 0x0000000100000000)
  eden space 2560K, 0% used [0x00000000d5580000,0x00000000d5580000,0x00000000d5800000)
  from space 512K, 81% used [0x00000000d5980000,0x00000000d59e8000,0x00000000d5a00000)
  to   space 512K, 0% used [0x00000000d5a00000,0x00000000d5a00000,0x00000000d5a80000)
 ParOldGen       total 101888K, used 90858K [0x0000000080000000, 0x0000000086380000, 0x00000000d5580000)
  object space 101888K, 89% used [0x0000000080000000,0x00000000858ba958,0x0000000086380000)
 Metaspace       used 63104K, committed 64512K, reserved 1114112K
  class space    used 7661K, committed 8320K, reserved 1048576K
}
Event: 44.068 GC heap before
{Heap before GC invocations=211 (full 3):
 PSYoungGen      total 3072K, used 2976K [0x00000000d5580000, 0x00000000d5a80000, 0x0000000100000000)
  eden space 2560K, 100% used [0x00000000d5580000,0x00000000d5800000,0x00000000d5800000)
  from space 512K, 81% used [0x00000000d5980000,0x00000000d59e8000,0x00000000d5a00000)
  to   space 512K, 0% used [0x00000000d5a00000,0x00000000d5a00000,0x00000000d5a80000)
 ParOldGen       total 101888K, used 90858K [0x0000000080000000, 0x0000000086380000, 0x00000000d5580000)
  object space 101888K, 89% used [0x0000000080000000,0x00000000858ba958,0x0000000086380000)
 Metaspace       used 63327K, committed 64768K, reserved 1114112K
  class space    used 7704K, committed 8384K, reserved 1048576K
}
Event: 44.068 GC heap after
{Heap after GC invocations=211 (full 3):
 PSYoungGen      total 3072K, used 320K [0x00000000d5580000, 0x00000000d5a80000, 0x0000000100000000)
  eden space 2560K, 0% used [0x00000000d5580000,0x00000000d5580000,0x00000000d5800000)
  from space 512K, 62% used [0x00000000d5a00000,0x00000000d5a50000,0x00000000d5a80000)
  to   space 512K, 0% used [0x00000000d5980000,0x00000000d5980000,0x00000000d5a00000)
 ParOldGen       total 101888K, used 90970K [0x0000000080000000, 0x0000000086380000, 0x00000000d5580000)
  object space 101888K, 89% used [0x0000000080000000,0x00000000858d6958,0x0000000086380000)
 Metaspace       used 63327K, committed 64768K, reserved 1114112K
  class space    used 7704K, committed 8384K, reserved 1048576K
}
Event: 44.113 GC heap before
{Heap before GC invocations=212 (full 3):
 PSYoungGen      total 3072K, used 2880K [0x00000000d5580000, 0x00000000d5a80000, 0x0000000100000000)
  eden space 2560K, 100% used [0x00000000d5580000,0x00000000d5800000,0x00000000d5800000)
  from space 512K, 62% used [0x00000000d5a00000,0x00000000d5a50000,0x00000000d5a80000)
  to   space 512K, 0% used [0x00000000d5980000,0x00000000d5980000,0x00000000d5a00000)
 ParOldGen       total 101888K, used 90970K [0x0000000080000000, 0x0000000086380000, 0x00000000d5580000)
  object space 101888K, 89% used [0x0000000080000000,0x00000000858d6958,0x0000000086380000)
 Metaspace       used 63588K, committed 64960K, reserved 1114112K
  class space    used 7750K, committed 8384K, reserved 1048576K
}
Event: 44.114 GC heap after
{Heap after GC invocations=212 (full 3):
 PSYoungGen      total 3072K, used 384K [0x00000000d5580000, 0x00000000d5a80000, 0x0000000100000000)
  eden space 2560K, 0% used [0x00000000d5580000,0x00000000d5580000,0x00000000d5800000)
  from space 512K, 75% used [0x00000000d5980000,0x00000000d59e0000,0x00000000d5a00000)
  to   space 512K, 0% used [0x00000000d5a00000,0x00000000d5a00000,0x00000000d5a80000)
 ParOldGen       total 101888K, used 91074K [0x0000000080000000, 0x0000000086380000, 0x00000000d5580000)
  object space 101888K, 89% used [0x0000000080000000,0x00000000858f0958,0x0000000086380000)
 Metaspace       used 63588K, committed 64960K, reserved 1114112K
  class space    used 7750K, committed 8384K, reserved 1048576K
}
Event: 44.154 GC heap before
{Heap before GC invocations=213 (full 3):
 PSYoungGen      total 3072K, used 2944K [0x00000000d5580000, 0x00000000d5a80000, 0x0000000100000000)
  eden space 2560K, 100% used [0x00000000d5580000,0x00000000d5800000,0x00000000d5800000)
  from space 512K, 75% used [0x00000000d5980000,0x00000000d59e0000,0x00000000d5a00000)
  to   space 512K, 0% used [0x00000000d5a00000,0x00000000d5a00000,0x00000000d5a80000)
 ParOldGen       total 101888K, used 91074K [0x0000000080000000, 0x0000000086380000, 0x00000000d5580000)
  object space 101888K, 89% used [0x0000000080000000,0x00000000858f0958,0x0000000086380000)
 Metaspace       used 63857K, committed 65280K, reserved 1114112K
  class space    used 7795K, committed 8448K, reserved 1048576K
}
Event: 44.155 GC heap after
{Heap after GC invocations=213 (full 3):
 PSYoungGen      total 3072K, used 384K [0x00000000d5580000, 0x00000000d5a80000, 0x0000000100000000)
  eden space 2560K, 0% used [0x00000000d5580000,0x00000000d5580000,0x00000000d5800000)
  from space 512K, 75% used [0x00000000d5a00000,0x00000000d5a60000,0x00000000d5a80000)
  to   space 512K, 0% used [0x00000000d5980000,0x00000000d5980000,0x00000000d5a00000)
 ParOldGen       total 101888K, used 91225K [0x0000000080000000, 0x0000000086380000, 0x00000000d5580000)
  object space 101888K, 89% used [0x0000000080000000,0x0000000085916668,0x0000000086380000)
 Metaspace       used 63857K, committed 65280K, reserved 1114112K
  class space    used 7795K, committed 8448K, reserved 1048576K
}
Event: 44.185 GC heap before
{Heap before GC invocations=214 (full 3):
 PSYoungGen      total 3072K, used 2944K [0x00000000d5580000, 0x00000000d5a80000, 0x0000000100000000)
  eden space 2560K, 100% used [0x00000000d5580000,0x00000000d5800000,0x00000000d5800000)
  from space 512K, 75% used [0x00000000d5a00000,0x00000000d5a60000,0x00000000d5a80000)
  to   space 512K, 0% used [0x00000000d5980000,0x00000000d5980000,0x00000000d5a00000)
 ParOldGen       total 101888K, used 91225K [0x0000000080000000, 0x0000000086380000, 0x00000000d5580000)
  object space 101888K, 89% used [0x0000000080000000,0x0000000085916668,0x0000000086380000)
 Metaspace       used 64081K, committed 65536K, reserved 1114112K
  class space    used 7844K, committed 8512K, reserved 1048576K
}
Event: 44.186 GC heap after
{Heap after GC invocations=214 (full 3):
 PSYoungGen      total 3072K, used 288K [0x00000000d5580000, 0x00000000d5a80000, 0x0000000100000000)
  eden space 2560K, 0% used [0x00000000d5580000,0x00000000d5580000,0x00000000d5800000)
  from space 512K, 56% used [0x00000000d5980000,0x00000000d59c8000,0x00000000d5a00000)
  to   space 512K, 0% used [0x00000000d5a00000,0x00000000d5a00000,0x00000000d5a80000)
 ParOldGen       total 101888K, used 91329K [0x0000000080000000, 0x0000000086380000, 0x00000000d5580000)
  object space 101888K, 89% used [0x0000000080000000,0x0000000085930668,0x0000000086380000)
 Metaspace       used 64081K, committed 65536K, reserved 1114112K
  class space    used 7844K, committed 8512K, reserved 1048576K
}
Event: 44.241 GC heap before
{Heap before GC invocations=215 (full 3):
 PSYoungGen      total 3072K, used 2848K [0x00000000d5580000, 0x00000000d5a80000, 0x0000000100000000)
  eden space 2560K, 100% used [0x00000000d5580000,0x00000000d5800000,0x00000000d5800000)
  from space 512K, 56% used [0x00000000d5980000,0x00000000d59c8000,0x00000000d5a00000)
  to   space 512K, 0% used [0x00000000d5a00000,0x00000000d5a00000,0x00000000d5a80000)
 ParOldGen       total 101888K, used 91329K [0x0000000080000000, 0x0000000086380000, 0x00000000d5580000)
  object space 101888K, 89% used [0x0000000080000000,0x0000000085930668,0x0000000086380000)
 Metaspace       used 64509K, committed 65984K, reserved 1114112K
  class space    used 7897K, committed 8576K, reserved 1048576K
}
Event: 44.243 GC heap after
{Heap after GC invocations=215 (full 3):
 PSYoungGen      total 3072K, used 320K [0x00000000d5580000, 0x00000000d5a80000, 0x0000000100000000)
  eden space 2560K, 0% used [0x00000000d5580000,0x00000000d5580000,0x00000000d5800000)
  from space 512K, 62% used [0x00000000d5a00000,0x00000000d5a50000,0x00000000d5a80000)
  to   space 512K, 0% used [0x00000000d5980000,0x00000000d5980000,0x00000000d5a00000)
 ParOldGen       total 101888K, used 91433K [0x0000000080000000, 0x0000000086380000, 0x00000000d5580000)
  object space 101888K, 89% used [0x0000000080000000,0x000000008594a668,0x0000000086380000)
 Metaspace       used 64509K, committed 65984K, reserved 1114112K
  class space    used 7897K, committed 8576K, reserved 1048576K
}
Event: 44.626 GC heap before
{Heap before GC invocations=216 (full 3):
 PSYoungGen      total 3072K, used 2874K [0x00000000d5580000, 0x00000000d5a80000, 0x0000000100000000)
  eden space 2560K, 99% used [0x00000000d5580000,0x00000000d57fe9f0,0x00000000d5800000)
  from space 512K, 62% used [0x00000000d5a00000,0x00000000d5a50000,0x00000000d5a80000)
  to   space 512K, 0% used [0x00000000d5980000,0x00000000d5980000,0x00000000d5a00000)
 ParOldGen       total 101888K, used 91433K [0x0000000080000000, 0x0000000086380000, 0x00000000d5580000)
  object space 101888K, 89% used [0x0000000080000000,0x000000008594a668,0x0000000086380000)
 Metaspace       used 64901K, committed 66304K, reserved 1114112K
  class space    used 7934K, committed 8576K, reserved 1048576K
}
Event: 44.627 GC heap after
{Heap after GC invocations=216 (full 3):
 PSYoungGen      total 3072K, used 384K [0x00000000d5580000, 0x00000000d5a80000, 0x0000000100000000)
  eden space 2560K, 0% used [0x00000000d5580000,0x00000000d5580000,0x00000000d5800000)
  from space 512K, 75% used [0x00000000d5980000,0x00000000d59e0000,0x00000000d5a00000)
  to   space 512K, 0% used [0x00000000d5a00000,0x00000000d5a00000,0x00000000d5a80000)
 ParOldGen       total 101888K, used 91553K [0x0000000080000000, 0x0000000086380000, 0x00000000d5580000)
  object space 101888K, 89% used [0x0000000080000000,0x0000000085968668,0x0000000086380000)
 Metaspace       used 64901K, committed 66304K, reserved 1114112K
  class space    used 7934K, committed 8576K, reserved 1048576K
}
Event: 44.657 GC heap before
{Heap before GC invocations=217 (full 3):
 PSYoungGen      total 3072K, used 2944K [0x00000000d5580000, 0x00000000d5a80000, 0x0000000100000000)
  eden space 2560K, 100% used [0x00000000d5580000,0x00000000d5800000,0x00000000d5800000)
  from space 512K, 75% used [0x00000000d5980000,0x00000000d59e0000,0x00000000d5a00000)
  to   space 512K, 0% used [0x00000000d5a00000,0x00000000d5a00000,0x00000000d5a80000)
 ParOldGen       total 101888K, used 91553K [0x0000000080000000, 0x0000000086380000, 0x00000000d5580000)
  object space 101888K, 89% used [0x0000000080000000,0x0000000085968668,0x0000000086380000)
 Metaspace       used 65009K, committed 66432K, reserved 1114112K
  class space    used 7946K, committed 8640K, reserved 1048576K
}
Event: 44.659 GC heap after
{Heap after GC invocations=217 (full 3):
 PSYoungGen      total 3072K, used 416K [0x00000000d5580000, 0x00000000d5a80000, 0x0000000100000000)
  eden space 2560K, 0% used [0x00000000d5580000,0x00000000d5580000,0x00000000d5800000)
  from space 512K, 81% used [0x00000000d5a00000,0x00000000d5a68000,0x00000000d5a80000)
  to   space 512K, 0% used [0x00000000d5980000,0x00000000d5980000,0x00000000d5a00000)
 ParOldGen       total 101888K, used 91990K [0x0000000080000000, 0x0000000086380000, 0x00000000d5580000)
  object space 101888K, 90% used [0x0000000080000000,0x00000000859d5bb8,0x0000000086380000)
 Metaspace       used 65009K, committed 66432K, reserved 1114112K
  class space    used 7946K, committed 8640K, reserved 1048576K
}

